{"name": "Process a phone order and Cancel it", "status": "failed", "statusDetails": {"message": "AssertionError: assert 'Error as Message: \\nStacktrace:\\nNoSuchElementError: An element could not be located on the page using the given sear...ata\\\\Roaming\\\\npm\\\\node_modules\\\\appium\\\\node_modules\\\\@appium\\\\base-driver\\\\lib\\\\basedriver\\\\commands\\\\find.ts:75:12)' == True\n +  where 'Error as Message: \\nStacktrace:\\nNoSuchElementError: An element could not be located on the page using the given sear...ata\\\\Roaming\\\\npm\\\\node_modules\\\\appium\\\\node_modules\\\\@appium\\\\base-driver\\\\lib\\\\basedriver\\\\commands\\\\find.ts:75:12)' = save_order('Cancel')\n +    where save_order = <logic.takeout_logic.Calculations object at 0x0000023FCAAA4650>.save_order\n +      where <logic.takeout_logic.Calculations object at 0x0000023FCAAA4650> = <test_cash.test_phoneorder_cash.TestPhoneOrderCash object at 0x0000023FCAA25D90>.phone", "trace": "self = <test_cash.test_phoneorder_cash.TestPhoneOrderCash object at 0x0000023FCAA25D90>\n\n    @allure.story(\"Phone Order Save and Cancel\")\n    @allure.title(\"Process a phone order and Cancel it\")\n    def test_phoneorder_cancel_order(self):\n    \n        assert self.phone.order(\"Phone Order\") == True\n        assert self.phone.phone_order() == True\n        assert self.phone.add_multiple_items(3)\n>       assert self.phone.save_order(\"Cancel\") == True\nE       AssertionError: assert 'Error as Message: \\nStacktrace:\\nNoSuchElementError: An element could not be located on the page using the given sear...ata\\\\Roaming\\\\npm\\\\node_modules\\\\appium\\\\node_modules\\\\@appium\\\\base-driver\\\\lib\\\\basedriver\\\\commands\\\\find.ts:75:12)' == True\nE        +  where 'Error as Message: \\nStacktrace:\\nNoSuchElementError: An element could not be located on the page using the given sear...ata\\\\Roaming\\\\npm\\\\node_modules\\\\appium\\\\node_modules\\\\@appium\\\\base-driver\\\\lib\\\\basedriver\\\\commands\\\\find.ts:75:12)' = save_order('Cancel')\nE        +    where save_order = <logic.takeout_logic.Calculations object at 0x0000023FCAAA4650>.save_order\nE        +      where <logic.takeout_logic.Calculations object at 0x0000023FCAAA4650> = <test_cash.test_phoneorder_cash.TestPhoneOrderCash object at 0x0000023FCAA25D90>.phone\n\nsuits\\test_orderflows\\test_cash\\test_phoneorder_cash.py:69: AssertionError"}, "attachments": [{"name": "stdout", "source": "98cdef0e-f17f-4c98-83bf-a2434febda2b-attachment.txt", "type": "text/plain"}], "start": 1741706641863, "stop": 1741706698098, "uuid": "e0a90fa4-fbdc-4387-8fbf-d353c12711e9", "historyId": "1d1d11021c7e82cda853b5086d6e9e1a", "testCaseId": "1d1d11021c7e82cda853b5086d6e9e1a", "fullName": "suits.test_orderflows.test_cash.test_phoneorder_cash.TestPhoneOrderCash#test_phoneorder_cancel_order", "labels": [{"name": "feature", "value": "Sanity Sheet"}, {"name": "story", "value": "Phone Order Save and Cancel"}, {"name": "parentSuite", "value": "suits.test_orderflows.test_cash"}, {"name": "suite", "value": "test_phoneorder_cash"}, {"name": "subSuite", "value": "TestPhoneOrderCash"}, {"name": "host", "value": "LAPTOP-KKMKONCC"}, {"name": "thread", "value": "21576-MainThread"}, {"name": "framework", "value": "pytest"}, {"name": "language", "value": "cpython3"}, {"name": "package", "value": "suits.test_orderflows.test_cash.test_phoneorder_cash"}]}