{"name": "Process a phone order with cash payment and refund", "status": "failed", "statusDetails": {"message": "AssertionError: assert 'Error is Message: \\nStacktrace:\\nNoSuchElementError: An element could not be located on the page using the given sear...ata\\\\Roaming\\\\npm\\\\node_modules\\\\appium\\\\node_modules\\\\@appium\\\\base-driver\\\\lib\\\\basedriver\\\\commands\\\\find.ts:75:12)' == True\n +  where 'Error is Message: \\nStacktrace:\\nNoSuchElementError: An element could not be located on the page using the given sear...ata\\\\Roaming\\\\npm\\\\node_modules\\\\appium\\\\node_modules\\\\@appium\\\\base-driver\\\\lib\\\\basedriver\\\\commands\\\\find.ts:75:12)' = search_cust_phoneorder()\n +    where search_cust_phoneorder = <logic.takeout_logic.Calculations object at 0x0000024156E94260>.search_cust_phoneorder\n +      where <logic.takeout_logic.Calculations object at 0x0000024156E94260> = <test_phoneorder_card.TestPhoneOrderCard object at 0x0000024156E94050>.phone", "trace": "self = <test_phoneorder_card.TestPhoneOrderCard object at 0x0000024156E94050>\n\n    @allure.story(\"Phone Order Payment \")\n    @allure.title(\"Process a phone order with cash payment and refund\")\n    def test_phoneorder_card_payment(self):\n    \n        assert self.phone.order(\"Phone Order\") == True\n>       assert self.phone.search_cust_phoneorder() == True\nE       AssertionError: assert 'Error is Message: \\nStacktrace:\\nNoSuchElementError: An element could not be located on the page using the given sear...ata\\\\Roaming\\\\npm\\\\node_modules\\\\appium\\\\node_modules\\\\@appium\\\\base-driver\\\\lib\\\\basedriver\\\\commands\\\\find.ts:75:12)' == True\nE        +  where 'Error is Message: \\nStacktrace:\\nNoSuchElementError: An element could not be located on the page using the given sear...ata\\\\Roaming\\\\npm\\\\node_modules\\\\appium\\\\node_modules\\\\@appium\\\\base-driver\\\\lib\\\\basedriver\\\\commands\\\\find.ts:75:12)' = search_cust_phoneorder()\nE        +    where search_cust_phoneorder = <logic.takeout_logic.Calculations object at 0x0000024156E94260>.search_cust_phoneorder\nE        +      where <logic.takeout_logic.Calculations object at 0x0000024156E94260> = <test_phoneorder_card.TestPhoneOrderCard object at 0x0000024156E94050>.phone\n\nsuits\\test_orderflows\\test_card\\test_phoneorder_card.py:19: AssertionError"}, "start": 1741780695708, "stop": 1741780710106, "uuid": "4588b5ab-90c9-4d99-a435-6e3108de1231", "historyId": "5a5bf354ee313e5d52feb75c5451716d", "testCaseId": "5a5bf354ee313e5d52feb75c5451716d", "fullName": "suits.test_orderflows.test_card.test_phoneorder_card.TestPhoneOrderCard#test_phoneorder_card_payment", "labels": [{"name": "story", "value": "Phone Order Payment "}, {"name": "feature", "value": "Sanity Sheet"}, {"name": "parentSuite", "value": "suits.test_orderflows.test_card"}, {"name": "suite", "value": "test_phoneorder_card"}, {"name": "subSuite", "value": "TestPhoneOrderCard"}, {"name": "host", "value": "LAPTOP-KKMKONCC"}, {"name": "thread", "value": "3960-MainThread"}, {"name": "framework", "value": "pytest"}, {"name": "language", "value": "cpython3"}, {"name": "package", "value": "suits.test_orderflows.test_card.test_phoneorder_card"}]}