{"uid":"1d515645f011d3a6","name":"Complete card payment","fullName":"suits.test_orderflows.test_card.test_openorder_card.TestOpenOrderCard#test_final_pay","historyId":"45a30dc7854155ecbcdd598361194479","time":{"start":1741790440432,"stop":1741790470857,"duration":30425},"status":"failed","statusMessage":"AssertionError: assert 'Error Message: \\nStacktrace:\\nNoSuchElementError: An element could not be located on the page using the given search ...ata\\\\Roaming\\\\npm\\\\node_modules\\\\appium\\\\node_modules\\\\@appium\\\\base-driver\\\\lib\\\\basedriver\\\\commands\\\\find.ts:75:12)' == True","statusTrace":"self = <test_openorder_card.TestOpenOrderCard object at 0x000001F4126BA480>\n\n    @allure.story(\"Payment Processing\")\n    @allure.title(\"Complete card payment\")\n    def test_final_pay(self):\n        with allure.step(\"Processing final payment\"):\n            card = self.calc.card_pay()\n        allure.attach(\"Card Payment Successful\", name=\"Payment Log\")\n>       assert card == True\nE       AssertionError: assert 'Error Message: \\nStacktrace:\\nNoSuchElementError: An element could not be located on the page using the given search ...ata\\\\Roaming\\\\npm\\\\node_modules\\\\appium\\\\node_modules\\\\@appium\\\\base-driver\\\\lib\\\\basedriver\\\\commands\\\\find.ts:75:12)' == True\n\nsuits\\test_orderflows\\test_card\\test_openorder_card.py:106: AssertionError","flaky":false,"newFailed":false,"newBroken":false,"newPassed":false,"retriesCount":0,"retriesStatusChange":false,"beforeStages":[{"name":"appium_driver","time":{"start":1741790312736,"stop":1741790318203,"duration":5467},"status":"passed","steps":[],"attachments":[],"parameters":[],"attachmentsCount":0,"shouldDisplayMessage":false,"hasContent":false,"attachmentStep":false,"stepsCount":0},{"name":"login_once","time":{"start":1741790318203,"stop":1741790321795,"duration":3592},"status":"passed","steps":[{"name":"Performing User Login","time":{"start":1741790318437,"stop":1741790320334,"duration":1897},"status":"passed","steps":[],"attachments":[],"parameters":[],"attachmentsCount":0,"shouldDisplayMessage":false,"hasContent":false,"attachmentStep":false,"stepsCount":0},{"name":"Entering Passcode","time":{"start":1741790320334,"stop":1741790321791,"duration":1457},"status":"passed","steps":[],"attachments":[],"parameters":[],"attachmentsCount":0,"shouldDisplayMessage":false,"hasContent":false,"attachmentStep":false,"stepsCount":0}],"attachments":[{"uid":"f4f180c4b84b0e76","name":"Login Info","source":"f4f180c4b84b0e76.txt","type":"text/plain","size":54}],"parameters":[],"attachmentsCount":1,"shouldDisplayMessage":false,"hasContent":true,"attachmentStep":false,"stepsCount":2},{"name":"capture_screenshot_on_failure","time":{"start":1741790440152,"stop":1741790440153,"duration":1},"status":"passed","steps":[],"attachments":[],"parameters":[],"attachmentsCount":0,"shouldDisplayMessage":false,"hasContent":false,"attachmentStep":false,"stepsCount":0},{"name":"setup_driver","time":{"start":1741790440153,"stop":1741790440432,"duration":279},"status":"passed","steps":[],"attachments":[],"parameters":[],"attachmentsCount":0,"shouldDisplayMessage":false,"hasContent":false,"attachmentStep":false,"stepsCount":0}],"testStage":{"status":"failed","statusMessage":"AssertionError: assert 'Error Message: \\nStacktrace:\\nNoSuchElementError: An element could not be located on the page using the given search ...ata\\\\Roaming\\\\npm\\\\node_modules\\\\appium\\\\node_modules\\\\@appium\\\\base-driver\\\\lib\\\\basedriver\\\\commands\\\\find.ts:75:12)' == True","statusTrace":"self = <test_openorder_card.TestOpenOrderCard object at 0x000001F4126BA480>\n\n    @allure.story(\"Payment Processing\")\n    @allure.title(\"Complete card payment\")\n    def test_final_pay(self):\n        with allure.step(\"Processing final payment\"):\n            card = self.calc.card_pay()\n        allure.attach(\"Card Payment Successful\", name=\"Payment Log\")\n>       assert card == True\nE       AssertionError: assert 'Error Message: \\nStacktrace:\\nNoSuchElementError: An element could not be located on the page using the given search ...ata\\\\Roaming\\\\npm\\\\node_modules\\\\appium\\\\node_modules\\\\@appium\\\\base-driver\\\\lib\\\\basedriver\\\\commands\\\\find.ts:75:12)' == True\n\nsuits\\test_orderflows\\test_card\\test_openorder_card.py:106: AssertionError","steps":[{"name":"Processing final payment","time":{"start":1741790440433,"stop":1741790470852,"duration":30419},"status":"passed","steps":[],"attachments":[],"parameters":[],"attachmentsCount":0,"shouldDisplayMessage":false,"hasContent":false,"attachmentStep":false,"stepsCount":0}],"attachments":[{"uid":"abfbaaf1d6e85aa3","name":"Payment Log","source":"abfbaaf1d6e85aa3.attach","type":"text/plain","size":23}],"parameters":[],"attachmentsCount":1,"shouldDisplayMessage":true,"hasContent":true,"attachmentStep":false,"stepsCount":1},"afterStages":[{"name":"capture_screenshot_on_failure::0","time":{"start":1741790470880,"stop":1741790471359,"duration":479},"status":"passed","steps":[],"attachments":[{"uid":"cea089c9e062b038","name":"Screenshot_test_final_pay","source":"cea089c9e062b038.png","type":"image/png","size":129431}],"parameters":[],"attachmentsCount":1,"shouldDisplayMessage":false,"hasContent":true,"attachmentStep":false,"stepsCount":0},{"name":"appium_driver::0","time":{"start":1741790542801,"stop":1741790543142,"duration":341},"status":"passed","steps":[],"attachments":[],"parameters":[],"attachmentsCount":0,"shouldDisplayMessage":false,"hasContent":false,"attachmentStep":false,"stepsCount":0}],"labels":[{"name":"feature","value":"Open Order Flow"},{"name":"story","value":"Payment Processing"},{"name":"App","value":"POS System"},{"name":"OS","value":"Android"},{"name":"parentSuite","value":"suits.test_orderflows.test_card"},{"name":"suite","value":"test_openorder_card"},{"name":"subSuite","value":"TestOpenOrderCard"},{"name":"host","value":"LAPTOP-KKMKONCC"},{"name":"thread","value":"20328-MainThread"},{"name":"framework","value":"pytest"},{"name":"language","value":"cpython3"},{"name":"package","value":"suits.test_orderflows.test_card.test_openorder_card"},{"name":"resultFormat","value":"allure2"}],"parameters":[],"links":[],"hidden":true,"retry":true,"extra":{"categories":[],"tags":[]},"source":"1d515645f011d3a6.json","parameterValues":[]}