{"uid":"2aa7f8f9886a0712","name":"Complete card payment","fullName":"suits.test_orderflows.test_card.test_openorder_card.TestOpenOrderCard#test_final_pay","historyId":"45a30dc7854155ecbcdd598361194479","time":{"start":1741786834572,"stop":1741786865825,"duration":31253},"status":"failed","statusMessage":"AssertionError: assert 'Error Message: \\nStacktrace:\\nNoSuchElementError: An element could not be located on the page using the given search ...ata\\\\Roaming\\\\npm\\\\node_modules\\\\appium\\\\node_modules\\\\@appium\\\\base-driver\\\\lib\\\\basedriver\\\\commands\\\\find.ts:75:12)' == True","statusTrace":"self = <test_openorder_card.TestOpenOrderCard object at 0x000001E2A69C5100>\n\n    @allure.story(\"Payment Processing\")\n    @allure.title(\"Complete card payment\")\n    def test_final_pay(self):\n        with allure.step(\"Processing final payment\"):\n            card = self.calc.card_pay()\n        allure.attach(\"Card Payment Successful\", name=\"Payment Log\")\n>       assert card == True\nE       AssertionError: assert 'Error Message: \\nStacktrace:\\nNoSuchElementError: An element could not be located on the page using the given search ...ata\\\\Roaming\\\\npm\\\\node_modules\\\\appium\\\\node_modules\\\\@appium\\\\base-driver\\\\lib\\\\basedriver\\\\commands\\\\find.ts:75:12)' == True\n\nsuits\\test_orderflows\\test_card\\test_openorder_card.py:106: AssertionError","flaky":false,"newFailed":false,"newBroken":false,"newPassed":false,"retriesCount":0,"retriesStatusChange":false,"beforeStages":[{"name":"appium_driver","time":{"start":1741786730314,"stop":1741786736313,"duration":5999},"status":"passed","steps":[],"attachments":[],"parameters":[],"attachmentsCount":0,"shouldDisplayMessage":false,"hasContent":false,"attachmentStep":false,"stepsCount":0},{"name":"login_once","time":{"start":1741786736313,"stop":1741786752154,"duration":15841},"status":"passed","steps":[{"name":"Performing User Login","time":{"start":1741786736592,"stop":1741786745579,"duration":8987},"status":"passed","steps":[],"attachments":[],"parameters":[],"attachmentsCount":0,"shouldDisplayMessage":false,"hasContent":false,"attachmentStep":false,"stepsCount":0},{"name":"Entering Passcode","time":{"start":1741786745579,"stop":1741786752151,"duration":6572},"status":"passed","steps":[],"attachments":[],"parameters":[],"attachmentsCount":0,"shouldDisplayMessage":false,"hasContent":false,"attachmentStep":false,"stepsCount":0}],"attachments":[{"uid":"6cb973701325fe67","name":"Login Info","source":"6cb973701325fe67.txt","type":"text/plain","size":54}],"parameters":[],"attachmentsCount":1,"shouldDisplayMessage":false,"hasContent":true,"attachmentStep":false,"stepsCount":2},{"name":"capture_screenshot_on_failure","time":{"start":1741786834287,"stop":1741786834287,"duration":0},"status":"passed","steps":[],"attachments":[],"parameters":[],"attachmentsCount":0,"shouldDisplayMessage":false,"hasContent":false,"attachmentStep":false,"stepsCount":0},{"name":"setup_driver","time":{"start":1741786834288,"stop":1741786834571,"duration":283},"status":"passed","steps":[],"attachments":[],"parameters":[],"attachmentsCount":0,"shouldDisplayMessage":false,"hasContent":false,"attachmentStep":false,"stepsCount":0}],"testStage":{"status":"failed","statusMessage":"AssertionError: assert 'Error Message: \\nStacktrace:\\nNoSuchElementError: An element could not be located on the page using the given search ...ata\\\\Roaming\\\\npm\\\\node_modules\\\\appium\\\\node_modules\\\\@appium\\\\base-driver\\\\lib\\\\basedriver\\\\commands\\\\find.ts:75:12)' == True","statusTrace":"self = <test_openorder_card.TestOpenOrderCard object at 0x000001E2A69C5100>\n\n    @allure.story(\"Payment Processing\")\n    @allure.title(\"Complete card payment\")\n    def test_final_pay(self):\n        with allure.step(\"Processing final payment\"):\n            card = self.calc.card_pay()\n        allure.attach(\"Card Payment Successful\", name=\"Payment Log\")\n>       assert card == True\nE       AssertionError: assert 'Error Message: \\nStacktrace:\\nNoSuchElementError: An element could not be located on the page using the given search ...ata\\\\Roaming\\\\npm\\\\node_modules\\\\appium\\\\node_modules\\\\@appium\\\\base-driver\\\\lib\\\\basedriver\\\\commands\\\\find.ts:75:12)' == True\n\nsuits\\test_orderflows\\test_card\\test_openorder_card.py:106: AssertionError","steps":[{"name":"Processing final payment","time":{"start":1741786834572,"stop":1741786865822,"duration":31250},"status":"passed","steps":[],"attachments":[],"parameters":[],"attachmentsCount":0,"shouldDisplayMessage":false,"hasContent":false,"attachmentStep":false,"stepsCount":0}],"attachments":[{"uid":"4ed44495a033a9f0","name":"Payment Log","source":"4ed44495a033a9f0.attach","type":"text/plain","size":23}],"parameters":[],"attachmentsCount":1,"shouldDisplayMessage":true,"hasContent":true,"attachmentStep":false,"stepsCount":1},"afterStages":[{"name":"capture_screenshot_on_failure::0","time":{"start":1741786865840,"stop":1741786866352,"duration":512},"status":"passed","steps":[],"attachments":[{"uid":"6f1b786269c75840","name":"Screenshot_test_final_pay","source":"6f1b786269c75840.png","type":"image/png","size":125061}],"parameters":[],"attachmentsCount":1,"shouldDisplayMessage":false,"hasContent":true,"attachmentStep":false,"stepsCount":0},{"name":"appium_driver::0","time":{"start":1741786917438,"stop":1741786917700,"duration":262},"status":"passed","steps":[],"attachments":[],"parameters":[],"attachmentsCount":0,"shouldDisplayMessage":false,"hasContent":false,"attachmentStep":false,"stepsCount":0}],"labels":[{"name":"OS","value":"Android"},{"name":"story","value":"Payment Processing"},{"name":"App","value":"POS System"},{"name":"feature","value":"Open Order Flow"},{"name":"parentSuite","value":"suits.test_orderflows.test_card"},{"name":"suite","value":"test_openorder_card"},{"name":"subSuite","value":"TestOpenOrderCard"},{"name":"host","value":"LAPTOP-KKMKONCC"},{"name":"thread","value":"10400-MainThread"},{"name":"framework","value":"pytest"},{"name":"language","value":"cpython3"},{"name":"package","value":"suits.test_orderflows.test_card.test_openorder_card"},{"name":"resultFormat","value":"allure2"}],"parameters":[],"links":[],"hidden":true,"retry":true,"extra":{"categories":[],"tags":[]},"source":"2aa7f8f9886a0712.json","parameterValues":[]}