{"uid":"2c54331b5934e0c3","name":"Select 'Open Order' for Cash Payment","fullName":"suits.test_orderflows.test_cash.test_openorder_cash.TestOpenOrderCash#test_openorder_btn","historyId":"1d7d7ec0945bf403cfe2546fa05ec601","time":{"start":1741862100539,"stop":1741862111054,"duration":10515},"description":"Verifies that the user can successfully select the 'Open Order' option in POS.","descriptionHtml":"<p>Verifies that the user can successfully select the 'Open Order' option in POS.</p>\n","status":"failed","statusMessage":"AssertionError: assert 'ERROR IS Message: \\nStacktrace:\\nNoSuchElementError: An element could not be located on the page using the given sear...ata\\\\Roaming\\\\npm\\\\node_modules\\\\appium\\\\node_modules\\\\@appium\\\\base-driver\\\\lib\\\\basedriver\\\\commands\\\\find.ts:75:12)' == True\n +  where 'ERROR IS Message: \\nStacktrace:\\nNoSuchElementError: An element could not be located on the page using the given sear...ata\\\\Roaming\\\\npm\\\\node_modules\\\\appium\\\\node_modules\\\\@appium\\\\base-driver\\\\lib\\\\basedriver\\\\commands\\\\find.ts:75:12)' = order('Open Order')\n +    where order = <logic.takeout_logic.Calculations object at 0x000001B717978070>.order\n +      where <logic.takeout_logic.Calculations object at 0x000001B717978070> = <test_cash.test_openorder_cash.TestOpenOrderCash object at 0x000001B7178B2E90>.calc","statusTrace":"self = <test_cash.test_openorder_cash.TestOpenOrderCash object at 0x000001B7178B2E90>\n\n    @allure.story(\"Order Creation\")\n    @allure.title(\"Select 'Open Order' for Cash Payment\")\n    @allure.description(\"Verifies that the user can successfully select the 'Open Order' option in POS.\")\n    def test_openorder_btn(self):\n>       assert self.calc.order(\"Open Order\") == True\nE       AssertionError: assert 'ERROR IS Message: \\nStacktrace:\\nNoSuchElementError: An element could not be located on the page using the given sear...ata\\\\Roaming\\\\npm\\\\node_modules\\\\appium\\\\node_modules\\\\@appium\\\\base-driver\\\\lib\\\\basedriver\\\\commands\\\\find.ts:75:12)' == True\nE        +  where 'ERROR IS Message: \\nStacktrace:\\nNoSuchElementError: An element could not be located on the page using the given sear...ata\\\\Roaming\\\\npm\\\\node_modules\\\\appium\\\\node_modules\\\\@appium\\\\base-driver\\\\lib\\\\basedriver\\\\commands\\\\find.ts:75:12)' = order('Open Order')\nE        +    where order = <logic.takeout_logic.Calculations object at 0x000001B717978070>.order\nE        +      where <logic.takeout_logic.Calculations object at 0x000001B717978070> = <test_cash.test_openorder_cash.TestOpenOrderCash object at 0x000001B7178B2E90>.calc\n\nsuits\\test_orderflows\\test_cash\\test_openorder_cash.py:23: AssertionError","flaky":false,"newFailed":false,"newBroken":false,"newPassed":false,"retriesCount":0,"retriesStatusChange":false,"beforeStages":[{"name":"appium_driver","time":{"start":1741862092546,"stop":1741862098720,"duration":6174},"status":"passed","steps":[],"attachments":[],"parameters":[],"attachmentsCount":0,"shouldDisplayMessage":false,"hasContent":false,"attachmentStep":false,"stepsCount":0},{"name":"login_once","time":{"start":1741862098721,"stop":1741862100421,"duration":1700},"status":"passed","steps":[{"name":"Performing User Login","time":{"start":1741862098905,"stop":1741862099975,"duration":1070},"status":"passed","steps":[],"attachments":[],"parameters":[],"attachmentsCount":0,"shouldDisplayMessage":false,"hasContent":false,"attachmentStep":false,"stepsCount":0},{"name":"Entering Passcode","time":{"start":1741862099975,"stop":1741862100418,"duration":443},"status":"passed","steps":[],"attachments":[],"parameters":[],"attachmentsCount":0,"shouldDisplayMessage":false,"hasContent":false,"attachmentStep":false,"stepsCount":0}],"attachments":[{"uid":"85918d3be6cd6d6","name":"Login Info","source":"85918d3be6cd6d6.txt","type":"text/plain","size":54}],"parameters":[],"attachmentsCount":1,"shouldDisplayMessage":false,"hasContent":true,"attachmentStep":false,"stepsCount":2},{"name":"capture_screenshot_on_failure","time":{"start":1741862100421,"stop":1741862100421,"duration":0},"status":"passed","steps":[],"attachments":[],"parameters":[],"attachmentsCount":0,"shouldDisplayMessage":false,"hasContent":false,"attachmentStep":false,"stepsCount":0},{"name":"setup_driver","time":{"start":1741862100421,"stop":1741862100539,"duration":118},"status":"passed","steps":[],"attachments":[],"parameters":[],"attachmentsCount":0,"shouldDisplayMessage":false,"hasContent":false,"attachmentStep":false,"stepsCount":0}],"afterStages":[{"name":"capture_screenshot_on_failure::0","time":{"start":1741862114229,"stop":1741862114793,"duration":564},"status":"passed","steps":[],"attachments":[{"uid":"e9b728386e199705","name":"Screenshot_test_openorder_btn","source":"e9b728386e199705.png","type":"image/png","size":115451}],"parameters":[],"attachmentsCount":1,"shouldDisplayMessage":false,"hasContent":true,"attachmentStep":false,"stepsCount":0},{"name":"appium_driver::0","time":{"start":1741862127835,"stop":1741862128059,"duration":224},"status":"broken","statusMessage":"KeyboardInterrupt\n","statusTrace":"  File \"C:\\Users\\rutwik\\miniconda3\\envs\\automation\\lib\\site-packages\\allure_commons\\_allure.py\", line 221, in __call__\n    return self._fixture_function(*args, **kwargs)\n  File \"C:\\Users\\rutwik\\miniconda3\\envs\\automation\\lib\\site-packages\\_pytest\\fixtures.py\", line 907, in _teardown_yield_fixture\n    next(it)\n  File \"C:\\Users\\rutwik\\Automation\\conftest.py\", line 67, in appium_driver\n    driver_instance.stop_driver()\n  File \"C:\\Users\\rutwik\\Automation\\conftest.py\", line 49, in stop_driver\n    self.driver.quit()\n  File \"C:\\Users\\rutwik\\miniconda3\\envs\\automation\\lib\\site-packages\\selenium\\webdriver\\remote\\webdriver.py\", line 589, in quit\n    self.execute(Command.QUIT)\n  File \"C:\\Users\\rutwik\\miniconda3\\envs\\automation\\lib\\site-packages\\selenium\\webdriver\\remote\\webdriver.py\", line 427, in execute\n    response = self.command_executor.execute(driver_command, params)\n  File \"C:\\Users\\rutwik\\miniconda3\\envs\\automation\\lib\\site-packages\\selenium\\webdriver\\remote\\remote_connection.py\", line 404, in execute\n    return self._request(command_info[0], url, body=data)\n  File \"C:\\Users\\rutwik\\miniconda3\\envs\\automation\\lib\\site-packages\\selenium\\webdriver\\remote\\remote_connection.py\", line 428, in _request\n    response = self._conn.request(method, url, body=body, headers=headers, timeout=self._client_config.timeout)\n  File \"C:\\Users\\rutwik\\miniconda3\\envs\\automation\\lib\\site-packages\\urllib3\\_request_methods.py\", line 135, in request\n    return self.request_encode_url(\n  File \"C:\\Users\\rutwik\\miniconda3\\envs\\automation\\lib\\site-packages\\urllib3\\_request_methods.py\", line 182, in request_encode_url\n    return self.urlopen(method, url, **extra_kw)\n  File \"C:\\Users\\rutwik\\miniconda3\\envs\\automation\\lib\\site-packages\\urllib3\\poolmanager.py\", line 443, in urlopen\n    response = conn.urlopen(method, u.request_uri, **kw)\n  File \"C:\\Users\\rutwik\\miniconda3\\envs\\automation\\lib\\site-packages\\urllib3\\connectionpool.py\", line 787, in urlopen\n    response = self._make_request(\n  File \"C:\\Users\\rutwik\\miniconda3\\envs\\automation\\lib\\site-packages\\urllib3\\connectionpool.py\", line 534, in _make_request\n    response = conn.getresponse()\n  File \"C:\\Users\\rutwik\\miniconda3\\envs\\automation\\lib\\site-packages\\urllib3\\connection.py\", line 516, in getresponse\n    httplib_response = super().getresponse()\n  File \"C:\\Users\\rutwik\\miniconda3\\envs\\automation\\lib\\http\\client.py\", line 1375, in getresponse\n    response.begin()\n  File \"C:\\Users\\rutwik\\miniconda3\\envs\\automation\\lib\\http\\client.py\", line 318, in begin\n    version, status, reason = self._read_status()\n  File \"C:\\Users\\rutwik\\miniconda3\\envs\\automation\\lib\\http\\client.py\", line 279, in _read_status\n    line = str(self.fp.readline(_MAXLINE + 1), \"iso-8859-1\")\n  File \"C:\\Users\\rutwik\\miniconda3\\envs\\automation\\lib\\socket.py\", line 717, in readinto\n    return self._sock.recv_into(b)\n","steps":[],"attachments":[],"parameters":[],"attachmentsCount":0,"shouldDisplayMessage":true,"hasContent":true,"attachmentStep":false,"stepsCount":0}],"labels":[{"name":"Type","value":"Functional Test"},{"name":"feature","value":"Open Order Flow - Cash Payment"},{"name":"story","value":"Order Creation"},{"name":"Module","value":"Order Management"},{"name":"parentSuite","value":"suits.test_orderflows.test_cash"},{"name":"suite","value":"test_openorder_cash"},{"name":"subSuite","value":"TestOpenOrderCash"},{"name":"host","value":"LAPTOP-KKMKONCC"},{"name":"thread","value":"16256-MainThread"},{"name":"framework","value":"pytest"},{"name":"language","value":"cpython3"},{"name":"package","value":"suits.test_orderflows.test_cash.test_openorder_cash"},{"name":"resultFormat","value":"allure2"}],"parameters":[],"links":[],"hidden":true,"retry":true,"extra":{"categories":[],"tags":[]},"source":"2c54331b5934e0c3.json","parameterValues":[]}