{"uid":"2c576e9d5cc1a071","name":"Apply discount to the order","fullName":"suits.test_orderflows.test_card.test_openorder_card.TestOpenOrderCard#test_add_discount","historyId":"1b413972888d7f8566e61f5ace72e4cd","time":{"start":1741789327906,"stop":1741789327917,"duration":11},"status":"failed","statusMessage":"AssertionError: assert \"error Message: An unknown server-side error occurred while processing the command. Original error: 'POST /element' ca...ata\\\\Roaming\\\\npm\\\\node_modules\\\\appium\\\\node_modules\\\\@appium\\\\base-driver\\\\lib\\\\basedriver\\\\commands\\\\find.ts:75:12)\" == True\n +  where \"error Message: An unknown server-side error occurred while processing the command. Original error: 'POST /element' ca...ata\\\\Roaming\\\\npm\\\\node_modules\\\\appium\\\\node_modules\\\\@appium\\\\base-driver\\\\lib\\\\basedriver\\\\commands\\\\find.ts:75:12)\" = add_discount()\n +    where add_discount = <logic.takeout_logic.Calculations object at 0x000002A7C43F4350>.add_discount\n +      where <logic.takeout_logic.Calculations object at 0x000002A7C43F4350> = <test_openorder_card.TestOpenOrderCard object at 0x000002A7C4329040>.calc","statusTrace":"self = <test_openorder_card.TestOpenOrderCard object at 0x000002A7C4329040>\n\n    @allure.story(\"Order Modifications\")\n    @allure.title(\"Apply discount to the order\")\n    def test_add_discount(self):\n        with allure.step(\"Applying discount\"):\n>           assert self.calc.add_discount() == True\nE           assert \"error Message: An unknown server-side error occurred while processing the command. Original error: 'POST /element' ca...ata\\\\Roaming\\\\npm\\\\node_modules\\\\appium\\\\node_modules\\\\@appium\\\\base-driver\\\\lib\\\\basedriver\\\\commands\\\\find.ts:75:12)\" == True\nE            +  where \"error Message: An unknown server-side error occurred while processing the command. Original error: 'POST /element' ca...ata\\\\Roaming\\\\npm\\\\node_modules\\\\appium\\\\node_modules\\\\@appium\\\\base-driver\\\\lib\\\\basedriver\\\\commands\\\\find.ts:75:12)\" = add_discount()\nE            +    where add_discount = <logic.takeout_logic.Calculations object at 0x000002A7C43F4350>.add_discount\nE            +      where <logic.takeout_logic.Calculations object at 0x000002A7C43F4350> = <test_openorder_card.TestOpenOrderCard object at 0x000002A7C4329040>.calc\n\nsuits\\test_orderflows\\test_card\\test_openorder_card.py:44: AssertionError","flaky":false,"newFailed":false,"newBroken":false,"newPassed":false,"retriesCount":0,"retriesStatusChange":false,"beforeStages":[{"name":"appium_driver","time":{"start":1741789296100,"stop":1741789301746,"duration":5646},"status":"passed","steps":[],"attachments":[],"parameters":[],"attachmentsCount":0,"shouldDisplayMessage":false,"hasContent":false,"attachmentStep":false,"stepsCount":0},{"name":"login_once","time":{"start":1741789301747,"stop":1741789303534,"duration":1787},"status":"passed","steps":[{"name":"Performing User Login","time":{"start":1741789301845,"stop":1741789302573,"duration":728},"status":"passed","steps":[],"attachments":[],"parameters":[],"attachmentsCount":0,"shouldDisplayMessage":false,"hasContent":false,"attachmentStep":false,"stepsCount":0},{"name":"Entering Passcode","time":{"start":1741789302573,"stop":1741789303532,"duration":959},"status":"passed","steps":[],"attachments":[],"parameters":[],"attachmentsCount":0,"shouldDisplayMessage":false,"hasContent":false,"attachmentStep":false,"stepsCount":0}],"attachments":[{"uid":"6f44e007d001f49b","name":"Login Info","source":"6f44e007d001f49b.txt","type":"text/plain","size":54}],"parameters":[],"attachmentsCount":1,"shouldDisplayMessage":false,"hasContent":true,"attachmentStep":false,"stepsCount":2},{"name":"capture_screenshot_on_failure","time":{"start":1741789327796,"stop":1741789327796,"duration":0},"status":"passed","steps":[],"attachments":[],"parameters":[],"attachmentsCount":0,"shouldDisplayMessage":false,"hasContent":false,"attachmentStep":false,"stepsCount":0},{"name":"setup_driver","time":{"start":1741789327796,"stop":1741789327905,"duration":109},"status":"passed","steps":[],"attachments":[],"parameters":[],"attachmentsCount":0,"shouldDisplayMessage":false,"hasContent":false,"attachmentStep":false,"stepsCount":0}],"testStage":{"status":"failed","statusMessage":"AssertionError: assert \"error Message: An unknown server-side error occurred while processing the command. Original error: 'POST /element' ca...ata\\\\Roaming\\\\npm\\\\node_modules\\\\appium\\\\node_modules\\\\@appium\\\\base-driver\\\\lib\\\\basedriver\\\\commands\\\\find.ts:75:12)\" == True\n +  where \"error Message: An unknown server-side error occurred while processing the command. Original error: 'POST /element' ca...ata\\\\Roaming\\\\npm\\\\node_modules\\\\appium\\\\node_modules\\\\@appium\\\\base-driver\\\\lib\\\\basedriver\\\\commands\\\\find.ts:75:12)\" = add_discount()\n +    where add_discount = <logic.takeout_logic.Calculations object at 0x000002A7C43F4350>.add_discount\n +      where <logic.takeout_logic.Calculations object at 0x000002A7C43F4350> = <test_openorder_card.TestOpenOrderCard object at 0x000002A7C4329040>.calc","statusTrace":"self = <test_openorder_card.TestOpenOrderCard object at 0x000002A7C4329040>\n\n    @allure.story(\"Order Modifications\")\n    @allure.title(\"Apply discount to the order\")\n    def test_add_discount(self):\n        with allure.step(\"Applying discount\"):\n>           assert self.calc.add_discount() == True\nE           assert \"error Message: An unknown server-side error occurred while processing the command. Original error: 'POST /element' ca...ata\\\\Roaming\\\\npm\\\\node_modules\\\\appium\\\\node_modules\\\\@appium\\\\base-driver\\\\lib\\\\basedriver\\\\commands\\\\find.ts:75:12)\" == True\nE            +  where \"error Message: An unknown server-side error occurred while processing the command. Original error: 'POST /element' ca...ata\\\\Roaming\\\\npm\\\\node_modules\\\\appium\\\\node_modules\\\\@appium\\\\base-driver\\\\lib\\\\basedriver\\\\commands\\\\find.ts:75:12)\" = add_discount()\nE            +    where add_discount = <logic.takeout_logic.Calculations object at 0x000002A7C43F4350>.add_discount\nE            +      where <logic.takeout_logic.Calculations object at 0x000002A7C43F4350> = <test_openorder_card.TestOpenOrderCard object at 0x000002A7C4329040>.calc\n\nsuits\\test_orderflows\\test_card\\test_openorder_card.py:44: AssertionError","steps":[{"name":"Applying discount","time":{"start":1741789327906,"stop":1741789327916,"duration":10},"status":"failed","statusMessage":"AssertionError: assert \"error Message: An unknown server-side error occurred while processing the command. Original error: 'POST /element' ca...ata\\\\Roaming\\\\npm\\\\node_modules\\\\appium\\\\node_modules\\\\@appium\\\\base-driver\\\\lib\\\\basedriver\\\\commands\\\\find.ts:75:12)\" == True\n +  where \"error Message: An unknown server-side error occurred while processing the command. Original error: 'POST /element' ca...ata\\\\Roaming\\\\npm\\\\node_modules\\\\appium\\\\node_modules\\\\@appium\\\\base-driver\\\\lib\\\\basedriver\\\\commands\\\\find.ts:75:12)\" = add_discount()\n +    where add_discount = <logic.takeout_logic.Calculations object at 0x000002A7C43F4350>.add_discount\n +      where <logic.takeout_logic.Calculations object at 0x000002A7C43F4350> = <test_openorder_card.TestOpenOrderCard object at 0x000002A7C4329040>.calc\n","statusTrace":"  File \"C:\\Users\\rutwik\\Automation\\suits\\test_orderflows\\test_card\\test_openorder_card.py\", line 44, in test_add_discount\n    assert self.calc.add_discount() == True\n","steps":[],"attachments":[],"parameters":[],"attachmentsCount":0,"shouldDisplayMessage":true,"hasContent":true,"attachmentStep":false,"stepsCount":0}],"attachments":[],"parameters":[],"attachmentsCount":0,"shouldDisplayMessage":true,"hasContent":true,"attachmentStep":false,"stepsCount":1},"afterStages":[{"name":"capture_screenshot_on_failure::0","time":{"start":1741789328108,"stop":1741789328134,"duration":26},"status":"broken","statusMessage":"selenium.common.exceptions.WebDriverException: Message: An unknown server-side error occurred while processing the command. Original error: 'GET /screenshot' cannot be proxied to UiAutomator2 server because the instrumentation process is not running (probably crashed). Check the server log and/or the logcat output for more details\nStacktrace:\nUnknownError: An unknown server-side error occurred while processing the command. Original error: 'GET /screenshot' cannot be proxied to UiAutomator2 server because the instrumentation process is not running (probably crashed). Check the server log and/or the logcat output for more details\n    at UIA2Proxy.command (C:\\Users\\rutwik\\AppData\\Roaming\\npm\\node_modules\\appium\\node_modules\\@appium\\base-driver\\lib\\jsonwp-proxy\\proxy.js:350:13)\n    at processTicksAndRejections (node:internal/process/task_queues:95:5)\n    at AndroidUiautomator2Driver.getScreenshot (C:\\Users\\rutwik\\.appium\\node_modules\\appium-uiautomator2-driver\\lib\\commands\\screenshot.js:42:5)\n","statusTrace":"  File \"C:\\Users\\rutwik\\miniconda3\\Lib\\site-packages\\allure_commons\\_allure.py\", line 221, in __call__\n    return self._fixture_function(*args, **kwargs)\n           ^^^^^^^^^^^^^^^^^^^^^^^^^^^^^^^^^^^^^^^\n  File \"C:\\Users\\rutwik\\miniconda3\\Lib\\site-packages\\_pytest\\fixtures.py\", line 907, in _teardown_yield_fixture\n    next(it)\n  File \"C:\\Users\\rutwik\\Automation\\conftest.py\", line 100, in capture_screenshot_on_failure\n    appium_driver.get_screenshot_as_file(screenshot_path)  # Take screenshot\n    ^^^^^^^^^^^^^^^^^^^^^^^^^^^^^^^^^^^^^^^^^^^^^^^^^^^^^\n  File \"C:\\Users\\rutwik\\miniconda3\\Lib\\site-packages\\selenium\\webdriver\\remote\\webdriver.py\", line 969, in get_screenshot_as_file\n    png = self.get_screenshot_as_png()\n          ^^^^^^^^^^^^^^^^^^^^^^^^^^^^\n  File \"C:\\Users\\rutwik\\miniconda3\\Lib\\site-packages\\selenium\\webdriver\\remote\\webdriver.py\", line 1003, in get_screenshot_as_png\n    return b64decode(self.get_screenshot_as_base64().encode(\"ascii\"))\n                     ^^^^^^^^^^^^^^^^^^^^^^^^^^^^^^^\n  File \"C:\\Users\\rutwik\\miniconda3\\Lib\\site-packages\\selenium\\webdriver\\remote\\webdriver.py\", line 1013, in get_screenshot_as_base64\n    return self.execute(Command.SCREENSHOT)[\"value\"]\n           ^^^^^^^^^^^^^^^^^^^^^^^^^^^^^^^^\n  File \"C:\\Users\\rutwik\\miniconda3\\Lib\\site-packages\\selenium\\webdriver\\remote\\webdriver.py\", line 429, in execute\n    self.error_handler.check_response(response)\n  File \"C:\\Users\\rutwik\\miniconda3\\Lib\\site-packages\\appium\\webdriver\\errorhandler.py\", line 125, in check_response\n    raise exception_class(msg=message, stacktrace=format_stacktrace(stacktrace))\n","steps":[],"attachments":[],"parameters":[],"attachmentsCount":0,"shouldDisplayMessage":true,"hasContent":true,"attachmentStep":false,"stepsCount":0},{"name":"appium_driver::0","time":{"start":1741789328261,"stop":1741789328545,"duration":284},"status":"passed","steps":[],"attachments":[],"parameters":[],"attachmentsCount":0,"shouldDisplayMessage":false,"hasContent":false,"attachmentStep":false,"stepsCount":0}],"labels":[{"name":"App","value":"POS System"},{"name":"story","value":"Order Modifications"},{"name":"OS","value":"Android"},{"name":"feature","value":"Open Order Flow"},{"name":"parentSuite","value":"suits.test_orderflows.test_card"},{"name":"suite","value":"test_openorder_card"},{"name":"subSuite","value":"TestOpenOrderCard"},{"name":"host","value":"LAPTOP-KKMKONCC"},{"name":"thread","value":"17260-MainThread"},{"name":"framework","value":"pytest"},{"name":"language","value":"cpython3"},{"name":"package","value":"suits.test_orderflows.test_card.test_openorder_card"},{"name":"resultFormat","value":"allure2"}],"parameters":[],"links":[],"hidden":true,"retry":true,"extra":{"categories":[],"tags":[]},"source":"2c576e9d5cc1a071.json","parameterValues":[]}