{"uid":"2e0a297919e960fb","name":"Select 'Open Order' for Cash Payment","fullName":"suits.test_orderflows.test_cash.test_openorder_cash.TestOpenOrderCash#test_openorder_btn","historyId":"1d7d7ec0945bf403cfe2546fa05ec601","time":{"start":1741864522451,"stop":1741864522885,"duration":434},"description":"Verifies that the user can successfully select the 'Open Order' option in POS.","descriptionHtml":"<p>Verifies that the user can successfully select the 'Open Order' option in POS.</p>\n","status":"passed","flaky":false,"newFailed":false,"newBroken":false,"newPassed":false,"retriesCount":13,"retriesStatusChange":true,"beforeStages":[{"name":"appium_driver","time":{"start":1741864516092,"stop":1741864520886,"duration":4794},"status":"passed","steps":[],"attachments":[],"parameters":[],"attachmentsCount":0,"shouldDisplayMessage":false,"hasContent":false,"attachmentStep":false,"stepsCount":0},{"name":"login_once","time":{"start":1741864520886,"stop":1741864522292,"duration":1406},"status":"passed","steps":[{"name":"Performing User Login","time":{"start":1741864521002,"stop":1741864521904,"duration":902},"status":"passed","steps":[],"attachments":[],"parameters":[],"attachmentsCount":0,"shouldDisplayMessage":false,"hasContent":false,"attachmentStep":false,"stepsCount":0},{"name":"Entering Passcode","time":{"start":1741864521904,"stop":1741864522290,"duration":386},"status":"passed","steps":[],"attachments":[],"parameters":[],"attachmentsCount":0,"shouldDisplayMessage":false,"hasContent":false,"attachmentStep":false,"stepsCount":0}],"attachments":[{"uid":"b0c104bde81f8e5d","name":"Login Info","source":"b0c104bde81f8e5d.txt","type":"text/plain","size":54}],"parameters":[],"attachmentsCount":1,"shouldDisplayMessage":false,"hasContent":true,"attachmentStep":false,"stepsCount":2},{"name":"capture_screenshot_on_failure","time":{"start":1741864522292,"stop":1741864522294,"duration":2},"status":"passed","steps":[],"attachments":[],"parameters":[],"attachmentsCount":0,"shouldDisplayMessage":false,"hasContent":false,"attachmentStep":false,"stepsCount":0},{"name":"setup_driver","time":{"start":1741864522294,"stop":1741864522450,"duration":156},"status":"passed","steps":[],"attachments":[],"parameters":[],"attachmentsCount":0,"shouldDisplayMessage":false,"hasContent":false,"attachmentStep":false,"stepsCount":0}],"testStage":{"description":"Verifies that the user can successfully select the 'Open Order' option in POS.","status":"passed","steps":[{"name":"Selecting 'Open Order' from Order Types","time":{"start":1741864522451,"stop":1741864522884,"duration":433},"status":"passed","steps":[],"attachments":[{"uid":"57d80d05e87523df","name":"Order Selection Status","source":"57d80d05e87523df.txt","type":"text/plain","size":33}],"parameters":[],"attachmentsCount":1,"shouldDisplayMessage":false,"hasContent":true,"attachmentStep":false,"stepsCount":0}],"attachments":[],"parameters":[],"attachmentsCount":1,"shouldDisplayMessage":false,"hasContent":true,"attachmentStep":false,"stepsCount":1},"afterStages":[{"name":"capture_screenshot_on_failure::0","time":{"start":1741864522888,"stop":1741864522888,"duration":0},"status":"passed","steps":[],"attachments":[],"parameters":[],"attachmentsCount":0,"shouldDisplayMessage":false,"hasContent":false,"attachmentStep":false,"stepsCount":0},{"name":"appium_driver::0","time":{"start":1741864617430,"stop":1741864617641,"duration":211},"status":"passed","steps":[],"attachments":[],"parameters":[],"attachmentsCount":0,"shouldDisplayMessage":false,"hasContent":false,"attachmentStep":false,"stepsCount":0}],"labels":[{"name":"Type","value":"Functional Test"},{"name":"Module","value":"Order Management"},{"name":"story","value":"Order Creation"},{"name":"feature","value":"Open Order Flow - Cash Payment"},{"name":"parentSuite","value":"suits.test_orderflows.test_cash"},{"name":"suite","value":"test_openorder_cash"},{"name":"subSuite","value":"TestOpenOrderCash"},{"name":"host","value":"LAPTOP-KKMKONCC"},{"name":"thread","value":"15684-MainThread"},{"name":"framework","value":"pytest"},{"name":"language","value":"cpython3"},{"name":"package","value":"suits.test_orderflows.test_cash.test_openorder_cash"},{"name":"resultFormat","value":"allure2"}],"parameters":[],"links":[],"hidden":false,"retry":false,"extra":{"severity":"normal","retries":[{"uid":"7c463514d3770e2c","status":"passed","time":{"start":1741863345149,"stop":1741863345689,"duration":540}},{"uid":"7b36d4edd54855ee","status":"passed","time":{"start":1741863234438,"stop":1741863236364,"duration":1926}},{"uid":"10dbcba9f99c9e3f","status":"passed","time":{"start":1741862867622,"stop":1741862867980,"duration":358}},{"uid":"b67bd044bfeed852","status":"passed","time":{"start":1741862345333,"stop":1741862345882,"duration":549}},{"uid":"f66173f0fc3b3f52","status":"failed","statusDetails":"AssertionError: assert 'ERROR IS Message: \\nStacktrace:\\nNoSuchElementError: An element could not be located on the page using the given sear...ata\\\\Roaming\\\\npm\\\\node_modules\\\\appium\\\\node_modules\\\\@appium\\\\base-driver\\\\lib\\\\basedriver\\\\commands\\\\find.ts:75:12)' == True\n +  where 'ERROR IS Message: \\nStacktrace:\\nNoSuchElementError: An element could not be located on the page using the given sear...ata\\\\Roaming\\\\npm\\\\node_modules\\\\appium\\\\node_modules\\\\@appium\\\\base-driver\\\\lib\\\\basedriver\\\\commands\\\\find.ts:75:12)' = order('Open Order')\n +    where order = <logic.takeout_logic.Calculations object at 0x0000014F5D535D50>.order\n +      where <logic.takeout_logic.Calculations object at 0x0000014F5D535D50> = <test_cash.test_openorder_cash.TestOpenOrderCash object at 0x0000014F5F602E60>.calc","time":{"start":1741862279891,"stop":1741862290102,"duration":10211}},{"uid":"2c54331b5934e0c3","status":"failed","statusDetails":"AssertionError: assert 'ERROR IS Message: \\nStacktrace:\\nNoSuchElementError: An element could not be located on the page using the given sear...ata\\\\Roaming\\\\npm\\\\node_modules\\\\appium\\\\node_modules\\\\@appium\\\\base-driver\\\\lib\\\\basedriver\\\\commands\\\\find.ts:75:12)' == True\n +  where 'ERROR IS Message: \\nStacktrace:\\nNoSuchElementError: An element could not be located on the page using the given sear...ata\\\\Roaming\\\\npm\\\\node_modules\\\\appium\\\\node_modules\\\\@appium\\\\base-driver\\\\lib\\\\basedriver\\\\commands\\\\find.ts:75:12)' = order('Open Order')\n +    where order = <logic.takeout_logic.Calculations object at 0x000001B717978070>.order\n +      where <logic.takeout_logic.Calculations object at 0x000001B717978070> = <test_cash.test_openorder_cash.TestOpenOrderCash object at 0x000001B7178B2E90>.calc","time":{"start":1741862100539,"stop":1741862111054,"duration":10515}},{"uid":"4557b6941ba319cc","status":"failed","statusDetails":"AssertionError: assert 'ERROR IS Message: \\nStacktrace:\\nNoSuchElementError: An element could not be located on the page using the given sear...ata\\\\Roaming\\\\npm\\\\node_modules\\\\appium\\\\node_modules\\\\@appium\\\\base-driver\\\\lib\\\\basedriver\\\\commands\\\\find.ts:75:12)' == True\n +  where 'ERROR IS Message: \\nStacktrace:\\nNoSuchElementError: An element could not be located on the page using the given sear...ata\\\\Roaming\\\\npm\\\\node_modules\\\\appium\\\\node_modules\\\\@appium\\\\base-driver\\\\lib\\\\basedriver\\\\commands\\\\find.ts:75:12)' = order('Open Order')\n +    where order = <logic.takeout_logic.Calculations object at 0x000001DFCF1F8250>.order\n +      where <logic.takeout_logic.Calculations object at 0x000001DFCF1F8250> = <test_cash.test_openorder_cash.TestOpenOrderCash object at 0x000001DFCF132EC0>.calc","time":{"start":1741861905682,"stop":1741861916235,"duration":10553}},{"uid":"f1ae90312f9d9737","status":"passed","time":{"start":1741861708139,"stop":1741861709091,"duration":952}},{"uid":"78536e622d24446e","status":"passed","time":{"start":1741861559800,"stop":1741861560292,"duration":492}},{"uid":"2e155f79b112b326","status":"passed","time":{"start":1741860925591,"stop":1741860925947,"duration":356}},{"uid":"d58f2fa8e2038576","status":"passed","time":{"start":1741860854437,"stop":1741860854987,"duration":550}},{"uid":"4fdd23a514aff1ed","status":"passed","time":{"start":1741860557939,"stop":1741860558610,"duration":671}},{"uid":"3dd49c3694bd8cb1","status":"passed","time":{"start":1741785754235,"stop":1741785755013,"duration":778}}],"categories":[],"tags":[]},"source":"2e0a297919e960fb.json","parameterValues":[]}