{"uid":"7bde60efe294000f","name":"Add a Manual Item with Specified Quantity","fullName":"suits.test_orderflows.test_cash.test_openorder_cash.TestOpenOrderCash#test_manual_item_and_qty","historyId":"ac1f794a1d1088b1f11e8a62fbe508b3","time":{"start":1741861594977,"stop":1741861616237,"duration":21260},"description":"Tests if a manual item can be added to the cart with a specified quantity.","descriptionHtml":"<p>Tests if a manual item can be added to the cart with a specified quantity.</p>\n","status":"failed","statusMessage":"AssertionError: assert 'Error is Message: \\nStacktrace:\\nNoSuchElementError: An element could not be located on the page using the given sear...ata\\\\Roaming\\\\npm\\\\node_modules\\\\appium\\\\node_modules\\\\@appium\\\\base-driver\\\\lib\\\\basedriver\\\\commands\\\\find.ts:75:12)' is True\n +  where 'Error is Message: \\nStacktrace:\\nNoSuchElementError: An element could not be located on the page using the given sear...ata\\\\Roaming\\\\npm\\\\node_modules\\\\appium\\\\node_modules\\\\@appium\\\\base-driver\\\\lib\\\\basedriver\\\\commands\\\\find.ts:75:12)' = manual_item()\n +    where manual_item = <logic.takeout_logic.Calculations object at 0x000001F1CF160DF0>.manual_item\n +      where <logic.takeout_logic.Calculations object at 0x000001F1CF160DF0> = <test_cash.test_openorder_cash.TestOpenOrderCash object at 0x000001F1CF163760>.calc","statusTrace":"self = <test_cash.test_openorder_cash.TestOpenOrderCash object at 0x000001F1CF163760>\n\n    @allure.story(\"Manual Item Management\")\n    @allure.title(\"Add a Manual Item with Specified Quantity\")\n    @allure.description(\"Tests if a manual item can be added to the cart with a specified quantity.\")\n    def test_manual_item_and_qty(self):\n>       assert self.calc.manual_item() is True\nE       AssertionError: assert 'Error is Message: \\nStacktrace:\\nNoSuchElementError: An element could not be located on the page using the given sear...ata\\\\Roaming\\\\npm\\\\node_modules\\\\appium\\\\node_modules\\\\@appium\\\\base-driver\\\\lib\\\\basedriver\\\\commands\\\\find.ts:75:12)' is True\nE        +  where 'Error is Message: \\nStacktrace:\\nNoSuchElementError: An element could not be located on the page using the given sear...ata\\\\Roaming\\\\npm\\\\node_modules\\\\appium\\\\node_modules\\\\@appium\\\\base-driver\\\\lib\\\\basedriver\\\\commands\\\\find.ts:75:12)' = manual_item()\nE        +    where manual_item = <logic.takeout_logic.Calculations object at 0x000001F1CF160DF0>.manual_item\nE        +      where <logic.takeout_logic.Calculations object at 0x000001F1CF160DF0> = <test_cash.test_openorder_cash.TestOpenOrderCash object at 0x000001F1CF163760>.calc\n\nsuits\\test_orderflows\\test_cash\\test_openorder_cash.py:50: AssertionError","flaky":false,"newFailed":false,"newBroken":false,"newPassed":false,"retriesCount":0,"retriesStatusChange":false,"beforeStages":[{"name":"login_once","time":{"start":1741861558110,"stop":1741861559654,"duration":1544},"status":"passed","steps":[{"name":"Performing User Login","time":{"start":1741861558260,"stop":1741861559223,"duration":963},"status":"passed","steps":[],"attachments":[],"parameters":[],"attachmentsCount":0,"shouldDisplayMessage":false,"hasContent":false,"attachmentStep":false,"stepsCount":0},{"name":"Entering Passcode","time":{"start":1741861559224,"stop":1741861559651,"duration":427},"status":"passed","steps":[],"attachments":[],"parameters":[],"attachmentsCount":0,"shouldDisplayMessage":false,"hasContent":false,"attachmentStep":false,"stepsCount":0}],"attachments":[{"uid":"eca07e65ee35f154","name":"Login Info","source":"eca07e65ee35f154.txt","type":"text/plain","size":54}],"parameters":[],"attachmentsCount":1,"shouldDisplayMessage":false,"hasContent":true,"attachmentStep":false,"stepsCount":2},{"name":"capture_screenshot_on_failure","time":{"start":1741861594835,"stop":1741861594835,"duration":0},"status":"passed","steps":[],"attachments":[],"parameters":[],"attachmentsCount":0,"shouldDisplayMessage":false,"hasContent":false,"attachmentStep":false,"stepsCount":0},{"name":"setup_driver","time":{"start":1741861594836,"stop":1741861594976,"duration":140},"status":"passed","steps":[],"attachments":[],"parameters":[],"attachmentsCount":0,"shouldDisplayMessage":false,"hasContent":false,"attachmentStep":false,"stepsCount":0}],"afterStages":[{"name":"capture_screenshot_on_failure::0","time":{"start":1741861621940,"stop":1741861622539,"duration":599},"status":"passed","steps":[],"attachments":[{"uid":"ad9ba71ee81efdeb","name":"Screenshot_test_manual_item_and_qty","source":"ad9ba71ee81efdeb.png","type":"image/png","size":122114}],"parameters":[],"attachmentsCount":1,"shouldDisplayMessage":false,"hasContent":true,"attachmentStep":false,"stepsCount":0}],"labels":[{"name":"feature","value":"Open Order Flow - Cash Payment"},{"name":"Type","value":"Functional Test"},{"name":"story","value":"Manual Item Management"},{"name":"Module","value":"Order Management"},{"name":"parentSuite","value":"suits.test_orderflows.test_cash"},{"name":"suite","value":"test_openorder_cash"},{"name":"subSuite","value":"TestOpenOrderCash"},{"name":"host","value":"LAPTOP-KKMKONCC"},{"name":"thread","value":"11296-MainThread"},{"name":"framework","value":"pytest"},{"name":"language","value":"cpython3"},{"name":"package","value":"suits.test_orderflows.test_cash.test_openorder_cash"},{"name":"resultFormat","value":"allure2"}],"parameters":[],"links":[],"hidden":true,"retry":true,"extra":{"categories":[],"tags":[]},"source":"7bde60efe294000f.json","parameterValues":[]}