{"uid":"846889e47acbca7a","name":"Apply Discount to the Order","fullName":"suits.test_orderflows.test_cash.test_openorder_cash.TestOpenOrderCash#test_add_discount","historyId":"f2929d02fde52f9ea38a653badf0ea85","time":{"start":1741860869403,"stop":1741860882328,"duration":12925},"description":"Validates that a discount can be applied to an order.","descriptionHtml":"<p>Validates that a discount can be applied to an order.</p>\n","status":"failed","statusMessage":"AssertionError: assert 'error Message: \\nStacktrace:\\nNoSuchElementError: An element could not be located on the page using the given search ...ata\\\\Roaming\\\\npm\\\\node_modules\\\\appium\\\\node_modules\\\\@appium\\\\base-driver\\\\lib\\\\basedriver\\\\commands\\\\find.ts:75:12)' == True\n +  where 'error Message: \\nStacktrace:\\nNoSuchElementError: An element could not be located on the page using the given search ...ata\\\\Roaming\\\\npm\\\\node_modules\\\\appium\\\\node_modules\\\\@appium\\\\base-driver\\\\lib\\\\basedriver\\\\commands\\\\find.ts:75:12)' = add_discount()\n +    where add_discount = <logic.takeout_logic.Calculations object at 0x0000022320601210>.add_discount\n +      where <logic.takeout_logic.Calculations object at 0x0000022320601210> = <test_cash.test_openorder_cash.TestOpenOrderCash object at 0x00000223206032B0>.calc","statusTrace":"self = <test_cash.test_openorder_cash.TestOpenOrderCash object at 0x00000223206032B0>\n\n    @allure.story(\"Order Modifications\")\n    @allure.title(\"Apply Discount to the Order\")\n    @allure.description(\"Validates that a discount can be applied to an order.\")\n    def test_add_discount(self):\n>       assert self.calc.add_discount() == True\nE       AssertionError: assert 'error Message: \\nStacktrace:\\nNoSuchElementError: An element could not be located on the page using the given search ...ata\\\\Roaming\\\\npm\\\\node_modules\\\\appium\\\\node_modules\\\\@appium\\\\base-driver\\\\lib\\\\basedriver\\\\commands\\\\find.ts:75:12)' == True\nE        +  where 'error Message: \\nStacktrace:\\nNoSuchElementError: An element could not be located on the page using the given search ...ata\\\\Roaming\\\\npm\\\\node_modules\\\\appium\\\\node_modules\\\\@appium\\\\base-driver\\\\lib\\\\basedriver\\\\commands\\\\find.ts:75:12)' = add_discount()\nE        +    where add_discount = <logic.takeout_logic.Calculations object at 0x0000022320601210>.add_discount\nE        +      where <logic.takeout_logic.Calculations object at 0x0000022320601210> = <test_cash.test_openorder_cash.TestOpenOrderCash object at 0x00000223206032B0>.calc\n\nsuits\\test_orderflows\\test_cash\\test_openorder_cash.py:37: AssertionError","flaky":false,"newFailed":false,"newBroken":false,"newPassed":false,"retriesCount":0,"retriesStatusChange":false,"beforeStages":[{"name":"appium_driver","time":{"start":1741860846089,"stop":1741860852283,"duration":6194},"status":"passed","steps":[],"attachments":[],"parameters":[],"attachmentsCount":0,"shouldDisplayMessage":false,"hasContent":false,"attachmentStep":false,"stepsCount":0},{"name":"login_once","time":{"start":1741860852284,"stop":1741860854287,"duration":2003},"status":"passed","steps":[{"name":"Performing User Login","time":{"start":1741860852479,"stop":1741860853765,"duration":1286},"status":"passed","steps":[],"attachments":[],"parameters":[],"attachmentsCount":0,"shouldDisplayMessage":false,"hasContent":false,"attachmentStep":false,"stepsCount":0},{"name":"Entering Passcode","time":{"start":1741860853765,"stop":1741860854285,"duration":520},"status":"passed","steps":[],"attachments":[],"parameters":[],"attachmentsCount":0,"shouldDisplayMessage":false,"hasContent":false,"attachmentStep":false,"stepsCount":0}],"attachments":[{"uid":"42d64703ab63fdba","name":"Login Info","source":"42d64703ab63fdba.txt","type":"text/plain","size":54}],"parameters":[],"attachmentsCount":1,"shouldDisplayMessage":false,"hasContent":true,"attachmentStep":false,"stepsCount":2},{"name":"capture_screenshot_on_failure","time":{"start":1741860869266,"stop":1741860869266,"duration":0},"status":"passed","steps":[],"attachments":[],"parameters":[],"attachmentsCount":0,"shouldDisplayMessage":false,"hasContent":false,"attachmentStep":false,"stepsCount":0},{"name":"setup_driver","time":{"start":1741860869266,"stop":1741860869402,"duration":136},"status":"passed","steps":[],"attachments":[],"parameters":[],"attachmentsCount":0,"shouldDisplayMessage":false,"hasContent":false,"attachmentStep":false,"stepsCount":0}],"afterStages":[{"name":"capture_screenshot_on_failure::0","time":{"start":1741860882611,"stop":1741860883183,"duration":572},"status":"passed","steps":[],"attachments":[{"uid":"f6c7ae64cb9baa84","name":"Screenshot_test_add_discount","source":"f6c7ae64cb9baa84.png","type":"image/png","size":84835}],"parameters":[],"attachmentsCount":1,"shouldDisplayMessage":false,"hasContent":true,"attachmentStep":false,"stepsCount":0},{"name":"appium_driver::0","time":{"start":1741860899752,"stop":1741860899949,"duration":197},"status":"broken","statusMessage":"KeyboardInterrupt\n","statusTrace":"  File \"C:\\Users\\rutwik\\miniconda3\\envs\\automation\\lib\\site-packages\\allure_commons\\_allure.py\", line 221, in __call__\n    return self._fixture_function(*args, **kwargs)\n  File \"C:\\Users\\rutwik\\miniconda3\\envs\\automation\\lib\\site-packages\\_pytest\\fixtures.py\", line 907, in _teardown_yield_fixture\n    next(it)\n  File \"C:\\Users\\rutwik\\Automation\\conftest.py\", line 65, in appium_driver\n    driver_instance.stop_driver()\n  File \"C:\\Users\\rutwik\\Automation\\conftest.py\", line 47, in stop_driver\n    self.driver.quit()\n  File \"C:\\Users\\rutwik\\miniconda3\\envs\\automation\\lib\\site-packages\\selenium\\webdriver\\remote\\webdriver.py\", line 589, in quit\n    self.execute(Command.QUIT)\n  File \"C:\\Users\\rutwik\\miniconda3\\envs\\automation\\lib\\site-packages\\selenium\\webdriver\\remote\\webdriver.py\", line 427, in execute\n    response = self.command_executor.execute(driver_command, params)\n  File \"C:\\Users\\rutwik\\miniconda3\\envs\\automation\\lib\\site-packages\\selenium\\webdriver\\remote\\remote_connection.py\", line 404, in execute\n    return self._request(command_info[0], url, body=data)\n  File \"C:\\Users\\rutwik\\miniconda3\\envs\\automation\\lib\\site-packages\\selenium\\webdriver\\remote\\remote_connection.py\", line 428, in _request\n    response = self._conn.request(method, url, body=body, headers=headers, timeout=self._client_config.timeout)\n  File \"C:\\Users\\rutwik\\miniconda3\\envs\\automation\\lib\\site-packages\\urllib3\\_request_methods.py\", line 135, in request\n    return self.request_encode_url(\n  File \"C:\\Users\\rutwik\\miniconda3\\envs\\automation\\lib\\site-packages\\urllib3\\_request_methods.py\", line 182, in request_encode_url\n    return self.urlopen(method, url, **extra_kw)\n  File \"C:\\Users\\rutwik\\miniconda3\\envs\\automation\\lib\\site-packages\\urllib3\\poolmanager.py\", line 443, in urlopen\n    response = conn.urlopen(method, u.request_uri, **kw)\n  File \"C:\\Users\\rutwik\\miniconda3\\envs\\automation\\lib\\site-packages\\urllib3\\connectionpool.py\", line 787, in urlopen\n    response = self._make_request(\n  File \"C:\\Users\\rutwik\\miniconda3\\envs\\automation\\lib\\site-packages\\urllib3\\connectionpool.py\", line 534, in _make_request\n    response = conn.getresponse()\n  File \"C:\\Users\\rutwik\\miniconda3\\envs\\automation\\lib\\site-packages\\urllib3\\connection.py\", line 516, in getresponse\n    httplib_response = super().getresponse()\n  File \"C:\\Users\\rutwik\\miniconda3\\envs\\automation\\lib\\http\\client.py\", line 1375, in getresponse\n    response.begin()\n  File \"C:\\Users\\rutwik\\miniconda3\\envs\\automation\\lib\\http\\client.py\", line 318, in begin\n    version, status, reason = self._read_status()\n  File \"C:\\Users\\rutwik\\miniconda3\\envs\\automation\\lib\\http\\client.py\", line 279, in _read_status\n    line = str(self.fp.readline(_MAXLINE + 1), \"iso-8859-1\")\n  File \"C:\\Users\\rutwik\\miniconda3\\envs\\automation\\lib\\socket.py\", line 717, in readinto\n    return self._sock.recv_into(b)\n","steps":[],"attachments":[],"parameters":[],"attachmentsCount":0,"shouldDisplayMessage":true,"hasContent":true,"attachmentStep":false,"stepsCount":0}],"labels":[{"name":"Type","value":"Functional Test"},{"name":"story","value":"Order Modifications"},{"name":"feature","value":"Open Order Flow - Cash Payment"},{"name":"Module","value":"Order Management"},{"name":"parentSuite","value":"suits.test_orderflows.test_cash"},{"name":"suite","value":"test_openorder_cash"},{"name":"subSuite","value":"TestOpenOrderCash"},{"name":"host","value":"LAPTOP-KKMKONCC"},{"name":"thread","value":"5780-MainThread"},{"name":"framework","value":"pytest"},{"name":"language","value":"cpython3"},{"name":"package","value":"suits.test_orderflows.test_cash.test_openorder_cash"},{"name":"resultFormat","value":"allure2"}],"parameters":[],"links":[],"hidden":true,"retry":true,"extra":{"categories":[],"tags":[]},"source":"846889e47acbca7a.json","parameterValues":[]}