{"uid":"85a87f8085b90bc9","name":"Select Takeout Order","fullName":"suits.test_orderflows.test_cash.test_takeout_cash.TestTakeoutFlow#test_take_out_btn","historyId":"1bbf2d31ea69aa75b953f1bf8ea58646","time":{"start":1741791910874,"stop":1741791911593,"duration":719},"status":"passed","flaky":false,"newFailed":false,"newBroken":false,"newPassed":false,"retriesCount":11,"retriesStatusChange":true,"beforeStages":[{"name":"appium_driver","time":{"start":1741791898807,"stop":1741791908344,"duration":9537},"status":"passed","steps":[],"attachments":[],"parameters":[],"attachmentsCount":0,"shouldDisplayMessage":false,"hasContent":false,"attachmentStep":false,"stepsCount":0},{"name":"login_once","time":{"start":1741791908344,"stop":1741791910783,"duration":2439},"status":"passed","steps":[{"name":"Performing User Login","time":{"start":1741791908432,"stop":1741791910340,"duration":1908},"status":"passed","steps":[],"attachments":[],"parameters":[],"attachmentsCount":0,"shouldDisplayMessage":false,"hasContent":false,"attachmentStep":false,"stepsCount":0},{"name":"Entering Passcode","time":{"start":1741791910340,"stop":1741791910782,"duration":442},"status":"passed","steps":[],"attachments":[],"parameters":[],"attachmentsCount":0,"shouldDisplayMessage":false,"hasContent":false,"attachmentStep":false,"stepsCount":0}],"attachments":[{"uid":"b66024aa7a715361","name":"Login Info","source":"b66024aa7a715361.txt","type":"text/plain","size":54}],"parameters":[],"attachmentsCount":1,"shouldDisplayMessage":false,"hasContent":true,"attachmentStep":false,"stepsCount":2},{"name":"capture_screenshot_on_failure","time":{"start":1741791910783,"stop":1741791910784,"duration":1},"status":"passed","steps":[],"attachments":[],"parameters":[],"attachmentsCount":0,"shouldDisplayMessage":false,"hasContent":false,"attachmentStep":false,"stepsCount":0},{"name":"setup_driver","time":{"start":1741791910784,"stop":1741791910874,"duration":90},"status":"passed","steps":[],"attachments":[],"parameters":[],"attachmentsCount":0,"shouldDisplayMessage":false,"hasContent":false,"attachmentStep":false,"stepsCount":0}],"afterStages":[{"name":"capture_screenshot_on_failure::0","time":{"start":1741791911599,"stop":1741791911599,"duration":0},"status":"passed","steps":[],"attachments":[],"parameters":[],"attachmentsCount":0,"shouldDisplayMessage":false,"hasContent":false,"attachmentStep":false,"stepsCount":0},{"name":"appium_driver::0","time":{"start":1741792021533,"stop":1741792021848,"duration":315},"status":"passed","steps":[],"attachments":[],"parameters":[],"attachmentsCount":0,"shouldDisplayMessage":false,"hasContent":false,"attachmentStep":false,"stepsCount":0}],"labels":[{"name":"story","value":"Order Management"},{"name":"feature","value":"Takeout Order Flow"},{"name":"parentSuite","value":"suits.test_orderflows.test_cash"},{"name":"suite","value":"test_takeout_cash"},{"name":"subSuite","value":"TestTakeoutFlow"},{"name":"host","value":"LAPTOP-KKMKONCC"},{"name":"thread","value":"18860-MainThread"},{"name":"framework","value":"pytest"},{"name":"language","value":"cpython3"},{"name":"package","value":"suits.test_orderflows.test_cash.test_takeout_cash"},{"name":"resultFormat","value":"allure2"}],"parameters":[],"links":[],"hidden":false,"retry":false,"extra":{"severity":"normal","retries":[{"uid":"46bad84b1081c433","status":"failed","statusDetails":"AssertionError: assert 'ERROR IS Message: \\nStacktrace:\\nNoSuchElementError: An element could not be located on the page using the given sear...ata\\\\Roaming\\\\npm\\\\node_modules\\\\appium\\\\node_modules\\\\@appium\\\\base-driver\\\\lib\\\\basedriver\\\\commands\\\\find.ts:75:12)' == True\n +  where 'ERROR IS Message: \\nStacktrace:\\nNoSuchElementError: An element could not be located on the page using the given sear...ata\\\\Roaming\\\\npm\\\\node_modules\\\\appium\\\\node_modules\\\\@appium\\\\base-driver\\\\lib\\\\basedriver\\\\commands\\\\find.ts:75:12)' = order('Take Out')\n +    where order = <logic.takeout_logic.Calculations object at 0x0000026B2845AC00>.order\n +      where <logic.takeout_logic.Calculations object at 0x0000026B2845AC00> = <test_cash.test_takeout_cash.TestTakeoutFlow object at 0x0000026B288F27E0>.calc","time":{"start":1741784815185,"stop":1741784825585,"duration":10400}},{"uid":"9defce6518b232cd","status":"passed","time":{"start":1741784795740,"stop":1741784796370,"duration":630}},{"uid":"28a391a1ffc515bd","status":"passed","time":{"start":1741714091979,"stop":1741714093094,"duration":1115}},{"uid":"4896c14238864c94","status":"passed","time":{"start":1741712745328,"stop":1741712746300,"duration":972}},{"uid":"4b25660ef67b6198","status":"passed","time":{"start":1741712347033,"stop":1741712348208,"duration":1175}},{"uid":"341f8ca7d864657a","status":"failed","statusDetails":"AssertionError: assert 'ERROR IS Message: \\nStacktrace:\\nNoSuchElementError: An element could not be located on the page using the given sear...ata\\\\Roaming\\\\npm\\\\node_modules\\\\appium\\\\node_modules\\\\@appium\\\\base-driver\\\\lib\\\\basedriver\\\\commands\\\\find.ts:75:12)' == True\n +  where 'ERROR IS Message: \\nStacktrace:\\nNoSuchElementError: An element could not be located on the page using the given sear...ata\\\\Roaming\\\\npm\\\\node_modules\\\\appium\\\\node_modules\\\\@appium\\\\base-driver\\\\lib\\\\basedriver\\\\commands\\\\find.ts:75:12)' = order('Take Out')\n +    where order = <logic.takeout_logic.Calculations object at 0x000002CD30DEB110>.order\n +      where <logic.takeout_logic.Calculations object at 0x000002CD30DEB110> = <test_cash.test_takeout_cash.TestTakeoutFlow object at 0x000002CD30D7BA40>.calc","time":{"start":1741712178531,"stop":1741712188615,"duration":10084}},{"uid":"e8edc1ac2044c3a","status":"passed","time":{"start":1741712156405,"stop":1741712157261,"duration":856}},{"uid":"7b5e2cb1a3fe4d42","status":"broken","statusDetails":"UnicodeEncodeError: 'charmap' codec can't encode character '\\U0001f680' in position 2: character maps to <undefined>","time":{"start":1741711669131,"stop":1741711669131,"duration":0}},{"uid":"510d5920cf38a8e8","status":"broken","statusDetails":"FileNotFoundError: [WinError 2] The system cannot find the file specified","time":{"start":1741711449311,"stop":1741711449311,"duration":0}},{"uid":"f15a2e9cf15f9d60","status":"broken","statusDetails":"UnicodeEncodeError: 'charmap' codec can't encode character '\\U0001f680' in position 2: character maps to <undefined>","time":{"start":1741711411860,"stop":1741711411860,"duration":0}},{"uid":"7755adf04a56811c","status":"broken","statusDetails":"urllib3.exceptions.MaxRetryError: HTTPConnectionPool(host='127.0.0.1', port=4723): Max retries exceeded with url: /session (Caused by NewConnectionError('<urllib3.connection.HTTPConnection object at 0x000001A0FC39FA10>: Failed to establish a new connection: [WinError 10061] No connection could be made because the target machine actively refused it'))","time":{"start":1741711304496,"stop":1741711304496,"duration":0}}],"categories":[],"tags":[]},"source":"85a87f8085b90bc9.json","parameterValues":[]}