{"uid":"932cb9873cbd3db6","name":"Process a phone order with Save and then Pay","fullName":"suits.test_orderflows.test_card.test_phoneorder_card.TestPhoneOrderCard#test_phoneorder_update_pay","historyId":"1327008c159474be0943f5c40138e721","time":{"start":1741784533528,"stop":1741784620800,"duration":87272},"status":"passed","flaky":false,"newFailed":false,"newBroken":false,"newPassed":false,"retriesCount":16,"retriesStatusChange":true,"beforeStages":[{"name":"appium_driver","time":{"start":1741784387453,"stop":1741784397026,"duration":9573},"status":"passed","steps":[],"attachments":[],"parameters":[],"attachmentsCount":0,"shouldDisplayMessage":false,"hasContent":false,"attachmentStep":false,"stepsCount":0},{"name":"login_once","time":{"start":1741784397026,"stop":1741784399523,"duration":2497},"status":"passed","steps":[{"name":"Performing User Login","time":{"start":1741784397247,"stop":1741784399245,"duration":1998},"status":"passed","steps":[],"attachments":[],"parameters":[],"attachmentsCount":0,"shouldDisplayMessage":false,"hasContent":false,"attachmentStep":false,"stepsCount":0},{"name":"Entering Passcode","time":{"start":1741784399247,"stop":1741784399522,"duration":275},"status":"passed","steps":[],"attachments":[],"parameters":[],"attachmentsCount":0,"shouldDisplayMessage":false,"hasContent":false,"attachmentStep":false,"stepsCount":0}],"attachments":[{"uid":"dbb72db1dc34c70","name":"Login Info","source":"dbb72db1dc34c70.txt","type":"text/plain","size":54}],"parameters":[],"attachmentsCount":1,"shouldDisplayMessage":false,"hasContent":true,"attachmentStep":false,"stepsCount":2},{"name":"setup_driver","time":{"start":1741784533405,"stop":1741784533528,"duration":123},"status":"passed","steps":[],"attachments":[],"parameters":[],"attachmentsCount":0,"shouldDisplayMessage":false,"hasContent":false,"attachmentStep":false,"stepsCount":0},{"name":"capture_screenshot_on_failure","time":{"start":1741784533405,"stop":1741784533405,"duration":0},"status":"passed","steps":[],"attachments":[],"parameters":[],"attachmentsCount":0,"shouldDisplayMessage":false,"hasContent":false,"attachmentStep":false,"stepsCount":0}],"afterStages":[{"name":"capture_screenshot_on_failure::0","time":{"start":1741784620802,"stop":1741784620802,"duration":0},"status":"passed","steps":[],"attachments":[],"parameters":[],"attachmentsCount":0,"shouldDisplayMessage":false,"hasContent":false,"attachmentStep":false,"stepsCount":0},{"name":"appium_driver::0","time":{"start":1741784677721,"stop":1741784677969,"duration":248},"status":"passed","steps":[],"attachments":[],"parameters":[],"attachmentsCount":0,"shouldDisplayMessage":false,"hasContent":false,"attachmentStep":false,"stepsCount":0}],"labels":[{"name":"feature","value":"Sanity Sheet"},{"name":"story","value":"Phone Order Save and Update and Pay By card"},{"name":"parentSuite","value":"suits.test_orderflows.test_card"},{"name":"suite","value":"test_phoneorder_card"},{"name":"subSuite","value":"TestPhoneOrderCard"},{"name":"host","value":"LAPTOP-KKMKONCC"},{"name":"thread","value":"11688-MainThread"},{"name":"framework","value":"pytest"},{"name":"language","value":"cpython3"},{"name":"package","value":"suits.test_orderflows.test_card.test_phoneorder_card"},{"name":"resultFormat","value":"allure2"}],"parameters":[],"links":[],"hidden":false,"retry":false,"extra":{"severity":"normal","retries":[{"uid":"47cca2a7205e3c4d","status":"passed","time":{"start":1741783172222,"stop":1741783274525,"duration":102303}},{"uid":"fc1771a7d5620085","status":"failed","statusDetails":"AssertionError: assert 'ERROR IS Message: \\nStacktrace:\\nNoSuchElementError: An element could not be located on the page using the given sear...ata\\\\Roaming\\\\npm\\\\node_modules\\\\appium\\\\node_modules\\\\@appium\\\\base-driver\\\\lib\\\\basedriver\\\\commands\\\\find.ts:75:12)' == True\n +  where 'ERROR IS Message: \\nStacktrace:\\nNoSuchElementError: An element could not be located on the page using the given sear...ata\\\\Roaming\\\\npm\\\\node_modules\\\\appium\\\\node_modules\\\\@appium\\\\base-driver\\\\lib\\\\basedriver\\\\commands\\\\find.ts:75:12)' = order('Phone Order')\n +    where order = <logic.takeout_logic.Calculations object at 0x000001BF0B624D10>.order\n +      where <logic.takeout_logic.Calculations object at 0x000001BF0B624D10> = <test_phoneorder_card.TestPhoneOrderCard object at 0x000001BF0B57DCD0>.phone","time":{"start":1741781715512,"stop":1741781725626,"duration":10114}},{"uid":"f2f028b84a35e68d","status":"failed","statusDetails":"AssertionError: assert 'ERROR IS Message: \\nStacktrace:\\nNoSuchElementError: An element could not be located on the page using the given sear...ata\\\\Roaming\\\\npm\\\\node_modules\\\\appium\\\\node_modules\\\\@appium\\\\base-driver\\\\lib\\\\basedriver\\\\commands\\\\find.ts:75:12)' == True\n +  where 'ERROR IS Message: \\nStacktrace:\\nNoSuchElementError: An element could not be located on the page using the given sear...ata\\\\Roaming\\\\npm\\\\node_modules\\\\appium\\\\node_modules\\\\@appium\\\\base-driver\\\\lib\\\\basedriver\\\\commands\\\\find.ts:75:12)' = order('Phone Order')\n +    where order = <logic.takeout_logic.Calculations object at 0x0000028C6F3832F0>.order\n +      where <logic.takeout_logic.Calculations object at 0x0000028C6F3832F0> = <test_phoneorder_card.TestPhoneOrderCard object at 0x0000028C6F3086E0>.phone","time":{"start":1741781481892,"stop":1741781492265,"duration":10373}},{"uid":"34b1d83e5a408cf4","status":"passed","time":{"start":1741781044598,"stop":1741781148337,"duration":103739}},{"uid":"fb39e38fd3b4628b","status":"failed","statusDetails":"AssertionError: assert 'ERROR IS Message: \\nStacktrace:\\nNoSuchElementError: An element could not be located on the page using the given sear...ata\\\\Roaming\\\\npm\\\\node_modules\\\\appium\\\\node_modules\\\\@appium\\\\base-driver\\\\lib\\\\basedriver\\\\commands\\\\find.ts:75:12)' == True\n +  where 'ERROR IS Message: \\nStacktrace:\\nNoSuchElementError: An element could not be located on the page using the given sear...ata\\\\Roaming\\\\npm\\\\node_modules\\\\appium\\\\node_modules\\\\@appium\\\\base-driver\\\\lib\\\\basedriver\\\\commands\\\\find.ts:75:12)' = order('Phone Order')\n +    where order = <logic.takeout_logic.Calculations object at 0x0000024159756570>.order\n +      where <logic.takeout_logic.Calculations object at 0x0000024159756570> = <test_phoneorder_card.TestPhoneOrderCard object at 0x0000024159753C50>.phone","time":{"start":1741780722125,"stop":1741780732149,"duration":10024}},{"uid":"aa9920678ee73f5f","status":"failed","statusDetails":"AssertionError: assert 'ERROR IS Message: \\nStacktrace:\\nNoSuchElementError: An element could not be located on the page using the given sear...ata\\\\Roaming\\\\npm\\\\node_modules\\\\appium\\\\node_modules\\\\@appium\\\\base-driver\\\\lib\\\\basedriver\\\\commands\\\\find.ts:75:12)' == True\n +  where 'ERROR IS Message: \\nStacktrace:\\nNoSuchElementError: An element could not be located on the page using the given sear...ata\\\\Roaming\\\\npm\\\\node_modules\\\\appium\\\\node_modules\\\\@appium\\\\base-driver\\\\lib\\\\basedriver\\\\commands\\\\find.ts:75:12)' = order('Phone Order')\n +    where order = <logic.takeout_logic.Calculations object at 0x0000020A2C8D6000>.order\n +      where <logic.takeout_logic.Calculations object at 0x0000020A2C8D6000> = <test_phoneorder_card.TestPhoneOrderCard object at 0x0000020A2C8078C0>.phone","time":{"start":1741780476724,"stop":1741780486738,"duration":10014}},{"uid":"15561e41c1ca5a46","status":"failed","statusDetails":"AssertionError: assert 'ERROR IS Message: \\nStacktrace:\\nNoSuchElementError: An element could not be located on the page using the given sear...ata\\\\Roaming\\\\npm\\\\node_modules\\\\appium\\\\node_modules\\\\@appium\\\\base-driver\\\\lib\\\\basedriver\\\\commands\\\\find.ts:75:12)' == True\n +  where 'ERROR IS Message: \\nStacktrace:\\nNoSuchElementError: An element could not be located on the page using the given sear...ata\\\\Roaming\\\\npm\\\\node_modules\\\\appium\\\\node_modules\\\\@appium\\\\base-driver\\\\lib\\\\basedriver\\\\commands\\\\find.ts:75:12)' = order('Phone Order')\n +    where order = <logic.takeout_logic.Calculations object at 0x0000021A47467500>.order\n +      where <logic.takeout_logic.Calculations object at 0x0000021A47467500> = <test_phoneorder_card.TestPhoneOrderCard object at 0x0000021A473977A0>.phone","time":{"start":1741780414535,"stop":1741780424711,"duration":10176}},{"uid":"226f220fc522fb75","status":"failed","statusDetails":"AssertionError: assert 'ERROR IS Message: \\nStacktrace:\\nNoSuchElementError: An element could not be located on the page using the given sear...ata\\\\Roaming\\\\npm\\\\node_modules\\\\appium\\\\node_modules\\\\@appium\\\\base-driver\\\\lib\\\\basedriver\\\\commands\\\\find.ts:75:12)' == True\n +  where 'ERROR IS Message: \\nStacktrace:\\nNoSuchElementError: An element could not be located on the page using the given sear...ata\\\\Roaming\\\\npm\\\\node_modules\\\\appium\\\\node_modules\\\\@appium\\\\base-driver\\\\lib\\\\basedriver\\\\commands\\\\find.ts:75:12)' = order('Phone Order')\n +    where order = <logic.takeout_logic.Calculations object at 0x000002C2DC4353D0>.order\n +      where <logic.takeout_logic.Calculations object at 0x000002C2DC4353D0> = <test_phoneorder_card.TestPhoneOrderCard object at 0x000002C2DC3677A0>.phone","time":{"start":1741780303331,"stop":1741780313511,"duration":10180}},{"uid":"92989baafa88ab5a","status":"failed","statusDetails":"AssertionError: assert 'ERROR IS Message: \\nStacktrace:\\nNoSuchElementError: An element could not be located on the page using the given sear...ata\\\\Roaming\\\\npm\\\\node_modules\\\\appium\\\\node_modules\\\\@appium\\\\base-driver\\\\lib\\\\basedriver\\\\commands\\\\find.ts:75:12)' == True\n +  where 'ERROR IS Message: \\nStacktrace:\\nNoSuchElementError: An element could not be located on the page using the given sear...ata\\\\Roaming\\\\npm\\\\node_modules\\\\appium\\\\node_modules\\\\@appium\\\\base-driver\\\\lib\\\\basedriver\\\\commands\\\\find.ts:75:12)' = order('Phone Order')\n +    where order = <logic.takeout_logic.Calculations object at 0x00000266F880B410>.order\n +      where <logic.takeout_logic.Calculations object at 0x00000266F880B410> = <test_phoneorder_card.TestPhoneOrderCard object at 0x00000266F87D49B0>.phone","time":{"start":1741780078298,"stop":1741780089376,"duration":11078}},{"uid":"7414e8640c233532","status":"passed","time":{"start":1741779890880,"stop":1741779978355,"duration":87475}},{"uid":"36784f5dba65ed9d","status":"failed","statusDetails":"AssertionError: assert 24.01 == (23.54 + 0.47)\n +  where 24.01 = <test_phoneorder_card.TestPhoneOrderCard object at 0x000001E7267C7E00>.endpay\n +  and   23.54 = <test_phoneorder_card.TestPhoneOrderCard object at 0x000001E7267C7E00>.pend_pay","time":{"start":1741779619185,"stop":1741779699543,"duration":80358}},{"uid":"72326f7116cf5144","status":"failed","statusDetails":"AssertionError: assert False == True\n +  where False = search_cust_phoneorder()\n +    where search_cust_phoneorder = <logic.takeout_logic.Calculations object at 0x000002186C37AB40>.search_cust_phoneorder\n +      where <logic.takeout_logic.Calculations object at 0x000002186C37AB40> = <test_phoneorder_card.TestPhoneOrderCard object at 0x000002186CFB5DF0>.phone","time":{"start":1741776028641,"stop":1741776037883,"duration":9242}},{"uid":"f6929fc8ace76711","status":"failed","statusDetails":"AssertionError: assert False == True\n +  where False = search_cust_phoneorder()\n +    where search_cust_phoneorder = <logic.takeout_logic.Calculations object at 0x0000026377B5A7B0>.search_cust_phoneorder\n +      where <logic.takeout_logic.Calculations object at 0x0000026377B5A7B0> = <test_phoneorder_card.TestPhoneOrderCard object at 0x000002637883D910>.phone","time":{"start":1741775890222,"stop":1741775900506,"duration":10284}},{"uid":"ceac65a42fd3649","status":"passed","time":{"start":1741775753053,"stop":1741775839499,"duration":86446}},{"uid":"1c87ab65b10c29a7","status":"failed","statusDetails":"AssertionError: assert 'Error is Message: \\nStacktrace:\\nNoSuchElementError: An element could not be located on the page using the given sear...ata\\\\Roaming\\\\npm\\\\node_modules\\\\appium\\\\node_modules\\\\@appium\\\\base-driver\\\\lib\\\\basedriver\\\\commands\\\\find.ts:75:12)' == True\n +  where 'Error is Message: \\nStacktrace:\\nNoSuchElementError: An element could not be located on the page using the given sear...ata\\\\Roaming\\\\npm\\\\node_modules\\\\appium\\\\node_modules\\\\@appium\\\\base-driver\\\\lib\\\\basedriver\\\\commands\\\\find.ts:75:12)' = search_cust_phoneorder()\n +    where search_cust_phoneorder = <logic.takeout_logic.Calculations object at 0x0000024DEFA73E60>.search_cust_phoneorder\n +      where <logic.takeout_logic.Calculations object at 0x0000024DEFA73E60> = <test_phoneorder_card.TestPhoneOrderCard object at 0x0000024DF228D8E0>.phone","time":{"start":1741775626762,"stop":1741775640357,"duration":13595}},{"uid":"8e0c57ee4560e9a4","status":"passed","time":{"start":1741775357403,"stop":1741775469521,"duration":112118}}],"categories":[],"tags":[]},"source":"932cb9873cbd3db6.json","parameterValues":[]}