{"uid":"b1987c870f44452d","name":"Complete card payment","fullName":"suits.test_orderflows.test_card.test_openorder_card.TestOpenOrderCard#test_final_pay","historyId":"45a30dc7854155ecbcdd598361194479","time":{"start":1741787654848,"stop":1741787685563,"duration":30715},"status":"failed","statusMessage":"AssertionError: assert 'Error Message: \\nStacktrace:\\nNoSuchElementError: An element could not be located on the page using the given search ...ata\\\\Roaming\\\\npm\\\\node_modules\\\\appium\\\\node_modules\\\\@appium\\\\base-driver\\\\lib\\\\basedriver\\\\commands\\\\find.ts:75:12)' == True","statusTrace":"self = <test_openorder_card.TestOpenOrderCard object at 0x00000263605153A0>\n\n    @allure.story(\"Payment Processing\")\n    @allure.title(\"Complete card payment\")\n    def test_final_pay(self):\n        with allure.step(\"Processing final payment\"):\n            card = self.calc.card_pay()\n        allure.attach(\"Card Payment Successful\", name=\"Payment Log\")\n>       assert card == True\nE       AssertionError: assert 'Error Message: \\nStacktrace:\\nNoSuchElementError: An element could not be located on the page using the given search ...ata\\\\Roaming\\\\npm\\\\node_modules\\\\appium\\\\node_modules\\\\@appium\\\\base-driver\\\\lib\\\\basedriver\\\\commands\\\\find.ts:75:12)' == True\n\nsuits\\test_orderflows\\test_card\\test_openorder_card.py:106: AssertionError","flaky":false,"newFailed":false,"newBroken":false,"newPassed":false,"retriesCount":0,"retriesStatusChange":false,"beforeStages":[{"name":"appium_driver","time":{"start":1741787570618,"stop":1741787575890,"duration":5272},"status":"passed","steps":[],"attachments":[],"parameters":[],"attachmentsCount":0,"shouldDisplayMessage":false,"hasContent":false,"attachmentStep":false,"stepsCount":0},{"name":"login_once","time":{"start":1741787575890,"stop":1741787577093,"duration":1203},"status":"passed","steps":[{"name":"Performing User Login","time":{"start":1741787575990,"stop":1741787576819,"duration":829},"status":"passed","steps":[],"attachments":[],"parameters":[],"attachmentsCount":0,"shouldDisplayMessage":false,"hasContent":false,"attachmentStep":false,"stepsCount":0},{"name":"Entering Passcode","time":{"start":1741787576819,"stop":1741787577089,"duration":270},"status":"passed","steps":[],"attachments":[],"parameters":[],"attachmentsCount":0,"shouldDisplayMessage":false,"hasContent":false,"attachmentStep":false,"stepsCount":0}],"attachments":[{"uid":"888835fe8e80d662","name":"Login Info","source":"888835fe8e80d662.txt","type":"text/plain","size":54}],"parameters":[],"attachmentsCount":1,"shouldDisplayMessage":false,"hasContent":true,"attachmentStep":false,"stepsCount":2},{"name":"capture_screenshot_on_failure","time":{"start":1741787654430,"stop":1741787654430,"duration":0},"status":"passed","steps":[],"attachments":[],"parameters":[],"attachmentsCount":0,"shouldDisplayMessage":false,"hasContent":false,"attachmentStep":false,"stepsCount":0},{"name":"setup_driver","time":{"start":1741787654430,"stop":1741787654847,"duration":417},"status":"passed","steps":[],"attachments":[],"parameters":[],"attachmentsCount":0,"shouldDisplayMessage":false,"hasContent":false,"attachmentStep":false,"stepsCount":0}],"testStage":{"status":"failed","statusMessage":"AssertionError: assert 'Error Message: \\nStacktrace:\\nNoSuchElementError: An element could not be located on the page using the given search ...ata\\\\Roaming\\\\npm\\\\node_modules\\\\appium\\\\node_modules\\\\@appium\\\\base-driver\\\\lib\\\\basedriver\\\\commands\\\\find.ts:75:12)' == True","statusTrace":"self = <test_openorder_card.TestOpenOrderCard object at 0x00000263605153A0>\n\n    @allure.story(\"Payment Processing\")\n    @allure.title(\"Complete card payment\")\n    def test_final_pay(self):\n        with allure.step(\"Processing final payment\"):\n            card = self.calc.card_pay()\n        allure.attach(\"Card Payment Successful\", name=\"Payment Log\")\n>       assert card == True\nE       AssertionError: assert 'Error Message: \\nStacktrace:\\nNoSuchElementError: An element could not be located on the page using the given search ...ata\\\\Roaming\\\\npm\\\\node_modules\\\\appium\\\\node_modules\\\\@appium\\\\base-driver\\\\lib\\\\basedriver\\\\commands\\\\find.ts:75:12)' == True\n\nsuits\\test_orderflows\\test_card\\test_openorder_card.py:106: AssertionError","steps":[{"name":"Processing final payment","time":{"start":1741787654848,"stop":1741787685560,"duration":30712},"status":"passed","steps":[],"attachments":[],"parameters":[],"attachmentsCount":0,"shouldDisplayMessage":false,"hasContent":false,"attachmentStep":false,"stepsCount":0}],"attachments":[{"uid":"868a910291f86de5","name":"Payment Log","source":"868a910291f86de5.attach","type":"text/plain","size":23}],"parameters":[],"attachmentsCount":1,"shouldDisplayMessage":true,"hasContent":true,"attachmentStep":false,"stepsCount":1},"afterStages":[{"name":"capture_screenshot_on_failure::0","time":{"start":1741787685589,"stop":1741787686085,"duration":496},"status":"passed","steps":[],"attachments":[{"uid":"5c6acf0ed77474f","name":"Screenshot_test_final_pay","source":"5c6acf0ed77474f.png","type":"image/png","size":124179}],"parameters":[],"attachmentsCount":1,"shouldDisplayMessage":false,"hasContent":true,"attachmentStep":false,"stepsCount":0},{"name":"appium_driver::0","time":{"start":1741787775022,"stop":1741787775270,"duration":248},"status":"passed","steps":[],"attachments":[],"parameters":[],"attachmentsCount":0,"shouldDisplayMessage":false,"hasContent":false,"attachmentStep":false,"stepsCount":0}],"labels":[{"name":"story","value":"Payment Processing"},{"name":"feature","value":"Open Order Flow"},{"name":"OS","value":"Android"},{"name":"App","value":"POS System"},{"name":"parentSuite","value":"suits.test_orderflows.test_card"},{"name":"suite","value":"test_openorder_card"},{"name":"subSuite","value":"TestOpenOrderCard"},{"name":"host","value":"LAPTOP-KKMKONCC"},{"name":"thread","value":"19408-MainThread"},{"name":"framework","value":"pytest"},{"name":"language","value":"cpython3"},{"name":"package","value":"suits.test_orderflows.test_card.test_openorder_card"},{"name":"resultFormat","value":"allure2"}],"parameters":[],"links":[],"hidden":true,"retry":true,"extra":{"categories":[],"tags":[]},"source":"b1987c870f44452d.json","parameterValues":[]}