{"uid":"b236c212f77fcd30","name":"Process a phone order and Cancel it","fullName":"suits.test_orderflows.test_card.test_phoneorder_card.TestPhoneOrderCard#test_phoneorder_cancel_order","historyId":"00f25e64e47a2b7967b2c4161ca5da1a","time":{"start":1741784620957,"stop":1741784677715,"duration":56758},"status":"passed","flaky":false,"newFailed":false,"newBroken":false,"newPassed":false,"retriesCount":10,"retriesStatusChange":true,"beforeStages":[{"name":"appium_driver","time":{"start":1741784387453,"stop":1741784397026,"duration":9573},"status":"passed","steps":[],"attachments":[],"parameters":[],"attachmentsCount":0,"shouldDisplayMessage":false,"hasContent":false,"attachmentStep":false,"stepsCount":0},{"name":"login_once","time":{"start":1741784397026,"stop":1741784399523,"duration":2497},"status":"passed","steps":[{"name":"Performing User Login","time":{"start":1741784397247,"stop":1741784399245,"duration":1998},"status":"passed","steps":[],"attachments":[],"parameters":[],"attachmentsCount":0,"shouldDisplayMessage":false,"hasContent":false,"attachmentStep":false,"stepsCount":0},{"name":"Entering Passcode","time":{"start":1741784399247,"stop":1741784399522,"duration":275},"status":"passed","steps":[],"attachments":[],"parameters":[],"attachmentsCount":0,"shouldDisplayMessage":false,"hasContent":false,"attachmentStep":false,"stepsCount":0}],"attachments":[{"uid":"dbb72db1dc34c70","name":"Login Info","source":"dbb72db1dc34c70.txt","type":"text/plain","size":54}],"parameters":[],"attachmentsCount":1,"shouldDisplayMessage":false,"hasContent":true,"attachmentStep":false,"stepsCount":2},{"name":"setup_driver","time":{"start":1741784620808,"stop":1741784620955,"duration":147},"status":"passed","steps":[],"attachments":[],"parameters":[],"attachmentsCount":0,"shouldDisplayMessage":false,"hasContent":false,"attachmentStep":false,"stepsCount":0},{"name":"capture_screenshot_on_failure","time":{"start":1741784620808,"stop":1741784620808,"duration":0},"status":"passed","steps":[],"attachments":[],"parameters":[],"attachmentsCount":0,"shouldDisplayMessage":false,"hasContent":false,"attachmentStep":false,"stepsCount":0}],"afterStages":[{"name":"capture_screenshot_on_failure::0","time":{"start":1741784677717,"stop":1741784677718,"duration":1},"status":"passed","steps":[],"attachments":[],"parameters":[],"attachmentsCount":0,"shouldDisplayMessage":false,"hasContent":false,"attachmentStep":false,"stepsCount":0},{"name":"appium_driver::0","time":{"start":1741784677721,"stop":1741784677969,"duration":248},"status":"passed","steps":[],"attachments":[],"parameters":[],"attachmentsCount":0,"shouldDisplayMessage":false,"hasContent":false,"attachmentStep":false,"stepsCount":0}],"labels":[{"name":"feature","value":"Sanity Sheet"},{"name":"story","value":"Phone Order Save and Cancel"},{"name":"parentSuite","value":"suits.test_orderflows.test_card"},{"name":"suite","value":"test_phoneorder_card"},{"name":"subSuite","value":"TestPhoneOrderCard"},{"name":"host","value":"LAPTOP-KKMKONCC"},{"name":"thread","value":"11688-MainThread"},{"name":"framework","value":"pytest"},{"name":"language","value":"cpython3"},{"name":"package","value":"suits.test_orderflows.test_card.test_phoneorder_card"},{"name":"resultFormat","value":"allure2"}],"parameters":[],"links":[],"hidden":false,"retry":false,"extra":{"severity":"normal","retries":[{"uid":"266fc9eeae08f9c3","status":"passed","time":{"start":1741783332207,"stop":1741783386350,"duration":54143}},{"uid":"bf77cc214871da26","status":"failed","statusDetails":"AssertionError: assert 'ERROR IS Message: An unknown server-side error occurred while processing the command. Original error: Timed out after...utomator2.core.AccessibilityNodeInfoDumper.findNodesUsingXpath2(AccessibilityNodeInfoDumper.java:337)\\n\\t... 38 more\\n' == True\n +  where 'ERROR IS Message: An unknown server-side error occurred while processing the command. Original error: Timed out after...utomator2.core.AccessibilityNodeInfoDumper.findNodesUsingXpath2(AccessibilityNodeInfoDumper.java:337)\\n\\t... 38 more\\n' = order('Phone Order')\n +    where order = <logic.takeout_logic.Calculations object at 0x00000246D1838530>.order\n +      where <logic.takeout_logic.Calculations object at 0x00000246D1838530> = <test_phoneorder_card.TestPhoneOrderCard object at 0x00000246D17A8C20>.phone","time":{"start":1741783274641,"stop":1741783287518,"duration":12877}},{"uid":"d98d7905b51293e5","status":"failed","statusDetails":"AssertionError: assert 'ERROR IS Message: \\nStacktrace:\\nNoSuchElementError: An element could not be located on the page using the given sear...ata\\\\Roaming\\\\npm\\\\node_modules\\\\appium\\\\node_modules\\\\@appium\\\\base-driver\\\\lib\\\\basedriver\\\\commands\\\\find.ts:75:12)' == True\n +  where 'ERROR IS Message: \\nStacktrace:\\nNoSuchElementError: An element could not be located on the page using the given sear...ata\\\\Roaming\\\\npm\\\\node_modules\\\\appium\\\\node_modules\\\\@appium\\\\base-driver\\\\lib\\\\basedriver\\\\commands\\\\find.ts:75:12)' = order('Phone Order')\n +    where order = <logic.takeout_logic.Calculations object at 0x000001BF0B5BBC50>.order\n +      where <logic.takeout_logic.Calculations object at 0x000001BF0B5BBC50> = <test_phoneorder_card.TestPhoneOrderCard object at 0x000001BF0B5B8FB0>.phone","time":{"start":1741781726539,"stop":1741781736812,"duration":10273}},{"uid":"4d09e1938b894d7f","status":"failed","statusDetails":"AssertionError: assert 'ERROR IS Message: \\nStacktrace:\\nNoSuchElementError: An element could not be located on the page using the given sear...ata\\\\Roaming\\\\npm\\\\node_modules\\\\appium\\\\node_modules\\\\@appium\\\\base-driver\\\\lib\\\\basedriver\\\\commands\\\\find.ts:75:12)' == True\n +  where 'ERROR IS Message: \\nStacktrace:\\nNoSuchElementError: An element could not be located on the page using the given sear...ata\\\\Roaming\\\\npm\\\\node_modules\\\\appium\\\\node_modules\\\\@appium\\\\base-driver\\\\lib\\\\basedriver\\\\commands\\\\find.ts:75:12)' = order('Phone Order')\n +    where order = <logic.takeout_logic.Calculations object at 0x0000028C6F374050>.order\n +      where <logic.takeout_logic.Calculations object at 0x0000028C6F374050> = <test_phoneorder_card.TestPhoneOrderCard object at 0x0000028C6F3088C0>.phone","time":{"start":1741781493052,"stop":1741781503673,"duration":10621}},{"uid":"a047b56a3ac06ddf","status":"passed","time":{"start":1741781148568,"stop":1741781205025,"duration":56457}},{"uid":"310102c2e6f898b2","status":"failed","statusDetails":"AssertionError: assert 'ERROR IS Message: \\nStacktrace:\\nNoSuchElementError: An element could not be located on the page using the given sear...ata\\\\Roaming\\\\npm\\\\node_modules\\\\appium\\\\node_modules\\\\@appium\\\\base-driver\\\\lib\\\\basedriver\\\\commands\\\\find.ts:75:12)' == True\n +  where 'ERROR IS Message: \\nStacktrace:\\nNoSuchElementError: An element could not be located on the page using the given sear...ata\\\\Roaming\\\\npm\\\\node_modules\\\\appium\\\\node_modules\\\\@appium\\\\base-driver\\\\lib\\\\basedriver\\\\commands\\\\find.ts:75:12)' = order('Phone Order')\n +    where order = <logic.takeout_logic.Calculations object at 0x0000024159870410>.order\n +      where <logic.takeout_logic.Calculations object at 0x0000024159870410> = <test_phoneorder_card.TestPhoneOrderCard object at 0x0000024159753E30>.phone","time":{"start":1741780732959,"stop":1741780743486,"duration":10527}},{"uid":"1cbf5f3691d7ba4","status":"failed","statusDetails":"AssertionError: assert 'ERROR IS Message: \\nStacktrace:\\nNoSuchElementError: An element could not be located on the page using the given sear...ata\\\\Roaming\\\\npm\\\\node_modules\\\\appium\\\\node_modules\\\\@appium\\\\base-driver\\\\lib\\\\basedriver\\\\commands\\\\find.ts:75:12)' == True\n +  where 'ERROR IS Message: \\nStacktrace:\\nNoSuchElementError: An element could not be located on the page using the given sear...ata\\\\Roaming\\\\npm\\\\node_modules\\\\appium\\\\node_modules\\\\@appium\\\\base-driver\\\\lib\\\\basedriver\\\\commands\\\\find.ts:75:12)' = order('Phone Order')\n +    where order = <logic.takeout_logic.Calculations object at 0x0000020A2C84E4E0>.order\n +      where <logic.takeout_logic.Calculations object at 0x0000020A2C84E4E0> = <test_phoneorder_card.TestPhoneOrderCard object at 0x0000020A2C807AA0>.phone","time":{"start":1741780487401,"stop":1741780497705,"duration":10304}},{"uid":"58bd118dcce4f64","status":"failed","statusDetails":"AssertionError: assert 'ERROR IS Message: \\nStacktrace:\\nNoSuchElementError: An element could not be located on the page using the given sear...ata\\\\Roaming\\\\npm\\\\node_modules\\\\appium\\\\node_modules\\\\@appium\\\\base-driver\\\\lib\\\\basedriver\\\\commands\\\\find.ts:75:12)' == True\n +  where 'ERROR IS Message: \\nStacktrace:\\nNoSuchElementError: An element could not be located on the page using the given sear...ata\\\\Roaming\\\\npm\\\\node_modules\\\\appium\\\\node_modules\\\\@appium\\\\base-driver\\\\lib\\\\basedriver\\\\commands\\\\find.ts:75:12)' = order('Phone Order')\n +    where order = <logic.takeout_logic.Calculations object at 0x0000021A473DE750>.order\n +      where <logic.takeout_logic.Calculations object at 0x0000021A473DE750> = <test_phoneorder_card.TestPhoneOrderCard object at 0x0000021A47397980>.phone","time":{"start":1741780425687,"stop":1741780436320,"duration":10633}},{"uid":"61eab6974f6c1be9","status":"failed","statusDetails":"AssertionError: assert 'ERROR IS Message: \\nStacktrace:\\nNoSuchElementError: An element could not be located on the page using the given sear...ata\\\\Roaming\\\\npm\\\\node_modules\\\\appium\\\\node_modules\\\\@appium\\\\base-driver\\\\lib\\\\basedriver\\\\commands\\\\find.ts:75:12)' == True\n +  where 'ERROR IS Message: \\nStacktrace:\\nNoSuchElementError: An element could not be located on the page using the given sear...ata\\\\Roaming\\\\npm\\\\node_modules\\\\appium\\\\node_modules\\\\@appium\\\\base-driver\\\\lib\\\\basedriver\\\\commands\\\\find.ts:75:12)' = order('Phone Order')\n +    where order = <logic.takeout_logic.Calculations object at 0x000002C2DC43AAE0>.order\n +      where <logic.takeout_logic.Calculations object at 0x000002C2DC43AAE0> = <test_phoneorder_card.TestPhoneOrderCard object at 0x000002C2DC367980>.phone","time":{"start":1741780314259,"stop":1741780324713,"duration":10454}},{"uid":"a2814745819974e","status":"failed","statusDetails":"AssertionError: assert 'ERROR IS Message: \\nStacktrace:\\nNoSuchElementError: An element could not be located on the page using the given sear...ata\\\\Roaming\\\\npm\\\\node_modules\\\\appium\\\\node_modules\\\\@appium\\\\base-driver\\\\lib\\\\basedriver\\\\commands\\\\find.ts:75:12)' == True\n +  where 'ERROR IS Message: \\nStacktrace:\\nNoSuchElementError: An element could not be located on the page using the given sear...ata\\\\Roaming\\\\npm\\\\node_modules\\\\appium\\\\node_modules\\\\@appium\\\\base-driver\\\\lib\\\\basedriver\\\\commands\\\\find.ts:75:12)' = order('Phone Order')\n +    where order = <logic.takeout_logic.Calculations object at 0x00000266F886C2F0>.order\n +      where <logic.takeout_logic.Calculations object at 0x00000266F886C2F0> = <test_phoneorder_card.TestPhoneOrderCard object at 0x00000266F87D4B90>.phone","time":{"start":1741780090555,"stop":1741780101850,"duration":11295}}],"categories":[],"tags":[]},"source":"b236c212f77fcd30.json","parameterValues":[]}