{"uid":"b88917aa8a1afb33","name":"Select Open Order","fullName":"suits.test_orderflows.test_card.test_openorder_card.TestOpenOrderCard#test_take_out_btn","historyId":"cf1777972b55d2a58ec8585ece596a7c","time":{"start":1741789351585,"stop":1741789363341,"duration":11756},"status":"failed","statusMessage":"AssertionError: assert 'ERROR IS Message: \\nStacktrace:\\nNoSuchElementError: An element could not be located on the page using the given sear...ata\\\\Roaming\\\\npm\\\\node_modules\\\\appium\\\\node_modules\\\\@appium\\\\base-driver\\\\lib\\\\basedriver\\\\commands\\\\find.ts:75:12)' == True\n +  where 'ERROR IS Message: \\nStacktrace:\\nNoSuchElementError: An element could not be located on the page using the given sear...ata\\\\Roaming\\\\npm\\\\node_modules\\\\appium\\\\node_modules\\\\@appium\\\\base-driver\\\\lib\\\\basedriver\\\\commands\\\\find.ts:75:12)' = order('Open Order')\n +    where order = <logic.takeout_logic.Calculations object at 0x000001C0C9AD4080>.order\n +      where <logic.takeout_logic.Calculations object at 0x000001C0C9AD4080> = <test_openorder_card.TestOpenOrderCard object at 0x000001C0C9A18740>.calc","statusTrace":"self = <test_openorder_card.TestOpenOrderCard object at 0x000001C0C9A18740>\n\n    @allure.story(\"Order Management\")\n    @allure.title(\"Select Open Order\")\n    def test_take_out_btn(self):\n        with allure.step(\"Selecting Open Order\"):\n>           assert self.calc.order(\"Open Order\") == True\nE           AssertionError: assert 'ERROR IS Message: \\nStacktrace:\\nNoSuchElementError: An element could not be located on the page using the given sear...ata\\\\Roaming\\\\npm\\\\node_modules\\\\appium\\\\node_modules\\\\@appium\\\\base-driver\\\\lib\\\\basedriver\\\\commands\\\\find.ts:75:12)' == True\nE            +  where 'ERROR IS Message: \\nStacktrace:\\nNoSuchElementError: An element could not be located on the page using the given sear...ata\\\\Roaming\\\\npm\\\\node_modules\\\\appium\\\\node_modules\\\\@appium\\\\base-driver\\\\lib\\\\basedriver\\\\commands\\\\find.ts:75:12)' = order('Open Order')\nE            +    where order = <logic.takeout_logic.Calculations object at 0x000001C0C9AD4080>.order\nE            +      where <logic.takeout_logic.Calculations object at 0x000001C0C9AD4080> = <test_openorder_card.TestOpenOrderCard object at 0x000001C0C9A18740>.calc\n\nsuits\\test_orderflows\\test_card\\test_openorder_card.py:32: AssertionError","flaky":false,"newFailed":false,"newBroken":false,"newPassed":false,"retriesCount":0,"retriesStatusChange":false,"beforeStages":[{"name":"appium_driver","time":{"start":1741789335094,"stop":1741789341567,"duration":6473},"status":"passed","steps":[],"attachments":[],"parameters":[],"attachmentsCount":0,"shouldDisplayMessage":false,"hasContent":false,"attachmentStep":false,"stepsCount":0},{"name":"login_once","time":{"start":1741789341567,"stop":1741789345755,"duration":4188},"status":"passed","steps":[{"name":"Performing User Login","time":{"start":1741789341692,"stop":1741789343706,"duration":2014},"status":"passed","steps":[],"attachments":[],"parameters":[],"attachmentsCount":0,"shouldDisplayMessage":false,"hasContent":false,"attachmentStep":false,"stepsCount":0},{"name":"Entering Passcode","time":{"start":1741789343706,"stop":1741789345753,"duration":2047},"status":"passed","steps":[],"attachments":[],"parameters":[],"attachmentsCount":0,"shouldDisplayMessage":false,"hasContent":false,"attachmentStep":false,"stepsCount":0}],"attachments":[{"uid":"2265510e5a2ef624","name":"Login Info","source":"2265510e5a2ef624.txt","type":"text/plain","size":54}],"parameters":[],"attachmentsCount":1,"shouldDisplayMessage":false,"hasContent":true,"attachmentStep":false,"stepsCount":2},{"name":"setup_driver","time":{"start":1741789351440,"stop":1741789351584,"duration":144},"status":"passed","steps":[],"attachments":[],"parameters":[],"attachmentsCount":0,"shouldDisplayMessage":false,"hasContent":false,"attachmentStep":false,"stepsCount":0},{"name":"capture_screenshot_on_failure","time":{"start":1741789351440,"stop":1741789351440,"duration":0},"status":"passed","steps":[],"attachments":[],"parameters":[],"attachmentsCount":0,"shouldDisplayMessage":false,"hasContent":false,"attachmentStep":false,"stepsCount":0}],"testStage":{"status":"failed","statusMessage":"AssertionError: assert 'ERROR IS Message: \\nStacktrace:\\nNoSuchElementError: An element could not be located on the page using the given sear...ata\\\\Roaming\\\\npm\\\\node_modules\\\\appium\\\\node_modules\\\\@appium\\\\base-driver\\\\lib\\\\basedriver\\\\commands\\\\find.ts:75:12)' == True\n +  where 'ERROR IS Message: \\nStacktrace:\\nNoSuchElementError: An element could not be located on the page using the given sear...ata\\\\Roaming\\\\npm\\\\node_modules\\\\appium\\\\node_modules\\\\@appium\\\\base-driver\\\\lib\\\\basedriver\\\\commands\\\\find.ts:75:12)' = order('Open Order')\n +    where order = <logic.takeout_logic.Calculations object at 0x000001C0C9AD4080>.order\n +      where <logic.takeout_logic.Calculations object at 0x000001C0C9AD4080> = <test_openorder_card.TestOpenOrderCard object at 0x000001C0C9A18740>.calc","statusTrace":"self = <test_openorder_card.TestOpenOrderCard object at 0x000001C0C9A18740>\n\n    @allure.story(\"Order Management\")\n    @allure.title(\"Select Open Order\")\n    def test_take_out_btn(self):\n        with allure.step(\"Selecting Open Order\"):\n>           assert self.calc.order(\"Open Order\") == True\nE           AssertionError: assert 'ERROR IS Message: \\nStacktrace:\\nNoSuchElementError: An element could not be located on the page using the given sear...ata\\\\Roaming\\\\npm\\\\node_modules\\\\appium\\\\node_modules\\\\@appium\\\\base-driver\\\\lib\\\\basedriver\\\\commands\\\\find.ts:75:12)' == True\nE            +  where 'ERROR IS Message: \\nStacktrace:\\nNoSuchElementError: An element could not be located on the page using the given sear...ata\\\\Roaming\\\\npm\\\\node_modules\\\\appium\\\\node_modules\\\\@appium\\\\base-driver\\\\lib\\\\basedriver\\\\commands\\\\find.ts:75:12)' = order('Open Order')\nE            +    where order = <logic.takeout_logic.Calculations object at 0x000001C0C9AD4080>.order\nE            +      where <logic.takeout_logic.Calculations object at 0x000001C0C9AD4080> = <test_openorder_card.TestOpenOrderCard object at 0x000001C0C9A18740>.calc\n\nsuits\\test_orderflows\\test_card\\test_openorder_card.py:32: AssertionError","steps":[{"name":"Selecting Open Order","time":{"start":1741789351585,"stop":1741789363337,"duration":11752},"status":"failed","statusMessage":"AssertionError: assert 'ERROR IS Message: \\nStacktrace:\\nNoSuchElementError: An element could not be located on the page using the given sear...ata\\\\Roaming\\\\npm\\\\node_modules\\\\appium\\\\node_modules\\\\@appium\\\\base-driver\\\\lib\\\\basedriver\\\\commands\\\\find.ts:75:12)' == True\n +  where 'ERROR IS Message: \\nStacktrace:\\nNoSuchElementError: An element could not be located on the page using the given sear...ata\\\\Roaming\\\\npm\\\\node_modules\\\\appium\\\\node_modules\\\\@appium\\\\base-driver\\\\lib\\\\basedriver\\\\commands\\\\find.ts:75:12)' = order('Open Order')\n +    where order = <logic.takeout_logic.Calculations object at 0x000001C0C9AD4080>.order\n +      where <logic.takeout_logic.Calculations object at 0x000001C0C9AD4080> = <test_openorder_card.TestOpenOrderCard object at 0x000001C0C9A18740>.calc\n","statusTrace":"  File \"C:\\Users\\rutwik\\Automation\\suits\\test_orderflows\\test_card\\test_openorder_card.py\", line 32, in test_take_out_btn\n    assert self.calc.order(\"Open Order\") == True\n","steps":[],"attachments":[],"parameters":[],"attachmentsCount":0,"shouldDisplayMessage":true,"hasContent":true,"attachmentStep":false,"stepsCount":0}],"attachments":[],"parameters":[],"attachmentsCount":0,"shouldDisplayMessage":true,"hasContent":true,"attachmentStep":false,"stepsCount":1},"afterStages":[{"name":"capture_screenshot_on_failure::0","time":{"start":1741789363761,"stop":1741789364327,"duration":566},"status":"passed","steps":[],"attachments":[{"uid":"d1478d02bc021658","name":"Screenshot_test_take_out_btn","source":"d1478d02bc021658.png","type":"image/png","size":94447}],"parameters":[],"attachmentsCount":1,"shouldDisplayMessage":false,"hasContent":true,"attachmentStep":false,"stepsCount":0},{"name":"appium_driver::0","time":{"start":1741789542561,"stop":1741789542825,"duration":264},"status":"passed","steps":[],"attachments":[],"parameters":[],"attachmentsCount":0,"shouldDisplayMessage":false,"hasContent":false,"attachmentStep":false,"stepsCount":0}],"labels":[{"name":"story","value":"Order Management"},{"name":"App","value":"POS System"},{"name":"feature","value":"Open Order Flow"},{"name":"OS","value":"Android"},{"name":"parentSuite","value":"suits.test_orderflows.test_card"},{"name":"suite","value":"test_openorder_card"},{"name":"subSuite","value":"TestOpenOrderCard"},{"name":"host","value":"LAPTOP-KKMKONCC"},{"name":"thread","value":"16496-MainThread"},{"name":"framework","value":"pytest"},{"name":"language","value":"cpython3"},{"name":"package","value":"suits.test_orderflows.test_card.test_openorder_card"},{"name":"resultFormat","value":"allure2"}],"parameters":[],"links":[],"hidden":true,"retry":true,"extra":{"categories":[],"tags":[]},"source":"b88917aa8a1afb33.json","parameterValues":[]}