{"uid":"c23d0a52df7dd9af","name":"Update Item Quantity","fullName":"suits.test_orderflows.test_card.test_openorder_card.TestOpenOrderCard#test_updating_item","historyId":"defffe559627564dd344734e8e980190","time":{"start":1741788717270,"stop":1741788731732,"duration":14462},"description":"Ensures that the quantity of an existing item can be updated.","descriptionHtml":"<p>Ensures that the quantity of an existing item can be updated.</p>\n","status":"failed","statusMessage":"AssertionError: assert 'Error is Message: \\nStacktrace:\\nNoSuchElementError: An element could not be located on the page using the given sear...ata\\\\Roaming\\\\npm\\\\node_modules\\\\appium\\\\node_modules\\\\@appium\\\\base-driver\\\\lib\\\\basedriver\\\\commands\\\\find.ts:75:12)' == True\n +  where 'Error is Message: \\nStacktrace:\\nNoSuchElementError: An element could not be located on the page using the given sear...ata\\\\Roaming\\\\npm\\\\node_modules\\\\appium\\\\node_modules\\\\@appium\\\\base-driver\\\\lib\\\\basedriver\\\\commands\\\\find.ts:75:12)' = update_item_quantity()\n +    where update_item_quantity = <logic.takeout_logic.Calculations object at 0x000001B63A7F6630>.update_item_quantity\n +      where <logic.takeout_logic.Calculations object at 0x000001B63A7F6630> = <test_openorder_card.TestOpenOrderCard object at 0x000001B63A7395B0>.calc","statusTrace":"self = <test_openorder_card.TestOpenOrderCard object at 0x000001B63A7395B0>\n\n    @allure.story(\"Item Quantity Update\")\n    @allure.title(\"Update Item Quantity\")\n    @allure.description(\"Ensures that the quantity of an existing item can be updated.\")\n    def test_updating_item(self):\n        with allure.step(\"Updating item quantity\"):\n>           assert self.calc.update_item_quantity() == True\nE           AssertionError: assert 'Error is Message: \\nStacktrace:\\nNoSuchElementError: An element could not be located on the page using the given sear...ata\\\\Roaming\\\\npm\\\\node_modules\\\\appium\\\\node_modules\\\\@appium\\\\base-driver\\\\lib\\\\basedriver\\\\commands\\\\find.ts:75:12)' == True\nE            +  where 'Error is Message: \\nStacktrace:\\nNoSuchElementError: An element could not be located on the page using the given sear...ata\\\\Roaming\\\\npm\\\\node_modules\\\\appium\\\\node_modules\\\\@appium\\\\base-driver\\\\lib\\\\basedriver\\\\commands\\\\find.ts:75:12)' = update_item_quantity()\nE            +    where update_item_quantity = <logic.takeout_logic.Calculations object at 0x000001B63A7F6630>.update_item_quantity\nE            +      where <logic.takeout_logic.Calculations object at 0x000001B63A7F6630> = <test_openorder_card.TestOpenOrderCard object at 0x000001B63A7395B0>.calc\n\nsuits\\test_orderflows\\test_card\\test_openorder_card.py:64: AssertionError","flaky":false,"newFailed":false,"newBroken":false,"newPassed":false,"retriesCount":0,"retriesStatusChange":false,"beforeStages":[{"name":"appium_driver","time":{"start":1741788636731,"stop":1741788641251,"duration":4520},"status":"passed","steps":[],"attachments":[],"parameters":[],"attachmentsCount":0,"shouldDisplayMessage":false,"hasContent":false,"attachmentStep":false,"stepsCount":0},{"name":"login_once","time":{"start":1741788641251,"stop":1741788643599,"duration":2348},"status":"passed","steps":[{"name":"Performing User Login","time":{"start":1741788641500,"stop":1741788642532,"duration":1032},"status":"passed","steps":[],"attachments":[],"parameters":[],"attachmentsCount":0,"shouldDisplayMessage":false,"hasContent":false,"attachmentStep":false,"stepsCount":0},{"name":"Entering Passcode","time":{"start":1741788642533,"stop":1741788643595,"duration":1062},"status":"passed","steps":[],"attachments":[],"parameters":[],"attachmentsCount":0,"shouldDisplayMessage":false,"hasContent":false,"attachmentStep":false,"stepsCount":0}],"attachments":[{"uid":"b0207898b0f712c1","name":"Login Info","source":"b0207898b0f712c1.txt","type":"text/plain","size":54}],"parameters":[],"attachmentsCount":1,"shouldDisplayMessage":false,"hasContent":true,"attachmentStep":false,"stepsCount":2},{"name":"capture_screenshot_on_failure","time":{"start":1741788717014,"stop":1741788717015,"duration":1},"status":"passed","steps":[],"attachments":[],"parameters":[],"attachmentsCount":0,"shouldDisplayMessage":false,"hasContent":false,"attachmentStep":false,"stepsCount":0},{"name":"setup_driver","time":{"start":1741788717015,"stop":1741788717270,"duration":255},"status":"passed","steps":[],"attachments":[],"parameters":[],"attachmentsCount":0,"shouldDisplayMessage":false,"hasContent":false,"attachmentStep":false,"stepsCount":0}],"testStage":{"description":"Ensures that the quantity of an existing item can be updated.","status":"failed","statusMessage":"AssertionError: assert 'Error is Message: \\nStacktrace:\\nNoSuchElementError: An element could not be located on the page using the given sear...ata\\\\Roaming\\\\npm\\\\node_modules\\\\appium\\\\node_modules\\\\@appium\\\\base-driver\\\\lib\\\\basedriver\\\\commands\\\\find.ts:75:12)' == True\n +  where 'Error is Message: \\nStacktrace:\\nNoSuchElementError: An element could not be located on the page using the given sear...ata\\\\Roaming\\\\npm\\\\node_modules\\\\appium\\\\node_modules\\\\@appium\\\\base-driver\\\\lib\\\\basedriver\\\\commands\\\\find.ts:75:12)' = update_item_quantity()\n +    where update_item_quantity = <logic.takeout_logic.Calculations object at 0x000001B63A7F6630>.update_item_quantity\n +      where <logic.takeout_logic.Calculations object at 0x000001B63A7F6630> = <test_openorder_card.TestOpenOrderCard object at 0x000001B63A7395B0>.calc","statusTrace":"self = <test_openorder_card.TestOpenOrderCard object at 0x000001B63A7395B0>\n\n    @allure.story(\"Item Quantity Update\")\n    @allure.title(\"Update Item Quantity\")\n    @allure.description(\"Ensures that the quantity of an existing item can be updated.\")\n    def test_updating_item(self):\n        with allure.step(\"Updating item quantity\"):\n>           assert self.calc.update_item_quantity() == True\nE           AssertionError: assert 'Error is Message: \\nStacktrace:\\nNoSuchElementError: An element could not be located on the page using the given sear...ata\\\\Roaming\\\\npm\\\\node_modules\\\\appium\\\\node_modules\\\\@appium\\\\base-driver\\\\lib\\\\basedriver\\\\commands\\\\find.ts:75:12)' == True\nE            +  where 'Error is Message: \\nStacktrace:\\nNoSuchElementError: An element could not be located on the page using the given sear...ata\\\\Roaming\\\\npm\\\\node_modules\\\\appium\\\\node_modules\\\\@appium\\\\base-driver\\\\lib\\\\basedriver\\\\commands\\\\find.ts:75:12)' = update_item_quantity()\nE            +    where update_item_quantity = <logic.takeout_logic.Calculations object at 0x000001B63A7F6630>.update_item_quantity\nE            +      where <logic.takeout_logic.Calculations object at 0x000001B63A7F6630> = <test_openorder_card.TestOpenOrderCard object at 0x000001B63A7395B0>.calc\n\nsuits\\test_orderflows\\test_card\\test_openorder_card.py:64: AssertionError","steps":[{"name":"Updating item quantity","time":{"start":1741788717270,"stop":1741788731730,"duration":14460},"status":"failed","statusMessage":"AssertionError: assert 'Error is Message: \\nStacktrace:\\nNoSuchElementError: An element could not be located on the page using the given sear...ata\\\\Roaming\\\\npm\\\\node_modules\\\\appium\\\\node_modules\\\\@appium\\\\base-driver\\\\lib\\\\basedriver\\\\commands\\\\find.ts:75:12)' == True\n +  where 'Error is Message: \\nStacktrace:\\nNoSuchElementError: An element could not be located on the page using the given sear...ata\\\\Roaming\\\\npm\\\\node_modules\\\\appium\\\\node_modules\\\\@appium\\\\base-driver\\\\lib\\\\basedriver\\\\commands\\\\find.ts:75:12)' = update_item_quantity()\n +    where update_item_quantity = <logic.takeout_logic.Calculations object at 0x000001B63A7F6630>.update_item_quantity\n +      where <logic.takeout_logic.Calculations object at 0x000001B63A7F6630> = <test_openorder_card.TestOpenOrderCard object at 0x000001B63A7395B0>.calc\n","statusTrace":"  File \"C:\\Users\\rutwik\\Automation\\suits\\test_orderflows\\test_card\\test_openorder_card.py\", line 64, in test_updating_item\n    assert self.calc.update_item_quantity() == True\n","steps":[],"attachments":[],"parameters":[],"attachmentsCount":0,"shouldDisplayMessage":true,"hasContent":true,"attachmentStep":false,"stepsCount":0}],"attachments":[],"parameters":[],"attachmentsCount":0,"shouldDisplayMessage":true,"hasContent":true,"attachmentStep":false,"stepsCount":1},"afterStages":[{"name":"capture_screenshot_on_failure::0","time":{"start":1741788732179,"stop":1741788732748,"duration":569},"status":"passed","steps":[],"attachments":[{"uid":"adafe97ce815f85","name":"Screenshot_test_updating_item","source":"adafe97ce815f85.png","type":"image/png","size":124667}],"parameters":[],"attachmentsCount":1,"shouldDisplayMessage":false,"hasContent":true,"attachmentStep":false,"stepsCount":0},{"name":"appium_driver::0","time":{"start":1741788811759,"stop":1741788812017,"duration":258},"status":"passed","steps":[],"attachments":[],"parameters":[],"attachmentsCount":0,"shouldDisplayMessage":false,"hasContent":false,"attachmentStep":false,"stepsCount":0}],"labels":[{"name":"App","value":"POS System"},{"name":"OS","value":"Android"},{"name":"story","value":"Item Quantity Update"},{"name":"feature","value":"Open Order Flow"},{"name":"parentSuite","value":"suits.test_orderflows.test_card"},{"name":"suite","value":"test_openorder_card"},{"name":"subSuite","value":"TestOpenOrderCard"},{"name":"host","value":"LAPTOP-KKMKONCC"},{"name":"thread","value":"2824-MainThread"},{"name":"framework","value":"pytest"},{"name":"language","value":"cpython3"},{"name":"package","value":"suits.test_orderflows.test_card.test_openorder_card"},{"name":"resultFormat","value":"allure2"}],"parameters":[],"links":[],"hidden":true,"retry":true,"extra":{"categories":[],"tags":[]},"source":"c23d0a52df7dd9af.json","parameterValues":[]}