{"uid":"d94a4f2e1b4d9468","name":"Select Open Order","fullName":"suits.test_orderflows.test_card.test_openorder_card.TestOpenOrderCard#test_take_out_btn","historyId":"cf1777972b55d2a58ec8585ece596a7c","time":{"start":1741788432179,"stop":1741788442692,"duration":10513},"status":"failed","statusMessage":"AssertionError: assert 'ERROR IS Message: \\nStacktrace:\\nNoSuchElementError: An element could not be located on the page using the given sear...ata\\\\Roaming\\\\npm\\\\node_modules\\\\appium\\\\node_modules\\\\@appium\\\\base-driver\\\\lib\\\\basedriver\\\\commands\\\\find.ts:75:12)' == True\n +  where 'ERROR IS Message: \\nStacktrace:\\nNoSuchElementError: An element could not be located on the page using the given sear...ata\\\\Roaming\\\\npm\\\\node_modules\\\\appium\\\\node_modules\\\\@appium\\\\base-driver\\\\lib\\\\basedriver\\\\commands\\\\find.ts:75:12)' = order('Open Order')\n +    where order = <logic.takeout_logic.Calculations object at 0x000002D01ADCD520>.order\n +      where <logic.takeout_logic.Calculations object at 0x000002D01ADCD520> = <test_openorder_card.TestOpenOrderCard object at 0x000002D01AD0F800>.calc","statusTrace":"self = <test_openorder_card.TestOpenOrderCard object at 0x000002D01AD0F800>\n\n    @allure.story(\"Order Management\")\n    @allure.title(\"Select Open Order\")\n    def test_take_out_btn(self):\n        with allure.step(\"Selecting Open Order\"):\n>           assert self.calc.order(\"Open Order\") == True\nE           AssertionError: assert 'ERROR IS Message: \\nStacktrace:\\nNoSuchElementError: An element could not be located on the page using the given sear...ata\\\\Roaming\\\\npm\\\\node_modules\\\\appium\\\\node_modules\\\\@appium\\\\base-driver\\\\lib\\\\basedriver\\\\commands\\\\find.ts:75:12)' == True\nE            +  where 'ERROR IS Message: \\nStacktrace:\\nNoSuchElementError: An element could not be located on the page using the given sear...ata\\\\Roaming\\\\npm\\\\node_modules\\\\appium\\\\node_modules\\\\@appium\\\\base-driver\\\\lib\\\\basedriver\\\\commands\\\\find.ts:75:12)' = order('Open Order')\nE            +    where order = <logic.takeout_logic.Calculations object at 0x000002D01ADCD520>.order\nE            +      where <logic.takeout_logic.Calculations object at 0x000002D01ADCD520> = <test_openorder_card.TestOpenOrderCard object at 0x000002D01AD0F800>.calc\n\nsuits\\test_orderflows\\test_card\\test_openorder_card.py:32: AssertionError","flaky":false,"newFailed":false,"newBroken":false,"newPassed":false,"retriesCount":0,"retriesStatusChange":false,"beforeStages":[{"name":"appium_driver","time":{"start":1741788386083,"stop":1741788391233,"duration":5150},"status":"passed","steps":[],"attachments":[],"parameters":[],"attachmentsCount":0,"shouldDisplayMessage":false,"hasContent":false,"attachmentStep":false,"stepsCount":0},{"name":"login_once","time":{"start":1741788391234,"stop":1741788400161,"duration":8927},"status":"passed","steps":[{"name":"Performing User Login","time":{"start":1741788391452,"stop":1741788400159,"duration":8707},"status":"failed","statusMessage":"AssertionError: Login failed.\nassert False is True\n +  where False = login()\n +    where login = <logic.login_logic.Login object at 0x000002D0172843E0>.login\n","statusTrace":"  File \"C:\\Users\\rutwik\\Automation\\conftest.py\", line 72, in login_once\n    assert testLogin.login() is True, \"Login failed.\"\n","steps":[],"attachments":[],"parameters":[],"attachmentsCount":0,"shouldDisplayMessage":true,"hasContent":true,"attachmentStep":false,"stepsCount":0}],"attachments":[],"parameters":[],"attachmentsCount":0,"shouldDisplayMessage":false,"hasContent":true,"attachmentStep":false,"stepsCount":1},{"name":"capture_screenshot_on_failure","time":{"start":1741788431864,"stop":1741788431865,"duration":1},"status":"passed","steps":[],"attachments":[],"parameters":[],"attachmentsCount":0,"shouldDisplayMessage":false,"hasContent":false,"attachmentStep":false,"stepsCount":0},{"name":"setup_driver","time":{"start":1741788431865,"stop":1741788432178,"duration":313},"status":"passed","steps":[],"attachments":[],"parameters":[],"attachmentsCount":0,"shouldDisplayMessage":false,"hasContent":false,"attachmentStep":false,"stepsCount":0}],"testStage":{"status":"failed","statusMessage":"AssertionError: assert 'ERROR IS Message: \\nStacktrace:\\nNoSuchElementError: An element could not be located on the page using the given sear...ata\\\\Roaming\\\\npm\\\\node_modules\\\\appium\\\\node_modules\\\\@appium\\\\base-driver\\\\lib\\\\basedriver\\\\commands\\\\find.ts:75:12)' == True\n +  where 'ERROR IS Message: \\nStacktrace:\\nNoSuchElementError: An element could not be located on the page using the given sear...ata\\\\Roaming\\\\npm\\\\node_modules\\\\appium\\\\node_modules\\\\@appium\\\\base-driver\\\\lib\\\\basedriver\\\\commands\\\\find.ts:75:12)' = order('Open Order')\n +    where order = <logic.takeout_logic.Calculations object at 0x000002D01ADCD520>.order\n +      where <logic.takeout_logic.Calculations object at 0x000002D01ADCD520> = <test_openorder_card.TestOpenOrderCard object at 0x000002D01AD0F800>.calc","statusTrace":"self = <test_openorder_card.TestOpenOrderCard object at 0x000002D01AD0F800>\n\n    @allure.story(\"Order Management\")\n    @allure.title(\"Select Open Order\")\n    def test_take_out_btn(self):\n        with allure.step(\"Selecting Open Order\"):\n>           assert self.calc.order(\"Open Order\") == True\nE           AssertionError: assert 'ERROR IS Message: \\nStacktrace:\\nNoSuchElementError: An element could not be located on the page using the given sear...ata\\\\Roaming\\\\npm\\\\node_modules\\\\appium\\\\node_modules\\\\@appium\\\\base-driver\\\\lib\\\\basedriver\\\\commands\\\\find.ts:75:12)' == True\nE            +  where 'ERROR IS Message: \\nStacktrace:\\nNoSuchElementError: An element could not be located on the page using the given sear...ata\\\\Roaming\\\\npm\\\\node_modules\\\\appium\\\\node_modules\\\\@appium\\\\base-driver\\\\lib\\\\basedriver\\\\commands\\\\find.ts:75:12)' = order('Open Order')\nE            +    where order = <logic.takeout_logic.Calculations object at 0x000002D01ADCD520>.order\nE            +      where <logic.takeout_logic.Calculations object at 0x000002D01ADCD520> = <test_openorder_card.TestOpenOrderCard object at 0x000002D01AD0F800>.calc\n\nsuits\\test_orderflows\\test_card\\test_openorder_card.py:32: AssertionError","steps":[{"name":"Selecting Open Order","time":{"start":1741788432180,"stop":1741788442690,"duration":10510},"status":"failed","statusMessage":"AssertionError: assert 'ERROR IS Message: \\nStacktrace:\\nNoSuchElementError: An element could not be located on the page using the given sear...ata\\\\Roaming\\\\npm\\\\node_modules\\\\appium\\\\node_modules\\\\@appium\\\\base-driver\\\\lib\\\\basedriver\\\\commands\\\\find.ts:75:12)' == True\n +  where 'ERROR IS Message: \\nStacktrace:\\nNoSuchElementError: An element could not be located on the page using the given sear...ata\\\\Roaming\\\\npm\\\\node_modules\\\\appium\\\\node_modules\\\\@appium\\\\base-driver\\\\lib\\\\basedriver\\\\commands\\\\find.ts:75:12)' = order('Open Order')\n +    where order = <logic.takeout_logic.Calculations object at 0x000002D01ADCD520>.order\n +      where <logic.takeout_logic.Calculations object at 0x000002D01ADCD520> = <test_openorder_card.TestOpenOrderCard object at 0x000002D01AD0F800>.calc\n","statusTrace":"  File \"C:\\Users\\rutwik\\Automation\\suits\\test_orderflows\\test_card\\test_openorder_card.py\", line 32, in test_take_out_btn\n    assert self.calc.order(\"Open Order\") == True\n","steps":[],"attachments":[],"parameters":[],"attachmentsCount":0,"shouldDisplayMessage":true,"hasContent":true,"attachmentStep":false,"stepsCount":0}],"attachments":[],"parameters":[],"attachmentsCount":0,"shouldDisplayMessage":true,"hasContent":true,"attachmentStep":false,"stepsCount":1},"afterStages":[{"name":"capture_screenshot_on_failure::0","time":{"start":1741788442716,"stop":1741788443193,"duration":477},"status":"passed","steps":[],"attachments":[{"uid":"4a87cb3b297ed6bf","name":"Screenshot_test_take_out_btn","source":"4a87cb3b297ed6bf.png","type":"image/png","size":67601}],"parameters":[],"attachmentsCount":1,"shouldDisplayMessage":false,"hasContent":true,"attachmentStep":false,"stepsCount":0},{"name":"appium_driver::0","time":{"start":1741788622639,"stop":1741788622906,"duration":267},"status":"passed","steps":[],"attachments":[],"parameters":[],"attachmentsCount":0,"shouldDisplayMessage":false,"hasContent":false,"attachmentStep":false,"stepsCount":0}],"labels":[{"name":"feature","value":"Open Order Flow"},{"name":"App","value":"POS System"},{"name":"story","value":"Order Management"},{"name":"OS","value":"Android"},{"name":"parentSuite","value":"suits.test_orderflows.test_card"},{"name":"suite","value":"test_openorder_card"},{"name":"subSuite","value":"TestOpenOrderCard"},{"name":"host","value":"LAPTOP-KKMKONCC"},{"name":"thread","value":"19572-MainThread"},{"name":"framework","value":"pytest"},{"name":"language","value":"cpython3"},{"name":"package","value":"suits.test_orderflows.test_card.test_openorder_card"},{"name":"resultFormat","value":"allure2"}],"parameters":[],"links":[],"hidden":true,"retry":true,"extra":{"categories":[],"tags":[]},"source":"d94a4f2e1b4d9468.json","parameterValues":[]}