{"uid":"e1a5e5c408c1fc01","name":"Process a phone order with Save and then Pay","fullName":"suits.test_orderflows.test_card.test_phoneorder_card.TestPhoneOrderCard#test_phoneorder_save_pay","historyId":"9979c322a3eae085832f011ab6e7b51b","time":{"start":1741784472036,"stop":1741784533397,"duration":61361},"status":"passed","flaky":false,"newFailed":false,"newBroken":false,"newPassed":false,"retriesCount":9,"retriesStatusChange":true,"beforeStages":[{"name":"appium_driver","time":{"start":1741784387453,"stop":1741784397026,"duration":9573},"status":"passed","steps":[],"attachments":[],"parameters":[],"attachmentsCount":0,"shouldDisplayMessage":false,"hasContent":false,"attachmentStep":false,"stepsCount":0},{"name":"login_once","time":{"start":1741784397026,"stop":1741784399523,"duration":2497},"status":"passed","steps":[{"name":"Performing User Login","time":{"start":1741784397247,"stop":1741784399245,"duration":1998},"status":"passed","steps":[],"attachments":[],"parameters":[],"attachmentsCount":0,"shouldDisplayMessage":false,"hasContent":false,"attachmentStep":false,"stepsCount":0},{"name":"Entering Passcode","time":{"start":1741784399247,"stop":1741784399522,"duration":275},"status":"passed","steps":[],"attachments":[],"parameters":[],"attachmentsCount":0,"shouldDisplayMessage":false,"hasContent":false,"attachmentStep":false,"stepsCount":0}],"attachments":[{"uid":"dbb72db1dc34c70","name":"Login Info","source":"dbb72db1dc34c70.txt","type":"text/plain","size":54}],"parameters":[],"attachmentsCount":1,"shouldDisplayMessage":false,"hasContent":true,"attachmentStep":false,"stepsCount":2},{"name":"setup_driver","time":{"start":1741784471852,"stop":1741784472035,"duration":183},"status":"passed","steps":[],"attachments":[],"parameters":[],"attachmentsCount":0,"shouldDisplayMessage":false,"hasContent":false,"attachmentStep":false,"stepsCount":0},{"name":"capture_screenshot_on_failure","time":{"start":1741784471852,"stop":1741784471852,"duration":0},"status":"passed","steps":[],"attachments":[],"parameters":[],"attachmentsCount":0,"shouldDisplayMessage":false,"hasContent":false,"attachmentStep":false,"stepsCount":0}],"afterStages":[{"name":"capture_screenshot_on_failure::0","time":{"start":1741784533400,"stop":1741784533400,"duration":0},"status":"passed","steps":[],"attachments":[],"parameters":[],"attachmentsCount":0,"shouldDisplayMessage":false,"hasContent":false,"attachmentStep":false,"stepsCount":0},{"name":"appium_driver::0","time":{"start":1741784677721,"stop":1741784677969,"duration":248},"status":"passed","steps":[],"attachments":[],"parameters":[],"attachmentsCount":0,"shouldDisplayMessage":false,"hasContent":false,"attachmentStep":false,"stepsCount":0}],"labels":[{"name":"story","value":"Phone Order Save and Pay"},{"name":"feature","value":"Sanity Sheet"},{"name":"parentSuite","value":"suits.test_orderflows.test_card"},{"name":"suite","value":"test_phoneorder_card"},{"name":"subSuite","value":"TestPhoneOrderCard"},{"name":"host","value":"LAPTOP-KKMKONCC"},{"name":"thread","value":"11688-MainThread"},{"name":"framework","value":"pytest"},{"name":"language","value":"cpython3"},{"name":"package","value":"suits.test_orderflows.test_card.test_phoneorder_card"},{"name":"resultFormat","value":"allure2"}],"parameters":[],"links":[],"hidden":false,"retry":false,"extra":{"severity":"normal","retries":[{"uid":"5088f1ca6a70e2f9","status":"passed","time":{"start":1741783091803,"stop":1741783172027,"duration":80224}},{"uid":"d28fff569914a37a","status":"failed","statusDetails":"AssertionError: assert 'ERROR IS Message: \\nStacktrace:\\nNoSuchElementError: An element could not be located on the page using the given sear...ata\\\\Roaming\\\\npm\\\\node_modules\\\\appium\\\\node_modules\\\\@appium\\\\base-driver\\\\lib\\\\basedriver\\\\commands\\\\find.ts:75:12)' == True\n +  where 'ERROR IS Message: \\nStacktrace:\\nNoSuchElementError: An element could not be located on the page using the given sear...ata\\\\Roaming\\\\npm\\\\node_modules\\\\appium\\\\node_modules\\\\@appium\\\\base-driver\\\\lib\\\\basedriver\\\\commands\\\\find.ts:75:12)' = order('Phone Order')\n +    where order = <logic.takeout_logic.Calculations object at 0x000001BF0B6895E0>.order\n +      where <logic.takeout_logic.Calculations object at 0x000001BF0B6895E0> = <test_phoneorder_card.TestPhoneOrderCard object at 0x000001BF0B57EF30>.phone","time":{"start":1741781703960,"stop":1741781714465,"duration":10505}},{"uid":"6ce5058c66925bee","status":"failed","statusDetails":"AssertionError: assert 13.71 == (13.44 + 0.27)\n +  where 13.71 = <test_phoneorder_card.TestPhoneOrderCard object at 0x0000028C6F308620>.endpay\n +  and   13.44 = <test_phoneorder_card.TestPhoneOrderCard object at 0x0000028C6F308620>.pend_pay","time":{"start":1741781423875,"stop":1741781481168,"duration":57293}},{"uid":"d0fcaaf4b70945fa","status":"passed","time":{"start":1741780982702,"stop":1741781044399,"duration":61697}},{"uid":"fecd0aefeee6754c","status":"failed","statusDetails":"AssertionError: assert 'ERROR IS Message: \\nStacktrace:\\nNoSuchElementError: An element could not be located on the page using the given sear...ata\\\\Roaming\\\\npm\\\\node_modules\\\\appium\\\\node_modules\\\\@appium\\\\base-driver\\\\lib\\\\basedriver\\\\commands\\\\find.ts:75:12)' == True\n +  where 'ERROR IS Message: \\nStacktrace:\\nNoSuchElementError: An element could not be located on the page using the given sear...ata\\\\Roaming\\\\npm\\\\node_modules\\\\appium\\\\node_modules\\\\@appium\\\\base-driver\\\\lib\\\\basedriver\\\\commands\\\\find.ts:75:12)' = order('Phone Order')\n +    where order = <logic.takeout_logic.Calculations object at 0x0000024156E95130>.order\n +      where <logic.takeout_logic.Calculations object at 0x0000024156E95130> = <test_phoneorder_card.TestPhoneOrderCard object at 0x00000241597527E0>.phone","time":{"start":1741780711073,"stop":1741780721324,"duration":10251}},{"uid":"94b8a1eff259d1dd","status":"failed","statusDetails":"AssertionError: assert 'ERROR IS Message: \\nStacktrace:\\nNoSuchElementError: An element could not be located on the page using the given sear...ata\\\\Roaming\\\\npm\\\\node_modules\\\\appium\\\\node_modules\\\\@appium\\\\base-driver\\\\lib\\\\basedriver\\\\commands\\\\find.ts:75:12)' == True\n +  where 'ERROR IS Message: \\nStacktrace:\\nNoSuchElementError: An element could not be located on the page using the given sear...ata\\\\Roaming\\\\npm\\\\node_modules\\\\appium\\\\node_modules\\\\@appium\\\\base-driver\\\\lib\\\\basedriver\\\\commands\\\\find.ts:75:12)' = order('Phone Order')\n +    where order = <logic.takeout_logic.Calculations object at 0x0000020A29546600>.order\n +      where <logic.takeout_logic.Calculations object at 0x0000020A29546600> = <test_phoneorder_card.TestPhoneOrderCard object at 0x0000020A2C6C3590>.phone","time":{"start":1741780465844,"stop":1741780475993,"duration":10149}},{"uid":"cb660387fad8c930","status":"failed","statusDetails":"AssertionError: assert 'ERROR IS Message: \\nStacktrace:\\nNoSuchElementError: An element could not be located on the page using the given sear...ata\\\\Roaming\\\\npm\\\\node_modules\\\\appium\\\\node_modules\\\\@appium\\\\base-driver\\\\lib\\\\basedriver\\\\commands\\\\find.ts:75:12)' == True\n +  where 'ERROR IS Message: \\nStacktrace:\\nNoSuchElementError: An element could not be located on the page using the given sear...ata\\\\Roaming\\\\npm\\\\node_modules\\\\appium\\\\node_modules\\\\@appium\\\\base-driver\\\\lib\\\\basedriver\\\\commands\\\\find.ts:75:12)' = order('Phone Order')\n +    where order = <logic.takeout_logic.Calculations object at 0x0000021A47081370>.order\n +      where <logic.takeout_logic.Calculations object at 0x0000021A47081370> = <test_phoneorder_card.TestPhoneOrderCard object at 0x0000021A47394170>.phone","time":{"start":1741780403398,"stop":1741780413732,"duration":10334}},{"uid":"31bba6c8e481c820","status":"failed","statusDetails":"AssertionError: assert 'ERROR IS Message: \\nStacktrace:\\nNoSuchElementError: An element could not be located on the page using the given sear...ata\\\\Roaming\\\\npm\\\\node_modules\\\\appium\\\\node_modules\\\\@appium\\\\base-driver\\\\lib\\\\basedriver\\\\commands\\\\find.ts:75:12)' == True\n +  where 'ERROR IS Message: \\nStacktrace:\\nNoSuchElementError: An element could not be located on the page using the given sear...ata\\\\Roaming\\\\npm\\\\node_modules\\\\appium\\\\node_modules\\\\@appium\\\\base-driver\\\\lib\\\\basedriver\\\\commands\\\\find.ts:75:12)' = order('Phone Order')\n +    where order = <logic.takeout_logic.Calculations object at 0x000002C2DC2EF740>.order\n +      where <logic.takeout_logic.Calculations object at 0x000002C2DC2EF740> = <test_phoneorder_card.TestPhoneOrderCard object at 0x000002C2DC3675F0>.phone","time":{"start":1741780291955,"stop":1741780302315,"duration":10360}},{"uid":"39483e70d5b2b1d5","status":"failed","statusDetails":"AssertionError: assert False == True\n +  where False = search_cust_phoneorder()\n +    where search_cust_phoneorder = <logic.takeout_logic.Calculations object at 0x00000266F8824290>.search_cust_phoneorder\n +      where <logic.takeout_logic.Calculations object at 0x00000266F8824290> = <test_phoneorder_card.TestPhoneOrderCard object at 0x00000266F844B590>.phone","time":{"start":1741780067859,"stop":1741780077412,"duration":9553}}],"categories":[],"tags":[]},"source":"e1a5e5c408c1fc01.json","parameterValues":[]}