{"uid":"f66173f0fc3b3f52","name":"Select 'Open Order' for Cash Payment","fullName":"suits.test_orderflows.test_cash.test_openorder_cash.TestOpenOrderCash#test_openorder_btn","historyId":"1d7d7ec0945bf403cfe2546fa05ec601","time":{"start":1741862279891,"stop":1741862290102,"duration":10211},"description":"Verifies that the user can successfully select the 'Open Order' option in POS.","descriptionHtml":"<p>Verifies that the user can successfully select the 'Open Order' option in POS.</p>\n","status":"failed","statusMessage":"AssertionError: assert 'ERROR IS Message: \\nStacktrace:\\nNoSuchElementError: An element could not be located on the page using the given sear...ata\\\\Roaming\\\\npm\\\\node_modules\\\\appium\\\\node_modules\\\\@appium\\\\base-driver\\\\lib\\\\basedriver\\\\commands\\\\find.ts:75:12)' == True\n +  where 'ERROR IS Message: \\nStacktrace:\\nNoSuchElementError: An element could not be located on the page using the given sear...ata\\\\Roaming\\\\npm\\\\node_modules\\\\appium\\\\node_modules\\\\@appium\\\\base-driver\\\\lib\\\\basedriver\\\\commands\\\\find.ts:75:12)' = order('Open Order')\n +    where order = <logic.takeout_logic.Calculations object at 0x0000014F5D535D50>.order\n +      where <logic.takeout_logic.Calculations object at 0x0000014F5D535D50> = <test_cash.test_openorder_cash.TestOpenOrderCash object at 0x0000014F5F602E60>.calc","statusTrace":"self = <test_cash.test_openorder_cash.TestOpenOrderCash object at 0x0000014F5F602E60>\n\n    @allure.story(\"Order Creation\")\n    @allure.title(\"Select 'Open Order' for Cash Payment\")\n    @allure.description(\"Verifies that the user can successfully select the 'Open Order' option in POS.\")\n    def test_openorder_btn(self):\n>       assert self.calc.order(\"Open Order\") == True\nE       AssertionError: assert 'ERROR IS Message: \\nStacktrace:\\nNoSuchElementError: An element could not be located on the page using the given sear...ata\\\\Roaming\\\\npm\\\\node_modules\\\\appium\\\\node_modules\\\\@appium\\\\base-driver\\\\lib\\\\basedriver\\\\commands\\\\find.ts:75:12)' == True\nE        +  where 'ERROR IS Message: \\nStacktrace:\\nNoSuchElementError: An element could not be located on the page using the given sear...ata\\\\Roaming\\\\npm\\\\node_modules\\\\appium\\\\node_modules\\\\@appium\\\\base-driver\\\\lib\\\\basedriver\\\\commands\\\\find.ts:75:12)' = order('Open Order')\nE        +    where order = <logic.takeout_logic.Calculations object at 0x0000014F5D535D50>.order\nE        +      where <logic.takeout_logic.Calculations object at 0x0000014F5D535D50> = <test_cash.test_openorder_cash.TestOpenOrderCash object at 0x0000014F5F602E60>.calc\n\nsuits\\test_orderflows\\test_cash\\test_openorder_cash.py:23: AssertionError","flaky":false,"newFailed":false,"newBroken":false,"newPassed":false,"retriesCount":0,"retriesStatusChange":false,"beforeStages":[{"name":"appium_driver","time":{"start":1741862264169,"stop":1741862270134,"duration":5965},"status":"passed","steps":[],"attachments":[],"parameters":[],"attachmentsCount":0,"shouldDisplayMessage":false,"hasContent":false,"attachmentStep":false,"stepsCount":0},{"name":"login_once","time":{"start":1741862270134,"stop":1741862279735,"duration":9601},"status":"passed","steps":[{"name":"Performing User Login","time":{"start":1741862270354,"stop":1741862279733,"duration":9379},"status":"failed","statusMessage":"AssertionError: Login failed.\nassert False is True\n +  where False = login()\n +    where login = <logic.login_logic.Login object at 0x0000014F5F69C0D0>.login\n","statusTrace":"  File \"C:\\Users\\rutwik\\Automation\\conftest.py\", line 86, in login_once\n    assert testLogin.login() is True, \"Login failed.\"\n","steps":[],"attachments":[],"parameters":[],"attachmentsCount":0,"shouldDisplayMessage":true,"hasContent":true,"attachmentStep":false,"stepsCount":0}],"attachments":[],"parameters":[],"attachmentsCount":0,"shouldDisplayMessage":false,"hasContent":true,"attachmentStep":false,"stepsCount":1},{"name":"capture_screenshot_on_failure","time":{"start":1741862279736,"stop":1741862279736,"duration":0},"status":"passed","steps":[],"attachments":[],"parameters":[],"attachmentsCount":0,"shouldDisplayMessage":false,"hasContent":false,"attachmentStep":false,"stepsCount":0},{"name":"setup_driver","time":{"start":1741862279736,"stop":1741862279890,"duration":154},"status":"passed","steps":[],"attachments":[],"parameters":[],"attachmentsCount":0,"shouldDisplayMessage":false,"hasContent":false,"attachmentStep":false,"stepsCount":0}],"afterStages":[{"name":"capture_screenshot_on_failure::0","time":{"start":1741862290242,"stop":1741862290749,"duration":507},"status":"passed","steps":[],"attachments":[{"uid":"710209528436fd3d","name":"Screenshot_test_openorder_btn","source":"710209528436fd3d.png","type":"image/png","size":70661}],"parameters":[],"attachmentsCount":1,"shouldDisplayMessage":false,"hasContent":true,"attachmentStep":false,"stepsCount":0},{"name":"appium_driver::0","time":{"start":1741862332996,"stop":1741862333233,"duration":237},"status":"passed","steps":[],"attachments":[],"parameters":[],"attachmentsCount":0,"shouldDisplayMessage":false,"hasContent":false,"attachmentStep":false,"stepsCount":0}],"labels":[{"name":"feature","value":"Open Order Flow - Cash Payment"},{"name":"Type","value":"Functional Test"},{"name":"Module","value":"Order Management"},{"name":"story","value":"Order Creation"},{"name":"parentSuite","value":"suits.test_orderflows.test_cash"},{"name":"suite","value":"test_openorder_cash"},{"name":"subSuite","value":"TestOpenOrderCash"},{"name":"host","value":"LAPTOP-KKMKONCC"},{"name":"thread","value":"14896-MainThread"},{"name":"framework","value":"pytest"},{"name":"language","value":"cpython3"},{"name":"package","value":"suits.test_orderflows.test_cash.test_openorder_cash"},{"name":"resultFormat","value":"allure2"}],"parameters":[],"links":[],"hidden":true,"retry":true,"extra":{"categories":[],"tags":[]},"source":"f66173f0fc3b3f52.json","parameterValues":[]}