{"name": "Select Takeout Order", "status": "failed", "statusDetails": {"message": "AssertionError: assert 'ERROR IS Message: \\nStacktrace:\\nNoSuchElementError: An element could not be located on the page using the given sear...ata\\\\Roaming\\\\npm\\\\node_modules\\\\appium\\\\node_modules\\\\@appium\\\\base-driver\\\\lib\\\\basedriver\\\\commands\\\\find.ts:75:12)' == True\n +  where 'ERROR IS Message: \\nStacktrace:\\nNoSuchElementError: An element could not be located on the page using the given sear...ata\\\\Roaming\\\\npm\\\\node_modules\\\\appium\\\\node_modules\\\\@appium\\\\base-driver\\\\lib\\\\basedriver\\\\commands\\\\find.ts:75:12)' = order('Take Out')\n +    where order = <logic.takeout_logic.Calculations object at 0x000002CA19CD76D0>.order\n +      where <logic.takeout_logic.Calculations object at 0x000002CA19CD76D0> = <test_bugs.TestTakeOutFlow object at 0x000002CA19CD69E0>.calc", "trace": "self = <test_bugs.TestTakeOutFlow object at 0x000002CA19CD69E0>\n\n    @allure.story(\"Order Management\")\n    @allure.title(\"Select Takeout Order\")\n    def test_BUG102(self):\n>       assert self.calc.order(\"Take Out\") == True\nE       AssertionError: assert 'ERROR IS Message: \\nStacktrace:\\nNoSuchElementError: An element could not be located on the page using the given sear...ata\\\\Roaming\\\\npm\\\\node_modules\\\\appium\\\\node_modules\\\\@appium\\\\base-driver\\\\lib\\\\basedriver\\\\commands\\\\find.ts:75:12)' == True\nE        +  where 'ERROR IS Message: \\nStacktrace:\\nNoSuchElementError: An element could not be located on the page using the given sear...ata\\\\Roaming\\\\npm\\\\node_modules\\\\appium\\\\node_modules\\\\@appium\\\\base-driver\\\\lib\\\\basedriver\\\\commands\\\\find.ts:75:12)' = order('Take Out')\nE        +    where order = <logic.takeout_logic.Calculations object at 0x000002CA19CD76D0>.order\nE        +      where <logic.takeout_logic.Calculations object at 0x000002CA19CD76D0> = <test_bugs.TestTakeOutFlow object at 0x000002CA19CD69E0>.calc\n\nAutomation-logic\\suits\\dev1\\test_bugs.py:28: AssertionError"}, "start": 1742305559118, "stop": 1742305569567, "uuid": "0542acb7-02ee-43a8-a0a7-b04c7aacb4da", "historyId": "ce332f4c65d669a8423ea324ead1e74c", "testCaseId": "ce332f4c65d669a8423ea324ead1e74c", "fullName": "suits.dev1.test_bugs.TestTakeOutFlow#test_BUG102", "labels": [{"name": "story", "value": "Order Management"}, {"name": "feature", "value": "Developer 1 Report"}, {"name": "parentSuite", "value": "suits.dev1"}, {"name": "suite", "value": "test_bugs"}, {"name": "subSuite", "value": "TestTakeOutFlow"}, {"name": "host", "value": "LAPTOP-KKMKONCC"}, {"name": "thread", "value": "9784-MainThread"}, {"name": "framework", "value": "pytest"}, {"name": "language", "value": "cpython3"}, {"name": "package", "value": "suits.dev1.test_bugs"}]}