{"name": "Search Existing Customers", "status": "failed", "statusDetails": {"message": "AssertionError: assert 'Error is Message: \\nStacktrace:\\nNoSuchElementError: An element could not be located on the page using the given sear...ata\\\\Roaming\\\\npm\\\\node_modules\\\\appium\\\\node_modules\\\\@appium\\\\base-driver\\\\lib\\\\basedriver\\\\commands\\\\find.ts:75:12)' == True\n +  where 'Error is Message: \\nStacktrace:\\nNoSuchElementError: An element could not be located on the page using the given sear...ata\\\\Roaming\\\\npm\\\\node_modules\\\\appium\\\\node_modules\\\\@appium\\\\base-driver\\\\lib\\\\basedriver\\\\commands\\\\find.ts:75:12)' = search_cust_order()\n +    where search_cust_order = <logic.takeout_logic.Calculations object at 0x0000012C46570460>.search_cust_order\n +      where <logic.takeout_logic.Calculations object at 0x0000012C46570460> = <test_stay_card.TestStayCash object at 0x0000012C4700AB00>.calc", "trace": "self = <test_stay_card.TestStayCash object at 0x0000012C4700AB00>\n\n    @allure.story(\"Customer Management\")\n    @allure.title(\"Search Existing Customers\")\n    @allure.description(\"Tests if Existing customer can be added to the POS system.\")\n    def test_adding_existing_customers(self):\n>       assert self.calc.search_cust_order() == True\nE       AssertionError: assert 'Error is Message: \\nStacktrace:\\nNoSuchElementError: An element could not be located on the page using the given sear...ata\\\\Roaming\\\\npm\\\\node_modules\\\\appium\\\\node_modules\\\\@appium\\\\base-driver\\\\lib\\\\basedriver\\\\commands\\\\find.ts:75:12)' == True\nE        +  where 'Error is Message: \\nStacktrace:\\nNoSuchElementError: An element could not be located on the page using the given sear...ata\\\\Roaming\\\\npm\\\\node_modules\\\\appium\\\\node_modules\\\\@appium\\\\base-driver\\\\lib\\\\basedriver\\\\commands\\\\find.ts:75:12)' = search_cust_order()\nE        +    where search_cust_order = <logic.takeout_logic.Calculations object at 0x0000012C46570460>.search_cust_order\nE        +      where <logic.takeout_logic.Calculations object at 0x0000012C46570460> = <test_stay_card.TestStayCash object at 0x0000012C4700AB00>.calc\n\nsuits\\test_orderflows\\test_card\\test_stay_card.py:40: AssertionError"}, "description": "Tests if Existing customer can be added to the POS system.", "start": 1741876616761, "stop": 1741876643739, "uuid": "599d916f-9f0b-4a20-8128-3fd6f0b763db", "historyId": "af13ce9867fa27acb634452defa2eefd", "testCaseId": "af13ce9867fa27acb634452defa2eefd", "fullName": "suits.test_orderflows.test_card.test_stay_card.TestStayCash#test_adding_existing_customers", "labels": [{"name": "epic", "value": "POS System Automation"}, {"name": "feature", "value": "Stay Card Order"}, {"name": "story", "value": "Customer Management"}, {"name": "parentSuite", "value": "suits.test_orderflows.test_card"}, {"name": "suite", "value": "test_stay_card"}, {"name": "subSuite", "value": "TestStayCash"}, {"name": "host", "value": "LAPTOP-KKMKONCC"}, {"name": "thread", "value": "7428-MainThread"}, {"name": "framework", "value": "pytest"}, {"name": "language", "value": "cpython3"}, {"name": "package", "value": "suits.test_orderflows.test_card.test_stay_card"}]}