{"name": "test_delete_tip", "status": "failed", "statusDetails": {"message": "AssertionError: assert 'error is Message: \\nStacktrace:\\nNoSuchElementError: An element could not be located on the page using the given sear...ata\\\\Roaming\\\\npm\\\\node_modules\\\\appium\\\\node_modules\\\\@appium\\\\base-driver\\\\lib\\\\basedriver\\\\commands\\\\find.ts:75:12)' is True\n +  where 'error is Message: \\nStacktrace:\\nNoSuchElementError: An element could not be located on the page using the given sear...ata\\\\Roaming\\\\npm\\\\node_modules\\\\appium\\\\node_modules\\\\@appium\\\\base-driver\\\\lib\\\\basedriver\\\\commands\\\\find.ts:75:12)' = remove_tip()\n +    where remove_tip = <logic.setup_logic.Setup object at 0x000002279FC9A440>.remove_tip\n +      where <logic.setup_logic.Setup object at 0x000002279FC9A440> = <test_setup.TestSetUpFlow object at 0x00000227A0564880>.setup", "trace": "self = <test_setup.TestSetUpFlow object at 0x00000227A0564880>\n\n    def test_delete_tip(self):\n>       assert self.setup.remove_tip() is True\nE       AssertionError: assert 'error is Message: \\nStacktrace:\\nNoSuchElementError: An element could not be located on the page using the given sear...ata\\\\Roaming\\\\npm\\\\node_modules\\\\appium\\\\node_modules\\\\@appium\\\\base-driver\\\\lib\\\\basedriver\\\\commands\\\\find.ts:75:12)' is True\nE        +  where 'error is Message: \\nStacktrace:\\nNoSuchElementError: An element could not be located on the page using the given sear...ata\\\\Roaming\\\\npm\\\\node_modules\\\\appium\\\\node_modules\\\\@appium\\\\base-driver\\\\lib\\\\basedriver\\\\commands\\\\find.ts:75:12)' = remove_tip()\nE        +    where remove_tip = <logic.setup_logic.Setup object at 0x000002279FC9A440>.remove_tip\nE        +      where <logic.setup_logic.Setup object at 0x000002279FC9A440> = <test_setup.TestSetUpFlow object at 0x00000227A0564880>.setup\n\nAutomation-logic\\suits\\test_setup\\test_setup.py:66: AssertionError"}, "start": 1743599487214, "stop": 1743599511553, "uuid": "c0abd779-65f4-4c75-b98a-b67d33fe8f96", "historyId": "a93ebff6316c68cc080cf8e1522b16db", "testCaseId": "a93ebff6316c68cc080cf8e1522b16db", "fullName": "suits.test_setup.test_setup.TestSetUpFlow#test_delete_tip", "labels": [{"name": "feature", "value": "Developer 1 Report"}, {"name": "parentSuite", "value": "suits.test_setup"}, {"name": "suite", "value": "test_setup"}, {"name": "subSuite", "value": "TestSetUpFlow"}, {"name": "host", "value": "LAPTOP-KKMKONCC"}, {"name": "thread", "value": "11572-MainThread"}, {"name": "framework", "value": "pytest"}, {"name": "language", "value": "cpython3"}, {"name": "package", "value": "suits.test_setup.test_setup"}]}