{"name": "test_delete_taxes", "status": "failed", "statusDetails": {"message": "AssertionError: assert 'Errorr is Message: \\nStacktrace:\\nNoSuchElementError: An element could not be located on the page using the given sea...ata\\\\Roaming\\\\npm\\\\node_modules\\\\appium\\\\node_modules\\\\@appium\\\\base-driver\\\\lib\\\\basedriver\\\\commands\\\\find.ts:75:12)' is True\n +  where 'Errorr is Message: \\nStacktrace:\\nNoSuchElementError: An element could not be located on the page using the given sea...ata\\\\Roaming\\\\npm\\\\node_modules\\\\appium\\\\node_modules\\\\@appium\\\\base-driver\\\\lib\\\\basedriver\\\\commands\\\\find.ts:75:12)' = remove_tax()\n +    where remove_tax = <logic.setup_logic.Setup object at 0x000002D99A3C7430>.remove_tax\n +      where <logic.setup_logic.Setup object at 0x000002D99A3C7430> = <test_setup.TestSetUpFlow object at 0x000002D99A1D8C40>.setup", "trace": "self = <test_setup.TestSetUpFlow object at 0x000002D99A1D8C40>\n\n    def test_delete_taxes(self):\n>       assert self.setup.remove_tax() is True\nE       AssertionError: assert 'Errorr is Message: \\nStacktrace:\\nNoSuchElementError: An element could not be located on the page using the given sea...ata\\\\Roaming\\\\npm\\\\node_modules\\\\appium\\\\node_modules\\\\@appium\\\\base-driver\\\\lib\\\\basedriver\\\\commands\\\\find.ts:75:12)' is True\nE        +  where 'Errorr is Message: \\nStacktrace:\\nNoSuchElementError: An element could not be located on the page using the given sea...ata\\\\Roaming\\\\npm\\\\node_modules\\\\appium\\\\node_modules\\\\@appium\\\\base-driver\\\\lib\\\\basedriver\\\\commands\\\\find.ts:75:12)' = remove_tax()\nE        +    where remove_tax = <logic.setup_logic.Setup object at 0x000002D99A3C7430>.remove_tax\nE        +      where <logic.setup_logic.Setup object at 0x000002D99A3C7430> = <test_setup.TestSetUpFlow object at 0x000002D99A1D8C40>.setup\n\nAutomation-logic\\suits\\test_setup\\test_setup.py:77: AssertionError"}, "start": 1743600459837, "stop": 1743600476600, "uuid": "7ea6b0b4-f77e-43ad-88c7-64c7734b30ae", "historyId": "e063a3ddd4e63ffd86486bdb3fdd39cc", "testCaseId": "e063a3ddd4e63ffd86486bdb3fdd39cc", "fullName": "suits.test_setup.test_setup.TestSetUpFlow#test_delete_taxes", "labels": [{"name": "feature", "value": "Setup Testflow"}, {"name": "parentSuite", "value": "suits.test_setup"}, {"name": "suite", "value": "test_setup"}, {"name": "subSuite", "value": "TestSetUpFlow"}, {"name": "host", "value": "LAPTOP-KKMKONCC"}, {"name": "thread", "value": "18556-MainThread"}, {"name": "framework", "value": "pytest"}, {"name": "language", "value": "cpython3"}, {"name": "package", "value": "suits.test_setup.test_setup"}]}