{"name": "Process a phone order with Save and then Pay", "status": "failed", "statusDetails": {"message": "AssertionError: assert 'ERROR IS Message: \\nStacktrace:\\nNoSuchElementError: An element could not be located on the page using the given sear...ata\\\\Roaming\\\\npm\\\\node_modules\\\\appium\\\\node_modules\\\\@appium\\\\base-driver\\\\lib\\\\basedriver\\\\commands\\\\find.ts:75:12)' == True\n +  where 'ERROR IS Message: \\nStacktrace:\\nNoSuchElementError: An element could not be located on the page using the given sear...ata\\\\Roaming\\\\npm\\\\node_modules\\\\appium\\\\node_modules\\\\@appium\\\\base-driver\\\\lib\\\\basedriver\\\\commands\\\\find.ts:75:12)' = order('Phone Order')\n +    where order = <logic.takeout_logic.Calculations object at 0x0000028C6F3832F0>.order\n +      where <logic.takeout_logic.Calculations object at 0x0000028C6F3832F0> = <test_phoneorder_card.TestPhoneOrderCard object at 0x0000028C6F3086E0>.phone", "trace": "self = <test_phoneorder_card.TestPhoneOrderCard object at 0x0000028C6F3086E0>\n\n    @allure.story(\"Phone Order Save and Update and Pay By card\")\n    @allure.title(\"Process a phone order with Save and then Pay\")\n    def test_phoneorder_update_pay(self):\n    \n>       assert self.phone.order(\"Phone Order\") == True\nE       AssertionError: assert 'ERROR IS Message: \\nStacktrace:\\nNoSuchElementError: An element could not be located on the page using the given sear...ata\\\\Roaming\\\\npm\\\\node_modules\\\\appium\\\\node_modules\\\\@appium\\\\base-driver\\\\lib\\\\basedriver\\\\commands\\\\find.ts:75:12)' == True\nE        +  where 'ERROR IS Message: \\nStacktrace:\\nNoSuchElementError: An element could not be located on the page using the given sear...ata\\\\Roaming\\\\npm\\\\node_modules\\\\appium\\\\node_modules\\\\@appium\\\\base-driver\\\\lib\\\\basedriver\\\\commands\\\\find.ts:75:12)' = order('Phone Order')\nE        +    where order = <logic.takeout_logic.Calculations object at 0x0000028C6F3832F0>.order\nE        +      where <logic.takeout_logic.Calculations object at 0x0000028C6F3832F0> = <test_phoneorder_card.TestPhoneOrderCard object at 0x0000028C6F3086E0>.phone\n\nsuits\\test_orderflows\\test_card\\test_phoneorder_card.py:57: AssertionError"}, "start": 1741781481892, "stop": 1741781492265, "uuid": "33793d1a-49eb-4965-90fa-1cf8776ae316", "historyId": "1327008c159474be0943f5c40138e721", "testCaseId": "1327008c159474be0943f5c40138e721", "fullName": "suits.test_orderflows.test_card.test_phoneorder_card.TestPhoneOrderCard#test_phoneorder_update_pay", "labels": [{"name": "feature", "value": "Sanity Sheet"}, {"name": "story", "value": "Phone Order Save and Update and Pay By card"}, {"name": "parentSuite", "value": "suits.test_orderflows.test_card"}, {"name": "suite", "value": "test_phoneorder_card"}, {"name": "subSuite", "value": "TestPhoneOrderCard"}, {"name": "host", "value": "LAPTOP-KKMKONCC"}, {"name": "thread", "value": "11680-MainThread"}, {"name": "framework", "value": "pytest"}, {"name": "language", "value": "cpython3"}, {"name": "package", "value": "suits.test_orderflows.test_card.test_phoneorder_card"}]}