{"name": "Apply Discount to the Order", "status": "failed", "statusDetails": {"message": "AssertionError: assert 'error Message: An unknown server-side error occurred while processing the command. Original error: Could not proxy co...ata\\\\Roaming\\\\npm\\\\node_modules\\\\appium\\\\node_modules\\\\@appium\\\\base-driver\\\\lib\\\\basedriver\\\\commands\\\\find.ts:75:12)' == True\n +  where 'error Message: An unknown server-side error occurred while processing the command. Original error: Could not proxy co...ata\\\\Roaming\\\\npm\\\\node_modules\\\\appium\\\\node_modules\\\\@appium\\\\base-driver\\\\lib\\\\basedriver\\\\commands\\\\find.ts:75:12)' = add_discount()\n +    where add_discount = <logic.takeout_logic.Calculations object at 0x000001DFCF1303D0>.add_discount\n +      where <logic.takeout_logic.Calculations object at 0x000001DFCF1303D0> = <test_cash.test_openorder_cash.TestOpenOrderCash object at 0x000001DFCF1332E0>.calc", "trace": "self = <test_cash.test_openorder_cash.TestOpenOrderCash object at 0x000001DFCF1332E0>\n\n    @allure.story(\"Order Modifications\")\n    @allure.title(\"Apply Discount to the Order\")\n    @allure.description(\"Validates that a discount can be applied to an order.\")\n    def test_add_discount(self):\n>       assert self.calc.add_discount() == True\nE       AssertionError: assert 'error Message: An unknown server-side error occurred while processing the command. Original error: Could not proxy co...ata\\\\Roaming\\\\npm\\\\node_modules\\\\appium\\\\node_modules\\\\@appium\\\\base-driver\\\\lib\\\\basedriver\\\\commands\\\\find.ts:75:12)' == True\nE        +  where 'error Message: An unknown server-side error occurred while processing the command. Original error: Could not proxy co...ata\\\\Roaming\\\\npm\\\\node_modules\\\\appium\\\\node_modules\\\\@appium\\\\base-driver\\\\lib\\\\basedriver\\\\commands\\\\find.ts:75:12)' = add_discount()\nE        +    where add_discount = <logic.takeout_logic.Calculations object at 0x000001DFCF1303D0>.add_discount\nE        +      where <logic.takeout_logic.Calculations object at 0x000001DFCF1303D0> = <test_cash.test_openorder_cash.TestOpenOrderCash object at 0x000001DFCF1332E0>.calc\n\nsuits\\test_orderflows\\test_cash\\test_openorder_cash.py:37: AssertionError"}, "description": "Validates that a discount can be applied to an order.", "start": 1741861947530, "stop": 1741861947551, "uuid": "7be13d69-1375-4e68-a728-7d6dfdc23493", "historyId": "f2929d02fde52f9ea38a653badf0ea85", "testCaseId": "f2929d02fde52f9ea38a653badf0ea85", "fullName": "suits.test_orderflows.test_cash.test_openorder_cash.TestOpenOrderCash#test_add_discount", "labels": [{"name": "Module", "value": "Order Management"}, {"name": "feature", "value": "Open Order Flow - Cash Payment"}, {"name": "Type", "value": "Functional Test"}, {"name": "story", "value": "Order Modifications"}, {"name": "parentSuite", "value": "suits.test_orderflows.test_cash"}, {"name": "suite", "value": "test_openorder_cash"}, {"name": "subSuite", "value": "TestOpenOrderCash"}, {"name": "host", "value": "LAPTOP-KKMKONCC"}, {"name": "thread", "value": "9524-MainThread"}, {"name": "framework", "value": "pytest"}, {"name": "language", "value": "cpython3"}, {"name": "package", "value": "suits.test_orderflows.test_cash.test_openorder_cash"}]}