{"name": "test_check_tax_added", "status": "failed", "statusDetails": {"message": "AssertionError: assert 'Error is Message: An element could not be located on the page using the given search parameters.; For documentation o...ata\\\\Roaming\\\\npm\\\\node_modules\\\\appium\\\\node_modules\\\\@appium\\\\base-driver\\\\lib\\\\basedriver\\\\commands\\\\find.ts:75:12)' is True\n +  where 'Error is Message: An element could not be located on the page using the given search parameters.; For documentation o...ata\\\\Roaming\\\\npm\\\\node_modules\\\\appium\\\\node_modules\\\\@appium\\\\base-driver\\\\lib\\\\basedriver\\\\commands\\\\find.ts:75:12)' = check_tax()\n +    where check_tax = <logic.setup_logic.Setup object at 0x000001968F24EFB0>.check_tax\n +      where <logic.setup_logic.Setup object at 0x000001968F24EFB0> = <test_setup.TestSetUpFlow object at 0x000001968F31BA60>.setup", "trace": "self = <test_setup.TestSetUpFlow object at 0x000001968F31BA60>\n\n    def test_check_tax_added(self):\n>       assert self.setup.check_tax() is True\nE       AssertionError: assert 'Error is Message: An element could not be located on the page using the given search parameters.; For documentation o...ata\\\\Roaming\\\\npm\\\\node_modules\\\\appium\\\\node_modules\\\\@appium\\\\base-driver\\\\lib\\\\basedriver\\\\commands\\\\find.ts:75:12)' is True\nE        +  where 'Error is Message: An element could not be located on the page using the given search parameters.; For documentation o...ata\\\\Roaming\\\\npm\\\\node_modules\\\\appium\\\\node_modules\\\\@appium\\\\base-driver\\\\lib\\\\basedriver\\\\commands\\\\find.ts:75:12)' = check_tax()\nE        +    where check_tax = <logic.setup_logic.Setup object at 0x000001968F24EFB0>.check_tax\nE        +      where <logic.setup_logic.Setup object at 0x000001968F24EFB0> = <test_setup.TestSetUpFlow object at 0x000001968F31BA60>.setup\n\nAutomation-logic\\suits\\test_setup\\test_setup.py:51: AssertionError"}, "start": 1743599843392, "stop": 1743599848382, "uuid": "d466f321-44b4-4a66-9db9-106c6686c25b", "historyId": "ae5a8d054b9d0d040bde4c9d82fdf433", "testCaseId": "ae5a8d054b9d0d040bde4c9d82fdf433", "fullName": "suits.test_setup.test_setup.TestSetUpFlow#test_check_tax_added", "labels": [{"name": "feature", "value": "Setup Testflow"}, {"name": "parentSuite", "value": "suits.test_setup"}, {"name": "suite", "value": "test_setup"}, {"name": "subSuite", "value": "TestSetUpFlow"}, {"name": "host", "value": "LAPTOP-KKMKONCC"}, {"name": "thread", "value": "5708-MainThread"}, {"name": "framework", "value": "pytest"}, {"name": "language", "value": "cpython3"}, {"name": "package", "value": "suits.test_setup.test_setup"}]}