{"name": "test_final_tax_check", "status": "failed", "statusDetails": {"message": "AssertionError: assert 'Error is Message: An element could not be located on the page using the given search parameters.; For documentation o...ata\\\\Roaming\\\\npm\\\\node_modules\\\\appium\\\\node_modules\\\\@appium\\\\base-driver\\\\lib\\\\basedriver\\\\commands\\\\find.ts:75:12)' is True\n +  where 'Error is Message: An element could not be located on the page using the given search parameters.; For documentation o...ata\\\\Roaming\\\\npm\\\\node_modules\\\\appium\\\\node_modules\\\\@appium\\\\base-driver\\\\lib\\\\basedriver\\\\commands\\\\find.ts:75:12)' = check_tax(1)\n +    where check_tax = <logic.setup_logic.Setup object at 0x000001968F24E290>.check_tax\n +      where <logic.setup_logic.Setup object at 0x000001968F24E290> = <test_setup.TestSetUpFlow object at 0x000001968F319390>.setup", "trace": "self = <test_setup.TestSetUpFlow object at 0x000001968F319390>\n\n    def test_final_tax_check(self):\n>       assert self.setup.check_tax(1) is True\nE       AssertionError: assert 'Error is Message: An element could not be located on the page using the given search parameters.; For documentation o...ata\\\\Roaming\\\\npm\\\\node_modules\\\\appium\\\\node_modules\\\\@appium\\\\base-driver\\\\lib\\\\basedriver\\\\commands\\\\find.ts:75:12)' is True\nE        +  where 'Error is Message: An element could not be located on the page using the given search parameters.; For documentation o...ata\\\\Roaming\\\\npm\\\\node_modules\\\\appium\\\\node_modules\\\\@appium\\\\base-driver\\\\lib\\\\basedriver\\\\commands\\\\find.ts:75:12)' = check_tax(1)\nE        +    where check_tax = <logic.setup_logic.Setup object at 0x000001968F24E290>.check_tax\nE        +      where <logic.setup_logic.Setup object at 0x000001968F24E290> = <test_setup.TestSetUpFlow object at 0x000001968F319390>.setup\n\nAutomation-logic\\suits\\test_setup\\test_setup.py:92: AssertionError"}, "start": 1743599858289, "stop": 1743599862451, "uuid": "528aa6e3-bdce-4367-8dd7-84d4894ea94d", "historyId": "9d611cfc889282ffc08814d6b8e3615d", "testCaseId": "9d611cfc889282ffc08814d6b8e3615d", "fullName": "suits.test_setup.test_setup.TestSetUpFlow#test_final_tax_check", "labels": [{"name": "feature", "value": "Setup Testflow"}, {"name": "parentSuite", "value": "suits.test_setup"}, {"name": "suite", "value": "test_setup"}, {"name": "subSuite", "value": "TestSetUpFlow"}, {"name": "host", "value": "LAPTOP-KKMKONCC"}, {"name": "thread", "value": "5708-MainThread"}, {"name": "framework", "value": "pytest"}, {"name": "language", "value": "cpython3"}, {"name": "package", "value": "suits.test_setup.test_setup"}]}