{"name": "test_tip", "status": "failed", "statusDetails": {"message": "AssertionError: assert 'Error is Message: \\nStacktrace:\\nNoSuchElementError: An element could not be located on the page using the given sear...ata\\\\Roaming\\\\npm\\\\node_modules\\\\appium\\\\node_modules\\\\@appium\\\\base-driver\\\\lib\\\\basedriver\\\\commands\\\\find.ts:75:12)' is True\n +  where 'Error is Message: \\nStacktrace:\\nNoSuchElementError: An element could not be located on the page using the given sear...ata\\\\Roaming\\\\npm\\\\node_modules\\\\appium\\\\node_modules\\\\@appium\\\\base-driver\\\\lib\\\\basedriver\\\\commands\\\\find.ts:75:12)' = tip_editing()\n +    where tip_editing = <logic.setup_logic.Setup object at 0x00000256C86FF700>.tip_editing\n +      where <logic.setup_logic.Setup object at 0x00000256C86FF700> = <test_setup.TestSetUpFlow object at 0x00000256C863A2C0>.setup", "trace": "self = <test_setup.TestSetUpFlow object at 0x00000256C863A2C0>\n\n    def test_tip(self):\n>       assert self.setup.tip_editing() is True\nE       AssertionError: assert 'Error is Message: \\nStacktrace:\\nNoSuchElementError: An element could not be located on the page using the given sear...ata\\\\Roaming\\\\npm\\\\node_modules\\\\appium\\\\node_modules\\\\@appium\\\\base-driver\\\\lib\\\\basedriver\\\\commands\\\\find.ts:75:12)' is True\nE        +  where 'Error is Message: \\nStacktrace:\\nNoSuchElementError: An element could not be located on the page using the given sear...ata\\\\Roaming\\\\npm\\\\node_modules\\\\appium\\\\node_modules\\\\@appium\\\\base-driver\\\\lib\\\\basedriver\\\\commands\\\\find.ts:75:12)' = tip_editing()\nE        +    where tip_editing = <logic.setup_logic.Setup object at 0x00000256C86FF700>.tip_editing\nE        +      where <logic.setup_logic.Setup object at 0x00000256C86FF700> = <test_setup.TestSetUpFlow object at 0x00000256C863A2C0>.setup\n\nAutomation-logic\\suits\\test_setup\\test_setup.py:29: AssertionError"}, "start": 1743601796625, "stop": 1743601826657, "uuid": "69d782d2-198e-4ac6-a443-e20283f55923", "historyId": "e4f50cb10e26e558ca28fa337e2a83bf", "testCaseId": "e4f50cb10e26e558ca28fa337e2a83bf", "fullName": "suits.test_setup.test_setup.TestSetUpFlow#test_tip", "labels": [{"name": "feature", "value": "Setup Testflow"}, {"name": "parentSuite", "value": "suits.test_setup"}, {"name": "suite", "value": "test_setup"}, {"name": "subSuite", "value": "TestSetUpFlow"}, {"name": "host", "value": "LAPTOP-KKMKONCC"}, {"name": "thread", "value": "21844-MainThread"}, {"name": "framework", "value": "pytest"}, {"name": "language", "value": "cpython3"}, {"name": "package", "value": "suits.test_setup.test_setup"}]}