{"name": "test_removed_tax_check", "status": "failed", "statusDetails": {"message": "AssertionError: assert 'Error is Message: An element could not be located on the page using the given search parameters.; For documentation o...ata\\\\Roaming\\\\npm\\\\node_modules\\\\appium\\\\node_modules\\\\@appium\\\\base-driver\\\\lib\\\\basedriver\\\\commands\\\\find.ts:75:12)' is True\n +  where 'Error is Message: An element could not be located on the page using the given search parameters.; For documentation o...ata\\\\Roaming\\\\npm\\\\node_modules\\\\appium\\\\node_modules\\\\@appium\\\\base-driver\\\\lib\\\\basedriver\\\\commands\\\\find.ts:75:12)' = check_tax(1)\n +    where check_tax = <logic.setup_logic.Setup object at 0x000002589BE3DEA0>.check_tax\n +      where <logic.setup_logic.Setup object at 0x000002589BE3DEA0> = <test_setup.TestSetUpFlow object at 0x000002589BD78550>.setup", "trace": "self = <test_setup.TestSetUpFlow object at 0x000002589BD78550>\n\n    def test_removed_tax_check(self):\n>       assert self.setup.check_tax(1) is True\nE       AssertionError: assert 'Error is Message: An element could not be located on the page using the given search parameters.; For documentation o...ata\\\\Roaming\\\\npm\\\\node_modules\\\\appium\\\\node_modules\\\\@appium\\\\base-driver\\\\lib\\\\basedriver\\\\commands\\\\find.ts:75:12)' is True\nE        +  where 'Error is Message: An element could not be located on the page using the given search parameters.; For documentation o...ata\\\\Roaming\\\\npm\\\\node_modules\\\\appium\\\\node_modules\\\\@appium\\\\base-driver\\\\lib\\\\basedriver\\\\commands\\\\find.ts:75:12)' = check_tax(1)\nE        +    where check_tax = <logic.setup_logic.Setup object at 0x000002589BE3DEA0>.check_tax\nE        +      where <logic.setup_logic.Setup object at 0x000002589BE3DEA0> = <test_setup.TestSetUpFlow object at 0x000002589BD78550>.setup\n\nAutomation-logic\\suits\\test_setup\\test_setup.py:94: AssertionError"}, "start": 1743601608383, "stop": 1743601612003, "uuid": "bd23642c-7228-4f48-9baf-561f87f12043", "historyId": "af2ee525e5eee669972bbde40e4dd99a", "testCaseId": "af2ee525e5eee669972bbde40e4dd99a", "fullName": "suits.test_setup.test_setup.TestSetUpFlow#test_removed_tax_check", "labels": [{"name": "feature", "value": "Setup Testflow"}, {"name": "parentSuite", "value": "suits.test_setup"}, {"name": "suite", "value": "test_setup"}, {"name": "subSuite", "value": "TestSetUpFlow"}, {"name": "host", "value": "LAPTOP-KKMKONCC"}, {"name": "thread", "value": "17792-MainThread"}, {"name": "framework", "value": "pytest"}, {"name": "language", "value": "cpython3"}, {"name": "package", "value": "suits.test_setup.test_setup"}]}