{"name": "Process a phone order and Cancel it", "status": "failed", "statusDetails": {"message": "AssertionError: assert 'Error as Message: \\nStacktrace:\\nNoSuchElementError: An element could not be located on the page using the given sear...ata\\\\Roaming\\\\npm\\\\node_modules\\\\appium\\\\node_modules\\\\@appium\\\\base-driver\\\\lib\\\\basedriver\\\\commands\\\\find.ts:75:12)' == True\n +  where 'Error as Message: \\nStacktrace:\\nNoSuchElementError: An element could not be located on the page using the given sear...ata\\\\Roaming\\\\npm\\\\node_modules\\\\appium\\\\node_modules\\\\@appium\\\\base-driver\\\\lib\\\\basedriver\\\\commands\\\\find.ts:75:12)' = save_order('Cancel')\n +    where save_order = <logic.takeout_logic.Calculations object at 0x00000119E1173880>.save_order\n +      where <logic.takeout_logic.Calculations object at 0x00000119E1173880> = <test_cash.test_phoneorder_cash.TestPhoneOrderCash object at 0x00000119E10BA9B0>.phone", "trace": "self = <test_cash.test_phoneorder_cash.TestPhoneOrderCash object at 0x00000119E10BA9B0>\n\n    @allure.story(\"Phone Order Save and Cancel\")\n    @allure.title(\"Process a phone order and Cancel it\")\n    def test_phoneorder_cancel_order(self):\n    \n        assert self.phone.order(\"Phone Order\") == True\n        assert self.phone.phone_order() == True\n        assert self.phone.add_multiple_items(3)\n>       assert self.phone.save_order(\"Cancel\") == True\nE       AssertionError: assert 'Error as Message: \\nStacktrace:\\nNoSuchElementError: An element could not be located on the page using the given sear...ata\\\\Roaming\\\\npm\\\\node_modules\\\\appium\\\\node_modules\\\\@appium\\\\base-driver\\\\lib\\\\basedriver\\\\commands\\\\find.ts:75:12)' == True\nE        +  where 'Error as Message: \\nStacktrace:\\nNoSuchElementError: An element could not be located on the page using the given sear...ata\\\\Roaming\\\\npm\\\\node_modules\\\\appium\\\\node_modules\\\\@appium\\\\base-driver\\\\lib\\\\basedriver\\\\commands\\\\find.ts:75:12)' = save_order('Cancel')\nE        +    where save_order = <logic.takeout_logic.Calculations object at 0x00000119E1173880>.save_order\nE        +      where <logic.takeout_logic.Calculations object at 0x00000119E1173880> = <test_cash.test_phoneorder_cash.TestPhoneOrderCash object at 0x00000119E10BA9B0>.phone\n\nAutomation-logic\\suits\\test_orderflows\\test_cash\\test_phoneorder_cash.py:64: AssertionError"}, "start": 1742909986204, "stop": 1742910051592, "uuid": "03495ab3-5be1-4363-8c76-75e7b759c599", "historyId": "1d1d11021c7e82cda853b5086d6e9e1a", "testCaseId": "1d1d11021c7e82cda853b5086d6e9e1a", "fullName": "suits.test_orderflows.test_cash.test_phoneorder_cash.TestPhoneOrderCash#test_phoneorder_cancel_order", "labels": [{"name": "feature", "value": "Phone order in Cash"}, {"name": "story", "value": "Phone Order Save and Cancel"}, {"name": "epic", "value": "Orderflow"}, {"name": "parentSuite", "value": "suits.test_orderflows.test_cash"}, {"name": "suite", "value": "test_phoneorder_cash"}, {"name": "subSuite", "value": "TestPhoneOrderCash"}, {"name": "host", "value": "LAPTOP-KKMKONCC"}, {"name": "thread", "value": "10080-MainThread"}, {"name": "framework", "value": "pytest"}, {"name": "language", "value": "cpython3"}, {"name": "package", "value": "suits.test_orderflows.test_cash.test_phoneorder_cash"}]}