{"name": "Process a phone order and Cancel it", "status": "failed", "statusDetails": {"message": "AssertionError: assert 'ERROR IS Message: \\nStacktrace:\\nNoSuchElementError: An element could not be located on the page using the given sear...ata\\\\Roaming\\\\npm\\\\node_modules\\\\appium\\\\node_modules\\\\@appium\\\\base-driver\\\\lib\\\\basedriver\\\\commands\\\\find.ts:75:12)' == True\n +  where 'ERROR IS Message: \\nStacktrace:\\nNoSuchElementError: An element could not be located on the page using the given sear...ata\\\\Roaming\\\\npm\\\\node_modules\\\\appium\\\\node_modules\\\\@appium\\\\base-driver\\\\lib\\\\basedriver\\\\commands\\\\find.ts:75:12)' = order('Phone Order')\n +    where order = <logic.takeout_logic.Calculations object at 0x000002538CF8C7F0>.order\n +      where <logic.takeout_logic.Calculations object at 0x000002538CF8C7F0> = <test_cash.test_phoneorder_cash.TestPhoneOrderCash object at 0x000002538CECA740>.phone", "trace": "self = <test_cash.test_phoneorder_cash.TestPhoneOrderCash object at 0x000002538CECA740>\n\n>   ???\nE   AssertionError: assert 'ERROR IS Message: \\nStacktrace:\\nNoSuchElementError: An element could not be located on the page using the given sear...ata\\\\Roaming\\\\npm\\\\node_modules\\\\appium\\\\node_modules\\\\@appium\\\\base-driver\\\\lib\\\\basedriver\\\\commands\\\\find.ts:75:12)' == True\nE    +  where 'ERROR IS Message: \\nStacktrace:\\nNoSuchElementError: An element could not be located on the page using the given sear...ata\\\\Roaming\\\\npm\\\\node_modules\\\\appium\\\\node_modules\\\\@appium\\\\base-driver\\\\lib\\\\basedriver\\\\commands\\\\find.ts:75:12)' = order('Phone Order')\nE    +    where order = <logic.takeout_logic.Calculations object at 0x000002538CF8C7F0>.order\nE    +      where <logic.takeout_logic.Calculations object at 0x000002538CF8C7F0> = <test_cash.test_phoneorder_cash.TestPhoneOrderCash object at 0x000002538CECA740>.phone\n\nC:\\Users\\rutwik\\Automation\\suits\\test_orderflows\\test_cash\\test_phoneorder_cash.py:66: AssertionError"}, "start": 1742311031883, "stop": 1742311042525, "uuid": "1a4d1408-ba9c-4e54-8f74-0fc8bcc1992c", "historyId": "1d1d11021c7e82cda853b5086d6e9e1a", "testCaseId": "1d1d11021c7e82cda853b5086d6e9e1a", "fullName": "suits.test_orderflows.test_cash.test_phoneorder_cash.TestPhoneOrderCash#test_phoneorder_cancel_order", "labels": [{"name": "story", "value": "Phone Order Save and Cancel"}, {"name": "feature", "value": "Sanity Sheet"}, {"name": "parentSuite", "value": "suits.test_orderflows.test_cash"}, {"name": "suite", "value": "test_phoneorder_cash"}, {"name": "subSuite", "value": "TestPhoneOrderCash"}, {"name": "host", "value": "LAPTOP-KKMKONCC"}, {"name": "thread", "value": "11388-MainThread"}, {"name": "framework", "value": "pytest"}, {"name": "language", "value": "cpython3"}, {"name": "package", "value": "suits.test_orderflows.test_cash.test_phoneorder_cash"}]}