{"name": "Process a phone order with cash payment and refund", "status": "failed", "statusDetails": {"message": "AssertionError: assert 'ERROR IS Message: \\nStacktrace:\\nNoSuchElementError: An element could not be located on the page using the given sear...ata\\\\Roaming\\\\npm\\\\node_modules\\\\appium\\\\node_modules\\\\@appium\\\\base-driver\\\\lib\\\\basedriver\\\\commands\\\\find.ts:75:12)' == True\n +  where 'ERROR IS Message: \\nStacktrace:\\nNoSuchElementError: An element could not be located on the page using the given sear...ata\\\\Roaming\\\\npm\\\\node_modules\\\\appium\\\\node_modules\\\\@appium\\\\base-driver\\\\lib\\\\basedriver\\\\commands\\\\find.ts:75:12)' = order('Phone Order')\n +    where order = <logic.takeout_logic.Calculations object at 0x000001A9C5E04820>.order\n +      where <logic.takeout_logic.Calculations object at 0x000001A9C5E04820> = <test_phoneorder_card.TestPhoneOrderCard object at 0x000001A9C5D686A0>.phone", "trace": "self = <test_phoneorder_card.TestPhoneOrderCard object at 0x000001A9C5D686A0>\n\n    @allure.story(\"Phone Order Payment \")\n    @allure.title(\"Process a phone order with cash payment and refund\")\n    def test_phoneorder_card_payment(self):\n    \n>       assert self.phone.order(\"Phone Order\") == True\nE       AssertionError: assert 'ERROR IS Message: \\nStacktrace:\\nNoSuchElementError: An element could not be located on the page using the given sear...ata\\\\Roaming\\\\npm\\\\node_modules\\\\appium\\\\node_modules\\\\@appium\\\\base-driver\\\\lib\\\\basedriver\\\\commands\\\\find.ts:75:12)' == True\nE        +  where 'ERROR IS Message: \\nStacktrace:\\nNoSuchElementError: An element could not be located on the page using the given sear...ata\\\\Roaming\\\\npm\\\\node_modules\\\\appium\\\\node_modules\\\\@appium\\\\base-driver\\\\lib\\\\basedriver\\\\commands\\\\find.ts:75:12)' = order('Phone Order')\nE        +    where order = <logic.takeout_logic.Calculations object at 0x000001A9C5E04820>.order\nE        +      where <logic.takeout_logic.Calculations object at 0x000001A9C5E04820> = <test_phoneorder_card.TestPhoneOrderCard object at 0x000001A9C5D686A0>.phone\n\nAutomation-logic\\suits\\test_orderflows\\test_card\\test_phoneorder_card.py:27: AssertionError"}, "start": 1743602846703, "stop": 1743602857272, "uuid": "5ad189ee-efba-4336-be52-cb72bcc61c4f", "historyId": "5a5bf354ee313e5d52feb75c5451716d", "testCaseId": "5a5bf354ee313e5d52feb75c5451716d", "fullName": "suits.test_orderflows.test_card.test_phoneorder_card.TestPhoneOrderCard#test_phoneorder_card_payment", "labels": [{"name": "epic", "value": "Orderflow"}, {"name": "feature", "value": "Phone order in Card"}, {"name": "story", "value": "Phone Order Payment "}, {"name": "parentSuite", "value": "suits.test_orderflows.test_card"}, {"name": "suite", "value": "test_phoneorder_card"}, {"name": "subSuite", "value": "TestPhoneOrderCard"}, {"name": "host", "value": "LAPTOP-KKMKONCC"}, {"name": "thread", "value": "11748-MainThread"}, {"name": "framework", "value": "pytest"}, {"name": "language", "value": "cpython3"}, {"name": "package", "value": "suits.test_orderflows.test_card.test_phoneorder_card"}]}