{"name": "test_check_taxadded", "status": "failed", "statusDetails": {"message": "AssertionError: assert 'Error is Message: An element could not be located on the page using the given search parameters.; For documentation o...ata\\\\Roaming\\\\npm\\\\node_modules\\\\appium\\\\node_modules\\\\@appium\\\\base-driver\\\\lib\\\\basedriver\\\\commands\\\\find.ts:75:12)' is True\n +  where 'Error is Message: An element could not be located on the page using the given search parameters.; For documentation o...ata\\\\Roaming\\\\npm\\\\node_modules\\\\appium\\\\node_modules\\\\@appium\\\\base-driver\\\\lib\\\\basedriver\\\\commands\\\\find.ts:75:12)' = check_tax()\n +    where check_tax = <logic.setup_logic.Setup object at 0x00000168D0290BE0>.check_tax\n +      where <logic.setup_logic.Setup object at 0x00000168D0290BE0> = <test_setup.TestSetUpFlow object at 0x00000168D01EAEC0>.setup", "trace": "self = <test_setup.TestSetUpFlow object at 0x00000168D01EAEC0>\n\n    def test_check_taxadded(self):\n>       assert self.setup.check_tax() is True\nE       AssertionError: assert 'Error is Message: An element could not be located on the page using the given search parameters.; For documentation o...ata\\\\Roaming\\\\npm\\\\node_modules\\\\appium\\\\node_modules\\\\@appium\\\\base-driver\\\\lib\\\\basedriver\\\\commands\\\\find.ts:75:12)' is True\nE        +  where 'Error is Message: An element could not be located on the page using the given search parameters.; For documentation o...ata\\\\Roaming\\\\npm\\\\node_modules\\\\appium\\\\node_modules\\\\@appium\\\\base-driver\\\\lib\\\\basedriver\\\\commands\\\\find.ts:75:12)' = check_tax()\nE        +    where check_tax = <logic.setup_logic.Setup object at 0x00000168D0290BE0>.check_tax\nE        +      where <logic.setup_logic.Setup object at 0x00000168D0290BE0> = <test_setup.TestSetUpFlow object at 0x00000168D01EAEC0>.setup\n\nAutomation-logic\\suits\\test_setup\\test_setup.py:51: AssertionError"}, "start": 1742900998104, "stop": 1742901003274, "uuid": "10ec42e0-92f1-47b7-ad77-7880853fd944", "historyId": "b112daffb577132ac2fb7ce7e0ae0d63", "testCaseId": "b112daffb577132ac2fb7ce7e0ae0d63", "fullName": "suits.test_setup.test_setup.TestSetUpFlow#test_check_taxadded", "labels": [{"name": "feature", "value": "Developer 1 Report"}, {"name": "parentSuite", "value": "suits.test_setup"}, {"name": "suite", "value": "test_setup"}, {"name": "subSuite", "value": "TestSetUpFlow"}, {"name": "host", "value": "LAPTOP-KKMKONCC"}, {"name": "thread", "value": "14628-MainThread"}, {"name": "framework", "value": "pytest"}, {"name": "language", "value": "cpython3"}, {"name": "package", "value": "suits.test_setup.test_setup"}]}