{"name": "test_delete_discount", "status": "failed", "statusDetails": {"message": "AssertionError: assert 'Errorr is Message: \\nStacktrace:\\nNoSuchElementError: An element could not be located on the page using the given sea...ata\\\\Roaming\\\\npm\\\\node_modules\\\\appium\\\\node_modules\\\\@appium\\\\base-driver\\\\lib\\\\basedriver\\\\commands\\\\find.ts:75:12)' is True\n +  where 'Errorr is Message: \\nStacktrace:\\nNoSuchElementError: An element could not be located on the page using the given sea...ata\\\\Roaming\\\\npm\\\\node_modules\\\\appium\\\\node_modules\\\\@appium\\\\base-driver\\\\lib\\\\basedriver\\\\commands\\\\find.ts:75:12)' = remove_discount()\n +    where remove_discount = <logic.setup_logic.Setup object at 0x00000227A05E3DF0>.remove_discount\n +      where <logic.setup_logic.Setup object at 0x00000227A05E3DF0> = <test_setup.TestSetUpFlow object at 0x00000227A0567730>.setup", "trace": "self = <test_setup.TestSetUpFlow object at 0x00000227A0567730>\n\n    def test_delete_discount(self):\n>       assert self.setup.remove_discount() is True\nE       AssertionError: assert 'Errorr is Message: \\nStacktrace:\\nNoSuchElementError: An element could not be located on the page using the given sea...ata\\\\Roaming\\\\npm\\\\node_modules\\\\appium\\\\node_modules\\\\@appium\\\\base-driver\\\\lib\\\\basedriver\\\\commands\\\\find.ts:75:12)' is True\nE        +  where 'Errorr is Message: \\nStacktrace:\\nNoSuchElementError: An element could not be located on the page using the given sea...ata\\\\Roaming\\\\npm\\\\node_modules\\\\appium\\\\node_modules\\\\@appium\\\\base-driver\\\\lib\\\\basedriver\\\\commands\\\\find.ts:75:12)' = remove_discount()\nE        +    where remove_discount = <logic.setup_logic.Setup object at 0x00000227A05E3DF0>.remove_discount\nE        +      where <logic.setup_logic.Setup object at 0x00000227A05E3DF0> = <test_setup.TestSetUpFlow object at 0x00000227A0567730>.setup\n\nAutomation-logic\\suits\\test_setup\\test_setup.py:72: AssertionError"}, "start": 1743599535368, "stop": 1743599552512, "uuid": "4d07b98f-df77-4e6b-8ba1-4771063869eb", "historyId": "e883706edb2c5858cbad77886496b813", "testCaseId": "e883706edb2c5858cbad77886496b813", "fullName": "suits.test_setup.test_setup.TestSetUpFlow#test_delete_discount", "labels": [{"name": "feature", "value": "Developer 1 Report"}, {"name": "parentSuite", "value": "suits.test_setup"}, {"name": "suite", "value": "test_setup"}, {"name": "subSuite", "value": "TestSetUpFlow"}, {"name": "host", "value": "LAPTOP-KKMKONCC"}, {"name": "thread", "value": "11572-MainThread"}, {"name": "framework", "value": "pytest"}, {"name": "language", "value": "cpython3"}, {"name": "package", "value": "suits.test_setup.test_setup"}]}