{"name": "test_check_tax_added", "status": "failed", "statusDetails": {"message": "AssertionError: assert 'Error is Message: An element could not be located on the page using the given search parameters.; For documentation o...ata\\\\Roaming\\\\npm\\\\node_modules\\\\appium\\\\node_modules\\\\@appium\\\\base-driver\\\\lib\\\\basedriver\\\\commands\\\\find.ts:75:12)' is True\n +  where 'Error is Message: An element could not be located on the page using the given search parameters.; For documentation o...ata\\\\Roaming\\\\npm\\\\node_modules\\\\appium\\\\node_modules\\\\@appium\\\\base-driver\\\\lib\\\\basedriver\\\\commands\\\\find.ts:75:12)' = check_tax()\n +    where check_tax = <logic.setup_logic.Setup object at 0x000002191AD89210>.check_tax\n +      where <logic.setup_logic.Setup object at 0x000002191AD89210> = <test_setup.TestSetUpFlow object at 0x000002191AD2AEF0>.setup", "trace": "self = <test_setup.TestSetUpFlow object at 0x000002191AD2AEF0>\n\n    def test_check_tax_added(self):\n>       assert self.setup.check_tax() is True\nE       AssertionError: assert 'Error is Message: An element could not be located on the page using the given search parameters.; For documentation o...ata\\\\Roaming\\\\npm\\\\node_modules\\\\appium\\\\node_modules\\\\@appium\\\\base-driver\\\\lib\\\\basedriver\\\\commands\\\\find.ts:75:12)' is True\nE        +  where 'Error is Message: An element could not be located on the page using the given search parameters.; For documentation o...ata\\\\Roaming\\\\npm\\\\node_modules\\\\appium\\\\node_modules\\\\@appium\\\\base-driver\\\\lib\\\\basedriver\\\\commands\\\\find.ts:75:12)' = check_tax()\nE        +    where check_tax = <logic.setup_logic.Setup object at 0x000002191AD89210>.check_tax\nE        +      where <logic.setup_logic.Setup object at 0x000002191AD89210> = <test_setup.TestSetUpFlow object at 0x000002191AD2AEF0>.setup\n\nAutomation-logic\\suits\\test_setup\\test_setup.py:51: AssertionError"}, "start": 1742918461313, "stop": 1742918465766, "uuid": "99fff152-e41e-4e51-801b-22fbc5ee631a", "historyId": "ae5a8d054b9d0d040bde4c9d82fdf433", "testCaseId": "ae5a8d054b9d0d040bde4c9d82fdf433", "fullName": "suits.test_setup.test_setup.TestSetUpFlow#test_check_tax_added", "labels": [{"name": "feature", "value": "Developer 1 Report"}, {"name": "parentSuite", "value": "suits.test_setup"}, {"name": "suite", "value": "test_setup"}, {"name": "subSuite", "value": "TestSetUpFlow"}, {"name": "host", "value": "LAPTOP-KKMKONCC"}, {"name": "thread", "value": "14920-MainThread"}, {"name": "framework", "value": "pytest"}, {"name": "language", "value": "cpython3"}, {"name": "package", "value": "suits.test_setup.test_setup"}]}