{"name": "Select 'Open Order' for Cash Payment", "status": "failed", "statusDetails": {"message": "AssertionError: assert 'ERROR IS Message: \\nStacktrace:\\nNoSuchElementError: An element could not be located on the page using the given sear...ata\\\\Roaming\\\\npm\\\\node_modules\\\\appium\\\\node_modules\\\\@appium\\\\base-driver\\\\lib\\\\basedriver\\\\commands\\\\find.ts:75:12)' == True\n +  where 'ERROR IS Message: \\nStacktrace:\\nNoSuchElementError: An element could not be located on the page using the given sear...ata\\\\Roaming\\\\npm\\\\node_modules\\\\appium\\\\node_modules\\\\@appium\\\\base-driver\\\\lib\\\\basedriver\\\\commands\\\\find.ts:75:12)' = order('Open Order')\n +    where order = <logic.takeout_logic.Calculations object at 0x000001B717978070>.order\n +      where <logic.takeout_logic.Calculations object at 0x000001B717978070> = <test_cash.test_openorder_cash.TestOpenOrderCash object at 0x000001B7178B2E90>.calc", "trace": "self = <test_cash.test_openorder_cash.TestOpenOrderCash object at 0x000001B7178B2E90>\n\n    @allure.story(\"Order Creation\")\n    @allure.title(\"Select 'Open Order' for Cash Payment\")\n    @allure.description(\"Verifies that the user can successfully select the 'Open Order' option in POS.\")\n    def test_openorder_btn(self):\n>       assert self.calc.order(\"Open Order\") == True\nE       AssertionError: assert 'ERROR IS Message: \\nStacktrace:\\nNoSuchElementError: An element could not be located on the page using the given sear...ata\\\\Roaming\\\\npm\\\\node_modules\\\\appium\\\\node_modules\\\\@appium\\\\base-driver\\\\lib\\\\basedriver\\\\commands\\\\find.ts:75:12)' == True\nE        +  where 'ERROR IS Message: \\nStacktrace:\\nNoSuchElementError: An element could not be located on the page using the given sear...ata\\\\Roaming\\\\npm\\\\node_modules\\\\appium\\\\node_modules\\\\@appium\\\\base-driver\\\\lib\\\\basedriver\\\\commands\\\\find.ts:75:12)' = order('Open Order')\nE        +    where order = <logic.takeout_logic.Calculations object at 0x000001B717978070>.order\nE        +      where <logic.takeout_logic.Calculations object at 0x000001B717978070> = <test_cash.test_openorder_cash.TestOpenOrderCash object at 0x000001B7178B2E90>.calc\n\nsuits\\test_orderflows\\test_cash\\test_openorder_cash.py:23: AssertionError"}, "description": "Verifies that the user can successfully select the 'Open Order' option in POS.", "start": 1741862100539, "stop": 1741862111054, "uuid": "0bbf9e5f-a392-4d9f-a5e1-017a2e50ca31", "historyId": "1d7d7ec0945bf403cfe2546fa05ec601", "testCaseId": "1d7d7ec0945bf403cfe2546fa05ec601", "fullName": "suits.test_orderflows.test_cash.test_openorder_cash.TestOpenOrderCash#test_openorder_btn", "labels": [{"name": "Type", "value": "Functional Test"}, {"name": "feature", "value": "Open Order Flow - Cash Payment"}, {"name": "story", "value": "Order Creation"}, {"name": "Module", "value": "Order Management"}, {"name": "parentSuite", "value": "suits.test_orderflows.test_cash"}, {"name": "suite", "value": "test_openorder_cash"}, {"name": "subSuite", "value": "TestOpenOrderCash"}, {"name": "host", "value": "LAPTOP-KKMKONCC"}, {"name": "thread", "value": "16256-MainThread"}, {"name": "framework", "value": "pytest"}, {"name": "language", "value": "cpython3"}, {"name": "package", "value": "suits.test_orderflows.test_cash.test_openorder_cash"}]}