{"name": "test_final_tax_check", "status": "failed", "statusDetails": {"message": "AssertionError: assert 'Error is Message: \\nStacktrace:\\nNoSuchElementError: An element could not be located on the page using the given sear...ata\\\\Roaming\\\\npm\\\\node_modules\\\\appium\\\\node_modules\\\\@appium\\\\base-driver\\\\lib\\\\basedriver\\\\commands\\\\find.ts:75:12)' is True\n +  where 'Error is Message: \\nStacktrace:\\nNoSuchElementError: An element could not be located on the page using the given sear...ata\\\\Roaming\\\\npm\\\\node_modules\\\\appium\\\\node_modules\\\\@appium\\\\base-driver\\\\lib\\\\basedriver\\\\commands\\\\find.ts:75:12)' = check_tax()\n +    where check_tax = <logic.setup_logic.Setup object at 0x0000027F0A6505B0>.check_tax\n +      where <logic.setup_logic.Setup object at 0x0000027F0A6505B0> = <test_setup.TestSetUpFlow object at 0x0000027F0985AF80>.setup", "trace": "self = <test_setup.TestSetUpFlow object at 0x0000027F0985AF80>\n\n    def test_final_tax_check(self):\n>       assert self.setup.check_tax() is True\nE       AssertionError: assert 'Error is Message: \\nStacktrace:\\nNoSuchElementError: An element could not be located on the page using the given sear...ata\\\\Roaming\\\\npm\\\\node_modules\\\\appium\\\\node_modules\\\\@appium\\\\base-driver\\\\lib\\\\basedriver\\\\commands\\\\find.ts:75:12)' is True\nE        +  where 'Error is Message: \\nStacktrace:\\nNoSuchElementError: An element could not be located on the page using the given sear...ata\\\\Roaming\\\\npm\\\\node_modules\\\\appium\\\\node_modules\\\\@appium\\\\base-driver\\\\lib\\\\basedriver\\\\commands\\\\find.ts:75:12)' = check_tax()\nE        +    where check_tax = <logic.setup_logic.Setup object at 0x0000027F0A6505B0>.check_tax\nE        +      where <logic.setup_logic.Setup object at 0x0000027F0A6505B0> = <test_setup.TestSetUpFlow object at 0x0000027F0985AF80>.setup\n\nAutomation-logic\\suits\\test_setup\\test_setup.py:59: AssertionError"}, "start": 1742918227640, "stop": 1742918238058, "uuid": "25a3ebca-b584-42b8-9273-ba5823ba40f9", "historyId": "9d611cfc889282ffc08814d6b8e3615d", "testCaseId": "9d611cfc889282ffc08814d6b8e3615d", "fullName": "suits.test_setup.test_setup.TestSetUpFlow#test_final_tax_check", "labels": [{"name": "feature", "value": "Developer 1 Report"}, {"name": "parentSuite", "value": "suits.test_setup"}, {"name": "suite", "value": "test_setup"}, {"name": "subSuite", "value": "TestSetUpFlow"}, {"name": "host", "value": "LAPTOP-KKMKONCC"}, {"name": "thread", "value": "23228-MainThread"}, {"name": "framework", "value": "pytest"}, {"name": "language", "value": "cpython3"}, {"name": "package", "value": "suits.test_setup.test_setup"}]}