{"name": "Select Takeout Order", "status": "failed", "statusDetails": {"message": "AssertionError: assert \"ERROR IS Message: An unknown server-side error occurred while processing the command. Original error: 'POST /element'...ata\\\\Roaming\\\\npm\\\\node_modules\\\\appium\\\\node_modules\\\\@appium\\\\base-driver\\\\lib\\\\basedriver\\\\commands\\\\find.ts:75:12)\" == True\n +  where \"ERROR IS Message: An unknown server-side error occurred while processing the command. Original error: 'POST /element'...ata\\\\Roaming\\\\npm\\\\node_modules\\\\appium\\\\node_modules\\\\@appium\\\\base-driver\\\\lib\\\\basedriver\\\\commands\\\\find.ts:75:12)\" = order('Take Out')\n +    where order = <logic.takeout_logic.Calculations object at 0x0000023DA4E05D50>.order\n +      where <logic.takeout_logic.Calculations object at 0x0000023DA4E05D50> = <test_cash.test_takeout_cash.TestTakeoutFlow object at 0x0000023DA6F1E4D0>.calc", "trace": "self = <test_cash.test_takeout_cash.TestTakeoutFlow object at 0x0000023DA6F1E4D0>\n\n    @allure.story(\"Order Management\")\n    @allure.title(\"Select Takeout Order\")\n    def test_take_out_btn(self):\n>       assert self.calc.order(\"Take Out\") == True\nE       assert \"ERROR IS Message: An unknown server-side error occurred while processing the command. Original error: 'POST /element'...ata\\\\Roaming\\\\npm\\\\node_modules\\\\appium\\\\node_modules\\\\@appium\\\\base-driver\\\\lib\\\\basedriver\\\\commands\\\\find.ts:75:12)\" == True\nE        +  where \"ERROR IS Message: An unknown server-side error occurred while processing the command. Original error: 'POST /element'...ata\\\\Roaming\\\\npm\\\\node_modules\\\\appium\\\\node_modules\\\\@appium\\\\base-driver\\\\lib\\\\basedriver\\\\commands\\\\find.ts:75:12)\" = order('Take Out')\nE        +    where order = <logic.takeout_logic.Calculations object at 0x0000023DA4E05D50>.order\nE        +      where <logic.takeout_logic.Calculations object at 0x0000023DA4E05D50> = <test_cash.test_takeout_cash.TestTakeoutFlow object at 0x0000023DA6F1E4D0>.calc\n\nsuits\\test_orderflows\\test_cash\\test_takeout_cash.py:22: AssertionError"}, "start": 1741885755297, "stop": 1741885755309, "uuid": "7ab5ed46-448d-4715-a704-2d0135021720", "historyId": "1bbf2d31ea69aa75b953f1bf8ea58646", "testCaseId": "1bbf2d31ea69aa75b953f1bf8ea58646", "fullName": "suits.test_orderflows.test_cash.test_takeout_cash.TestTakeoutFlow#test_take_out_btn", "labels": [{"name": "feature", "value": "Takeout Order Flow"}, {"name": "story", "value": "Order Management"}, {"name": "parentSuite", "value": "suits.test_orderflows.test_cash"}, {"name": "suite", "value": "test_takeout_cash"}, {"name": "subSuite", "value": "TestTakeoutFlow"}, {"name": "host", "value": "LAPTOP-KKMKONCC"}, {"name": "thread", "value": "17124-MainThread"}, {"name": "framework", "value": "pytest"}, {"name": "language", "value": "cpython3"}, {"name": "package", "value": "suits.test_orderflows.test_cash.test_takeout_cash"}]}