{"name": "Process a phone order with Save and then Pay", "status": "failed", "statusDetails": {"message": "AssertionError: assert 'Error as Message: \\nStacktrace:\\nNoSuchElementError: An element could not be located on the page using the given sear...ata\\\\Roaming\\\\npm\\\\node_modules\\\\appium\\\\node_modules\\\\@appium\\\\base-driver\\\\lib\\\\basedriver\\\\commands\\\\find.ts:75:12)' == True\n +  where 'Error as Message: \\nStacktrace:\\nNoSuchElementError: An element could not be located on the page using the given sear...ata\\\\Roaming\\\\npm\\\\node_modules\\\\appium\\\\node_modules\\\\@appium\\\\base-driver\\\\lib\\\\basedriver\\\\commands\\\\find.ts:75:12)' = save_order(process='Update')\n +    where save_order = <logic.takeout_logic.Calculations object at 0x0000013B41320470>.save_order\n +      where <logic.takeout_logic.Calculations object at 0x0000013B41320470> = <test_phoneorder_card.TestPhoneOrderCard object at 0x0000013B41294860>.phone", "trace": "self = <test_phoneorder_card.TestPhoneOrderCard object at 0x0000013B41294860>\n\n    @allure.story(\"Phone Order Save and Update and Pay By card\")\n    @allure.title(\"Process a phone order with Save and then Pay\")\n    def test_phoneorder_update_pay(self):\n    \n        assert self.phone.order(\"Phone Order\") == True\n        print(\"===================Checking=================\")\n    \n        assert self.phone.search_cust_order() == True\n        assert self.phone.add_multiple_items(3)\n>       assert self.phone.save_order(process = \"Update\") == True\nE       AssertionError: assert 'Error as Message: \\nStacktrace:\\nNoSuchElementError: An element could not be located on the page using the given sear...ata\\\\Roaming\\\\npm\\\\node_modules\\\\appium\\\\node_modules\\\\@appium\\\\base-driver\\\\lib\\\\basedriver\\\\commands\\\\find.ts:75:12)' == True\nE        +  where 'Error as Message: \\nStacktrace:\\nNoSuchElementError: An element could not be located on the page using the given sear...ata\\\\Roaming\\\\npm\\\\node_modules\\\\appium\\\\node_modules\\\\@appium\\\\base-driver\\\\lib\\\\basedriver\\\\commands\\\\find.ts:75:12)' = save_order(process='Update')\nE        +    where save_order = <logic.takeout_logic.Calculations object at 0x0000013B41320470>.save_order\nE        +      where <logic.takeout_logic.Calculations object at 0x0000013B41320470> = <test_phoneorder_card.TestPhoneOrderCard object at 0x0000013B41294860>.phone\n\nAutomation-logic\\suits\\test_orderflows\\test_card\\test_phoneorder_card.py:73: AssertionError"}, "start": 1742483236403, "stop": 1742483284471, "uuid": "1fa70553-f6e4-40f2-8b88-2e6785dfd7fa", "historyId": "1327008c159474be0943f5c40138e721", "testCaseId": "1327008c159474be0943f5c40138e721", "fullName": "suits.test_orderflows.test_card.test_phoneorder_card.TestPhoneOrderCard#test_phoneorder_update_pay", "labels": [{"name": "epic", "value": "Orderflow"}, {"name": "feature", "value": "Phone order in Card"}, {"name": "story", "value": "Phone Order Save and Update and Pay By card"}, {"name": "parentSuite", "value": "suits.test_orderflows.test_card"}, {"name": "suite", "value": "test_phoneorder_card"}, {"name": "subSuite", "value": "TestPhoneOrderCard"}, {"name": "host", "value": "LAPTOP-KKMKONCC"}, {"name": "thread", "value": "2544-MainThread"}, {"name": "framework", "value": "pytest"}, {"name": "language", "value": "cpython3"}, {"name": "package", "value": "suits.test_orderflows.test_card.test_phoneorder_card"}]}