{"name": "Select Open Order", "status": "failed", "statusDetails": {"message": "AssertionError: assert 'ERROR IS Message: \\nStacktrace:\\nNoSuchElementError: An element could not be located on the page using the given sear...ata\\\\Roaming\\\\npm\\\\node_modules\\\\appium\\\\node_modules\\\\@appium\\\\base-driver\\\\lib\\\\basedriver\\\\commands\\\\find.ts:75:12)' == True\n +  where 'ERROR IS Message: \\nStacktrace:\\nNoSuchElementError: An element could not be located on the page using the given sear...ata\\\\Roaming\\\\npm\\\\node_modules\\\\appium\\\\node_modules\\\\@appium\\\\base-driver\\\\lib\\\\basedriver\\\\commands\\\\find.ts:75:12)' = order('Stay')\n +    where order = <logic.takeout_logic.Calculations object at 0x000001E024E71930>.order\n +      where <logic.takeout_logic.Calculations object at 0x000001E024E71930> = <test_cash.test_stay_cash.TestStayCash object at 0x000001E026F7A920>.calc", "trace": "self = <test_cash.test_stay_cash.TestStayCash object at 0x000001E026F7A920>\n\n    @allure.story(\"Order Management\")\n    @allure.title(\"Select Open Order\")\n    def test_stayorder_btn(self):\n        with allure.step(\"Selecting Open Order\"):\n>           assert self.calc.order(\"Stay\") == True\nE           AssertionError: assert 'ERROR IS Message: \\nStacktrace:\\nNoSuchElementError: An element could not be located on the page using the given sear...ata\\\\Roaming\\\\npm\\\\node_modules\\\\appium\\\\node_modules\\\\@appium\\\\base-driver\\\\lib\\\\basedriver\\\\commands\\\\find.ts:75:12)' == True\nE            +  where 'ERROR IS Message: \\nStacktrace:\\nNoSuchElementError: An element could not be located on the page using the given sear...ata\\\\Roaming\\\\npm\\\\node_modules\\\\appium\\\\node_modules\\\\@appium\\\\base-driver\\\\lib\\\\basedriver\\\\commands\\\\find.ts:75:12)' = order('Stay')\nE            +    where order = <logic.takeout_logic.Calculations object at 0x000001E024E71930>.order\nE            +      where <logic.takeout_logic.Calculations object at 0x000001E024E71930> = <test_cash.test_stay_cash.TestStayCash object at 0x000001E026F7A920>.calc\n\nsuits\\test_orderflows\\test_cash\\test_stay_cash.py:20: AssertionError"}, "steps": [{"name": "Selecting Open Order", "status": "failed", "statusDetails": {"message": "AssertionError: assert 'ERROR IS Message: \\nStacktrace:\\nNoSuchElementError: An element could not be located on the page using the given sear...ata\\\\Roaming\\\\npm\\\\node_modules\\\\appium\\\\node_modules\\\\@appium\\\\base-driver\\\\lib\\\\basedriver\\\\commands\\\\find.ts:75:12)' == True\n +  where 'ERROR IS Message: \\nStacktrace:\\nNoSuchElementError: An element could not be located on the page using the given sear...ata\\\\Roaming\\\\npm\\\\node_modules\\\\appium\\\\node_modules\\\\@appium\\\\base-driver\\\\lib\\\\basedriver\\\\commands\\\\find.ts:75:12)' = order('Stay')\n +    where order = <logic.takeout_logic.Calculations object at 0x000001E024E71930>.order\n +      where <logic.takeout_logic.Calculations object at 0x000001E024E71930> = <test_cash.test_stay_cash.TestStayCash object at 0x000001E026F7A920>.calc\n", "trace": "  File \"C:\\Users\\rutwik\\Automation\\suits\\test_orderflows\\test_cash\\test_stay_cash.py\", line 20, in test_stayorder_btn\n    assert self.calc.order(\"Stay\") == True\n"}, "start": 1741887102929, "stop": 1741887113173}], "start": 1741887102928, "stop": 1741887113175, "uuid": "a64dec92-93fe-45c8-8411-76a631576957", "historyId": "906ca6197205a1260ccb540209460af9", "testCaseId": "906ca6197205a1260ccb540209460af9", "fullName": "suits.test_orderflows.test_cash.test_stay_cash.TestStayCash#test_stayorder_btn", "labels": [{"name": "epic", "value": "POS System Automation"}, {"name": "story", "value": "Order Management"}, {"name": "feature", "value": "Manual Item Adding"}, {"name": "parentSuite", "value": "suits.test_orderflows.test_cash"}, {"name": "suite", "value": "test_stay_cash"}, {"name": "subSuite", "value": "TestStayCash"}, {"name": "host", "value": "LAPTOP-KKMKONCC"}, {"name": "thread", "value": "8048-MainThread"}, {"name": "framework", "value": "pytest"}, {"name": "language", "value": "cpython3"}, {"name": "package", "value": "suits.test_orderflows.test_cash.test_stay_cash"}]}