{"name": "test_tax", "status": "failed", "statusDetails": {"message": "AssertionError: assert 'Errorr is Message: \\nStacktrace:\\nNoSuchElementError: An element could not be located on the page using the given sea...ata\\\\Roaming\\\\npm\\\\node_modules\\\\appium\\\\node_modules\\\\@appium\\\\base-driver\\\\lib\\\\basedriver\\\\commands\\\\find.ts:75:12)' is True\n +  where 'Errorr is Message: \\nStacktrace:\\nNoSuchElementError: An element could not be located on the page using the given sea...ata\\\\Roaming\\\\npm\\\\node_modules\\\\appium\\\\node_modules\\\\@appium\\\\base-driver\\\\lib\\\\basedriver\\\\commands\\\\find.ts:75:12)' = tax_editing()\n +    where tax_editing = <logic.setup_logic.Setup object at 0x0000021D888E0340>.tax_editing\n +      where <logic.setup_logic.Setup object at 0x0000021D888E0340> = <test_setup.TestSetUpFlow object at 0x0000021D8887DF00>.setup", "trace": "self = <test_setup.TestSetUpFlow object at 0x0000021D8887DF00>\n\n    def test_tax(self):\n>       assert self.setup.tax_editing() is True\nE       AssertionError: assert 'Errorr is Message: \\nStacktrace:\\nNoSuchElementError: An element could not be located on the page using the given sea...ata\\\\Roaming\\\\npm\\\\node_modules\\\\appium\\\\node_modules\\\\@appium\\\\base-driver\\\\lib\\\\basedriver\\\\commands\\\\find.ts:75:12)' is True\nE        +  where 'Errorr is Message: \\nStacktrace:\\nNoSuchElementError: An element could not be located on the page using the given sea...ata\\\\Roaming\\\\npm\\\\node_modules\\\\appium\\\\node_modules\\\\@appium\\\\base-driver\\\\lib\\\\basedriver\\\\commands\\\\find.ts:75:12)' = tax_editing()\nE        +    where tax_editing = <logic.setup_logic.Setup object at 0x0000021D888E0340>.tax_editing\nE        +      where <logic.setup_logic.Setup object at 0x0000021D888E0340> = <test_setup.TestSetUpFlow object at 0x0000021D8887DF00>.setup\n\nAutomation-logic\\suits\\test_setup\\test_setup.py:26: AssertionError"}, "start": 1742916330587, "stop": 1742916353839, "uuid": "b84ed467-0733-48c7-be21-68d23577671b", "historyId": "13166f7f04123dcfff551ffd9433eba1", "testCaseId": "13166f7f04123dcfff551ffd9433eba1", "fullName": "suits.test_setup.test_setup.TestSetUpFlow#test_tax", "labels": [{"name": "feature", "value": "Developer 1 Report"}, {"name": "parentSuite", "value": "suits.test_setup"}, {"name": "suite", "value": "test_setup"}, {"name": "subSuite", "value": "TestSetUpFlow"}, {"name": "host", "value": "LAPTOP-KKMKONCC"}, {"name": "thread", "value": "976-MainThread"}, {"name": "framework", "value": "pytest"}, {"name": "language", "value": "cpython3"}, {"name": "package", "value": "suits.test_setup.test_setup"}]}