{"name": "Process a phone order with Save and then Pay", "status": "failed", "statusDetails": {"message": "AssertionError: assert 'ERROR IS Message: \\nStacktrace:\\nNoSuchElementError: An element could not be located on the page using the given sear...ata\\\\Roaming\\\\npm\\\\node_modules\\\\appium\\\\node_modules\\\\@appium\\\\base-driver\\\\lib\\\\basedriver\\\\commands\\\\find.ts:75:12)' == True\n +  where 'ERROR IS Message: \\nStacktrace:\\nNoSuchElementError: An element could not be located on the page using the given sear...ata\\\\Roaming\\\\npm\\\\node_modules\\\\appium\\\\node_modules\\\\@appium\\\\base-driver\\\\lib\\\\basedriver\\\\commands\\\\find.ts:75:12)' = order('Phone Order')\n +    where order = <logic.takeout_logic.Calculations object at 0x0000022FA63D1B10>.order\n +      where <logic.takeout_logic.Calculations object at 0x0000022FA63D1B10> = <test_cash.test_phoneorder_cash.TestPhoneOrderCash object at 0x0000022FA633E4A0>.phone", "trace": "self = <test_cash.test_phoneorder_cash.TestPhoneOrderCash object at 0x0000022FA633E4A0>\n\n    @allure.story(\"Phone Order Save and Update and Pay\")\n    @allure.title(\"Process a phone order with Save and then Pay\")\n    def test_phoneorder_update_pay(self):\n    \n>       assert self.phone.order(\"Phone Order\") == True\nE       AssertionError: assert 'ERROR IS Message: \\nStacktrace:\\nNoSuchElementError: An element could not be located on the page using the given sear...ata\\\\Roaming\\\\npm\\\\node_modules\\\\appium\\\\node_modules\\\\@appium\\\\base-driver\\\\lib\\\\basedriver\\\\commands\\\\find.ts:75:12)' == True\nE        +  where 'ERROR IS Message: \\nStacktrace:\\nNoSuchElementError: An element could not be located on the page using the given sear...ata\\\\Roaming\\\\npm\\\\node_modules\\\\appium\\\\node_modules\\\\@appium\\\\base-driver\\\\lib\\\\basedriver\\\\commands\\\\find.ts:75:12)' = order('Phone Order')\nE        +    where order = <logic.takeout_logic.Calculations object at 0x0000022FA63D1B10>.order\nE        +      where <logic.takeout_logic.Calculations object at 0x0000022FA63D1B10> = <test_cash.test_phoneorder_cash.TestPhoneOrderCash object at 0x0000022FA633E4A0>.phone\n\nsuits\\test_orderflows\\test_cash\\test_phoneorder_cash.py:47: AssertionError"}, "start": 1741887729078, "stop": 1741887739313, "uuid": "2f99b846-3b8e-4eb9-9186-32f0a90aaaca", "historyId": "e74b47a6b541325cfd39bfc65f3a2847", "testCaseId": "e74b47a6b541325cfd39bfc65f3a2847", "fullName": "suits.test_orderflows.test_cash.test_phoneorder_cash.TestPhoneOrderCash#test_phoneorder_update_pay", "labels": [{"name": "story", "value": "Phone Order Save and Update and Pay"}, {"name": "feature", "value": "Sanity Sheet"}, {"name": "parentSuite", "value": "suits.test_orderflows.test_cash"}, {"name": "suite", "value": "test_phoneorder_cash"}, {"name": "subSuite", "value": "TestPhoneOrderCash"}, {"name": "host", "value": "LAPTOP-KKMKONCC"}, {"name": "thread", "value": "5380-MainThread"}, {"name": "framework", "value": "pytest"}, {"name": "language", "value": "cpython3"}, {"name": "package", "value": "suits.test_orderflows.test_cash.test_phoneorder_cash"}]}