{"name": "test_delete_ordernote", "status": "failed", "statusDetails": {"message": "AssertionError: assert 'error is Message: \\nStacktrace:\\nNoSuchElementError: An element could not be located on the page using the given sear...ata\\\\Roaming\\\\npm\\\\node_modules\\\\appium\\\\node_modules\\\\@appium\\\\base-driver\\\\lib\\\\basedriver\\\\commands\\\\find.ts:75:12)' is True\n +  where 'error is Message: \\nStacktrace:\\nNoSuchElementError: An element could not be located on the page using the given sear...ata\\\\Roaming\\\\npm\\\\node_modules\\\\appium\\\\node_modules\\\\@appium\\\\base-driver\\\\lib\\\\basedriver\\\\commands\\\\find.ts:75:12)' = remove_ordernote()\n +    where remove_ordernote = <logic.setup_logic.Setup object at 0x00000227A05E3A60>.remove_ordernote\n +      where <logic.setup_logic.Setup object at 0x00000227A05E3A60> = <test_setup.TestSetUpFlow object at 0x00000227A0565360>.setup", "trace": "self = <test_setup.TestSetUpFlow object at 0x00000227A0565360>\n\n    def test_delete_ordernote(self):\n>       assert self.setup.remove_ordernote() is True\nE       AssertionError: assert 'error is Message: \\nStacktrace:\\nNoSuchElementError: An element could not be located on the page using the given sear...ata\\\\Roaming\\\\npm\\\\node_modules\\\\appium\\\\node_modules\\\\@appium\\\\base-driver\\\\lib\\\\basedriver\\\\commands\\\\find.ts:75:12)' is True\nE        +  where 'error is Message: \\nStacktrace:\\nNoSuchElementError: An element could not be located on the page using the given sear...ata\\\\Roaming\\\\npm\\\\node_modules\\\\appium\\\\node_modules\\\\@appium\\\\base-driver\\\\lib\\\\basedriver\\\\commands\\\\find.ts:75:12)' = remove_ordernote()\nE        +    where remove_ordernote = <logic.setup_logic.Setup object at 0x00000227A05E3A60>.remove_ordernote\nE        +      where <logic.setup_logic.Setup object at 0x00000227A05E3A60> = <test_setup.TestSetUpFlow object at 0x00000227A0565360>.setup\n\nAutomation-logic\\suits\\test_setup\\test_setup.py:69: AssertionError"}, "start": 1743599512469, "stop": 1743599534524, "uuid": "3b711373-1a69-499d-907f-378a18c57b64", "historyId": "159764c5ceba2c7eff69a332ee8a0fed", "testCaseId": "159764c5ceba2c7eff69a332ee8a0fed", "fullName": "suits.test_setup.test_setup.TestSetUpFlow#test_delete_ordernote", "labels": [{"name": "feature", "value": "Developer 1 Report"}, {"name": "parentSuite", "value": "suits.test_setup"}, {"name": "suite", "value": "test_setup"}, {"name": "subSuite", "value": "TestSetUpFlow"}, {"name": "host", "value": "LAPTOP-KKMKONCC"}, {"name": "thread", "value": "11572-MainThread"}, {"name": "framework", "value": "pytest"}, {"name": "language", "value": "cpython3"}, {"name": "package", "value": "suits.test_setup.test_setup"}]}