{"name": "test_setupcheck", "status": "failed", "statusDetails": {"message": "AssertionError: assert 'Error is as Message: \\nStacktrace:\\nNoSuchElementError: An element could not be located on the page using the given s...ata\\\\Roaming\\\\npm\\\\node_modules\\\\appium\\\\node_modules\\\\@appium\\\\base-driver\\\\lib\\\\basedriver\\\\commands\\\\find.ts:75:12)' is True\n +  where 'Error is as Message: \\nStacktrace:\\nNoSuchElementError: An element could not be located on the page using the given s...ata\\\\Roaming\\\\npm\\\\node_modules\\\\appium\\\\node_modules\\\\@appium\\\\base-driver\\\\lib\\\\basedriver\\\\commands\\\\find.ts:75:12)' = setup_check()\n +    where setup_check = <logic.setup_logic.Setup object at 0x0000027F098F6AD0>.setup_check\n +      where <logic.setup_logic.Setup object at 0x0000027F098F6AD0> = <test_setup.TestSetUpFlow object at 0x0000027F0985A7D0>.setup", "trace": "self = <test_setup.TestSetUpFlow object at 0x0000027F0985A7D0>\n\n    def test_setupcheck(self):\n>       assert self.setup.setup_check() is True\nE       AssertionError: assert 'Error is as Message: \\nStacktrace:\\nNoSuchElementError: An element could not be located on the page using the given s...ata\\\\Roaming\\\\npm\\\\node_modules\\\\appium\\\\node_modules\\\\@appium\\\\base-driver\\\\lib\\\\basedriver\\\\commands\\\\find.ts:75:12)' is True\nE        +  where 'Error is as Message: \\nStacktrace:\\nNoSuchElementError: An element could not be located on the page using the given s...ata\\\\Roaming\\\\npm\\\\node_modules\\\\appium\\\\node_modules\\\\@appium\\\\base-driver\\\\lib\\\\basedriver\\\\commands\\\\find.ts:75:12)' = setup_check()\nE        +    where setup_check = <logic.setup_logic.Setup object at 0x0000027F098F6AD0>.setup_check\nE        +      where <logic.setup_logic.Setup object at 0x0000027F098F6AD0> = <test_setup.TestSetUpFlow object at 0x0000027F0985A7D0>.setup\n\nAutomation-logic\\suits\\test_setup\\test_setup.py:40: AssertionError"}, "start": 1742918151392, "stop": 1742918161617, "uuid": "306bcbe1-db34-4c20-bfbd-7592c6cf318c", "historyId": "876decd5f50e1044bb9567e743c02f73", "testCaseId": "876decd5f50e1044bb9567e743c02f73", "fullName": "suits.test_setup.test_setup.TestSetUpFlow#test_setupcheck", "labels": [{"name": "feature", "value": "Developer 1 Report"}, {"name": "parentSuite", "value": "suits.test_setup"}, {"name": "suite", "value": "test_setup"}, {"name": "subSuite", "value": "TestSetUpFlow"}, {"name": "host", "value": "LAPTOP-KKMKONCC"}, {"name": "thread", "value": "23228-MainThread"}, {"name": "framework", "value": "pytest"}, {"name": "language", "value": "cpython3"}, {"name": "package", "value": "suits.test_setup.test_setup"}]}