{"name": "test_cart_calculations", "status": "failed", "statusDetails": {"message": "AssertionError: assert 'Error is Message: An element could not be located on the page using the given search parameters.; For documentation o...ata\\\\Roaming\\\\npm\\\\node_modules\\\\appium\\\\node_modules\\\\@appium\\\\base-driver\\\\lib\\\\basedriver\\\\commands\\\\find.ts:75:12)' is True\n +  where 'Error is Message: An element could not be located on the page using the given search parameters.; For documentation o...ata\\\\Roaming\\\\npm\\\\node_modules\\\\appium\\\\node_modules\\\\@appium\\\\base-driver\\\\lib\\\\basedriver\\\\commands\\\\find.ts:75:12)' = check_tax()\n +    where check_tax = <logic.setup_logic.Setup object at 0x00000168D029A170>.check_tax\n +      where <logic.setup_logic.Setup object at 0x00000168D029A170> = <test_setup.TestSetUpFlow object at 0x00000168D01EB100>.setup", "trace": "self = <test_setup.TestSetUpFlow object at 0x00000168D01EB100>\n\n    def test_cart_calculations(self):\n        total = self.calc.total_calculation()\n        endpay = self.calc.pay()\n        assert abs(total - endpay) <= 0.3, f\"Total ({total}) and Pay ({endpay}) difference exceeded limit!\"\n>       assert self.setup.check_tax() is True\nE       AssertionError: assert 'Error is Message: An element could not be located on the page using the given search parameters.; For documentation o...ata\\\\Roaming\\\\npm\\\\node_modules\\\\appium\\\\node_modules\\\\@appium\\\\base-driver\\\\lib\\\\basedriver\\\\commands\\\\find.ts:75:12)' is True\nE        +  where 'Error is Message: An element could not be located on the page using the given search parameters.; For documentation o...ata\\\\Roaming\\\\npm\\\\node_modules\\\\appium\\\\node_modules\\\\@appium\\\\base-driver\\\\lib\\\\basedriver\\\\commands\\\\find.ts:75:12)' = check_tax()\nE        +    where check_tax = <logic.setup_logic.Setup object at 0x00000168D029A170>.check_tax\nE        +      where <logic.setup_logic.Setup object at 0x00000168D029A170> = <test_setup.TestSetUpFlow object at 0x00000168D01EB100>.setup\n\nAutomation-logic\\suits\\test_setup\\test_setup.py:57: AssertionError"}, "start": 1742901004226, "stop": 1742901014309, "uuid": "def9bdb1-c07a-438d-a122-0c22238acc00", "historyId": "ba205439ea9ca2864cca6e3cc2858518", "testCaseId": "ba205439ea9ca2864cca6e3cc2858518", "fullName": "suits.test_setup.test_setup.TestSetUpFlow#test_cart_calculations", "labels": [{"name": "feature", "value": "Developer 1 Report"}, {"name": "parentSuite", "value": "suits.test_setup"}, {"name": "suite", "value": "test_setup"}, {"name": "subSuite", "value": "TestSetUpFlow"}, {"name": "host", "value": "LAPTOP-KKMKONCC"}, {"name": "thread", "value": "14628-MainThread"}, {"name": "framework", "value": "pytest"}, {"name": "language", "value": "cpython3"}, {"name": "package", "value": "suits.test_setup.test_setup"}]}