{"name": "Process a phone order with cash payment and refund", "status": "failed", "statusDetails": {"message": "AssertionError: assert 'ERROR IS Message: \\nStacktrace:\\nNoSuchElementError: An element could not be located on the page using the given sear...ata\\\\Roaming\\\\npm\\\\node_modules\\\\appium\\\\node_modules\\\\@appium\\\\base-driver\\\\lib\\\\basedriver\\\\commands\\\\find.ts:75:12)' == True\n +  where 'ERROR IS Message: \\nStacktrace:\\nNoSuchElementError: An element could not be located on the page using the given sear...ata\\\\Roaming\\\\npm\\\\node_modules\\\\appium\\\\node_modules\\\\@appium\\\\base-driver\\\\lib\\\\basedriver\\\\commands\\\\find.ts:75:12)' = order('Phone Order')\n +    where order = <logic.takeout_logic.Calculations object at 0x0000020D83BBBEE0>.order\n +      where <logic.takeout_logic.Calculations object at 0x0000020D83BBBEE0> = <test_cash.test_phoneorder_cash.TestPhoneOrderCash object at 0x0000020D83C0E0B0>.phone", "trace": "self = <test_cash.test_phoneorder_cash.TestPhoneOrderCash object at 0x0000020D83C0E0B0>\n\n    @allure.story(\"Phone Order Payment \")\n    @allure.title(\"Process a phone order with cash payment and refund\")\n    def test_phoneorder_cash_payment(self):\n    \n>       assert self.phone.order(\"Phone Order\") == True\nE       AssertionError: assert 'ERROR IS Message: \\nStacktrace:\\nNoSuchElementError: An element could not be located on the page using the given sear...ata\\\\Roaming\\\\npm\\\\node_modules\\\\appium\\\\node_modules\\\\@appium\\\\base-driver\\\\lib\\\\basedriver\\\\commands\\\\find.ts:75:12)' == True\nE        +  where 'ERROR IS Message: \\nStacktrace:\\nNoSuchElementError: An element could not be located on the page using the given sear...ata\\\\Roaming\\\\npm\\\\node_modules\\\\appium\\\\node_modules\\\\@appium\\\\base-driver\\\\lib\\\\basedriver\\\\commands\\\\find.ts:75:12)' = order('Phone Order')\nE        +    where order = <logic.takeout_logic.Calculations object at 0x0000020D83BBBEE0>.order\nE        +      where <logic.takeout_logic.Calculations object at 0x0000020D83BBBEE0> = <test_cash.test_phoneorder_cash.TestPhoneOrderCash object at 0x0000020D83C0E0B0>.phone\n\nsuits\\test_orderflows\\test_cash\\test_phoneorder_cash.py:18: AssertionError"}, "start": 1741882838462, "stop": 1741882849089, "uuid": "a0de8f84-a397-484d-acbf-4f696a0be45f", "historyId": "3478c90b7525cd44e3c607e32a73591e", "testCaseId": "3478c90b7525cd44e3c607e32a73591e", "fullName": "suits.test_orderflows.test_cash.test_phoneorder_cash.TestPhoneOrderCash#test_phoneorder_cash_payment", "labels": [{"name": "story", "value": "Phone Order Payment "}, {"name": "feature", "value": "Sanity Sheet"}, {"name": "parentSuite", "value": "suits.test_orderflows.test_cash"}, {"name": "suite", "value": "test_phoneorder_cash"}, {"name": "subSuite", "value": "TestPhoneOrderCash"}, {"name": "host", "value": "LAPTOP-KKMKONCC"}, {"name": "thread", "value": "10336-MainThread"}, {"name": "framework", "value": "pytest"}, {"name": "language", "value": "cpython3"}, {"name": "package", "value": "suits.test_orderflows.test_cash.test_phoneorder_cash"}]}