{"name": "test_removed_setup", "status": "failed", "statusDetails": {"message": "AssertionError: assert 'Error is as Message: \\nStacktrace:\\nNoSuchElementError: An element could not be located on the page using the given s...ata\\\\Roaming\\\\npm\\\\node_modules\\\\appium\\\\node_modules\\\\@appium\\\\base-driver\\\\lib\\\\basedriver\\\\commands\\\\find.ts:75:12)' is True\n +  where 'Error is as Message: \\nStacktrace:\\nNoSuchElementError: An element could not be located on the page using the given s...ata\\\\Roaming\\\\npm\\\\node_modules\\\\appium\\\\node_modules\\\\@appium\\\\base-driver\\\\lib\\\\basedriver\\\\commands\\\\find.ts:75:12)' = setup_check()\n +    where setup_check = <logic.setup_logic.Setup object at 0x000001968F396650>.setup_check\n +      where <logic.setup_logic.Setup object at 0x000001968F396650> = <test_setup.TestSetUpFlow object at 0x000001968F318DC0>.setup", "trace": "self = <test_setup.TestSetUpFlow object at 0x000001968F318DC0>\n\n    def test_removed_setup(self):\n>       assert self.setup.setup_check() is True\nE       AssertionError: assert 'Error is as Message: \\nStacktrace:\\nNoSuchElementError: An element could not be located on the page using the given s...ata\\\\Roaming\\\\npm\\\\node_modules\\\\appium\\\\node_modules\\\\@appium\\\\base-driver\\\\lib\\\\basedriver\\\\commands\\\\find.ts:75:12)' is True\nE        +  where 'Error is as Message: \\nStacktrace:\\nNoSuchElementError: An element could not be located on the page using the given s...ata\\\\Roaming\\\\npm\\\\node_modules\\\\appium\\\\node_modules\\\\@appium\\\\base-driver\\\\lib\\\\basedriver\\\\commands\\\\find.ts:75:12)' = setup_check()\nE        +    where setup_check = <logic.setup_logic.Setup object at 0x000001968F396650>.setup_check\nE        +      where <logic.setup_logic.Setup object at 0x000001968F396650> = <test_setup.TestSetUpFlow object at 0x000001968F318DC0>.setup\n\nAutomation-logic\\suits\\test_setup\\test_setup.py:78: AssertionError"}, "start": 1743599967652, "stop": 1743599988482, "uuid": "b365cbf4-a37e-4b6b-ac8c-06eeda85f295", "historyId": "55025220c53e8c06ca8b3835e76d410a", "testCaseId": "55025220c53e8c06ca8b3835e76d410a", "fullName": "suits.test_setup.test_setup.TestSetUpFlow#test_removed_setup", "labels": [{"name": "feature", "value": "Setup Testflow"}, {"name": "parentSuite", "value": "suits.test_setup"}, {"name": "suite", "value": "test_setup"}, {"name": "subSuite", "value": "TestSetUpFlow"}, {"name": "host", "value": "LAPTOP-KKMKONCC"}, {"name": "thread", "value": "5708-MainThread"}, {"name": "framework", "value": "pytest"}, {"name": "language", "value": "cpython3"}, {"name": "package", "value": "suits.test_setup.test_setup"}]}