{"name": "test_tax", "status": "failed", "statusDetails": {"message": "AssertionError: assert 'Errorr is Message: \\nStacktrace:\\nNoSuchElementError: An element could not be located on the page using the given sea...ata\\\\Roaming\\\\npm\\\\node_modules\\\\appium\\\\node_modules\\\\@appium\\\\base-driver\\\\lib\\\\basedriver\\\\commands\\\\find.ts:75:12)' is True\n +  where 'Errorr is Message: \\nStacktrace:\\nNoSuchElementError: An element could not be located on the page using the given sea...ata\\\\Roaming\\\\npm\\\\node_modules\\\\appium\\\\node_modules\\\\@appium\\\\base-driver\\\\lib\\\\basedriver\\\\commands\\\\find.ts:75:12)' = tax_editing()\n +    where tax_editing = <logic.setup_logic.Setup object at 0x0000028F3C0F4B20>.tax_editing\n +      where <logic.setup_logic.Setup object at 0x0000028F3C0F4B20> = <test_setup.TestSetUpFlow object at 0x0000028F3C034CA0>.setup", "trace": "self = <test_setup.TestSetUpFlow object at 0x0000028F3C034CA0>\n\n    def test_tax(self):\n>       assert self.setup.tax_editing() is True\nE       AssertionError: assert 'Errorr is Message: \\nStacktrace:\\nNoSuchElementError: An element could not be located on the page using the given sea...ata\\\\Roaming\\\\npm\\\\node_modules\\\\appium\\\\node_modules\\\\@appium\\\\base-driver\\\\lib\\\\basedriver\\\\commands\\\\find.ts:75:12)' is True\nE        +  where 'Errorr is Message: \\nStacktrace:\\nNoSuchElementError: An element could not be located on the page using the given sea...ata\\\\Roaming\\\\npm\\\\node_modules\\\\appium\\\\node_modules\\\\@appium\\\\base-driver\\\\lib\\\\basedriver\\\\commands\\\\find.ts:75:12)' = tax_editing()\nE        +    where tax_editing = <logic.setup_logic.Setup object at 0x0000028F3C0F4B20>.tax_editing\nE        +      where <logic.setup_logic.Setup object at 0x0000028F3C0F4B20> = <test_setup.TestSetUpFlow object at 0x0000028F3C034CA0>.setup\n\nAutomation-logic\\suits\\test_setup\\test_setup.py:26: AssertionError"}, "start": 1743589632881, "stop": 1743589655120, "uuid": "51d7d283-4b6f-403f-a576-09852c6342c3", "historyId": "13166f7f04123dcfff551ffd9433eba1", "testCaseId": "13166f7f04123dcfff551ffd9433eba1", "fullName": "suits.test_setup.test_setup.TestSetUpFlow#test_tax", "labels": [{"name": "feature", "value": "Developer 1 Report"}, {"name": "parentSuite", "value": "suits.test_setup"}, {"name": "suite", "value": "test_setup"}, {"name": "subSuite", "value": "TestSetUpFlow"}, {"name": "host", "value": "LAPTOP-KKMKONCC"}, {"name": "thread", "value": "17896-MainThread"}, {"name": "framework", "value": "pytest"}, {"name": "language", "value": "cpython3"}, {"name": "package", "value": "suits.test_setup.test_setup"}]}