{"name": "Process a phone order with Save and then Pay", "status": "failed", "statusDetails": {"message": "AssertionError: assert 'Error Message: \\nStacktrace:\\nNoSuchElementError: An element could not be located on the page using the given search ...ata\\\\Roaming\\\\npm\\\\node_modules\\\\appium\\\\node_modules\\\\@appium\\\\base-driver\\\\lib\\\\basedriver\\\\commands\\\\find.ts:75:12)' == True\n +  where 'Error Message: \\nStacktrace:\\nNoSuchElementError: An element could not be located on the page using the given search ...ata\\\\Roaming\\\\npm\\\\node_modules\\\\appium\\\\node_modules\\\\@appium\\\\base-driver\\\\lib\\\\basedriver\\\\commands\\\\find.ts:75:12)' = cash_pay()\n +    where cash_pay = <logic.takeout_logic.Calculations object at 0x00000119E10B9E40>.cash_pay\n +      where <logic.takeout_logic.Calculations object at 0x00000119E10B9E40> = <test_cash.test_phoneorder_cash.TestPhoneOrderCash object at 0x00000119E10BA530>.phone", "trace": "self = <test_cash.test_phoneorder_cash.TestPhoneOrderCash object at 0x00000119E10BA530>\n\n    @allure.story(\"Phone Order Save and Pay\")\n    @allure.title(\"Process a phone order with Save and then Pay\")\n    def test_phoneorder_save_pay(self):\n    \n        assert self.phone.order(\"Phone Order\") == True\n        assert self.phone.phone_order() == True\n        assert self.phone.add_multiple_items(3)\n        assert self.phone.add_discount()\n        self.trn_pay = self.phone.pay(amount = \"yes\")\n        self.pend_pay = self.phone.save_order(\"Pay\")\n        self.endpay = self.phone.cash_amount()\n        assert self.endpay == self.pend_pay == self.trn_pay\n>       assert self.phone.cash_pay()==True\nE       AssertionError: assert 'Error Message: \\nStacktrace:\\nNoSuchElementError: An element could not be located on the page using the given search ...ata\\\\Roaming\\\\npm\\\\node_modules\\\\appium\\\\node_modules\\\\@appium\\\\base-driver\\\\lib\\\\basedriver\\\\commands\\\\find.ts:75:12)' == True\nE        +  where 'Error Message: \\nStacktrace:\\nNoSuchElementError: An element could not be located on the page using the given search ...ata\\\\Roaming\\\\npm\\\\node_modules\\\\appium\\\\node_modules\\\\@appium\\\\base-driver\\\\lib\\\\basedriver\\\\commands\\\\find.ts:75:12)' = cash_pay()\nE        +    where cash_pay = <logic.takeout_logic.Calculations object at 0x00000119E10B9E40>.cash_pay\nE        +      where <logic.takeout_logic.Calculations object at 0x00000119E10B9E40> = <test_cash.test_phoneorder_cash.TestPhoneOrderCash object at 0x00000119E10BA530>.phone\n\nAutomation-logic\\suits\\test_orderflows\\test_cash\\test_phoneorder_cash.py:39: AssertionError"}, "start": 1742909772502, "stop": 1742909868413, "uuid": "f5bfbce7-8f3c-4b69-9dc1-34f87dc9c451", "historyId": "545ae58e27671a422d1877353cf39130", "testCaseId": "545ae58e27671a422d1877353cf39130", "fullName": "suits.test_orderflows.test_cash.test_phoneorder_cash.TestPhoneOrderCash#test_phoneorder_save_pay", "labels": [{"name": "feature", "value": "Phone order in Cash"}, {"name": "epic", "value": "Orderflow"}, {"name": "story", "value": "Phone Order Save and Pay"}, {"name": "parentSuite", "value": "suits.test_orderflows.test_cash"}, {"name": "suite", "value": "test_phoneorder_cash"}, {"name": "subSuite", "value": "TestPhoneOrderCash"}, {"name": "host", "value": "LAPTOP-KKMKONCC"}, {"name": "thread", "value": "10080-MainThread"}, {"name": "framework", "value": "pytest"}, {"name": "language", "value": "cpython3"}, {"name": "package", "value": "suits.test_orderflows.test_cash.test_phoneorder_cash"}]}