{"name": "Adding New Customers", "status": "failed", "statusDetails": {"message": "AssertionError: assert 'Error is Message: \\nStacktrace:\\nNoSuchElementError: An element could not be located on the page using the given sear...ata\\\\Roaming\\\\npm\\\\node_modules\\\\appium\\\\node_modules\\\\@appium\\\\base-driver\\\\lib\\\\basedriver\\\\commands\\\\find.ts:75:12)' == True\n +  where 'Error is Message: \\nStacktrace:\\nNoSuchElementError: An element could not be located on the page using the given sear...ata\\\\Roaming\\\\npm\\\\node_modules\\\\appium\\\\node_modules\\\\@appium\\\\base-driver\\\\lib\\\\basedriver\\\\commands\\\\find.ts:75:12)' = search_cust_phoneorder()\n +    where search_cust_phoneorder = <logic.takeout_logic.Calculations object at 0x00000210004248B0>.search_cust_phoneorder\n +      where <logic.takeout_logic.Calculations object at 0x00000210004248B0> = <test_stay_cash.TestStayCash object at 0x000002100037A920>.calc", "trace": "self = <test_stay_cash.TestStayCash object at 0x000002100037A920>\n\n    @allure.story(\"Customer Management\")\n    @allure.title(\"Adding New Customers\")\n    @allure.description(\"Tests if new customers can be added to the POS system.\")\n    def test_adding_customers(self):\n>       assert self.calc.search_cust_phoneorder() == True\nE       AssertionError: assert 'Error is Message: \\nStacktrace:\\nNoSuchElementError: An element could not be located on the page using the given sear...ata\\\\Roaming\\\\npm\\\\node_modules\\\\appium\\\\node_modules\\\\@appium\\\\base-driver\\\\lib\\\\basedriver\\\\commands\\\\find.ts:75:12)' == True\nE        +  where 'Error is Message: \\nStacktrace:\\nNoSuchElementError: An element could not be located on the page using the given sear...ata\\\\Roaming\\\\npm\\\\node_modules\\\\appium\\\\node_modules\\\\@appium\\\\base-driver\\\\lib\\\\basedriver\\\\commands\\\\find.ts:75:12)' = search_cust_phoneorder()\nE        +    where search_cust_phoneorder = <logic.takeout_logic.Calculations object at 0x00000210004248B0>.search_cust_phoneorder\nE        +      where <logic.takeout_logic.Calculations object at 0x00000210004248B0> = <test_stay_cash.TestStayCash object at 0x000002100037A920>.calc\n\nsuits\\test_orderflows\\test_card\\test_stay_cash.py:40: AssertionError"}, "description": "Tests if new customers can be added to the POS system.", "start": 1741874910834, "stop": 1741874921561, "uuid": "8a2927fa-f8c9-4e38-8dbd-97c6b68848a3", "historyId": "deaff1f0368c4168dca53c3f8b52727a", "testCaseId": "deaff1f0368c4168dca53c3f8b52727a", "fullName": "suits.test_orderflows.test_card.test_stay_cash.TestStayCash#test_adding_customers", "labels": [{"name": "feature", "value": "Manual Item Adding"}, {"name": "story", "value": "Customer Management"}, {"name": "epic", "value": "POS System Automation"}, {"name": "parentSuite", "value": "suits.test_orderflows.test_card"}, {"name": "suite", "value": "test_stay_cash"}, {"name": "subSuite", "value": "TestStayCash"}, {"name": "host", "value": "LAPTOP-KKMKONCC"}, {"name": "thread", "value": "3400-MainThread"}, {"name": "framework", "value": "pytest"}, {"name": "language", "value": "cpython3"}, {"name": "package", "value": "suits.test_orderflows.test_card.test_stay_cash"}]}