{"name": "test_discount", "status": "failed", "statusDetails": {"message": "AssertionError: assert 'Error is Message: \\nStacktrace:\\nNoSuchElementError: An element could not be located on the page using the given sear...ata\\\\Roaming\\\\npm\\\\node_modules\\\\appium\\\\node_modules\\\\@appium\\\\base-driver\\\\lib\\\\basedriver\\\\commands\\\\find.ts:75:12)' is True\n +  where 'Error is Message: \\nStacktrace:\\nNoSuchElementError: An element could not be located on the page using the given sear...ata\\\\Roaming\\\\npm\\\\node_modules\\\\appium\\\\node_modules\\\\@appium\\\\base-driver\\\\lib\\\\basedriver\\\\commands\\\\find.ts:75:12)' = discount_editing()\n +    where discount_editing = <logic.setup_logic.Setup object at 0x000001664884E920>.discount_editing\n +      where <logic.setup_logic.Setup object at 0x000001664884E920> = <test_setup.TestSetUpFlow object at 0x0000016647F6AD40>.setup", "trace": "self = <test_setup.TestSetUpFlow object at 0x0000016647F6AD40>\n\n    def test_discount(self):\n>       assert self.setup.discount_editing() is True\nE       AssertionError: assert 'Error is Message: \\nStacktrace:\\nNoSuchElementError: An element could not be located on the page using the given sear...ata\\\\Roaming\\\\npm\\\\node_modules\\\\appium\\\\node_modules\\\\@appium\\\\base-driver\\\\lib\\\\basedriver\\\\commands\\\\find.ts:75:12)' is True\nE        +  where 'Error is Message: \\nStacktrace:\\nNoSuchElementError: An element could not be located on the page using the given sear...ata\\\\Roaming\\\\npm\\\\node_modules\\\\appium\\\\node_modules\\\\@appium\\\\base-driver\\\\lib\\\\basedriver\\\\commands\\\\find.ts:75:12)' = discount_editing()\nE        +    where discount_editing = <logic.setup_logic.Setup object at 0x000001664884E920>.discount_editing\nE        +      where <logic.setup_logic.Setup object at 0x000001664884E920> = <test_setup.TestSetUpFlow object at 0x0000016647F6AD40>.setup\n\nAutomation-logic\\suits\\test_setup\\test_setup.py:32: AssertionError"}, "start": 1743594858459, "stop": 1743594888010, "uuid": "60defd8b-fcaa-43d3-b8cb-f24e5555b8b1", "historyId": "db453e0e25127427291bd785b23ff3e2", "testCaseId": "db453e0e25127427291bd785b23ff3e2", "fullName": "suits.test_setup.test_setup.TestSetUpFlow#test_discount", "labels": [{"name": "feature", "value": "Developer 1 Report"}, {"name": "parentSuite", "value": "suits.test_setup"}, {"name": "suite", "value": "test_setup"}, {"name": "subSuite", "value": "TestSetUpFlow"}, {"name": "host", "value": "LAPTOP-KKMKONCC"}, {"name": "thread", "value": "23228-MainThread"}, {"name": "framework", "value": "pytest"}, {"name": "language", "value": "cpython3"}, {"name": "package", "value": "suits.test_setup.test_setup"}]}