{"name": "Update Item Quantity", "status": "failed", "statusDetails": {"message": "AssertionError: assert 'Error is Message: \\nStacktrace:\\nNoSuchElementError: An element could not be located on the page using the given sear...ata\\\\Roaming\\\\npm\\\\node_modules\\\\appium\\\\node_modules\\\\@appium\\\\base-driver\\\\lib\\\\basedriver\\\\commands\\\\find.ts:75:12)' == True\n +  where 'Error is Message: \\nStacktrace:\\nNoSuchElementError: An element could not be located on the page using the given sear...ata\\\\Roaming\\\\npm\\\\node_modules\\\\appium\\\\node_modules\\\\@appium\\\\base-driver\\\\lib\\\\basedriver\\\\commands\\\\find.ts:75:12)' = update_item_quantity()\n +    where update_item_quantity = <logic.takeout_logic.Calculations object at 0x000001B63A7F6630>.update_item_quantity\n +      where <logic.takeout_logic.Calculations object at 0x000001B63A7F6630> = <test_openorder_card.TestOpenOrderCard object at 0x000001B63A7395B0>.calc", "trace": "self = <test_openorder_card.TestOpenOrderCard object at 0x000001B63A7395B0>\n\n    @allure.story(\"Item Quantity Update\")\n    @allure.title(\"Update Item Quantity\")\n    @allure.description(\"Ensures that the quantity of an existing item can be updated.\")\n    def test_updating_item(self):\n        with allure.step(\"Updating item quantity\"):\n>           assert self.calc.update_item_quantity() == True\nE           AssertionError: assert 'Error is Message: \\nStacktrace:\\nNoSuchElementError: An element could not be located on the page using the given sear...ata\\\\Roaming\\\\npm\\\\node_modules\\\\appium\\\\node_modules\\\\@appium\\\\base-driver\\\\lib\\\\basedriver\\\\commands\\\\find.ts:75:12)' == True\nE            +  where 'Error is Message: \\nStacktrace:\\nNoSuchElementError: An element could not be located on the page using the given sear...ata\\\\Roaming\\\\npm\\\\node_modules\\\\appium\\\\node_modules\\\\@appium\\\\base-driver\\\\lib\\\\basedriver\\\\commands\\\\find.ts:75:12)' = update_item_quantity()\nE            +    where update_item_quantity = <logic.takeout_logic.Calculations object at 0x000001B63A7F6630>.update_item_quantity\nE            +      where <logic.takeout_logic.Calculations object at 0x000001B63A7F6630> = <test_openorder_card.TestOpenOrderCard object at 0x000001B63A7395B0>.calc\n\nsuits\\test_orderflows\\test_card\\test_openorder_card.py:64: AssertionError"}, "description": "Ensures that the quantity of an existing item can be updated.", "steps": [{"name": "Updating item quantity", "status": "failed", "statusDetails": {"message": "AssertionError: assert 'Error is Message: \\nStacktrace:\\nNoSuchElementError: An element could not be located on the page using the given sear...ata\\\\Roaming\\\\npm\\\\node_modules\\\\appium\\\\node_modules\\\\@appium\\\\base-driver\\\\lib\\\\basedriver\\\\commands\\\\find.ts:75:12)' == True\n +  where 'Error is Message: \\nStacktrace:\\nNoSuchElementError: An element could not be located on the page using the given sear...ata\\\\Roaming\\\\npm\\\\node_modules\\\\appium\\\\node_modules\\\\@appium\\\\base-driver\\\\lib\\\\basedriver\\\\commands\\\\find.ts:75:12)' = update_item_quantity()\n +    where update_item_quantity = <logic.takeout_logic.Calculations object at 0x000001B63A7F6630>.update_item_quantity\n +      where <logic.takeout_logic.Calculations object at 0x000001B63A7F6630> = <test_openorder_card.TestOpenOrderCard object at 0x000001B63A7395B0>.calc\n", "trace": "  File \"C:\\Users\\rutwik\\Automation\\suits\\test_orderflows\\test_card\\test_openorder_card.py\", line 64, in test_updating_item\n    assert self.calc.update_item_quantity() == True\n"}, "start": 1741788717270, "stop": 1741788731730}], "start": 1741788717270, "stop": 1741788731732, "uuid": "5a6e3a44-55b0-440a-9465-3a084274269e", "historyId": "defffe559627564dd344734e8e980190", "testCaseId": "defffe559627564dd344734e8e980190", "fullName": "suits.test_orderflows.test_card.test_openorder_card.TestOpenOrderCard#test_updating_item", "labels": [{"name": "App", "value": "POS System"}, {"name": "OS", "value": "Android"}, {"name": "story", "value": "Item Quantity Update"}, {"name": "feature", "value": "Open Order Flow"}, {"name": "parentSuite", "value": "suits.test_orderflows.test_card"}, {"name": "suite", "value": "test_openorder_card"}, {"name": "subSuite", "value": "TestOpenOrderCard"}, {"name": "host", "value": "LAPTOP-KKMKONCC"}, {"name": "thread", "value": "2824-MainThread"}, {"name": "framework", "value": "pytest"}, {"name": "language", "value": "cpython3"}, {"name": "package", "value": "suits.test_orderflows.test_card.test_openorder_card"}]}