{"name": "Select Takeout Order", "status": "failed", "statusDetails": {"message": "AssertionError: assert \"ERROR IS Message: An unknown server-side error occurred while processing the command. Original error: 'POST /element'...ata\\\\Roaming\\\\npm\\\\node_modules\\\\appium\\\\node_modules\\\\@appium\\\\base-driver\\\\lib\\\\basedriver\\\\commands\\\\find.ts:75:12)\" == True\n +  where \"ERROR IS Message: An unknown server-side error occurred while processing the command. Original error: 'POST /element'...ata\\\\Roaming\\\\npm\\\\node_modules\\\\appium\\\\node_modules\\\\@appium\\\\base-driver\\\\lib\\\\basedriver\\\\commands\\\\find.ts:75:12)\" = order('Take Out')\n +    where order = <logic.takeout_logic.Calculations object at 0x000001C12A975B70>.order\n +      where <logic.takeout_logic.Calculations object at 0x000001C12A975B70> = <test_cash.test_takeout_cash.TestTakeoutFlow object at 0x000001C12C9FA380>.calc", "trace": "self = <test_cash.test_takeout_cash.TestTakeoutFlow object at 0x000001C12C9FA380>\n\n    @allure.story(\"Order Management\")\n    @allure.title(\"Select Takeout Order\")\n    def test_take_out_btn(self):\n>       assert self.calc.order(\"Take Out\") == True\nE       assert \"ERROR IS Message: An unknown server-side error occurred while processing the command. Original error: 'POST /element'...ata\\\\Roaming\\\\npm\\\\node_modules\\\\appium\\\\node_modules\\\\@appium\\\\base-driver\\\\lib\\\\basedriver\\\\commands\\\\find.ts:75:12)\" == True\nE        +  where \"ERROR IS Message: An unknown server-side error occurred while processing the command. Original error: 'POST /element'...ata\\\\Roaming\\\\npm\\\\node_modules\\\\appium\\\\node_modules\\\\@appium\\\\base-driver\\\\lib\\\\basedriver\\\\commands\\\\find.ts:75:12)\" = order('Take Out')\nE        +    where order = <logic.takeout_logic.Calculations object at 0x000001C12A975B70>.order\nE        +      where <logic.takeout_logic.Calculations object at 0x000001C12A975B70> = <test_cash.test_takeout_cash.TestTakeoutFlow object at 0x000001C12C9FA380>.calc\n\nsuits\\test_orderflows\\test_cash\\test_takeout_cash.py:22: AssertionError"}, "start": 1741885759815, "stop": 1741885759830, "uuid": "a9345fed-2602-4b48-82ce-ddb49da8117b", "testCaseId": "1bbf2d31ea69aa75b953f1bf8ea58646", "fullName": "suits.test_orderflows.test_cash.test_takeout_cash.TestTakeoutFlow#test_take_out_btn"}