{"name": "Apply discount to the order", "status": "failed", "statusDetails": {"message": "AssertionError: assert \"error Message: An unknown server-side error occurred while processing the command. Original error: 'POST /element' ca...ata\\\\Roaming\\\\npm\\\\node_modules\\\\appium\\\\node_modules\\\\@appium\\\\base-driver\\\\lib\\\\basedriver\\\\commands\\\\find.ts:75:12)\" == True\n +  where \"error Message: An unknown server-side error occurred while processing the command. Original error: 'POST /element' ca...ata\\\\Roaming\\\\npm\\\\node_modules\\\\appium\\\\node_modules\\\\@appium\\\\base-driver\\\\lib\\\\basedriver\\\\commands\\\\find.ts:75:12)\" = add_discount()\n +    where add_discount = <logic.takeout_logic.Calculations object at 0x0000018AB74F3010>.add_discount\n +      where <logic.takeout_logic.Calculations object at 0x0000018AB74F3010> = <test_cash.test_takeout_cash.TestTakeoutFlow object at 0x0000018AB745E890>.calc", "trace": "self = <test_cash.test_takeout_cash.TestTakeoutFlow object at 0x0000018AB745E890>\n\n    @allure.story(\"Order Modifications\")\n    @allure.title(\"Apply discount to the order\")\n    def test_add_discount(self):\n>       assert self.calc.add_discount() == True\nE       assert \"error Message: An unknown server-side error occurred while processing the command. Original error: 'POST /element' ca...ata\\\\Roaming\\\\npm\\\\node_modules\\\\appium\\\\node_modules\\\\@appium\\\\base-driver\\\\lib\\\\basedriver\\\\commands\\\\find.ts:75:12)\" == True\nE        +  where \"error Message: An unknown server-side error occurred while processing the command. Original error: 'POST /element' ca...ata\\\\Roaming\\\\npm\\\\node_modules\\\\appium\\\\node_modules\\\\@appium\\\\base-driver\\\\lib\\\\basedriver\\\\commands\\\\find.ts:75:12)\" = add_discount()\nE        +    where add_discount = <logic.takeout_logic.Calculations object at 0x0000018AB74F3010>.add_discount\nE        +      where <logic.takeout_logic.Calculations object at 0x0000018AB74F3010> = <test_cash.test_takeout_cash.TestTakeoutFlow object at 0x0000018AB745E890>.calc\n\nsuits\\test_orderflows\\test_cash\\test_takeout_cash.py:34: AssertionError"}, "start": 1741885796590, "stop": 1741885796602, "uuid": "a4ee3107-b6af-4e1b-81da-ec22c00af4d3", "testCaseId": "f70192481015811b9af5b9a98e790dc8", "fullName": "suits.test_orderflows.test_cash.test_takeout_cash.TestTakeoutFlow#test_add_discount"}