{"name": "Process a phone order and Cancel it", "status": "failed", "statusDetails": {"message": "AssertionError: assert 'ERROR IS Message: \\nStacktrace:\\nNoSuchElementError: An element could not be located on the page using the given sear...ata\\\\Roaming\\\\npm\\\\node_modules\\\\appium\\\\node_modules\\\\@appium\\\\base-driver\\\\lib\\\\basedriver\\\\commands\\\\find.ts:75:12)' == True\n +  where 'ERROR IS Message: \\nStacktrace:\\nNoSuchElementError: An element could not be located on the page using the given sear...ata\\\\Roaming\\\\npm\\\\node_modules\\\\appium\\\\node_modules\\\\@appium\\\\base-driver\\\\lib\\\\basedriver\\\\commands\\\\find.ts:75:12)' = order('Phone Order')\n +    where order = <logic.takeout_logic.Calculations object at 0x0000013B41303EC0>.order\n +      where <logic.takeout_logic.Calculations object at 0x0000013B41303EC0> = <test_phoneorder_card.TestPhoneOrderCard object at 0x0000013B41294BF0>.phone", "trace": "self = <test_phoneorder_card.TestPhoneOrderCard object at 0x0000013B41294BF0>\n\n    @allure.story(\"Phone Order Save and Cancel\")\n    @allure.title(\"Process a phone order and Cancel it\")\n    def test_phoneorder_cancel_order(self):\n    \n>       assert self.phone.order(\"Phone Order\") == True\nE       AssertionError: assert 'ERROR IS Message: \\nStacktrace:\\nNoSuchElementError: An element could not be located on the page using the given sear...ata\\\\Roaming\\\\npm\\\\node_modules\\\\appium\\\\node_modules\\\\@appium\\\\base-driver\\\\lib\\\\basedriver\\\\commands\\\\find.ts:75:12)' == True\nE        +  where 'ERROR IS Message: \\nStacktrace:\\nNoSuchElementError: An element could not be located on the page using the given sear...ata\\\\Roaming\\\\npm\\\\node_modules\\\\appium\\\\node_modules\\\\@appium\\\\base-driver\\\\lib\\\\basedriver\\\\commands\\\\find.ts:75:12)' = order('Phone Order')\nE        +    where order = <logic.takeout_logic.Calculations object at 0x0000013B41303EC0>.order\nE        +      where <logic.takeout_logic.Calculations object at 0x0000013B41303EC0> = <test_phoneorder_card.TestPhoneOrderCard object at 0x0000013B41294BF0>.phone\n\nAutomation-logic\\suits\\test_orderflows\\test_card\\test_phoneorder_card.py:101: AssertionError"}, "start": 1742483287073, "stop": 1742483297924, "uuid": "5f95c6bb-1a7c-4c0b-88f7-96072cda3727", "historyId": "00f25e64e47a2b7967b2c4161ca5da1a", "testCaseId": "00f25e64e47a2b7967b2c4161ca5da1a", "fullName": "suits.test_orderflows.test_card.test_phoneorder_card.TestPhoneOrderCard#test_phoneorder_cancel_order", "labels": [{"name": "story", "value": "Phone Order Save and Cancel"}, {"name": "epic", "value": "Orderflow"}, {"name": "feature", "value": "Phone order in Card"}, {"name": "parentSuite", "value": "suits.test_orderflows.test_card"}, {"name": "suite", "value": "test_phoneorder_card"}, {"name": "subSuite", "value": "TestPhoneOrderCard"}, {"name": "host", "value": "LAPTOP-KKMKONCC"}, {"name": "thread", "value": "2544-MainThread"}, {"name": "framework", "value": "pytest"}, {"name": "language", "value": "cpython3"}, {"name": "package", "value": "suits.test_orderflows.test_card.test_phoneorder_card"}]}