{"name": "test_split_cash", "status": "failed", "statusDetails": {"message": "AssertionError: assert 'error Message: \\nStacktrace:\\nNoSuchElementError: An element could not be located on the page using the given search ...ata\\\\Roaming\\\\npm\\\\node_modules\\\\appium\\\\node_modules\\\\@appium\\\\base-driver\\\\lib\\\\basedriver\\\\commands\\\\find.ts:75:12)' == True\n +  where 'error Message: \\nStacktrace:\\nNoSuchElementError: An element could not be located on the page using the given search ...ata\\\\Roaming\\\\npm\\\\node_modules\\\\appium\\\\node_modules\\\\@appium\\\\base-driver\\\\lib\\\\basedriver\\\\commands\\\\find.ts:75:12)' = splitting_cash()\n +    where splitting_cash = <logic.split_logic.Split_cash object at 0x00000224B96D8220>.splitting_cash\n +      where <logic.split_logic.Split_cash object at 0x00000224B96D8220> = <test_split.TestSplitProgram object at 0x00000224B96161A0>.split", "trace": "self = <test_split.TestSplitProgram object at 0x00000224B96161A0>\n\n    def test_split_cash(self):\n        self.calc.add_multiple_items()\n        assert self.split.price_checking_cash() == True\n>       assert self.split.splitting_cash() == True\nE       AssertionError: assert 'error Message: \\nStacktrace:\\nNoSuchElementError: An element could not be located on the page using the given search ...ata\\\\Roaming\\\\npm\\\\node_modules\\\\appium\\\\node_modules\\\\@appium\\\\base-driver\\\\lib\\\\basedriver\\\\commands\\\\find.ts:75:12)' == True\nE        +  where 'error Message: \\nStacktrace:\\nNoSuchElementError: An element could not be located on the page using the given search ...ata\\\\Roaming\\\\npm\\\\node_modules\\\\appium\\\\node_modules\\\\@appium\\\\base-driver\\\\lib\\\\basedriver\\\\commands\\\\find.ts:75:12)' = splitting_cash()\nE        +    where splitting_cash = <logic.split_logic.Split_cash object at 0x00000224B96D8220>.splitting_cash\nE        +      where <logic.split_logic.Split_cash object at 0x00000224B96D8220> = <test_split.TestSplitProgram object at 0x00000224B96161A0>.split\n\nsuits\\test_programs\\test_split.py:16: AssertionError"}, "start": 1741873137929, "stop": 1741873157695, "uuid": "65859aa7-f6ea-4a65-9a09-0f4f22e01bed", "historyId": "10add0ebcd986af02de5f33093234326", "testCaseId": "10add0ebcd986af02de5f33093234326", "fullName": "suits.test_programs.test_split.TestSplitProgram#test_split_cash", "labels": [{"name": "parentSuite", "value": "suits.test_programs"}, {"name": "suite", "value": "test_split"}, {"name": "subSuite", "value": "TestSplitProgram"}, {"name": "host", "value": "LAPTOP-KKMKONCC"}, {"name": "thread", "value": "6088-MainThread"}, {"name": "framework", "value": "pytest"}, {"name": "language", "value": "cpython3"}, {"name": "package", "value": "suits.test_programs.test_split"}]}