{"name": "Process a phone order with Save and then Pay", "status": "failed", "statusDetails": {"message": "AssertionError: assert 'ERROR IS Message: \\nStacktrace:\\nNoSuchElementError: An element could not be located on the page using the given sear...ata\\\\Roaming\\\\npm\\\\node_modules\\\\appium\\\\node_modules\\\\@appium\\\\base-driver\\\\lib\\\\basedriver\\\\commands\\\\find.ts:75:12)' == True\n +  where 'ERROR IS Message: \\nStacktrace:\\nNoSuchElementError: An element could not be located on the page using the given sear...ata\\\\Roaming\\\\npm\\\\node_modules\\\\appium\\\\node_modules\\\\@appium\\\\base-driver\\\\lib\\\\basedriver\\\\commands\\\\find.ts:75:12)' = order('Phone Order')\n +    where order = <logic.takeout_logic.Calculations object at 0x000002538CF6C310>.order\n +      where <logic.takeout_logic.Calculations object at 0x000002538CF6C310> = <test_cash.test_phoneorder_cash.TestPhoneOrderCash object at 0x000002538CECA500>.phone", "trace": "self = <test_cash.test_phoneorder_cash.TestPhoneOrderCash object at 0x000002538CECA500>\n\n>   ???\nE   AssertionError: assert 'ERROR IS Message: \\nStacktrace:\\nNoSuchElementError: An element could not be located on the page using the given sear...ata\\\\Roaming\\\\npm\\\\node_modules\\\\appium\\\\node_modules\\\\@appium\\\\base-driver\\\\lib\\\\basedriver\\\\commands\\\\find.ts:75:12)' == True\nE    +  where 'ERROR IS Message: \\nStacktrace:\\nNoSuchElementError: An element could not be located on the page using the given sear...ata\\\\Roaming\\\\npm\\\\node_modules\\\\appium\\\\node_modules\\\\@appium\\\\base-driver\\\\lib\\\\basedriver\\\\commands\\\\find.ts:75:12)' = order('Phone Order')\nE    +    where order = <logic.takeout_logic.Calculations object at 0x000002538CF6C310>.order\nE    +      where <logic.takeout_logic.Calculations object at 0x000002538CF6C310> = <test_cash.test_phoneorder_cash.TestPhoneOrderCash object at 0x000002538CECA500>.phone\n\nC:\\Users\\rutwik\\Automation\\suits\\test_orderflows\\test_cash\\test_phoneorder_cash.py:47: AssertionError"}, "start": 1742311020288, "stop": 1742311030993, "uuid": "7328d133-0686-4519-8989-5cebf63568eb", "historyId": "e74b47a6b541325cfd39bfc65f3a2847", "testCaseId": "e74b47a6b541325cfd39bfc65f3a2847", "fullName": "suits.test_orderflows.test_cash.test_phoneorder_cash.TestPhoneOrderCash#test_phoneorder_update_pay", "labels": [{"name": "feature", "value": "Sanity Sheet"}, {"name": "story", "value": "Phone Order Save and Update and Pay"}, {"name": "parentSuite", "value": "suits.test_orderflows.test_cash"}, {"name": "suite", "value": "test_phoneorder_cash"}, {"name": "subSuite", "value": "TestPhoneOrderCash"}, {"name": "host", "value": "LAPTOP-KKMKONCC"}, {"name": "thread", "value": "11388-MainThread"}, {"name": "framework", "value": "pytest"}, {"name": "language", "value": "cpython3"}, {"name": "package", "value": "suits.test_orderflows.test_cash.test_phoneorder_cash"}]}