{"name": "Complete Card Payment", "status": "failed", "statusDetails": {"message": "AssertionError: assert 'Error Message: \\nStacktrace:\\nNoSuchElementError: An element could not be located on the page using the given search ...ata\\\\Roaming\\\\npm\\\\node_modules\\\\appium\\\\node_modules\\\\@appium\\\\base-driver\\\\lib\\\\basedriver\\\\commands\\\\find.ts:75:12)' == True\n +  where 'Error Message: \\nStacktrace:\\nNoSuchElementError: An element could not be located on the page using the given search ...ata\\\\Roaming\\\\npm\\\\node_modules\\\\appium\\\\node_modules\\\\@appium\\\\base-driver\\\\lib\\\\basedriver\\\\commands\\\\find.ts:75:12)' = card_pay()\n +    where card_pay = <logic.takeout_logic.Calculations object at 0x0000016EE7080DC0>.card_pay\n +      where <logic.takeout_logic.Calculations object at 0x0000016EE7080DC0> = <test_stay_card.TestStayCash object at 0x0000016EE705B910>.calc", "trace": "self = <test_stay_card.TestStayCash object at 0x0000016EE705B910>\n\n    @allure.story(\"Finalizing Card Payment\")\n    @allure.title(\"Complete Card Payment\")\n    @allure.description(\"Ensures that card payments can be successfully processed.\")\n    def test_cash_pay(self):\n>       assert self.calc.card_pay() == True\nE       AssertionError: assert 'Error Message: \\nStacktrace:\\nNoSuchElementError: An element could not be located on the page using the given search ...ata\\\\Roaming\\\\npm\\\\node_modules\\\\appium\\\\node_modules\\\\@appium\\\\base-driver\\\\lib\\\\basedriver\\\\commands\\\\find.ts:75:12)' == True\nE        +  where 'Error Message: \\nStacktrace:\\nNoSuchElementError: An element could not be located on the page using the given search ...ata\\\\Roaming\\\\npm\\\\node_modules\\\\appium\\\\node_modules\\\\@appium\\\\base-driver\\\\lib\\\\basedriver\\\\commands\\\\find.ts:75:12)' = card_pay()\nE        +    where card_pay = <logic.takeout_logic.Calculations object at 0x0000016EE7080DC0>.card_pay\nE        +      where <logic.takeout_logic.Calculations object at 0x0000016EE7080DC0> = <test_stay_card.TestStayCash object at 0x0000016EE705B910>.calc\n\nsuits\\test_orderflows\\test_card\\test_stay_card.py:87: AssertionError"}, "description": "Ensures that card payments can be successfully processed.", "start": 1741876788349, "stop": 1741876819228, "uuid": "a598cf55-30de-417a-8b96-550d9a90499c", "historyId": "2ec0999d19bc4bdf8af5e5ac0e8c0eee", "testCaseId": "2ec0999d19bc4bdf8af5e5ac0e8c0eee", "fullName": "suits.test_orderflows.test_card.test_stay_card.TestStayCash#test_cash_pay", "labels": [{"name": "story", "value": "Finalizing Card Payment"}, {"name": "epic", "value": "POS System Automation"}, {"name": "feature", "value": "Stay Card Order"}, {"name": "parentSuite", "value": "suits.test_orderflows.test_card"}, {"name": "suite", "value": "test_stay_card"}, {"name": "subSuite", "value": "TestStayCash"}, {"name": "host", "value": "LAPTOP-KKMKONCC"}, {"name": "thread", "value": "17156-MainThread"}, {"name": "framework", "value": "pytest"}, {"name": "language", "value": "cpython3"}, {"name": "package", "value": "suits.test_orderflows.test_card.test_stay_card"}]}