{"name": "Select Open Order", "status": "failed", "statusDetails": {"message": "AssertionError: assert 'ERROR IS Message: \\nStacktrace:\\nNoSuchElementError: An element could not be located on the page using the given sear...ata\\\\Roaming\\\\npm\\\\node_modules\\\\appium\\\\node_modules\\\\@appium\\\\base-driver\\\\lib\\\\basedriver\\\\commands\\\\find.ts:75:12)' == True\n +  where 'ERROR IS Message: \\nStacktrace:\\nNoSuchElementError: An element could not be located on the page using the given sear...ata\\\\Roaming\\\\npm\\\\node_modules\\\\appium\\\\node_modules\\\\@appium\\\\base-driver\\\\lib\\\\basedriver\\\\commands\\\\find.ts:75:12)' = order('Open Order')\n +    where order = <logic.takeout_logic.Calculations object at 0x000002D01ADCD520>.order\n +      where <logic.takeout_logic.Calculations object at 0x000002D01ADCD520> = <test_openorder_card.TestOpenOrderCard object at 0x000002D01AD0F800>.calc", "trace": "self = <test_openorder_card.TestOpenOrderCard object at 0x000002D01AD0F800>\n\n    @allure.story(\"Order Management\")\n    @allure.title(\"Select Open Order\")\n    def test_take_out_btn(self):\n        with allure.step(\"Selecting Open Order\"):\n>           assert self.calc.order(\"Open Order\") == True\nE           AssertionError: assert 'ERROR IS Message: \\nStacktrace:\\nNoSuchElementError: An element could not be located on the page using the given sear...ata\\\\Roaming\\\\npm\\\\node_modules\\\\appium\\\\node_modules\\\\@appium\\\\base-driver\\\\lib\\\\basedriver\\\\commands\\\\find.ts:75:12)' == True\nE            +  where 'ERROR IS Message: \\nStacktrace:\\nNoSuchElementError: An element could not be located on the page using the given sear...ata\\\\Roaming\\\\npm\\\\node_modules\\\\appium\\\\node_modules\\\\@appium\\\\base-driver\\\\lib\\\\basedriver\\\\commands\\\\find.ts:75:12)' = order('Open Order')\nE            +    where order = <logic.takeout_logic.Calculations object at 0x000002D01ADCD520>.order\nE            +      where <logic.takeout_logic.Calculations object at 0x000002D01ADCD520> = <test_openorder_card.TestOpenOrderCard object at 0x000002D01AD0F800>.calc\n\nsuits\\test_orderflows\\test_card\\test_openorder_card.py:32: AssertionError"}, "steps": [{"name": "Selecting Open Order", "status": "failed", "statusDetails": {"message": "AssertionError: assert 'ERROR IS Message: \\nStacktrace:\\nNoSuchElementError: An element could not be located on the page using the given sear...ata\\\\Roaming\\\\npm\\\\node_modules\\\\appium\\\\node_modules\\\\@appium\\\\base-driver\\\\lib\\\\basedriver\\\\commands\\\\find.ts:75:12)' == True\n +  where 'ERROR IS Message: \\nStacktrace:\\nNoSuchElementError: An element could not be located on the page using the given sear...ata\\\\Roaming\\\\npm\\\\node_modules\\\\appium\\\\node_modules\\\\@appium\\\\base-driver\\\\lib\\\\basedriver\\\\commands\\\\find.ts:75:12)' = order('Open Order')\n +    where order = <logic.takeout_logic.Calculations object at 0x000002D01ADCD520>.order\n +      where <logic.takeout_logic.Calculations object at 0x000002D01ADCD520> = <test_openorder_card.TestOpenOrderCard object at 0x000002D01AD0F800>.calc\n", "trace": "  File \"C:\\Users\\rutwik\\Automation\\suits\\test_orderflows\\test_card\\test_openorder_card.py\", line 32, in test_take_out_btn\n    assert self.calc.order(\"Open Order\") == True\n"}, "start": 1741788432180, "stop": 1741788442690}], "start": 1741788432179, "stop": 1741788442692, "uuid": "bd7b3b71-6e4d-4ae1-8236-56952340e72a", "historyId": "cf1777972b55d2a58ec8585ece596a7c", "testCaseId": "cf1777972b55d2a58ec8585ece596a7c", "fullName": "suits.test_orderflows.test_card.test_openorder_card.TestOpenOrderCard#test_take_out_btn", "labels": [{"name": "feature", "value": "Open Order Flow"}, {"name": "App", "value": "POS System"}, {"name": "story", "value": "Order Management"}, {"name": "OS", "value": "Android"}, {"name": "parentSuite", "value": "suits.test_orderflows.test_card"}, {"name": "suite", "value": "test_openorder_card"}, {"name": "subSuite", "value": "TestOpenOrderCard"}, {"name": "host", "value": "LAPTOP-KKMKONCC"}, {"name": "thread", "value": "19572-MainThread"}, {"name": "framework", "value": "pytest"}, {"name": "language", "value": "cpython3"}, {"name": "package", "value": "suits.test_orderflows.test_card.test_openorder_card"}]}