{"name": "Process a phone order with Save and then Pay", "status": "failed", "statusDetails": {"message": "AssertionError: assert 'Error is Message: \\nStacktrace:\\nNoSuchElementError: An element could not be located on the page using the given sear...ata\\\\Roaming\\\\npm\\\\node_modules\\\\appium\\\\node_modules\\\\@appium\\\\base-driver\\\\lib\\\\basedriver\\\\commands\\\\find.ts:75:12)' == True\n +  where 'Error is Message: \\nStacktrace:\\nNoSuchElementError: An element could not be located on the page using the given sear...ata\\\\Roaming\\\\npm\\\\node_modules\\\\appium\\\\node_modules\\\\@appium\\\\base-driver\\\\lib\\\\basedriver\\\\commands\\\\find.ts:75:12)' = search_cust_phoneorder()\n +    where search_cust_phoneorder = <logic.takeout_logic.Calculations object at 0x0000024DEFA73E60>.search_cust_phoneorder\n +      where <logic.takeout_logic.Calculations object at 0x0000024DEFA73E60> = <test_phoneorder_card.TestPhoneOrderCard object at 0x0000024DF228D8E0>.phone", "trace": "self = <test_phoneorder_card.TestPhoneOrderCard object at 0x0000024DF228D8E0>\n\n    @allure.story(\"Phone Order Save and Update and Pay By card\")\n    @allure.title(\"Process a phone order with Save and then Pay\")\n    def test_phoneorder_update_pay(self):\n    \n        assert self.phone.order(\"Phone Order\") == True\n>       assert self.phone.search_cust_phoneorder() == True\nE       AssertionError: assert 'Error is Message: \\nStacktrace:\\nNoSuchElementError: An element could not be located on the page using the given sear...ata\\\\Roaming\\\\npm\\\\node_modules\\\\appium\\\\node_modules\\\\@appium\\\\base-driver\\\\lib\\\\basedriver\\\\commands\\\\find.ts:75:12)' == True\nE        +  where 'Error is Message: \\nStacktrace:\\nNoSuchElementError: An element could not be located on the page using the given sear...ata\\\\Roaming\\\\npm\\\\node_modules\\\\appium\\\\node_modules\\\\@appium\\\\base-driver\\\\lib\\\\basedriver\\\\commands\\\\find.ts:75:12)' = search_cust_phoneorder()\nE        +    where search_cust_phoneorder = <logic.takeout_logic.Calculations object at 0x0000024DEFA73E60>.search_cust_phoneorder\nE        +      where <logic.takeout_logic.Calculations object at 0x0000024DEFA73E60> = <test_phoneorder_card.TestPhoneOrderCard object at 0x0000024DF228D8E0>.phone\n\nsuits\\test_orderflows\\test_card\\test_phoneorder_card.py:58: AssertionError"}, "start": 1741775626762, "stop": 1741775640357, "uuid": "84017f36-d312-450c-930f-184ab358278e", "historyId": "1327008c159474be0943f5c40138e721", "testCaseId": "1327008c159474be0943f5c40138e721", "fullName": "suits.test_orderflows.test_card.test_phoneorder_card.TestPhoneOrderCard#test_phoneorder_update_pay", "labels": [{"name": "story", "value": "Phone Order Save and Update and Pay By card"}, {"name": "feature", "value": "Sanity Sheet"}, {"name": "parentSuite", "value": "suits.test_orderflows.test_card"}, {"name": "suite", "value": "test_phoneorder_card"}, {"name": "subSuite", "value": "TestPhoneOrderCard"}, {"name": "host", "value": "LAPTOP-KKMKONCC"}, {"name": "thread", "value": "12404-MainThread"}, {"name": "framework", "value": "pytest"}, {"name": "language", "value": "cpython3"}, {"name": "package", "value": "suits.test_orderflows.test_card.test_phoneorder_card"}]}