{"name": "test_check_tax_added", "status": "failed", "statusDetails": {"message": "AssertionError: assert 'Error is Message: \\nStacktrace:\\nNoSuchElementError: An element could not be located on the page using the given sear...ata\\\\Roaming\\\\npm\\\\node_modules\\\\appium\\\\node_modules\\\\@appium\\\\base-driver\\\\lib\\\\basedriver\\\\commands\\\\find.ts:75:12)' is True\n +  where 'Error is Message: \\nStacktrace:\\nNoSuchElementError: An element could not be located on the page using the given sear...ata\\\\Roaming\\\\npm\\\\node_modules\\\\appium\\\\node_modules\\\\@appium\\\\base-driver\\\\lib\\\\basedriver\\\\commands\\\\find.ts:75:12)' = check_tax()\n +    where check_tax = <logic.setup_logic.Setup object at 0x0000027F0996E260>.check_tax\n +      where <logic.setup_logic.Setup object at 0x0000027F0996E260> = <test_setup.TestSetUpFlow object at 0x0000027F0985AE90>.setup", "trace": "self = <test_setup.TestSetUpFlow object at 0x0000027F0985AE90>\n\n    def test_check_tax_added(self):\n>       assert self.setup.check_tax() is True\nE       AssertionError: assert 'Error is Message: \\nStacktrace:\\nNoSuchElementError: An element could not be located on the page using the given sear...ata\\\\Roaming\\\\npm\\\\node_modules\\\\appium\\\\node_modules\\\\@appium\\\\base-driver\\\\lib\\\\basedriver\\\\commands\\\\find.ts:75:12)' is True\nE        +  where 'Error is Message: \\nStacktrace:\\nNoSuchElementError: An element could not be located on the page using the given sear...ata\\\\Roaming\\\\npm\\\\node_modules\\\\appium\\\\node_modules\\\\@appium\\\\base-driver\\\\lib\\\\basedriver\\\\commands\\\\find.ts:75:12)' = check_tax()\nE        +    where check_tax = <logic.setup_logic.Setup object at 0x0000027F0996E260>.check_tax\nE        +      where <logic.setup_logic.Setup object at 0x0000027F0996E260> = <test_setup.TestSetUpFlow object at 0x0000027F0985AE90>.setup\n\nAutomation-logic\\suits\\test_setup\\test_setup.py:51: AssertionError"}, "start": 1742918195102, "stop": 1742918205289, "uuid": "652b5913-bc9a-453d-bf66-81c7e4d8753a", "historyId": "ae5a8d054b9d0d040bde4c9d82fdf433", "testCaseId": "ae5a8d054b9d0d040bde4c9d82fdf433", "fullName": "suits.test_setup.test_setup.TestSetUpFlow#test_check_tax_added", "labels": [{"name": "feature", "value": "Developer 1 Report"}, {"name": "parentSuite", "value": "suits.test_setup"}, {"name": "suite", "value": "test_setup"}, {"name": "subSuite", "value": "TestSetUpFlow"}, {"name": "host", "value": "LAPTOP-KKMKONCC"}, {"name": "thread", "value": "23228-MainThread"}, {"name": "framework", "value": "pytest"}, {"name": "language", "value": "cpython3"}, {"name": "package", "value": "suits.test_setup.test_setup"}]}