{"name": "Process a phone order and Cancel it", "status": "failed", "statusDetails": {"message": "AssertionError: assert 'ERROR IS Message: \\nStacktrace:\\nNoSuchElementError: An element could not be located on the page using the given sear...ata\\\\Roaming\\\\npm\\\\node_modules\\\\appium\\\\node_modules\\\\@appium\\\\base-driver\\\\lib\\\\basedriver\\\\commands\\\\find.ts:75:12)' == True\n +  where 'ERROR IS Message: \\nStacktrace:\\nNoSuchElementError: An element could not be located on the page using the given sear...ata\\\\Roaming\\\\npm\\\\node_modules\\\\appium\\\\node_modules\\\\@appium\\\\base-driver\\\\lib\\\\basedriver\\\\commands\\\\find.ts:75:12)' = order('Phone Order')\n +    where order = <logic.takeout_logic.Calculations object at 0x000001BF0B5BBC50>.order\n +      where <logic.takeout_logic.Calculations object at 0x000001BF0B5BBC50> = <test_phoneorder_card.TestPhoneOrderCard object at 0x000001BF0B5B8FB0>.phone", "trace": "self = <test_phoneorder_card.TestPhoneOrderCard object at 0x000001BF0B5B8FB0>\n\n    @allure.story(\"Phone Order Save and Cancel\")\n    @allure.title(\"Process a phone order and Cancel it\")\n    def test_phoneorder_cancel_order(self):\n    \n>       assert self.phone.order(\"Phone Order\") == True\nE       AssertionError: assert 'ERROR IS Message: \\nStacktrace:\\nNoSuchElementError: An element could not be located on the page using the given sear...ata\\\\Roaming\\\\npm\\\\node_modules\\\\appium\\\\node_modules\\\\@appium\\\\base-driver\\\\lib\\\\basedriver\\\\commands\\\\find.ts:75:12)' == True\nE        +  where 'ERROR IS Message: \\nStacktrace:\\nNoSuchElementError: An element could not be located on the page using the given sear...ata\\\\Roaming\\\\npm\\\\node_modules\\\\appium\\\\node_modules\\\\@appium\\\\base-driver\\\\lib\\\\basedriver\\\\commands\\\\find.ts:75:12)' = order('Phone Order')\nE        +    where order = <logic.takeout_logic.Calculations object at 0x000001BF0B5BBC50>.order\nE        +      where <logic.takeout_logic.Calculations object at 0x000001BF0B5BBC50> = <test_phoneorder_card.TestPhoneOrderCard object at 0x000001BF0B5B8FB0>.phone\n\nsuits\\test_orderflows\\test_card\\test_phoneorder_card.py:92: AssertionError"}, "start": 1741781726539, "stop": 1741781736812, "uuid": "b15df665-322b-4f66-90c4-fda42d50ba65", "historyId": "00f25e64e47a2b7967b2c4161ca5da1a", "testCaseId": "00f25e64e47a2b7967b2c4161ca5da1a", "fullName": "suits.test_orderflows.test_card.test_phoneorder_card.TestPhoneOrderCard#test_phoneorder_cancel_order", "labels": [{"name": "story", "value": "Phone Order Save and Cancel"}, {"name": "feature", "value": "Sanity Sheet"}, {"name": "parentSuite", "value": "suits.test_orderflows.test_card"}, {"name": "suite", "value": "test_phoneorder_card"}, {"name": "subSuite", "value": "TestPhoneOrderCard"}, {"name": "host", "value": "LAPTOP-KKMKONCC"}, {"name": "thread", "value": "4736-MainThread"}, {"name": "framework", "value": "pytest"}, {"name": "language", "value": "cpython3"}, {"name": "package", "value": "suits.test_orderflows.test_card.test_phoneorder_card"}]}