{"name": "Apply Discount to the Order", "status": "failed", "statusDetails": {"message": "AssertionError: assert 'error Message: \\nStacktrace:\\nNoSuchElementError: An element could not be located on the page using the given search ...ata\\\\Roaming\\\\npm\\\\node_modules\\\\appium\\\\node_modules\\\\@appium\\\\base-driver\\\\lib\\\\basedriver\\\\commands\\\\find.ts:75:12)' == True\n +  where 'error Message: \\nStacktrace:\\nNoSuchElementError: An element could not be located on the page using the given search ...ata\\\\Roaming\\\\npm\\\\node_modules\\\\appium\\\\node_modules\\\\@appium\\\\base-driver\\\\lib\\\\basedriver\\\\commands\\\\find.ts:75:12)' = add_discount()\n +    where add_discount = <logic.takeout_logic.Calculations object at 0x0000022320601210>.add_discount\n +      where <logic.takeout_logic.Calculations object at 0x0000022320601210> = <test_cash.test_openorder_cash.TestOpenOrderCash object at 0x00000223206032B0>.calc", "trace": "self = <test_cash.test_openorder_cash.TestOpenOrderCash object at 0x00000223206032B0>\n\n    @allure.story(\"Order Modifications\")\n    @allure.title(\"Apply Discount to the Order\")\n    @allure.description(\"Validates that a discount can be applied to an order.\")\n    def test_add_discount(self):\n>       assert self.calc.add_discount() == True\nE       AssertionError: assert 'error Message: \\nStacktrace:\\nNoSuchElementError: An element could not be located on the page using the given search ...ata\\\\Roaming\\\\npm\\\\node_modules\\\\appium\\\\node_modules\\\\@appium\\\\base-driver\\\\lib\\\\basedriver\\\\commands\\\\find.ts:75:12)' == True\nE        +  where 'error Message: \\nStacktrace:\\nNoSuchElementError: An element could not be located on the page using the given search ...ata\\\\Roaming\\\\npm\\\\node_modules\\\\appium\\\\node_modules\\\\@appium\\\\base-driver\\\\lib\\\\basedriver\\\\commands\\\\find.ts:75:12)' = add_discount()\nE        +    where add_discount = <logic.takeout_logic.Calculations object at 0x0000022320601210>.add_discount\nE        +      where <logic.takeout_logic.Calculations object at 0x0000022320601210> = <test_cash.test_openorder_cash.TestOpenOrderCash object at 0x00000223206032B0>.calc\n\nsuits\\test_orderflows\\test_cash\\test_openorder_cash.py:37: AssertionError"}, "description": "Validates that a discount can be applied to an order.", "start": 1741860869403, "stop": 1741860882328, "uuid": "858b8f41-93ca-4410-acea-565a31c1a4f2", "historyId": "f2929d02fde52f9ea38a653badf0ea85", "testCaseId": "f2929d02fde52f9ea38a653badf0ea85", "fullName": "suits.test_orderflows.test_cash.test_openorder_cash.TestOpenOrderCash#test_add_discount", "labels": [{"name": "Type", "value": "Functional Test"}, {"name": "story", "value": "Order Modifications"}, {"name": "feature", "value": "Open Order Flow - Cash Payment"}, {"name": "Module", "value": "Order Management"}, {"name": "parentSuite", "value": "suits.test_orderflows.test_cash"}, {"name": "suite", "value": "test_openorder_cash"}, {"name": "subSuite", "value": "TestOpenOrderCash"}, {"name": "host", "value": "LAPTOP-KKMKONCC"}, {"name": "thread", "value": "5780-MainThread"}, {"name": "framework", "value": "pytest"}, {"name": "language", "value": "cpython3"}, {"name": "package", "value": "suits.test_orderflows.test_cash.test_openorder_cash"}]}