{"name": "test_final_tax_check", "status": "failed", "statusDetails": {"message": "AssertionError: assert 'Error is Message: An element could not be located on the page using the given search parameters.; For documentation o...ata\\\\Roaming\\\\npm\\\\node_modules\\\\appium\\\\node_modules\\\\@appium\\\\base-driver\\\\lib\\\\basedriver\\\\commands\\\\find.ts:75:12)' is True\n +  where 'Error is Message: An element could not be located on the page using the given search parameters.; For documentation o...ata\\\\Roaming\\\\npm\\\\node_modules\\\\appium\\\\node_modules\\\\@appium\\\\base-driver\\\\lib\\\\basedriver\\\\commands\\\\find.ts:75:12)' = check_tax()\n +    where check_tax = <logic.setup_logic.Setup object at 0x000002589BDE12A0>.check_tax\n +      where <logic.setup_logic.Setup object at 0x000002589BDE12A0> = <test_setup.TestSetUpFlow object at 0x000002589BD1F0D0>.setup", "trace": "self = <test_setup.TestSetUpFlow object at 0x000002589BD1F0D0>\n\n    def test_final_tax_check(self):\n>       assert self.setup.check_tax() is True\nE       AssertionError: assert 'Error is Message: An element could not be located on the page using the given search parameters.; For documentation o...ata\\\\Roaming\\\\npm\\\\node_modules\\\\appium\\\\node_modules\\\\@appium\\\\base-driver\\\\lib\\\\basedriver\\\\commands\\\\find.ts:75:12)' is True\nE        +  where 'Error is Message: An element could not be located on the page using the given search parameters.; For documentation o...ata\\\\Roaming\\\\npm\\\\node_modules\\\\appium\\\\node_modules\\\\@appium\\\\base-driver\\\\lib\\\\basedriver\\\\commands\\\\find.ts:75:12)' = check_tax()\nE        +    where check_tax = <logic.setup_logic.Setup object at 0x000002589BDE12A0>.check_tax\nE        +      where <logic.setup_logic.Setup object at 0x000002589BDE12A0> = <test_setup.TestSetUpFlow object at 0x000002589BD1F0D0>.setup\n\nAutomation-logic\\suits\\test_setup\\test_setup.py:59: AssertionError"}, "start": 1743601434133, "stop": 1743601437703, "uuid": "f5c9b23d-467a-4855-89e7-9817694ff5fb", "historyId": "9d611cfc889282ffc08814d6b8e3615d", "testCaseId": "9d611cfc889282ffc08814d6b8e3615d", "fullName": "suits.test_setup.test_setup.TestSetUpFlow#test_final_tax_check", "labels": [{"name": "feature", "value": "Setup Testflow"}, {"name": "parentSuite", "value": "suits.test_setup"}, {"name": "suite", "value": "test_setup"}, {"name": "subSuite", "value": "TestSetUpFlow"}, {"name": "host", "value": "LAPTOP-KKMKONCC"}, {"name": "thread", "value": "17792-MainThread"}, {"name": "framework", "value": "pytest"}, {"name": "language", "value": "cpython3"}, {"name": "package", "value": "suits.test_setup.test_setup"}]}