{"name": "Apply discount to the order", "status": "failed", "statusDetails": {"message": "AssertionError: assert 'error Message: An unknown server-side error occurred while processing the command. Original error: Could not proxy co...r2Driver.click (C:\\\\Users\\\\rutwik\\\\.appium\\\\node_modules\\\\appium-uiautomator2-driver\\\\lib\\\\commands\\\\element.js:158:3)' == True\n +  where 'error Message: An unknown server-side error occurred while processing the command. Original error: Could not proxy co...r2Driver.click (C:\\\\Users\\\\rutwik\\\\.appium\\\\node_modules\\\\appium-uiautomator2-driver\\\\lib\\\\commands\\\\element.js:158:3)' = add_discount()\n +    where add_discount = <logic.takeout_logic.Calculations object at 0x000001DF7BEE03A0>.add_discount\n +      where <logic.takeout_logic.Calculations object at 0x000001DF7BEE03A0> = <test_cash.test_takeout_cash.TestTakeoutFlow object at 0x000001DF7BE4A7A0>.calc", "trace": "self = <test_cash.test_takeout_cash.TestTakeoutFlow object at 0x000001DF7BE4A7A0>\n\n    @allure.story(\"Order Modifications\")\n    @allure.title(\"Apply discount to the order\")\n    def test_add_discount(self):\n>       assert self.calc.add_discount() == True\nE       AssertionError: assert 'error Message: An unknown server-side error occurred while processing the command. Original error: Could not proxy co...r2Driver.click (C:\\\\Users\\\\rutwik\\\\.appium\\\\node_modules\\\\appium-uiautomator2-driver\\\\lib\\\\commands\\\\element.js:158:3)' == True\nE        +  where 'error Message: An unknown server-side error occurred while processing the command. Original error: Could not proxy co...r2Driver.click (C:\\\\Users\\\\rutwik\\\\.appium\\\\node_modules\\\\appium-uiautomator2-driver\\\\lib\\\\commands\\\\element.js:158:3)' = add_discount()\nE        +    where add_discount = <logic.takeout_logic.Calculations object at 0x000001DF7BEE03A0>.add_discount\nE        +      where <logic.takeout_logic.Calculations object at 0x000001DF7BEE03A0> = <test_cash.test_takeout_cash.TestTakeoutFlow object at 0x000001DF7BE4A7A0>.calc\n\nsuits\\test_orderflows\\test_cash\\test_takeout_cash.py:34: AssertionError"}, "start": 1741885734434, "stop": 1741885735502, "uuid": "47a47df6-901c-4066-b666-fb7f09c82041", "testCaseId": "f70192481015811b9af5b9a98e790dc8", "fullName": "suits.test_orderflows.test_cash.test_takeout_cash.TestTakeoutFlow#test_add_discount"}