{"name": "test_ordernote", "status": "failed", "statusDetails": {"message": "AssertionError: assert 'Error as Message: \\nStacktrace:\\nNoSuchElementError: An element could not be located on the page using the given sear...ata\\\\Roaming\\\\npm\\\\node_modules\\\\appium\\\\node_modules\\\\@appium\\\\base-driver\\\\lib\\\\basedriver\\\\commands\\\\find.ts:75:12)' is True\n +  where 'Error as Message: \\nStacktrace:\\nNoSuchElementError: An element could not be located on the page using the given sear...ata\\\\Roaming\\\\npm\\\\node_modules\\\\appium\\\\node_modules\\\\@appium\\\\base-driver\\\\lib\\\\basedriver\\\\commands\\\\find.ts:75:12)' = order_note_editing()\n +    where order_note_editing = <logic.setup_logic.Setup object at 0x00000211DA988280>.order_note_editing\n +      where <logic.setup_logic.Setup object at 0x00000211DA988280> = <test_setup.TestSetUpFlow object at 0x00000211DB24B5B0>.setup", "trace": "self = <test_setup.TestSetUpFlow object at 0x00000211DB24B5B0>\n\n    def test_ordernote(self):\n>       assert self.setup.order_note_editing() is True\nE       AssertionError: assert 'Error as Message: \\nStacktrace:\\nNoSuchElementError: An element could not be located on the page using the given sear...ata\\\\Roaming\\\\npm\\\\node_modules\\\\appium\\\\node_modules\\\\@appium\\\\base-driver\\\\lib\\\\basedriver\\\\commands\\\\find.ts:75:12)' is True\nE        +  where 'Error as Message: \\nStacktrace:\\nNoSuchElementError: An element could not be located on the page using the given sear...ata\\\\Roaming\\\\npm\\\\node_modules\\\\appium\\\\node_modules\\\\@appium\\\\base-driver\\\\lib\\\\basedriver\\\\commands\\\\find.ts:75:12)' = order_note_editing()\nE        +    where order_note_editing = <logic.setup_logic.Setup object at 0x00000211DA988280>.order_note_editing\nE        +      where <logic.setup_logic.Setup object at 0x00000211DA988280> = <test_setup.TestSetUpFlow object at 0x00000211DB24B5B0>.setup\n\nAutomation-logic\\suits\\test_setup\\test_setup.py:35: AssertionError"}, "start": 1743600740331, "stop": 1743600760498, "uuid": "c1f955c5-b37b-4778-be5a-f949544ad3c8", "historyId": "bee001767bc1f0b83b50d5dcbecc27a8", "testCaseId": "bee001767bc1f0b83b50d5dcbecc27a8", "fullName": "suits.test_setup.test_setup.TestSetUpFlow#test_ordernote", "labels": [{"name": "feature", "value": "Setup Testflow"}, {"name": "parentSuite", "value": "suits.test_setup"}, {"name": "suite", "value": "test_setup"}, {"name": "subSuite", "value": "TestSetUpFlow"}, {"name": "host", "value": "LAPTOP-KKMKONCC"}, {"name": "thread", "value": "11812-MainThread"}, {"name": "framework", "value": "pytest"}, {"name": "language", "value": "cpython3"}, {"name": "package", "value": "suits.test_setup.test_setup"}]}