{"name": "Apply discount to the order", "status": "failed", "statusDetails": {"message": "AssertionError: assert \"error Message: An unknown server-side error occurred while processing the command. Original error: 'POST /element' ca...ata\\\\Roaming\\\\npm\\\\node_modules\\\\appium\\\\node_modules\\\\@appium\\\\base-driver\\\\lib\\\\basedriver\\\\commands\\\\find.ts:75:12)\" == True\n +  where \"error Message: An unknown server-side error occurred while processing the command. Original error: 'POST /element' ca...ata\\\\Roaming\\\\npm\\\\node_modules\\\\appium\\\\node_modules\\\\@appium\\\\base-driver\\\\lib\\\\basedriver\\\\commands\\\\find.ts:75:12)\" = add_discount()\n +    where add_discount = <logic.takeout_logic.Calculations object at 0x000002A7C43F4350>.add_discount\n +      where <logic.takeout_logic.Calculations object at 0x000002A7C43F4350> = <test_openorder_card.TestOpenOrderCard object at 0x000002A7C4329040>.calc", "trace": "self = <test_openorder_card.TestOpenOrderCard object at 0x000002A7C4329040>\n\n    @allure.story(\"Order Modifications\")\n    @allure.title(\"Apply discount to the order\")\n    def test_add_discount(self):\n        with allure.step(\"Applying discount\"):\n>           assert self.calc.add_discount() == True\nE           assert \"error Message: An unknown server-side error occurred while processing the command. Original error: 'POST /element' ca...ata\\\\Roaming\\\\npm\\\\node_modules\\\\appium\\\\node_modules\\\\@appium\\\\base-driver\\\\lib\\\\basedriver\\\\commands\\\\find.ts:75:12)\" == True\nE            +  where \"error Message: An unknown server-side error occurred while processing the command. Original error: 'POST /element' ca...ata\\\\Roaming\\\\npm\\\\node_modules\\\\appium\\\\node_modules\\\\@appium\\\\base-driver\\\\lib\\\\basedriver\\\\commands\\\\find.ts:75:12)\" = add_discount()\nE            +    where add_discount = <logic.takeout_logic.Calculations object at 0x000002A7C43F4350>.add_discount\nE            +      where <logic.takeout_logic.Calculations object at 0x000002A7C43F4350> = <test_openorder_card.TestOpenOrderCard object at 0x000002A7C4329040>.calc\n\nsuits\\test_orderflows\\test_card\\test_openorder_card.py:44: AssertionError"}, "steps": [{"name": "Applying discount", "status": "failed", "statusDetails": {"message": "AssertionError: assert \"error Message: An unknown server-side error occurred while processing the command. Original error: 'POST /element' ca...ata\\\\Roaming\\\\npm\\\\node_modules\\\\appium\\\\node_modules\\\\@appium\\\\base-driver\\\\lib\\\\basedriver\\\\commands\\\\find.ts:75:12)\" == True\n +  where \"error Message: An unknown server-side error occurred while processing the command. Original error: 'POST /element' ca...ata\\\\Roaming\\\\npm\\\\node_modules\\\\appium\\\\node_modules\\\\@appium\\\\base-driver\\\\lib\\\\basedriver\\\\commands\\\\find.ts:75:12)\" = add_discount()\n +    where add_discount = <logic.takeout_logic.Calculations object at 0x000002A7C43F4350>.add_discount\n +      where <logic.takeout_logic.Calculations object at 0x000002A7C43F4350> = <test_openorder_card.TestOpenOrderCard object at 0x000002A7C4329040>.calc\n", "trace": "  File \"C:\\Users\\rutwik\\Automation\\suits\\test_orderflows\\test_card\\test_openorder_card.py\", line 44, in test_add_discount\n    assert self.calc.add_discount() == True\n"}, "start": 1741789327906, "stop": 1741789327916}], "start": 1741789327906, "stop": 1741789327917, "uuid": "9649b395-acc1-4e18-9638-7d72d9a24015", "historyId": "1b413972888d7f8566e61f5ace72e4cd", "testCaseId": "1b413972888d7f8566e61f5ace72e4cd", "fullName": "suits.test_orderflows.test_card.test_openorder_card.TestOpenOrderCard#test_add_discount", "labels": [{"name": "App", "value": "POS System"}, {"name": "story", "value": "Order Modifications"}, {"name": "OS", "value": "Android"}, {"name": "feature", "value": "Open Order Flow"}, {"name": "parentSuite", "value": "suits.test_orderflows.test_card"}, {"name": "suite", "value": "test_openorder_card"}, {"name": "subSuite", "value": "TestOpenOrderCard"}, {"name": "host", "value": "LAPTOP-KKMKONCC"}, {"name": "thread", "value": "17260-MainThread"}, {"name": "framework", "value": "pytest"}, {"name": "language", "value": "cpython3"}, {"name": "package", "value": "suits.test_orderflows.test_card.test_openorder_card"}]}