{"name": "test_discount_check", "status": "failed", "statusDetails": {"message": "AssertionError: assert 'error Message: \\nStacktrace:\\nNoSuchElementError: An element could not be located on the page using the given search ...ata\\\\Roaming\\\\npm\\\\node_modules\\\\appium\\\\node_modules\\\\@appium\\\\base-driver\\\\lib\\\\basedriver\\\\commands\\\\find.ts:75:12)' is True\n +  where 'error Message: \\nStacktrace:\\nNoSuchElementError: An element could not be located on the page using the given search ...ata\\\\Roaming\\\\npm\\\\node_modules\\\\appium\\\\node_modules\\\\@appium\\\\base-driver\\\\lib\\\\basedriver\\\\commands\\\\find.ts:75:12)' = check_discount()\n +    where check_discount = <logic.setup_logic.Setup object at 0x0000027F0996E8C0>.check_discount\n +      where <logic.setup_logic.Setup object at 0x0000027F0996E8C0> = <test_setup.TestSetUpFlow object at 0x0000027F0985AA10>.setup", "trace": "self = <test_setup.TestSetUpFlow object at 0x0000027F0985AA10>\n\n    def test_discount_check(self):\n>       assert self.setup.check_discount() is True\nE       AssertionError: assert 'error Message: \\nStacktrace:\\nNoSuchElementError: An element could not be located on the page using the given search ...ata\\\\Roaming\\\\npm\\\\node_modules\\\\appium\\\\node_modules\\\\@appium\\\\base-driver\\\\lib\\\\basedriver\\\\commands\\\\find.ts:75:12)' is True\nE        +  where 'error Message: \\nStacktrace:\\nNoSuchElementError: An element could not be located on the page using the given search ...ata\\\\Roaming\\\\npm\\\\node_modules\\\\appium\\\\node_modules\\\\@appium\\\\base-driver\\\\lib\\\\basedriver\\\\commands\\\\find.ts:75:12)' = check_discount()\nE        +    where check_discount = <logic.setup_logic.Setup object at 0x0000027F0996E8C0>.check_discount\nE        +      where <logic.setup_logic.Setup object at 0x0000027F0996E8C0> = <test_setup.TestSetUpFlow object at 0x0000027F0985AA10>.setup\n\nAutomation-logic\\suits\\test_setup\\test_setup.py:45: AssertionError"}, "start": 1742918162622, "stop": 1742918172767, "uuid": "a9701b79-63d9-488f-80d2-bc7a613b5ed2", "historyId": "6eeeaaa7b258e0d608b9d03a4a70bd11", "testCaseId": "6eeeaaa7b258e0d608b9d03a4a70bd11", "fullName": "suits.test_setup.test_setup.TestSetUpFlow#test_discount_check", "labels": [{"name": "feature", "value": "Developer 1 Report"}, {"name": "parentSuite", "value": "suits.test_setup"}, {"name": "suite", "value": "test_setup"}, {"name": "subSuite", "value": "TestSetUpFlow"}, {"name": "host", "value": "LAPTOP-KKMKONCC"}, {"name": "thread", "value": "23228-MainThread"}, {"name": "framework", "value": "pytest"}, {"name": "language", "value": "cpython3"}, {"name": "package", "value": "suits.test_setup.test_setup"}]}