{"name": "Process a phone order with Save and then Pay", "status": "failed", "statusDetails": {"message": "AssertionError: assert 'ERROR IS Message: \\nStacktrace:\\nNoSuchElementError: An element could not be located on the page using the given sear...ata\\\\Roaming\\\\npm\\\\node_modules\\\\appium\\\\node_modules\\\\@appium\\\\base-driver\\\\lib\\\\basedriver\\\\commands\\\\find.ts:75:12)' == True\n +  where 'ERROR IS Message: \\nStacktrace:\\nNoSuchElementError: An element could not be located on the page using the given sear...ata\\\\Roaming\\\\npm\\\\node_modules\\\\appium\\\\node_modules\\\\@appium\\\\base-driver\\\\lib\\\\basedriver\\\\commands\\\\find.ts:75:12)' = order('Phone Order')\n +    where order = <logic.takeout_logic.Calculations object at 0x000001CFB572D270>.order\n +      where <logic.takeout_logic.Calculations object at 0x000001CFB572D270> = <test_phoneorder_card.TestPhoneOrderCard object at 0x000001CFB57DF010>.phone", "trace": "self = <test_phoneorder_card.TestPhoneOrderCard object at 0x000001CFB57DF010>\n\n    @allure.story(\"Phone Order Save and Update and Pay By card\")\n    @allure.title(\"Process a phone order with Save and then Pay\")\n    def test_phoneorder_update_pay(self):\n    \n>       assert self.phone.order(\"Phone Order\") == True\nE       AssertionError: assert 'ERROR IS Message: \\nStacktrace:\\nNoSuchElementError: An element could not be located on the page using the given sear...ata\\\\Roaming\\\\npm\\\\node_modules\\\\appium\\\\node_modules\\\\@appium\\\\base-driver\\\\lib\\\\basedriver\\\\commands\\\\find.ts:75:12)' == True\nE        +  where 'ERROR IS Message: \\nStacktrace:\\nNoSuchElementError: An element could not be located on the page using the given sear...ata\\\\Roaming\\\\npm\\\\node_modules\\\\appium\\\\node_modules\\\\@appium\\\\base-driver\\\\lib\\\\basedriver\\\\commands\\\\find.ts:75:12)' = order('Phone Order')\nE        +    where order = <logic.takeout_logic.Calculations object at 0x000001CFB572D270>.order\nE        +      where <logic.takeout_logic.Calculations object at 0x000001CFB572D270> = <test_phoneorder_card.TestPhoneOrderCard object at 0x000001CFB57DF010>.phone\n\nAutomation-logic\\suits\\test_orderflows\\test_card\\test_phoneorder_card.py:69: AssertionError"}, "start": 1742916832570, "stop": 1742916843246, "uuid": "65991007-2bd9-45a6-8ac7-e7789c708229", "historyId": "1327008c159474be0943f5c40138e721", "testCaseId": "1327008c159474be0943f5c40138e721", "fullName": "suits.test_orderflows.test_card.test_phoneorder_card.TestPhoneOrderCard#test_phoneorder_update_pay", "labels": [{"name": "feature", "value": "Phone order in Card"}, {"name": "epic", "value": "Orderflow"}, {"name": "story", "value": "Phone Order Save and Update and Pay By card"}, {"name": "parentSuite", "value": "suits.test_orderflows.test_card"}, {"name": "suite", "value": "test_phoneorder_card"}, {"name": "subSuite", "value": "TestPhoneOrderCard"}, {"name": "host", "value": "LAPTOP-KKMKONCC"}, {"name": "thread", "value": "15160-MainThread"}, {"name": "framework", "value": "pytest"}, {"name": "language", "value": "cpython3"}, {"name": "package", "value": "suits.test_orderflows.test_card.test_phoneorder_card"}]}