{"name": "test_cash_pay", "status": "failed", "statusDetails": {"message": "AssertionError: assert 'Error Message: \\nStacktrace:\\nNoSuchElementError: An element could not be located on the page using the given search ...ata\\\\Roaming\\\\npm\\\\node_modules\\\\appium\\\\node_modules\\\\@appium\\\\base-driver\\\\lib\\\\basedriver\\\\commands\\\\find.ts:75:12)' is True\n +  where 'Error Message: \\nStacktrace:\\nNoSuchElementError: An element could not be located on the page using the given search ...ata\\\\Roaming\\\\npm\\\\node_modules\\\\appium\\\\node_modules\\\\@appium\\\\base-driver\\\\lib\\\\basedriver\\\\commands\\\\find.ts:75:12)' = cash_pay()\n +    where cash_pay = <logic.takeout_logic.Calculations object at 0x000002589BDE2260>.cash_pay\n +      where <logic.takeout_logic.Calculations object at 0x000002589BDE2260> = <test_setup.TestSetUpFlow object at 0x000002589BD1F550>.calc", "trace": "self = <test_setup.TestSetUpFlow object at 0x000002589BD1F550>\n\n    def test_cash_pay(self):\n>       assert self.calc.cash_pay() is True\nE       AssertionError: assert 'Error Message: \\nStacktrace:\\nNoSuchElementError: An element could not be located on the page using the given search ...ata\\\\Roaming\\\\npm\\\\node_modules\\\\appium\\\\node_modules\\\\@appium\\\\base-driver\\\\lib\\\\basedriver\\\\commands\\\\find.ts:75:12)' is True\nE        +  where 'Error Message: \\nStacktrace:\\nNoSuchElementError: An element could not be located on the page using the given search ...ata\\\\Roaming\\\\npm\\\\node_modules\\\\appium\\\\node_modules\\\\@appium\\\\base-driver\\\\lib\\\\basedriver\\\\commands\\\\find.ts:75:12)' = cash_pay()\nE        +    where cash_pay = <logic.takeout_logic.Calculations object at 0x000002589BDE2260>.cash_pay\nE        +      where <logic.takeout_logic.Calculations object at 0x000002589BDE2260> = <test_setup.TestSetUpFlow object at 0x000002589BD1F550>.calc\n\nAutomation-logic\\suits\\test_setup\\test_setup.py:65: AssertionError"}, "start": 1743601454030, "stop": 1743601486540, "uuid": "6368039f-22d2-47e5-a942-21c44e40c5dd", "historyId": "5f4bb72d4b8e2ac719a5ce07e8e3a70d", "testCaseId": "5f4bb72d4b8e2ac719a5ce07e8e3a70d", "fullName": "suits.test_setup.test_setup.TestSetUpFlow#test_cash_pay", "labels": [{"name": "feature", "value": "Setup Testflow"}, {"name": "parentSuite", "value": "suits.test_setup"}, {"name": "suite", "value": "test_setup"}, {"name": "subSuite", "value": "TestSetUpFlow"}, {"name": "host", "value": "LAPTOP-KKMKONCC"}, {"name": "thread", "value": "17792-MainThread"}, {"name": "framework", "value": "pytest"}, {"name": "language", "value": "cpython3"}, {"name": "package", "value": "suits.test_setup.test_setup"}]}