{"name": "Select Takeout Order", "status": "failed", "statusDetails": {"message": "AssertionError: assert 'ERROR IS Message: \\nStacktrace:\\nNoSuchElementError: An element could not be located on the page using the given sear...ata\\\\Roaming\\\\npm\\\\node_modules\\\\appium\\\\node_modules\\\\@appium\\\\base-driver\\\\lib\\\\basedriver\\\\commands\\\\find.ts:75:12)' == True\n +  where 'ERROR IS Message: \\nStacktrace:\\nNoSuchElementError: An element could not be located on the page using the given sear...ata\\\\Roaming\\\\npm\\\\node_modules\\\\appium\\\\node_modules\\\\@appium\\\\base-driver\\\\lib\\\\basedriver\\\\commands\\\\find.ts:75:12)' = order('Take Out')\n +    where order = <logic.takeout_logic.Calculations object at 0x000002CD30DEB110>.order\n +      where <logic.takeout_logic.Calculations object at 0x000002CD30DEB110> = <test_cash.test_takeout_cash.TestTakeoutFlow object at 0x000002CD30D7BA40>.calc", "trace": "self = <test_cash.test_takeout_cash.TestTakeoutFlow object at 0x000002CD30D7BA40>\n\n    @allure.story(\"Order Management\")\n    @allure.title(\"Select Takeout Order\")\n    def test_take_out_btn(self):\n>       assert self.calc.order(\"Take Out\") == True\nE       AssertionError: assert 'ERROR IS Message: \\nStacktrace:\\nNoSuchElementError: An element could not be located on the page using the given sear...ata\\\\Roaming\\\\npm\\\\node_modules\\\\appium\\\\node_modules\\\\@appium\\\\base-driver\\\\lib\\\\basedriver\\\\commands\\\\find.ts:75:12)' == True\nE        +  where 'ERROR IS Message: \\nStacktrace:\\nNoSuchElementError: An element could not be located on the page using the given sear...ata\\\\Roaming\\\\npm\\\\node_modules\\\\appium\\\\node_modules\\\\@appium\\\\base-driver\\\\lib\\\\basedriver\\\\commands\\\\find.ts:75:12)' = order('Take Out')\nE        +    where order = <logic.takeout_logic.Calculations object at 0x000002CD30DEB110>.order\nE        +      where <logic.takeout_logic.Calculations object at 0x000002CD30DEB110> = <test_cash.test_takeout_cash.TestTakeoutFlow object at 0x000002CD30D7BA40>.calc\n\nsuits\\test_orderflows\\test_cash\\test_takeout_cash.py:22: AssertionError"}, "attachments": [{"name": "stdout", "source": "c279ee12-d979-4e22-8258-c72bfc6346d5-attachment.txt", "type": "text/plain"}], "start": 1741712178531, "stop": 1741712188615, "uuid": "ea8322b5-1942-4051-8a46-99a4da77e8da", "historyId": "1bbf2d31ea69aa75b953f1bf8ea58646", "testCaseId": "1bbf2d31ea69aa75b953f1bf8ea58646", "fullName": "suits.test_orderflows.test_cash.test_takeout_cash.TestTakeoutFlow#test_take_out_btn", "labels": [{"name": "feature", "value": "Takeout Order Flow"}, {"name": "story", "value": "Order Management"}, {"name": "parentSuite", "value": "suits.test_orderflows.test_cash"}, {"name": "suite", "value": "test_takeout_cash"}, {"name": "subSuite", "value": "TestTakeoutFlow"}, {"name": "host", "value": "LAPTOP-KKMKONCC"}, {"name": "thread", "value": "19564-MainThread"}, {"name": "framework", "value": "pytest"}, {"name": "language", "value": "cpython3"}, {"name": "package", "value": "suits.test_orderflows.test_cash.test_takeout_cash"}]}