{"name": "Process a phone order and Cancel it", "status": "failed", "statusDetails": {"message": "AssertionError: assert 'ERROR IS Message: \\nStacktrace:\\nNoSuchElementError: An element could not be located on the page using the given sear...ata\\\\Roaming\\\\npm\\\\node_modules\\\\appium\\\\node_modules\\\\@appium\\\\base-driver\\\\lib\\\\basedriver\\\\commands\\\\find.ts:75:12)' == True\n +  where 'ERROR IS Message: \\nStacktrace:\\nNoSuchElementError: An element could not be located on the page using the given sear...ata\\\\Roaming\\\\npm\\\\node_modules\\\\appium\\\\node_modules\\\\@appium\\\\base-driver\\\\lib\\\\basedriver\\\\commands\\\\find.ts:75:12)' = order('Phone Order')\n +    where order = <logic.takeout_logic.Calculations object at 0x0000022FA63F2080>.order\n +      where <logic.takeout_logic.Calculations object at 0x0000022FA63F2080> = <test_cash.test_phoneorder_cash.TestPhoneOrderCash object at 0x0000022FA633E6E0>.phone", "trace": "self = <test_cash.test_phoneorder_cash.TestPhoneOrderCash object at 0x0000022FA633E6E0>\n\n    @allure.story(\"Phone Order Save and Cancel\")\n    @allure.title(\"Process a phone order and Cancel it\")\n    def test_phoneorder_cancel_order(self):\n    \n>       assert self.phone.order(\"Phone Order\") == True\nE       AssertionError: assert 'ERROR IS Message: \\nStacktrace:\\nNoSuchElementError: An element could not be located on the page using the given sear...ata\\\\Roaming\\\\npm\\\\node_modules\\\\appium\\\\node_modules\\\\@appium\\\\base-driver\\\\lib\\\\basedriver\\\\commands\\\\find.ts:75:12)' == True\nE        +  where 'ERROR IS Message: \\nStacktrace:\\nNoSuchElementError: An element could not be located on the page using the given sear...ata\\\\Roaming\\\\npm\\\\node_modules\\\\appium\\\\node_modules\\\\@appium\\\\base-driver\\\\lib\\\\basedriver\\\\commands\\\\find.ts:75:12)' = order('Phone Order')\nE        +    where order = <logic.takeout_logic.Calculations object at 0x0000022FA63F2080>.order\nE        +      where <logic.takeout_logic.Calculations object at 0x0000022FA63F2080> = <test_cash.test_phoneorder_cash.TestPhoneOrderCash object at 0x0000022FA633E6E0>.phone\n\nsuits\\test_orderflows\\test_cash\\test_phoneorder_cash.py:66: AssertionError"}, "start": 1741887740083, "stop": 1741887750202, "uuid": "4244c071-23c6-4fae-b806-6d302f014d0a", "historyId": "1d1d11021c7e82cda853b5086d6e9e1a", "testCaseId": "1d1d11021c7e82cda853b5086d6e9e1a", "fullName": "suits.test_orderflows.test_cash.test_phoneorder_cash.TestPhoneOrderCash#test_phoneorder_cancel_order", "labels": [{"name": "story", "value": "Phone Order Save and Cancel"}, {"name": "feature", "value": "Sanity Sheet"}, {"name": "parentSuite", "value": "suits.test_orderflows.test_cash"}, {"name": "suite", "value": "test_phoneorder_cash"}, {"name": "subSuite", "value": "TestPhoneOrderCash"}, {"name": "host", "value": "LAPTOP-KKMKONCC"}, {"name": "thread", "value": "5380-MainThread"}, {"name": "framework", "value": "pytest"}, {"name": "language", "value": "cpython3"}, {"name": "package", "value": "suits.test_orderflows.test_cash.test_phoneorder_cash"}]}