{"name": "test_ordernote", "status": "failed", "statusDetails": {"message": "AssertionError: assert 'Error as Message: \\nStacktrace:\\nNoSuchElementError: An element could not be located on the page using the given sear...ata\\\\Roaming\\\\npm\\\\node_modules\\\\appium\\\\node_modules\\\\@appium\\\\base-driver\\\\lib\\\\basedriver\\\\commands\\\\find.ts:75:12)' is True\n +  where 'Error as Message: \\nStacktrace:\\nNoSuchElementError: An element could not be located on the page using the given sear...ata\\\\Roaming\\\\npm\\\\node_modules\\\\appium\\\\node_modules\\\\@appium\\\\base-driver\\\\lib\\\\basedriver\\\\commands\\\\find.ts:75:12)' = order_note_editing()\n +    where order_note_editing = <logic.setup_logic.Setup object at 0x0000027F09858400>.order_note_editing\n +      where <logic.setup_logic.Setup object at 0x0000027F09858400> = <test_setup.TestSetUpFlow object at 0x0000027F0985A590>.setup", "trace": "self = <test_setup.TestSetUpFlow object at 0x0000027F0985A590>\n\n    def test_ordernote(self):\n>       assert self.setup.order_note_editing() is True\nE       AssertionError: assert 'Error as Message: \\nStacktrace:\\nNoSuchElementError: An element could not be located on the page using the given sear...ata\\\\Roaming\\\\npm\\\\node_modules\\\\appium\\\\node_modules\\\\@appium\\\\base-driver\\\\lib\\\\basedriver\\\\commands\\\\find.ts:75:12)' is True\nE        +  where 'Error as Message: \\nStacktrace:\\nNoSuchElementError: An element could not be located on the page using the given sear...ata\\\\Roaming\\\\npm\\\\node_modules\\\\appium\\\\node_modules\\\\@appium\\\\base-driver\\\\lib\\\\basedriver\\\\commands\\\\find.ts:75:12)' = order_note_editing()\nE        +    where order_note_editing = <logic.setup_logic.Setup object at 0x0000027F09858400>.order_note_editing\nE        +      where <logic.setup_logic.Setup object at 0x0000027F09858400> = <test_setup.TestSetUpFlow object at 0x0000027F0985A590>.setup\n\nAutomation-logic\\suits\\test_setup\\test_setup.py:35: AssertionError"}, "start": 1742918129945, "stop": 1742918150437, "uuid": "9d7939e6-ed8b-418b-a9ab-5ea82a7a9e29", "historyId": "bee001767bc1f0b83b50d5dcbecc27a8", "testCaseId": "bee001767bc1f0b83b50d5dcbecc27a8", "fullName": "suits.test_setup.test_setup.TestSetUpFlow#test_ordernote", "labels": [{"name": "feature", "value": "Developer 1 Report"}, {"name": "parentSuite", "value": "suits.test_setup"}, {"name": "suite", "value": "test_setup"}, {"name": "subSuite", "value": "TestSetUpFlow"}, {"name": "host", "value": "LAPTOP-KKMKONCC"}, {"name": "thread", "value": "23228-MainThread"}, {"name": "framework", "value": "pytest"}, {"name": "language", "value": "cpython3"}, {"name": "package", "value": "suits.test_setup.test_setup"}]}