{"name": "Select Open Order", "status": "failed", "statusDetails": {"message": "AssertionError: assert 'ERROR IS Message: \\nStacktrace:\\nNoSuchElementError: An element could not be located on the page using the given sear...ata\\\\Roaming\\\\npm\\\\node_modules\\\\appium\\\\node_modules\\\\@appium\\\\base-driver\\\\lib\\\\basedriver\\\\commands\\\\find.ts:75:12)' == True\n +  where 'ERROR IS Message: \\nStacktrace:\\nNoSuchElementError: An element could not be located on the page using the given sear...ata\\\\Roaming\\\\npm\\\\node_modules\\\\appium\\\\node_modules\\\\@appium\\\\base-driver\\\\lib\\\\basedriver\\\\commands\\\\find.ts:75:12)' = order('Stay')\n +    where order = <logic.takeout_logic.Calculations object at 0x000002100037BAC0>.order\n +      where <logic.takeout_logic.Calculations object at 0x000002100037BAC0> = <test_stay_cash.TestStayCash object at 0x000002100037A470>.calc", "trace": "self = <test_stay_cash.TestStayCash object at 0x000002100037A470>\n\n    @allure.story(\"Order Management\")\n    @allure.title(\"Select Open Order\")\n    def test_stayorder_btn(self):\n        with allure.step(\"Selecting Open Order\"):\n>           assert self.calc.order(\"Stay\") == True\nE           AssertionError: assert 'ERROR IS Message: \\nStacktrace:\\nNoSuchElementError: An element could not be located on the page using the given sear...ata\\\\Roaming\\\\npm\\\\node_modules\\\\appium\\\\node_modules\\\\@appium\\\\base-driver\\\\lib\\\\basedriver\\\\commands\\\\find.ts:75:12)' == True\nE            +  where 'ERROR IS Message: \\nStacktrace:\\nNoSuchElementError: An element could not be located on the page using the given sear...ata\\\\Roaming\\\\npm\\\\node_modules\\\\appium\\\\node_modules\\\\@appium\\\\base-driver\\\\lib\\\\basedriver\\\\commands\\\\find.ts:75:12)' = order('Stay')\nE            +    where order = <logic.takeout_logic.Calculations object at 0x000002100037BAC0>.order\nE            +      where <logic.takeout_logic.Calculations object at 0x000002100037BAC0> = <test_stay_cash.TestStayCash object at 0x000002100037A470>.calc\n\nsuits\\test_orderflows\\test_card\\test_stay_cash.py:26: AssertionError"}, "steps": [{"name": "Selecting Open Order", "status": "failed", "statusDetails": {"message": "AssertionError: assert 'ERROR IS Message: \\nStacktrace:\\nNoSuchElementError: An element could not be located on the page using the given sear...ata\\\\Roaming\\\\npm\\\\node_modules\\\\appium\\\\node_modules\\\\@appium\\\\base-driver\\\\lib\\\\basedriver\\\\commands\\\\find.ts:75:12)' == True\n +  where 'ERROR IS Message: \\nStacktrace:\\nNoSuchElementError: An element could not be located on the page using the given sear...ata\\\\Roaming\\\\npm\\\\node_modules\\\\appium\\\\node_modules\\\\@appium\\\\base-driver\\\\lib\\\\basedriver\\\\commands\\\\find.ts:75:12)' = order('Stay')\n +    where order = <logic.takeout_logic.Calculations object at 0x000002100037BAC0>.order\n +      where <logic.takeout_logic.Calculations object at 0x000002100037BAC0> = <test_stay_cash.TestStayCash object at 0x000002100037A470>.calc\n", "trace": "  File \"C:\\Users\\rutwik\\Automation\\suits\\test_orderflows\\test_card\\test_stay_cash.py\", line 26, in test_stayorder_btn\n    assert self.calc.order(\"Stay\") == True\n"}, "start": 1741874870929, "stop": 1741874881435}], "start": 1741874870929, "stop": 1741874881437, "uuid": "9021e2ad-3ce1-4878-9734-9a487968ceaa", "historyId": "8d3718b7eae7953a78b4d00bf1d2db9a", "testCaseId": "8d3718b7eae7953a78b4d00bf1d2db9a", "fullName": "suits.test_orderflows.test_card.test_stay_cash.TestStayCash#test_stayorder_btn", "labels": [{"name": "epic", "value": "POS System Automation"}, {"name": "feature", "value": "Manual Item Adding"}, {"name": "story", "value": "Order Management"}, {"name": "parentSuite", "value": "suits.test_orderflows.test_card"}, {"name": "suite", "value": "test_stay_cash"}, {"name": "subSuite", "value": "TestStayCash"}, {"name": "host", "value": "LAPTOP-KKMKONCC"}, {"name": "thread", "value": "3400-MainThread"}, {"name": "framework", "value": "pytest"}, {"name": "language", "value": "cpython3"}, {"name": "package", "value": "suits.test_orderflows.test_card.test_stay_cash"}]}