{"name": "Process a phone order with Save and then Pay", "status": "failed", "statusDetails": {"message": "AssertionError: assert 'ERROR IS Message: \\nStacktrace:\\nNoSuchElementError: An element could not be located on the page using the given sear...ata\\\\Roaming\\\\npm\\\\node_modules\\\\appium\\\\node_modules\\\\@appium\\\\base-driver\\\\lib\\\\basedriver\\\\commands\\\\find.ts:75:12)' == True\n +  where 'ERROR IS Message: \\nStacktrace:\\nNoSuchElementError: An element could not be located on the page using the given sear...ata\\\\Roaming\\\\npm\\\\node_modules\\\\appium\\\\node_modules\\\\@appium\\\\base-driver\\\\lib\\\\basedriver\\\\commands\\\\find.ts:75:12)' = order('Phone Order')\n +    where order = <logic.takeout_logic.Calculations object at 0x0000020CB7F48F40>.order\n +      where <logic.takeout_logic.Calculations object at 0x0000020CB7F48F40> = <test_cash.test_phoneorder_cash.TestPhoneOrderCash object at 0x0000020CB7F4A2F0>.phone", "trace": "self = <test_cash.test_phoneorder_cash.TestPhoneOrderCash object at 0x0000020CB7F4A2F0>\n\n>   ???\nE   AssertionError: assert 'ERROR IS Message: \\nStacktrace:\\nNoSuchElementError: An element could not be located on the page using the given sear...ata\\\\Roaming\\\\npm\\\\node_modules\\\\appium\\\\node_modules\\\\@appium\\\\base-driver\\\\lib\\\\basedriver\\\\commands\\\\find.ts:75:12)' == True\nE    +  where 'ERROR IS Message: \\nStacktrace:\\nNoSuchElementError: An element could not be located on the page using the given sear...ata\\\\Roaming\\\\npm\\\\node_modules\\\\appium\\\\node_modules\\\\@appium\\\\base-driver\\\\lib\\\\basedriver\\\\commands\\\\find.ts:75:12)' = order('Phone Order')\nE    +    where order = <logic.takeout_logic.Calculations object at 0x0000020CB7F48F40>.order\nE    +      where <logic.takeout_logic.Calculations object at 0x0000020CB7F48F40> = <test_cash.test_phoneorder_cash.TestPhoneOrderCash object at 0x0000020CB7F4A2F0>.phone\n\nC:\\Users\\rutwik\\Automation\\suits\\test_orderflows\\test_cash\\test_phoneorder_cash.py:30: AssertionError"}, "start": 1742310719723, "stop": 1742310730657, "uuid": "2f2df2c9-a7d1-48fe-a915-9f021703f890", "historyId": "545ae58e27671a422d1877353cf39130", "testCaseId": "545ae58e27671a422d1877353cf39130", "fullName": "suits.test_orderflows.test_cash.test_phoneorder_cash.TestPhoneOrderCash#test_phoneorder_save_pay", "labels": [{"name": "story", "value": "Phone Order Save and Pay"}, {"name": "feature", "value": "Sanity Sheet"}, {"name": "parentSuite", "value": "suits.test_orderflows.test_cash"}, {"name": "suite", "value": "test_phoneorder_cash"}, {"name": "subSuite", "value": "TestPhoneOrderCash"}, {"name": "host", "value": "LAPTOP-KKMKONCC"}, {"name": "thread", "value": "19724-MainThread"}, {"name": "framework", "value": "pytest"}, {"name": "language", "value": "cpython3"}, {"name": "package", "value": "suits.test_orderflows.test_cash.test_phoneorder_cash"}]}