{"name": "Update Item Quantity", "status": "failed", "statusDetails": {"message": "AssertionError: assert 'Error is Message: \\nStacktrace:\\nNoSuchElementError: An element could not be located on the page using the given sear...ata\\\\Roaming\\\\npm\\\\node_modules\\\\appium\\\\node_modules\\\\@appium\\\\base-driver\\\\lib\\\\basedriver\\\\commands\\\\find.ts:75:12)' == True\n +  where 'Error is Message: \\nStacktrace:\\nNoSuchElementError: An element could not be located on the page using the given sear...ata\\\\Roaming\\\\npm\\\\node_modules\\\\appium\\\\node_modules\\\\@appium\\\\base-driver\\\\lib\\\\basedriver\\\\commands\\\\find.ts:75:12)' = update_item_quantity()\n +    where update_item_quantity = <logic.takeout_logic.Calculations object at 0x0000021B137C8E50>.update_item_quantity\n +      where <logic.takeout_logic.Calculations object at 0x0000021B137C8E50> = <test_stay_card.TestStayCash object at 0x0000021B137BAE00>.calc", "trace": "self = <test_stay_card.TestStayCash object at 0x0000021B137BAE00>\n\n    @allure.story(\"Item Quantity Update\")\n    @allure.title(\"Update Item Quantity\")\n    @allure.description(\"Ensures that the quantity of an existing item can be updated.\")\n    def test_updating_item(self):\n>       assert self.calc.update_item_quantity() == True\nE       AssertionError: assert 'Error is Message: \\nStacktrace:\\nNoSuchElementError: An element could not be located on the page using the given sear...ata\\\\Roaming\\\\npm\\\\node_modules\\\\appium\\\\node_modules\\\\@appium\\\\base-driver\\\\lib\\\\basedriver\\\\commands\\\\find.ts:75:12)' == True\nE        +  where 'Error is Message: \\nStacktrace:\\nNoSuchElementError: An element could not be located on the page using the given sear...ata\\\\Roaming\\\\npm\\\\node_modules\\\\appium\\\\node_modules\\\\@appium\\\\base-driver\\\\lib\\\\basedriver\\\\commands\\\\find.ts:75:12)' = update_item_quantity()\nE        +    where update_item_quantity = <logic.takeout_logic.Calculations object at 0x0000021B137C8E50>.update_item_quantity\nE        +      where <logic.takeout_logic.Calculations object at 0x0000021B137C8E50> = <test_stay_card.TestStayCash object at 0x0000021B137BAE00>.calc\n\nsuits\\test_orderflows\\test_card\\test_stay_card.py:52: AssertionError"}, "description": "Ensures that the quantity of an existing item can be updated.", "start": 1741875588664, "stop": 1741875604582, "uuid": "55beb2c0-ad22-486a-8bf0-2577400edd07", "historyId": "3e9650233c3c60f20306ef142b00f394", "testCaseId": "3e9650233c3c60f20306ef142b00f394", "fullName": "suits.test_orderflows.test_card.test_stay_card.TestStayCash#test_updating_item", "labels": [{"name": "epic", "value": "POS System Automation"}, {"name": "feature", "value": "Stay Card Order"}, {"name": "story", "value": "Item Quantity Update"}, {"name": "parentSuite", "value": "suits.test_orderflows.test_card"}, {"name": "suite", "value": "test_stay_card"}, {"name": "subSuite", "value": "TestStayCash"}, {"name": "host", "value": "LAPTOP-KKMKONCC"}, {"name": "thread", "value": "11164-MainThread"}, {"name": "framework", "value": "pytest"}, {"name": "language", "value": "cpython3"}, {"name": "package", "value": "suits.test_orderflows.test_card.test_stay_card"}]}