{"name": "test_removed_tax_check", "status": "failed", "statusDetails": {"message": "AssertionError: assert 'Error is Message: An element could not be located on the page using the given search parameters.; For documentation o...ata\\\\Roaming\\\\npm\\\\node_modules\\\\appium\\\\node_modules\\\\@appium\\\\base-driver\\\\lib\\\\basedriver\\\\commands\\\\find.ts:75:12)' is True\n +  where 'Error is Message: An element could not be located on the page using the given search parameters.; For documentation o...ata\\\\Roaming\\\\npm\\\\node_modules\\\\appium\\\\node_modules\\\\@appium\\\\base-driver\\\\lib\\\\basedriver\\\\commands\\\\find.ts:75:12)' = check_tax(1)\n +    where check_tax = <logic.setup_logic.Setup object at 0x00000227A0565840>.check_tax\n +      where <logic.setup_logic.Setup object at 0x00000227A0565840> = <test_setup.TestSetUpFlow object at 0x00000227A0565180>.setup", "trace": "self = <test_setup.TestSetUpFlow object at 0x00000227A0565180>\n\n    def test_removed_tax_check(self):\n>       assert self.setup.check_tax(1) is True\nE       AssertionError: assert 'Error is Message: An element could not be located on the page using the given search parameters.; For documentation o...ata\\\\Roaming\\\\npm\\\\node_modules\\\\appium\\\\node_modules\\\\@appium\\\\base-driver\\\\lib\\\\basedriver\\\\commands\\\\find.ts:75:12)' is True\nE        +  where 'Error is Message: An element could not be located on the page using the given search parameters.; For documentation o...ata\\\\Roaming\\\\npm\\\\node_modules\\\\appium\\\\node_modules\\\\@appium\\\\base-driver\\\\lib\\\\basedriver\\\\commands\\\\find.ts:75:12)' = check_tax(1)\nE        +    where check_tax = <logic.setup_logic.Setup object at 0x00000227A0565840>.check_tax\nE        +      where <logic.setup_logic.Setup object at 0x00000227A0565840> = <test_setup.TestSetUpFlow object at 0x00000227A0565180>.setup\n\nAutomation-logic\\suits\\test_setup\\test_setup.py:84: AssertionError"}, "start": 1743599610370, "stop": 1743599622131, "uuid": "1caccb42-1e1f-4edf-8d15-4b8deb7fd920", "historyId": "af2ee525e5eee669972bbde40e4dd99a", "testCaseId": "af2ee525e5eee669972bbde40e4dd99a", "fullName": "suits.test_setup.test_setup.TestSetUpFlow#test_removed_tax_check", "labels": [{"name": "feature", "value": "Developer 1 Report"}, {"name": "parentSuite", "value": "suits.test_setup"}, {"name": "suite", "value": "test_setup"}, {"name": "subSuite", "value": "TestSetUpFlow"}, {"name": "host", "value": "LAPTOP-KKMKONCC"}, {"name": "thread", "value": "11572-MainThread"}, {"name": "framework", "value": "pytest"}, {"name": "language", "value": "cpython3"}, {"name": "package", "value": "suits.test_setup.test_setup"}]}