{"name": "Apply discount to the order", "status": "failed", "statusDetails": {"message": "AssertionError: assert 'error Message: An unknown server-side error occurred while processing the command. Original error: Could not proxy co...ata\\\\Roaming\\\\npm\\\\node_modules\\\\appium\\\\node_modules\\\\@appium\\\\base-driver\\\\lib\\\\basedriver\\\\commands\\\\find.ts:75:12)' == True\n +  where 'error Message: An unknown server-side error occurred while processing the command. Original error: Could not proxy co...ata\\\\Roaming\\\\npm\\\\node_modules\\\\appium\\\\node_modules\\\\@appium\\\\base-driver\\\\lib\\\\basedriver\\\\commands\\\\find.ts:75:12)' = add_discount()\n +    where add_discount = <logic.takeout_logic.Calculations object at 0x000001CD9F785BA0>.add_discount\n +      where <logic.takeout_logic.Calculations object at 0x000001CD9F785BA0> = <test_cash.test_takeout_cash.TestTakeoutFlow object at 0x000001CDA18929B0>.calc", "trace": "self = <test_cash.test_takeout_cash.TestTakeoutFlow object at 0x000001CDA18929B0>\n\n    @allure.story(\"Order Modifications\")\n    @allure.title(\"Apply discount to the order\")\n    def test_add_discount(self):\n>       assert self.calc.add_discount() == True\nE       AssertionError: assert 'error Message: An unknown server-side error occurred while processing the command. Original error: Could not proxy co...ata\\\\Roaming\\\\npm\\\\node_modules\\\\appium\\\\node_modules\\\\@appium\\\\base-driver\\\\lib\\\\basedriver\\\\commands\\\\find.ts:75:12)' == True\nE        +  where 'error Message: An unknown server-side error occurred while processing the command. Original error: Could not proxy co...ata\\\\Roaming\\\\npm\\\\node_modules\\\\appium\\\\node_modules\\\\@appium\\\\base-driver\\\\lib\\\\basedriver\\\\commands\\\\find.ts:75:12)' = add_discount()\nE        +    where add_discount = <logic.takeout_logic.Calculations object at 0x000001CD9F785BA0>.add_discount\nE        +      where <logic.takeout_logic.Calculations object at 0x000001CD9F785BA0> = <test_cash.test_takeout_cash.TestTakeoutFlow object at 0x000001CDA18929B0>.calc\n\nsuits\\test_orderflows\\test_cash\\test_takeout_cash.py:34: AssertionError"}, "start": 1741881707383, "stop": 1741881712818, "uuid": "6eb49a83-3a48-4f97-aada-4dd99a9e976f", "historyId": "f70192481015811b9af5b9a98e790dc8", "testCaseId": "f70192481015811b9af5b9a98e790dc8", "fullName": "suits.test_orderflows.test_cash.test_takeout_cash.TestTakeoutFlow#test_add_discount", "labels": [{"name": "story", "value": "Order Modifications"}, {"name": "feature", "value": "Takeout Order Flow"}, {"name": "parentSuite", "value": "suits.test_orderflows.test_cash"}, {"name": "suite", "value": "test_takeout_cash"}, {"name": "subSuite", "value": "TestTakeoutFlow"}, {"name": "host", "value": "LAPTOP-KKMKONCC"}, {"name": "thread", "value": "18224-MainThread"}, {"name": "framework", "value": "pytest"}, {"name": "language", "value": "cpython3"}, {"name": "package", "value": "suits.test_orderflows.test_cash.test_takeout_cash"}]}