{"name": "test_final_tax_check", "status": "failed", "statusDetails": {"message": "AssertionError: assert 'Error is Message: An element could not be located on the page using the given search parameters.; For documentation o...ata\\\\Roaming\\\\npm\\\\node_modules\\\\appium\\\\node_modules\\\\@appium\\\\base-driver\\\\lib\\\\basedriver\\\\commands\\\\find.ts:75:12)' is True\n +  where 'Error is Message: An element could not be located on the page using the given search parameters.; For documentation o...ata\\\\Roaming\\\\npm\\\\node_modules\\\\appium\\\\node_modules\\\\@appium\\\\base-driver\\\\lib\\\\basedriver\\\\commands\\\\find.ts:75:12)' = check_tax()\n +    where check_tax = <logic.setup_logic.Setup object at 0x00000209E0B51120>.check_tax\n +      where <logic.setup_logic.Setup object at 0x00000209E0B51120> = <test_setup.TestSetUpFlow object at 0x00000209E0B529E0>.setup", "trace": "self = <test_setup.TestSetUpFlow object at 0x00000209E0B529E0>\n\n    def test_final_tax_check(self):\n>       assert self.setup.check_tax() is True\nE       AssertionError: assert 'Error is Message: An element could not be located on the page using the given search parameters.; For documentation o...ata\\\\Roaming\\\\npm\\\\node_modules\\\\appium\\\\node_modules\\\\@appium\\\\base-driver\\\\lib\\\\basedriver\\\\commands\\\\find.ts:75:12)' is True\nE        +  where 'Error is Message: An element could not be located on the page using the given search parameters.; For documentation o...ata\\\\Roaming\\\\npm\\\\node_modules\\\\appium\\\\node_modules\\\\@appium\\\\base-driver\\\\lib\\\\basedriver\\\\commands\\\\find.ts:75:12)' = check_tax()\nE        +    where check_tax = <logic.setup_logic.Setup object at 0x00000209E0B51120>.check_tax\nE        +      where <logic.setup_logic.Setup object at 0x00000209E0B51120> = <test_setup.TestSetUpFlow object at 0x00000209E0B529E0>.setup\n\nAutomation-logic\\suits\\test_setup\\test_setup.py:59: AssertionError"}, "start": 1742903028375, "stop": 1742903032387, "uuid": "4ac9e74f-0c4e-4416-8499-f20a71f15714", "historyId": "9d611cfc889282ffc08814d6b8e3615d", "testCaseId": "9d611cfc889282ffc08814d6b8e3615d", "fullName": "suits.test_setup.test_setup.TestSetUpFlow#test_final_tax_check", "labels": [{"name": "feature", "value": "Developer 1 Report"}, {"name": "parentSuite", "value": "suits.test_setup"}, {"name": "suite", "value": "test_setup"}, {"name": "subSuite", "value": "TestSetUpFlow"}, {"name": "host", "value": "LAPTOP-KKMKONCC"}, {"name": "thread", "value": "7304-MainThread"}, {"name": "framework", "value": "pytest"}, {"name": "language", "value": "cpython3"}, {"name": "package", "value": "suits.test_setup.test_setup"}]}