{"name": "test_delete_taxes", "status": "failed", "statusDetails": {"message": "AssertionError: assert 'Errorr is Message: \\nStacktrace:\\nNoSuchElementError: An element could not be located on the page using the given sea...ata\\\\Roaming\\\\npm\\\\node_modules\\\\appium\\\\node_modules\\\\@appium\\\\base-driver\\\\lib\\\\basedriver\\\\commands\\\\find.ts:75:12)' is True\n +  where 'Errorr is Message: \\nStacktrace:\\nNoSuchElementError: An element could not be located on the page using the given sea...ata\\\\Roaming\\\\npm\\\\node_modules\\\\appium\\\\node_modules\\\\@appium\\\\base-driver\\\\lib\\\\basedriver\\\\commands\\\\find.ts:75:12)' = remove_tax()\n +    where remove_tax = <logic.setup_logic.Setup object at 0x00000249BD90E950>.remove_tax\n +      where <logic.setup_logic.Setup object at 0x00000249BD90E950> = <test_setup.TestSetUpFlow object at 0x00000249BD90F940>.setup", "trace": "self = <test_setup.TestSetUpFlow object at 0x00000249BD90F940>\n\n    def test_delete_taxes(self):\n>       assert self.setup.remove_tax() is True\nE       AssertionError: assert 'Errorr is Message: \\nStacktrace:\\nNoSuchElementError: An element could not be located on the page using the given sea...ata\\\\Roaming\\\\npm\\\\node_modules\\\\appium\\\\node_modules\\\\@appium\\\\base-driver\\\\lib\\\\basedriver\\\\commands\\\\find.ts:75:12)' is True\nE        +  where 'Errorr is Message: \\nStacktrace:\\nNoSuchElementError: An element could not be located on the page using the given sea...ata\\\\Roaming\\\\npm\\\\node_modules\\\\appium\\\\node_modules\\\\@appium\\\\base-driver\\\\lib\\\\basedriver\\\\commands\\\\find.ts:75:12)' = remove_tax()\nE        +    where remove_tax = <logic.setup_logic.Setup object at 0x00000249BD90E950>.remove_tax\nE        +      where <logic.setup_logic.Setup object at 0x00000249BD90E950> = <test_setup.TestSetUpFlow object at 0x00000249BD90F940>.setup\n\nAutomation-logic\\suits\\test_setup\\test_setup.py:75: AssertionError"}, "start": 1743595800625, "stop": 1743595830078, "uuid": "cb6ab96f-9f69-4ff0-9090-34eeff210569", "historyId": "e063a3ddd4e63ffd86486bdb3fdd39cc", "testCaseId": "e063a3ddd4e63ffd86486bdb3fdd39cc", "fullName": "suits.test_setup.test_setup.TestSetUpFlow#test_delete_taxes", "labels": [{"name": "feature", "value": "Developer 1 Report"}, {"name": "parentSuite", "value": "suits.test_setup"}, {"name": "suite", "value": "test_setup"}, {"name": "subSuite", "value": "TestSetUpFlow"}, {"name": "host", "value": "LAPTOP-KKMKONCC"}, {"name": "thread", "value": "15720-MainThread"}, {"name": "framework", "value": "pytest"}, {"name": "language", "value": "cpython3"}, {"name": "package", "value": "suits.test_setup.test_setup"}]}