{"name": "test_delete_discount", "status": "failed", "statusDetails": {"message": "AssertionError: assert 'Errorr is Message: \\nStacktrace:\\nNoSuchElementError: An element could not be located on the page using the given sea...ata\\\\Roaming\\\\npm\\\\node_modules\\\\appium\\\\node_modules\\\\@appium\\\\base-driver\\\\lib\\\\basedriver\\\\commands\\\\find.ts:75:12)' is True\n +  where 'Errorr is Message: \\nStacktrace:\\nNoSuchElementError: An element could not be located on the page using the given sea...ata\\\\Roaming\\\\npm\\\\node_modules\\\\appium\\\\node_modules\\\\@appium\\\\base-driver\\\\lib\\\\basedriver\\\\commands\\\\find.ts:75:12)' = remove_discount()\n +    where remove_discount = <logic.setup_logic.Setup object at 0x00000249BD8CDA50>.remove_discount\n +      where <logic.setup_logic.Setup object at 0x00000249BD8CDA50> = <test_setup.TestSetUpFlow object at 0x00000249BD90FB80>.setup", "trace": "self = <test_setup.TestSetUpFlow object at 0x00000249BD90FB80>\n\n    def test_delete_discount(self):\n>       assert self.setup.remove_discount() is True\nE       AssertionError: assert 'Errorr is Message: \\nStacktrace:\\nNoSuchElementError: An element could not be located on the page using the given sea...ata\\\\Roaming\\\\npm\\\\node_modules\\\\appium\\\\node_modules\\\\@appium\\\\base-driver\\\\lib\\\\basedriver\\\\commands\\\\find.ts:75:12)' is True\nE        +  where 'Errorr is Message: \\nStacktrace:\\nNoSuchElementError: An element could not be located on the page using the given sea...ata\\\\Roaming\\\\npm\\\\node_modules\\\\appium\\\\node_modules\\\\@appium\\\\base-driver\\\\lib\\\\basedriver\\\\commands\\\\find.ts:75:12)' = remove_discount()\nE        +    where remove_discount = <logic.setup_logic.Setup object at 0x00000249BD8CDA50>.remove_discount\nE        +      where <logic.setup_logic.Setup object at 0x00000249BD8CDA50> = <test_setup.TestSetUpFlow object at 0x00000249BD90FB80>.setup\n\nAutomation-logic\\suits\\test_setup\\test_setup.py:72: AssertionError"}, "start": 1743595775491, "stop": 1743595799434, "uuid": "bb565b5e-5e35-4459-bf3a-86eb578721fa", "historyId": "e883706edb2c5858cbad77886496b813", "testCaseId": "e883706edb2c5858cbad77886496b813", "fullName": "suits.test_setup.test_setup.TestSetUpFlow#test_delete_discount", "labels": [{"name": "feature", "value": "Developer 1 Report"}, {"name": "parentSuite", "value": "suits.test_setup"}, {"name": "suite", "value": "test_setup"}, {"name": "subSuite", "value": "TestSetUpFlow"}, {"name": "host", "value": "LAPTOP-KKMKONCC"}, {"name": "thread", "value": "15720-MainThread"}, {"name": "framework", "value": "pytest"}, {"name": "language", "value": "cpython3"}, {"name": "package", "value": "suits.test_setup.test_setup"}]}