{"uid":"4b4757e66a1912dae1a509f688f20b0f","name":"categories","children":[{"name":"Product defects","children":[{"name":"AssertionError: assert 'Error as Message: \\nStacktrace:\\nNoSuchElementError: An element could not be located on the page using the given sear...ata\\\\Roaming\\\\npm\\\\node_modules\\\\appium\\\\node_modules\\\\@appium\\\\base-driver\\\\lib\\\\basedriver\\\\commands\\\\find.ts:75:12)' == True\n +  where 'Error as Message: \\nStacktrace:\\nNoSuchElementError: An element could not be located on the page using the given sear...ata\\\\Roaming\\\\npm\\\\node_modules\\\\appium\\\\node_modules\\\\@appium\\\\base-driver\\\\lib\\\\basedriver\\\\commands\\\\find.ts:75:12)' = save_order('Cancel')\n +    where save_order = <logic.takeout_logic.Calculations object at 0x0000023FCAAA4650>.save_order\n +      where <logic.takeout_logic.Calculations object at 0x0000023FCAAA4650> = <test_cash.test_phoneorder_cash.TestPhoneOrderCash object at 0x0000023FCAA25D90>.phone","children":[{"name":"Process a phone order and Cancel it","uid":"e3f3655a847ad8cb","parentUid":"10e3ff686461d59d36fa5972cd022774","status":"failed","time":{"start":1741706641863,"stop":1741706698098,"duration":56235},"flaky":false,"newFailed":false,"newPassed":false,"newBroken":false,"retriesCount":1,"retriesStatusChange":true,"parameters":[],"tags":[]}],"uid":"10e3ff686461d59d36fa5972cd022774"},{"name":"AssertionError: assert \"Could'nt save the refund\" == True","children":[{"name":"Process a card refund","uid":"18acb6b4529ebab7","parentUid":"4de38e4852874b2a45e0b1f05d0963a2","status":"failed","time":{"start":1741790035948,"stop":1741790078798,"duration":42850},"flaky":false,"newFailed":false,"newPassed":false,"newBroken":false,"retriesCount":9,"retriesStatusChange":true,"parameters":[],"tags":[]}],"uid":"4de38e4852874b2a45e0b1f05d0963a2"},{"name":"AssertionError: assert 'ERROR IS Message: \\nStacktrace:\\nNoSuchElementError: An element could not be located on the page using the given sear...ata\\\\Roaming\\\\npm\\\\node_modules\\\\appium\\\\node_modules\\\\@appium\\\\base-driver\\\\lib\\\\basedriver\\\\commands\\\\find.ts:75:12)' == True\n +  where 'ERROR IS Message: \\nStacktrace:\\nNoSuchElementError: An element could not be located on the page using the given sear...ata\\\\Roaming\\\\npm\\\\node_modules\\\\appium\\\\node_modules\\\\@appium\\\\base-driver\\\\lib\\\\basedriver\\\\commands\\\\find.ts:75:12)' = order('Open Order')\n +    where order = <logic.takeout_logic.Calculations object at 0x0000022338E75D50>.order\n +      where <logic.takeout_logic.Calculations object at 0x0000022338E75D50> = <test_cash.test_openorder_cash.TestOpenOrderCash object at 0x000002233AF22D70>.calc","children":[{"name":"Select 'Open Order' for Cash Payment","uid":"f24be3f712e419aa","parentUid":"60053e22d394e15d1d2677696db3a8d8","status":"failed","time":{"start":1741860648930,"stop":1741860659429,"duration":10499},"flaky":false,"newFailed":false,"newPassed":false,"newBroken":false,"retriesCount":0,"retriesStatusChange":false,"parameters":[],"tags":[]}],"uid":"60053e22d394e15d1d2677696db3a8d8"}],"uid":"8fb3a91ba5aaf9de24cc8a92edc82b5d"}]}