{"uid":"341f8ca7d864657a","name":"Select Takeout Order","fullName":"suits.test_orderflows.test_cash.test_takeout_cash.TestTakeoutFlow#test_take_out_btn","historyId":"1bbf2d31ea69aa75b953f1bf8ea58646","time":{"start":1741712178531,"stop":1741712188615,"duration":10084},"status":"failed","statusMessage":"AssertionError: assert 'ERROR IS Message: \\nStacktrace:\\nNoSuchElementError: An element could not be located on the page using the given sear...ata\\\\Roaming\\\\npm\\\\node_modules\\\\appium\\\\node_modules\\\\@appium\\\\base-driver\\\\lib\\\\basedriver\\\\commands\\\\find.ts:75:12)' == True\n +  where 'ERROR IS Message: \\nStacktrace:\\nNoSuchElementError: An element could not be located on the page using the given sear...ata\\\\Roaming\\\\npm\\\\node_modules\\\\appium\\\\node_modules\\\\@appium\\\\base-driver\\\\lib\\\\basedriver\\\\commands\\\\find.ts:75:12)' = order('Take Out')\n +    where order = <logic.takeout_logic.Calculations object at 0x000002CD30DEB110>.order\n +      where <logic.takeout_logic.Calculations object at 0x000002CD30DEB110> = <test_cash.test_takeout_cash.TestTakeoutFlow object at 0x000002CD30D7BA40>.calc","statusTrace":"self = <test_cash.test_takeout_cash.TestTakeoutFlow object at 0x000002CD30D7BA40>\n\n    @allure.story(\"Order Management\")\n    @allure.title(\"Select Takeout Order\")\n    def test_take_out_btn(self):\n>       assert self.calc.order(\"Take Out\") == True\nE       AssertionError: assert 'ERROR IS Message: \\nStacktrace:\\nNoSuchElementError: An element could not be located on the page using the given sear...ata\\\\Roaming\\\\npm\\\\node_modules\\\\appium\\\\node_modules\\\\@appium\\\\base-driver\\\\lib\\\\basedriver\\\\commands\\\\find.ts:75:12)' == True\nE        +  where 'ERROR IS Message: \\nStacktrace:\\nNoSuchElementError: An element could not be located on the page using the given sear...ata\\\\Roaming\\\\npm\\\\node_modules\\\\appium\\\\node_modules\\\\@appium\\\\base-driver\\\\lib\\\\basedriver\\\\commands\\\\find.ts:75:12)' = order('Take Out')\nE        +    where order = <logic.takeout_logic.Calculations object at 0x000002CD30DEB110>.order\nE        +      where <logic.takeout_logic.Calculations object at 0x000002CD30DEB110> = <test_cash.test_takeout_cash.TestTakeoutFlow object at 0x000002CD30D7BA40>.calc\n\nsuits\\test_orderflows\\test_cash\\test_takeout_cash.py:22: AssertionError","flaky":false,"newFailed":false,"newBroken":false,"newPassed":false,"retriesCount":0,"retriesStatusChange":false,"beforeStages":[{"name":"appium_driver","time":{"start":1741712167080,"stop":1741712175335,"duration":8255},"status":"passed","steps":[],"attachments":[],"parameters":[],"attachmentsCount":0,"shouldDisplayMessage":false,"hasContent":false,"attachmentStep":false,"stepsCount":0},{"name":"login_once","time":{"start":1741712175335,"stop":1741712178243,"duration":2908},"status":"passed","steps":[{"name":"Performing User Login","time":{"start":1741712175598,"stop":1741712177521,"duration":1923},"status":"passed","steps":[],"attachments":[],"parameters":[],"attachmentsCount":0,"shouldDisplayMessage":false,"hasContent":false,"attachmentStep":false,"stepsCount":0},{"name":"Entering Passcode","time":{"start":1741712177521,"stop":1741712178240,"duration":719},"status":"passed","steps":[],"attachments":[],"parameters":[],"attachmentsCount":0,"shouldDisplayMessage":false,"hasContent":false,"attachmentStep":false,"stepsCount":0}],"attachments":[{"uid":"30a3aa27e5a1e589","name":"Login Info","source":"30a3aa27e5a1e589.txt","type":"text/plain","size":54}],"parameters":[],"attachmentsCount":1,"shouldDisplayMessage":false,"hasContent":true,"attachmentStep":false,"stepsCount":2},{"name":"capture_screenshot_on_failure","time":{"start":1741712178244,"stop":1741712178244,"duration":0},"status":"passed","steps":[],"attachments":[],"parameters":[],"attachmentsCount":0,"shouldDisplayMessage":false,"hasContent":false,"attachmentStep":false,"stepsCount":0},{"name":"setup_driver","time":{"start":1741712178244,"stop":1741712178528,"duration":284},"status":"passed","steps":[],"attachments":[],"parameters":[],"attachmentsCount":0,"shouldDisplayMessage":false,"hasContent":false,"attachmentStep":false,"stepsCount":0}],"testStage":{"status":"failed","statusMessage":"AssertionError: assert 'ERROR IS Message: \\nStacktrace:\\nNoSuchElementError: An element could not be located on the page using the given sear...ata\\\\Roaming\\\\npm\\\\node_modules\\\\appium\\\\node_modules\\\\@appium\\\\base-driver\\\\lib\\\\basedriver\\\\commands\\\\find.ts:75:12)' == True\n +  where 'ERROR IS Message: \\nStacktrace:\\nNoSuchElementError: An element could not be located on the page using the given sear...ata\\\\Roaming\\\\npm\\\\node_modules\\\\appium\\\\node_modules\\\\@appium\\\\base-driver\\\\lib\\\\basedriver\\\\commands\\\\find.ts:75:12)' = order('Take Out')\n +    where order = <logic.takeout_logic.Calculations object at 0x000002CD30DEB110>.order\n +      where <logic.takeout_logic.Calculations object at 0x000002CD30DEB110> = <test_cash.test_takeout_cash.TestTakeoutFlow object at 0x000002CD30D7BA40>.calc","statusTrace":"self = <test_cash.test_takeout_cash.TestTakeoutFlow object at 0x000002CD30D7BA40>\n\n    @allure.story(\"Order Management\")\n    @allure.title(\"Select Takeout Order\")\n    def test_take_out_btn(self):\n>       assert self.calc.order(\"Take Out\") == True\nE       AssertionError: assert 'ERROR IS Message: \\nStacktrace:\\nNoSuchElementError: An element could not be located on the page using the given sear...ata\\\\Roaming\\\\npm\\\\node_modules\\\\appium\\\\node_modules\\\\@appium\\\\base-driver\\\\lib\\\\basedriver\\\\commands\\\\find.ts:75:12)' == True\nE        +  where 'ERROR IS Message: \\nStacktrace:\\nNoSuchElementError: An element could not be located on the page using the given sear...ata\\\\Roaming\\\\npm\\\\node_modules\\\\appium\\\\node_modules\\\\@appium\\\\base-driver\\\\lib\\\\basedriver\\\\commands\\\\find.ts:75:12)' = order('Take Out')\nE        +    where order = <logic.takeout_logic.Calculations object at 0x000002CD30DEB110>.order\nE        +      where <logic.takeout_logic.Calculations object at 0x000002CD30DEB110> = <test_cash.test_takeout_cash.TestTakeoutFlow object at 0x000002CD30D7BA40>.calc\n\nsuits\\test_orderflows\\test_cash\\test_takeout_cash.py:22: AssertionError","steps":[],"attachments":[{"uid":"b8ee0189b189fa2e","name":"stdout","source":"b8ee0189b189fa2e.txt","type":"text/plain","size":74}],"parameters":[],"attachmentsCount":1,"shouldDisplayMessage":true,"hasContent":true,"attachmentStep":false,"stepsCount":0},"afterStages":[{"name":"capture_screenshot_on_failure::0","time":{"start":1741712189150,"stop":1741712189998,"duration":848},"status":"passed","steps":[],"attachments":[{"uid":"37eeacc42b363d62","name":"Screenshot_test_take_out_btn","source":"37eeacc42b363d62.png","type":"image/png","size":128282}],"parameters":[],"attachmentsCount":1,"shouldDisplayMessage":false,"hasContent":true,"attachmentStep":false,"stepsCount":0},{"name":"appium_driver::0","time":{"start":1741712292350,"stop":1741712292705,"duration":355},"status":"passed","steps":[],"attachments":[],"parameters":[],"attachmentsCount":0,"shouldDisplayMessage":false,"hasContent":false,"attachmentStep":false,"stepsCount":0}],"labels":[{"name":"feature","value":"Takeout Order Flow"},{"name":"story","value":"Order Management"},{"name":"parentSuite","value":"suits.test_orderflows.test_cash"},{"name":"suite","value":"test_takeout_cash"},{"name":"subSuite","value":"TestTakeoutFlow"},{"name":"host","value":"LAPTOP-KKMKONCC"},{"name":"thread","value":"19564-MainThread"},{"name":"framework","value":"pytest"},{"name":"language","value":"cpython3"},{"name":"package","value":"suits.test_orderflows.test_cash.test_takeout_cash"},{"name":"resultFormat","value":"allure2"}],"parameters":[],"links":[],"hidden":true,"retry":true,"extra":{"categories":[],"tags":[]},"source":"341f8ca7d864657a.json","parameterValues":[]}