{"uid":"6f0fbd3b1c2affde","name":"Complete card payment","fullName":"suits.test_orderflows.test_card.test_openorder_card.TestOpenOrderCard#test_final_pay","historyId":"45a30dc7854155ecbcdd598361194479","time":{"start":1741789981503,"stop":1741790011851,"duration":30348},"status":"failed","statusMessage":"AssertionError: assert 'Error Message: \\nStacktrace:\\nNoSuchElementError: An element could not be located on the page using the given search ...ata\\\\Roaming\\\\npm\\\\node_modules\\\\appium\\\\node_modules\\\\@appium\\\\base-driver\\\\lib\\\\basedriver\\\\commands\\\\find.ts:75:12)' == True","statusTrace":"self = <test_openorder_card.TestOpenOrderCard object at 0x0000014B73C89DF0>\n\n    @allure.story(\"Payment Processing\")\n    @allure.title(\"Complete card payment\")\n    def test_final_pay(self):\n        with allure.step(\"Processing final payment\"):\n            card = self.calc.card_pay()\n        allure.attach(\"Card Payment Successful\", name=\"Payment Log\")\n>       assert card == True\nE       AssertionError: assert 'Error Message: \\nStacktrace:\\nNoSuchElementError: An element could not be located on the page using the given search ...ata\\\\Roaming\\\\npm\\\\node_modules\\\\appium\\\\node_modules\\\\@appium\\\\base-driver\\\\lib\\\\basedriver\\\\commands\\\\find.ts:75:12)' == True\n\nsuits\\test_orderflows\\test_card\\test_openorder_card.py:106: AssertionError","flaky":false,"newFailed":false,"newBroken":false,"newPassed":false,"retriesCount":0,"retriesStatusChange":false,"beforeStages":[{"name":"appium_driver","time":{"start":1741789873783,"stop":1741789878150,"duration":4367},"status":"passed","steps":[],"attachments":[],"parameters":[],"attachmentsCount":0,"shouldDisplayMessage":false,"hasContent":false,"attachmentStep":false,"stepsCount":0},{"name":"login_once","time":{"start":1741789878151,"stop":1741789880111,"duration":1960},"status":"passed","steps":[{"name":"Performing User Login","time":{"start":1741789878411,"stop":1741789879218,"duration":807},"status":"passed","steps":[],"attachments":[],"parameters":[],"attachmentsCount":0,"shouldDisplayMessage":false,"hasContent":false,"attachmentStep":false,"stepsCount":0},{"name":"Entering Passcode","time":{"start":1741789879218,"stop":1741789880107,"duration":889},"status":"passed","steps":[],"attachments":[],"parameters":[],"attachmentsCount":0,"shouldDisplayMessage":false,"hasContent":false,"attachmentStep":false,"stepsCount":0}],"attachments":[{"uid":"b55f6b0c91f99551","name":"Login Info","source":"b55f6b0c91f99551.txt","type":"text/plain","size":54}],"parameters":[],"attachmentsCount":1,"shouldDisplayMessage":false,"hasContent":true,"attachmentStep":false,"stepsCount":2},{"name":"capture_screenshot_on_failure","time":{"start":1741789981378,"stop":1741789981378,"duration":0},"status":"passed","steps":[],"attachments":[],"parameters":[],"attachmentsCount":0,"shouldDisplayMessage":false,"hasContent":false,"attachmentStep":false,"stepsCount":0},{"name":"setup_driver","time":{"start":1741789981378,"stop":1741789981503,"duration":125},"status":"passed","steps":[],"attachments":[],"parameters":[],"attachmentsCount":0,"shouldDisplayMessage":false,"hasContent":false,"attachmentStep":false,"stepsCount":0}],"testStage":{"status":"failed","statusMessage":"AssertionError: assert 'Error Message: \\nStacktrace:\\nNoSuchElementError: An element could not be located on the page using the given search ...ata\\\\Roaming\\\\npm\\\\node_modules\\\\appium\\\\node_modules\\\\@appium\\\\base-driver\\\\lib\\\\basedriver\\\\commands\\\\find.ts:75:12)' == True","statusTrace":"self = <test_openorder_card.TestOpenOrderCard object at 0x0000014B73C89DF0>\n\n    @allure.story(\"Payment Processing\")\n    @allure.title(\"Complete card payment\")\n    def test_final_pay(self):\n        with allure.step(\"Processing final payment\"):\n            card = self.calc.card_pay()\n        allure.attach(\"Card Payment Successful\", name=\"Payment Log\")\n>       assert card == True\nE       AssertionError: assert 'Error Message: \\nStacktrace:\\nNoSuchElementError: An element could not be located on the page using the given search ...ata\\\\Roaming\\\\npm\\\\node_modules\\\\appium\\\\node_modules\\\\@appium\\\\base-driver\\\\lib\\\\basedriver\\\\commands\\\\find.ts:75:12)' == True\n\nsuits\\test_orderflows\\test_card\\test_openorder_card.py:106: AssertionError","steps":[{"name":"Processing final payment","time":{"start":1741789981503,"stop":1741790011848,"duration":30345},"status":"passed","steps":[],"attachments":[],"parameters":[],"attachmentsCount":0,"shouldDisplayMessage":false,"hasContent":false,"attachmentStep":false,"stepsCount":0}],"attachments":[{"uid":"b4de07f4b0335ddc","name":"Payment Log","source":"b4de07f4b0335ddc.attach","type":"text/plain","size":23}],"parameters":[],"attachmentsCount":1,"shouldDisplayMessage":true,"hasContent":true,"attachmentStep":false,"stepsCount":1},"afterStages":[{"name":"capture_screenshot_on_failure::0","time":{"start":1741790011871,"stop":1741790012350,"duration":479},"status":"passed","steps":[],"attachments":[{"uid":"1239d244aa7c04d6","name":"Screenshot_test_final_pay","source":"1239d244aa7c04d6.png","type":"image/png","size":131183}],"parameters":[],"attachmentsCount":1,"shouldDisplayMessage":false,"hasContent":true,"attachmentStep":false,"stepsCount":0},{"name":"appium_driver::0","time":{"start":1741790079323,"stop":1741790079589,"duration":266},"status":"passed","steps":[],"attachments":[],"parameters":[],"attachmentsCount":0,"shouldDisplayMessage":false,"hasContent":false,"attachmentStep":false,"stepsCount":0}],"labels":[{"name":"OS","value":"Android"},{"name":"feature","value":"Open Order Flow"},{"name":"story","value":"Payment Processing"},{"name":"App","value":"POS System"},{"name":"parentSuite","value":"suits.test_orderflows.test_card"},{"name":"suite","value":"test_openorder_card"},{"name":"subSuite","value":"TestOpenOrderCard"},{"name":"host","value":"LAPTOP-KKMKONCC"},{"name":"thread","value":"10076-MainThread"},{"name":"framework","value":"pytest"},{"name":"language","value":"cpython3"},{"name":"package","value":"suits.test_orderflows.test_card.test_openorder_card"},{"name":"resultFormat","value":"allure2"}],"parameters":[],"links":[],"hidden":true,"retry":true,"extra":{"categories":[],"tags":[]},"source":"6f0fbd3b1c2affde.json","parameterValues":[]}