{"uid":"e3f3655a847ad8cb","name":"Process a phone order and Cancel it","fullName":"suits.test_orderflows.test_cash.test_phoneorder_cash.TestPhoneOrderCash#test_phoneorder_cancel_order","historyId":"1d1d11021c7e82cda853b5086d6e9e1a","time":{"start":1741706641863,"stop":1741706698098,"duration":56235},"status":"failed","statusMessage":"AssertionError: assert 'Error as Message: \\nStacktrace:\\nNoSuchElementError: An element could not be located on the page using the given sear...ata\\\\Roaming\\\\npm\\\\node_modules\\\\appium\\\\node_modules\\\\@appium\\\\base-driver\\\\lib\\\\basedriver\\\\commands\\\\find.ts:75:12)' == True\n +  where 'Error as Message: \\nStacktrace:\\nNoSuchElementError: An element could not be located on the page using the given sear...ata\\\\Roaming\\\\npm\\\\node_modules\\\\appium\\\\node_modules\\\\@appium\\\\base-driver\\\\lib\\\\basedriver\\\\commands\\\\find.ts:75:12)' = save_order('Cancel')\n +    where save_order = <logic.takeout_logic.Calculations object at 0x0000023FCAAA4650>.save_order\n +      where <logic.takeout_logic.Calculations object at 0x0000023FCAAA4650> = <test_cash.test_phoneorder_cash.TestPhoneOrderCash object at 0x0000023FCAA25D90>.phone","statusTrace":"self = <test_cash.test_phoneorder_cash.TestPhoneOrderCash object at 0x0000023FCAA25D90>\n\n    @allure.story(\"Phone Order Save and Cancel\")\n    @allure.title(\"Process a phone order and Cancel it\")\n    def test_phoneorder_cancel_order(self):\n    \n        assert self.phone.order(\"Phone Order\") == True\n        assert self.phone.phone_order() == True\n        assert self.phone.add_multiple_items(3)\n>       assert self.phone.save_order(\"Cancel\") == True\nE       AssertionError: assert 'Error as Message: \\nStacktrace:\\nNoSuchElementError: An element could not be located on the page using the given sear...ata\\\\Roaming\\\\npm\\\\node_modules\\\\appium\\\\node_modules\\\\@appium\\\\base-driver\\\\lib\\\\basedriver\\\\commands\\\\find.ts:75:12)' == True\nE        +  where 'Error as Message: \\nStacktrace:\\nNoSuchElementError: An element could not be located on the page using the given sear...ata\\\\Roaming\\\\npm\\\\node_modules\\\\appium\\\\node_modules\\\\@appium\\\\base-driver\\\\lib\\\\basedriver\\\\commands\\\\find.ts:75:12)' = save_order('Cancel')\nE        +    where save_order = <logic.takeout_logic.Calculations object at 0x0000023FCAAA4650>.save_order\nE        +      where <logic.takeout_logic.Calculations object at 0x0000023FCAAA4650> = <test_cash.test_phoneorder_cash.TestPhoneOrderCash object at 0x0000023FCAA25D90>.phone\n\nsuits\\test_orderflows\\test_cash\\test_phoneorder_cash.py:69: AssertionError","flaky":false,"newFailed":false,"newBroken":false,"newPassed":false,"retriesCount":1,"retriesStatusChange":true,"beforeStages":[{"name":"appium_driver","time":{"start":1741706390890,"stop":1741706399304,"duration":8414},"status":"passed","steps":[],"attachments":[],"parameters":[],"attachmentsCount":0,"shouldDisplayMessage":false,"hasContent":false,"attachmentStep":false,"stepsCount":0},{"name":"login_once","time":{"start":1741706399304,"stop":1741706402035,"duration":2731},"status":"passed","steps":[{"name":"Performing User Login","time":{"start":1741706399389,"stop":1741706401245,"duration":1856},"status":"passed","steps":[],"attachments":[],"parameters":[],"attachmentsCount":0,"shouldDisplayMessage":false,"hasContent":false,"attachmentStep":false,"stepsCount":0},{"name":"Entering Passcode","time":{"start":1741706401245,"stop":1741706402032,"duration":787},"status":"passed","steps":[],"attachments":[],"parameters":[],"attachmentsCount":0,"shouldDisplayMessage":false,"hasContent":false,"attachmentStep":false,"stepsCount":0}],"attachments":[{"uid":"780cd44544f0d165","name":"Login Info","source":"780cd44544f0d165.txt","type":"text/plain","size":54}],"parameters":[],"attachmentsCount":1,"shouldDisplayMessage":false,"hasContent":true,"attachmentStep":false,"stepsCount":2},{"name":"setup_driver","time":{"start":1741706641703,"stop":1741706641861,"duration":158},"status":"passed","steps":[],"attachments":[],"parameters":[],"attachmentsCount":0,"shouldDisplayMessage":false,"hasContent":false,"attachmentStep":false,"stepsCount":0},{"name":"capture_screenshot_on_failure","time":{"start":1741706641703,"stop":1741706641703,"duration":0},"status":"passed","steps":[],"attachments":[],"parameters":[],"attachmentsCount":0,"shouldDisplayMessage":false,"hasContent":false,"attachmentStep":false,"stepsCount":0}],"testStage":{"status":"failed","statusMessage":"AssertionError: assert 'Error as Message: \\nStacktrace:\\nNoSuchElementError: An element could not be located on the page using the given sear...ata\\\\Roaming\\\\npm\\\\node_modules\\\\appium\\\\node_modules\\\\@appium\\\\base-driver\\\\lib\\\\basedriver\\\\commands\\\\find.ts:75:12)' == True\n +  where 'Error as Message: \\nStacktrace:\\nNoSuchElementError: An element could not be located on the page using the given sear...ata\\\\Roaming\\\\npm\\\\node_modules\\\\appium\\\\node_modules\\\\@appium\\\\base-driver\\\\lib\\\\basedriver\\\\commands\\\\find.ts:75:12)' = save_order('Cancel')\n +    where save_order = <logic.takeout_logic.Calculations object at 0x0000023FCAAA4650>.save_order\n +      where <logic.takeout_logic.Calculations object at 0x0000023FCAAA4650> = <test_cash.test_phoneorder_cash.TestPhoneOrderCash object at 0x0000023FCAA25D90>.phone","statusTrace":"self = <test_cash.test_phoneorder_cash.TestPhoneOrderCash object at 0x0000023FCAA25D90>\n\n    @allure.story(\"Phone Order Save and Cancel\")\n    @allure.title(\"Process a phone order and Cancel it\")\n    def test_phoneorder_cancel_order(self):\n    \n        assert self.phone.order(\"Phone Order\") == True\n        assert self.phone.phone_order() == True\n        assert self.phone.add_multiple_items(3)\n>       assert self.phone.save_order(\"Cancel\") == True\nE       AssertionError: assert 'Error as Message: \\nStacktrace:\\nNoSuchElementError: An element could not be located on the page using the given sear...ata\\\\Roaming\\\\npm\\\\node_modules\\\\appium\\\\node_modules\\\\@appium\\\\base-driver\\\\lib\\\\basedriver\\\\commands\\\\find.ts:75:12)' == True\nE        +  where 'Error as Message: \\nStacktrace:\\nNoSuchElementError: An element could not be located on the page using the given sear...ata\\\\Roaming\\\\npm\\\\node_modules\\\\appium\\\\node_modules\\\\@appium\\\\base-driver\\\\lib\\\\basedriver\\\\commands\\\\find.ts:75:12)' = save_order('Cancel')\nE        +    where save_order = <logic.takeout_logic.Calculations object at 0x0000023FCAAA4650>.save_order\nE        +      where <logic.takeout_logic.Calculations object at 0x0000023FCAAA4650> = <test_cash.test_phoneorder_cash.TestPhoneOrderCash object at 0x0000023FCAA25D90>.phone\n\nsuits\\test_orderflows\\test_cash\\test_phoneorder_cash.py:69: AssertionError","steps":[],"attachments":[{"uid":"b484e4ec3260e19b","name":"stdout","source":"b484e4ec3260e19b.txt","type":"text/plain","size":12}],"parameters":[],"attachmentsCount":1,"shouldDisplayMessage":true,"hasContent":true,"attachmentStep":false,"stepsCount":0},"afterStages":[{"name":"capture_screenshot_on_failure::0","time":{"start":1741706698645,"stop":1741706699738,"duration":1093},"status":"passed","steps":[],"attachments":[{"uid":"f4219cc72c82b1d1","name":"Screenshot_test_phoneorder_cancel_order","source":"f4219cc72c82b1d1.png","type":"image/png","size":151723}],"parameters":[],"attachmentsCount":1,"shouldDisplayMessage":false,"hasContent":true,"attachmentStep":false,"stepsCount":0},{"name":"appium_driver::0","time":{"start":1741706699743,"stop":1741706700152,"duration":409},"status":"passed","steps":[],"attachments":[],"parameters":[],"attachmentsCount":0,"shouldDisplayMessage":false,"hasContent":false,"attachmentStep":false,"stepsCount":0}],"labels":[{"name":"feature","value":"Sanity Sheet"},{"name":"story","value":"Phone Order Save and Cancel"},{"name":"parentSuite","value":"suits.test_orderflows.test_cash"},{"name":"suite","value":"test_phoneorder_cash"},{"name":"subSuite","value":"TestPhoneOrderCash"},{"name":"host","value":"LAPTOP-KKMKONCC"},{"name":"thread","value":"21576-MainThread"},{"name":"framework","value":"pytest"},{"name":"language","value":"cpython3"},{"name":"package","value":"suits.test_orderflows.test_cash.test_phoneorder_cash"},{"name":"resultFormat","value":"allure2"}],"parameters":[],"links":[],"hidden":false,"retry":false,"extra":{"severity":"normal","retries":[{"uid":"dde49fd35e5e51da","status":"passed","time":{"start":1741704905460,"stop":1741704975901,"duration":70441}}],"categories":[{"name":"Product defects","matchedStatuses":[]}],"tags":[]},"source":"e3f3655a847ad8cb.json","parameterValues":[]}