{"uid":"f24be3f712e419aa","name":"Select 'Open Order' for Cash Payment","fullName":"suits.test_orderflows.test_cash.test_openorder_cash.TestOpenOrderCash#test_openorder_btn","time":{"start":1741860648930,"stop":1741860659429,"duration":10499},"description":"Verifies that the user can successfully select the 'Open Order' option in POS.","descriptionHtml":"<p>Verifies that the user can successfully select the 'Open Order' option in POS.</p>\n","status":"failed","statusMessage":"AssertionError: assert 'ERROR IS Message: \\nStacktrace:\\nNoSuchElementError: An element could not be located on the page using the given sear...ata\\\\Roaming\\\\npm\\\\node_modules\\\\appium\\\\node_modules\\\\@appium\\\\base-driver\\\\lib\\\\basedriver\\\\commands\\\\find.ts:75:12)' == True\n +  where 'ERROR IS Message: \\nStacktrace:\\nNoSuchElementError: An element could not be located on the page using the given sear...ata\\\\Roaming\\\\npm\\\\node_modules\\\\appium\\\\node_modules\\\\@appium\\\\base-driver\\\\lib\\\\basedriver\\\\commands\\\\find.ts:75:12)' = order('Open Order')\n +    where order = <logic.takeout_logic.Calculations object at 0x0000022338E75D50>.order\n +      where <logic.takeout_logic.Calculations object at 0x0000022338E75D50> = <test_cash.test_openorder_cash.TestOpenOrderCash object at 0x000002233AF22D70>.calc","statusTrace":"self = <test_cash.test_openorder_cash.TestOpenOrderCash object at 0x000002233AF22D70>\n\n    @allure.story(\"Order Creation\")\n    @allure.title(\"Select 'Open Order' for Cash Payment\")\n    @allure.description(\"Verifies that the user can successfully select the 'Open Order' option in POS.\")\n    def test_openorder_btn(self):\n>       assert self.calc.order(\"Open Order\") == True\nE       AssertionError: assert 'ERROR IS Message: \\nStacktrace:\\nNoSuchElementError: An element could not be located on the page using the given sear...ata\\\\Roaming\\\\npm\\\\node_modules\\\\appium\\\\node_modules\\\\@appium\\\\base-driver\\\\lib\\\\basedriver\\\\commands\\\\find.ts:75:12)' == True\nE        +  where 'ERROR IS Message: \\nStacktrace:\\nNoSuchElementError: An element could not be located on the page using the given sear...ata\\\\Roaming\\\\npm\\\\node_modules\\\\appium\\\\node_modules\\\\@appium\\\\base-driver\\\\lib\\\\basedriver\\\\commands\\\\find.ts:75:12)' = order('Open Order')\nE        +    where order = <logic.takeout_logic.Calculations object at 0x0000022338E75D50>.order\nE        +      where <logic.takeout_logic.Calculations object at 0x0000022338E75D50> = <test_cash.test_openorder_cash.TestOpenOrderCash object at 0x000002233AF22D70>.calc\n\nsuits\\test_orderflows\\test_cash\\test_openorder_cash.py:23: AssertionError","flaky":false,"newFailed":false,"newBroken":false,"newPassed":false,"retriesCount":0,"retriesStatusChange":false,"beforeStages":[{"name":"appium_driver","time":{"start":1741860641553,"stop":1741860646330,"duration":4777},"status":"passed","steps":[],"attachments":[],"parameters":[],"attachmentsCount":0,"shouldDisplayMessage":false,"hasContent":false,"attachmentStep":false,"stepsCount":0},{"name":"login_once","time":{"start":1741860646330,"stop":1741860648758,"duration":2428},"status":"passed","steps":[{"name":"Performing User Login","time":{"start":1741860646512,"stop":1741860648160,"duration":1648},"status":"passed","steps":[],"attachments":[],"parameters":[],"attachmentsCount":0,"shouldDisplayMessage":false,"hasContent":false,"attachmentStep":false,"stepsCount":0},{"name":"Entering Passcode","time":{"start":1741860648160,"stop":1741860648754,"duration":594},"status":"passed","steps":[],"attachments":[],"parameters":[],"attachmentsCount":0,"shouldDisplayMessage":false,"hasContent":false,"attachmentStep":false,"stepsCount":0}],"attachments":[{"uid":"63ba6849acfa0c5a","name":"Login Info","source":"63ba6849acfa0c5a.txt","type":"text/plain","size":54}],"parameters":[],"attachmentsCount":1,"shouldDisplayMessage":false,"hasContent":true,"attachmentStep":false,"stepsCount":2},{"name":"capture_screenshot_on_failure","time":{"start":1741860648759,"stop":1741860648759,"duration":0},"status":"passed","steps":[],"attachments":[],"parameters":[],"attachmentsCount":0,"shouldDisplayMessage":false,"hasContent":false,"attachmentStep":false,"stepsCount":0},{"name":"setup_driver","time":{"start":1741860648759,"stop":1741860648930,"duration":171},"status":"passed","steps":[],"attachments":[],"parameters":[],"attachmentsCount":0,"shouldDisplayMessage":false,"hasContent":false,"attachmentStep":false,"stepsCount":0}],"afterStages":[{"name":"capture_screenshot_on_failure::0","time":{"start":1741860659651,"stop":1741860660239,"duration":588},"status":"passed","steps":[],"attachments":[{"uid":"fd8bb94e7d6b6366","name":"Screenshot_test_openorder_btn","source":"fd8bb94e7d6b6366.png","type":"image/png","size":107102}],"parameters":[],"attachmentsCount":1,"shouldDisplayMessage":false,"hasContent":true,"attachmentStep":false,"stepsCount":0},{"name":"appium_driver::0","time":{"start":1741860660244,"stop":1741860660464,"duration":220},"status":"passed","steps":[],"attachments":[],"parameters":[],"attachmentsCount":0,"shouldDisplayMessage":false,"hasContent":false,"attachmentStep":false,"stepsCount":0}],"labels":[{"name":"resultFormat","value":"allure2"}],"parameters":[],"links":[],"hidden":false,"retry":false,"extra":{"severity":"normal","categories":[{"name":"Product defects","matchedStatuses":[]}],"tags":[]},"source":"f24be3f712e419aa.json","parameterValues":[]}